<?xml version="1.0" encoding="UTF-8"?>
<testsuite name="co.com.ceiba.estacionamiento.julian.henao.testIntegracionConsultaServicios.TestTipoVehiculo" tests="3" skipped="0" failures="0" errors="0" timestamp="2018-08-24T16:04:32" hostname="JULIAN-HENAO" time="0.082">
  <properties/>
  <testcase name="crearTipoVehiculoExitoso" classname="co.com.ceiba.estacionamiento.julian.henao.testIntegracionConsultaServicios.TestTipoVehiculo" time="0.025"/>
  <testcase name="crearTipoVehiculoNulo" classname="co.com.ceiba.estacionamiento.julian.henao.testIntegracionConsultaServicios.TestTipoVehiculo" time="0.021"/>
  <testcase name="obtenerVehiculo" classname="co.com.ceiba.estacionamiento.julian.henao.testIntegracionConsultaServicios.TestTipoVehiculo" time="0.034"/>
  <system-out><![CDATA[2018-08-24 11:04:32.385  INFO 12712 --- [    Test worker] .b.t.c.SpringBootTestContextBootstrapper : Neither @ContextConfiguration nor @ContextHierarchy found for test class [co.com.ceiba.estacionamiento.julian.henao.testIntegracionConsultaServicios.TestTipoVehiculo], using SpringBootContextLoader
2018-08-24 11:04:32.386  INFO 12712 --- [    Test worker] o.s.t.c.support.AbstractContextLoader    : Could not detect default resource locations for test class [co.com.ceiba.estacionamiento.julian.henao.testIntegracionConsultaServicios.TestTipoVehiculo]: no resource found for suffixes {-context.xml, Context.groovy}.
2018-08-24 11:04:32.386  INFO 12712 --- [    Test worker] t.c.s.AnnotationConfigContextLoaderUtils : Could not detect default configuration classes for test class [co.com.ceiba.estacionamiento.julian.henao.testIntegracionConsultaServicios.TestTipoVehiculo]: TestTipoVehiculo does not declare any static, non-private, non-final, nested classes annotated with @Configuration.
2018-08-24 11:04:32.388  INFO 12712 --- [    Test worker] .b.t.c.SpringBootTestContextBootstrapper : Found @SpringBootConfiguration co.com.ceiba.estacionamiento.julian.henao.AdnJulianHenaoApplication for test class co.com.ceiba.estacionamiento.julian.henao.testIntegracionConsultaServicios.TestTipoVehiculo
2018-08-24 11:04:32.390  INFO 12712 --- [    Test worker] .b.t.c.SpringBootTestContextBootstrapper : Loaded default TestExecutionListener class names from location [META-INF/spring.factories]: [org.springframework.boot.test.autoconfigure.restdocs.RestDocsTestExecutionListener, org.springframework.boot.test.autoconfigure.web.client.MockRestServiceServerResetTestExecutionListener, org.springframework.boot.test.autoconfigure.web.servlet.MockMvcPrintOnlyOnFailureTestExecutionListener, org.springframework.boot.test.autoconfigure.web.servlet.WebDriverTestExecutionListener, org.springframework.boot.test.mock.mockito.MockitoTestExecutionListener, org.springframework.boot.test.mock.mockito.ResetMocksTestExecutionListener, org.springframework.test.context.web.ServletTestExecutionListener, org.springframework.test.context.support.DirtiesContextBeforeModesTestExecutionListener, org.springframework.test.context.support.DependencyInjectionTestExecutionListener, org.springframework.test.context.support.DirtiesContextTestExecutionListener, org.springframework.test.context.transaction.TransactionalTestExecutionListener, org.springframework.test.context.jdbc.SqlScriptsTestExecutionListener]
2018-08-24 11:04:32.391  INFO 12712 --- [    Test worker] .b.t.c.SpringBootTestContextBootstrapper : Using TestExecutionListeners: [org.springframework.test.context.web.ServletTestExecutionListener@5fb9b852, org.springframework.test.context.support.DirtiesContextBeforeModesTestExecutionListener@3107f3dc, org.springframework.boot.test.mock.mockito.MockitoTestExecutionListener@749dec3b, org.springframework.boot.test.autoconfigure.SpringBootDependencyInjectionTestExecutionListener@67cc6762, org.springframework.test.context.support.DirtiesContextTestExecutionListener@75a538e1, org.springframework.test.context.transaction.TransactionalTestExecutionListener@7bb2bc9a, org.springframework.test.context.jdbc.SqlScriptsTestExecutionListener@60d56be3, org.springframework.boot.test.autoconfigure.restdocs.RestDocsTestExecutionListener@6426e7ec, org.springframework.boot.test.autoconfigure.web.client.MockRestServiceServerResetTestExecutionListener@3818b9b9, org.springframework.boot.test.autoconfigure.web.servlet.MockMvcPrintOnlyOnFailureTestExecutionListener@5620844c, org.springframework.boot.test.autoconfigure.web.servlet.WebDriverTestExecutionListener@1d617718, org.springframework.boot.test.mock.mockito.ResetMocksTestExecutionListener@4e2bfadf]
]]></system-out>
  <system-err><![CDATA[]]></system-err>
</testsuite>
