<?xml version="1.0" encoding="UTF-8"?>
<testsuite name="co.com.ceiba.estacionamiento.julian.henao.testUnit.SalidaVehiculo.TestCalcularHorasParqueadero" tests="2" skipped="0" failures="0" errors="0" timestamp="2018-10-03T15:56:59" hostname="JULIAN-HENAO" time="0.016">
  <properties/>
  <testcase name="HorasCalculadasV1" classname="co.com.ceiba.estacionamiento.julian.henao.testUnit.SalidaVehiculo.TestCalcularHorasParqueadero" time="0.007"/>
  <testcase name="HorasCalculadasV2" classname="co.com.ceiba.estacionamiento.julian.henao.testUnit.SalidaVehiculo.TestCalcularHorasParqueadero" time="0.006"/>
  <system-out><![CDATA[2018-10-03 10:56:59.625  INFO 6716 --- [    Test worker] .b.t.c.SpringBootTestContextBootstrapper : Neither @ContextConfiguration nor @ContextHierarchy found for test class [co.com.ceiba.estacionamiento.julian.henao.testUnit.SalidaVehiculo.TestCalcularHorasParqueadero], using SpringBootContextLoader
2018-10-03 10:56:59.626  INFO 6716 --- [    Test worker] o.s.t.c.support.AbstractContextLoader    : Could not detect default resource locations for test class [co.com.ceiba.estacionamiento.julian.henao.testUnit.SalidaVehiculo.TestCalcularHorasParqueadero]: no resource found for suffixes {-context.xml, Context.groovy}.
2018-10-03 10:56:59.627  INFO 6716 --- [    Test worker] t.c.s.AnnotationConfigContextLoaderUtils : Could not detect default configuration classes for test class [co.com.ceiba.estacionamiento.julian.henao.testUnit.SalidaVehiculo.TestCalcularHorasParqueadero]: TestCalcularHorasParqueadero does not declare any static, non-private, non-final, nested classes annotated with @Configuration.
2018-10-03 10:56:59.642  INFO 6716 --- [    Test worker] .b.t.c.SpringBootTestContextBootstrapper : Found @SpringBootConfiguration co.com.ceiba.estacionamiento.julian.henao.AdnJulianHenaoApplication for test class co.com.ceiba.estacionamiento.julian.henao.testUnit.SalidaVehiculo.TestCalcularHorasParqueadero
2018-10-03 10:56:59.648  INFO 6716 --- [    Test worker] .b.t.c.SpringBootTestContextBootstrapper : Loaded default TestExecutionListener class names from location [META-INF/spring.factories]: [org.springframework.boot.test.autoconfigure.restdocs.RestDocsTestExecutionListener, org.springframework.boot.test.autoconfigure.web.client.MockRestServiceServerResetTestExecutionListener, org.springframework.boot.test.autoconfigure.web.servlet.MockMvcPrintOnlyOnFailureTestExecutionListener, org.springframework.boot.test.autoconfigure.web.servlet.WebDriverTestExecutionListener, org.springframework.boot.test.mock.mockito.MockitoTestExecutionListener, org.springframework.boot.test.mock.mockito.ResetMocksTestExecutionListener, org.springframework.test.context.web.ServletTestExecutionListener, org.springframework.test.context.support.DirtiesContextBeforeModesTestExecutionListener, org.springframework.test.context.support.DependencyInjectionTestExecutionListener, org.springframework.test.context.support.DirtiesContextTestExecutionListener, org.springframework.test.context.transaction.TransactionalTestExecutionListener, org.springframework.test.context.jdbc.SqlScriptsTestExecutionListener]
2018-10-03 10:56:59.649  INFO 6716 --- [    Test worker] .b.t.c.SpringBootTestContextBootstrapper : Using TestExecutionListeners: [org.springframework.test.context.web.ServletTestExecutionListener@798a29b6, org.springframework.test.context.support.DirtiesContextBeforeModesTestExecutionListener@631ff294, org.springframework.boot.test.mock.mockito.MockitoTestExecutionListener@4bb1d200, org.springframework.boot.test.autoconfigure.SpringBootDependencyInjectionTestExecutionListener@52f5ac7a, org.springframework.test.context.support.DirtiesContextTestExecutionListener@7a1af80b, org.springframework.test.context.transaction.TransactionalTestExecutionListener@660d2e8e, org.springframework.test.context.jdbc.SqlScriptsTestExecutionListener@2369c19d, org.springframework.boot.test.autoconfigure.restdocs.RestDocsTestExecutionListener@5c003ff6, org.springframework.boot.test.autoconfigure.web.client.MockRestServiceServerResetTestExecutionListener@71774edd, org.springframework.boot.test.autoconfigure.web.servlet.MockMvcPrintOnlyOnFailureTestExecutionListener@7e817723, org.springframework.boot.test.autoconfigure.web.servlet.WebDriverTestExecutionListener@13093447, org.springframework.boot.test.mock.mockito.ResetMocksTestExecutionListener@4eab565f]
]]></system-out>
  <system-err><![CDATA[]]></system-err>
</testsuite>
