<?xml version="1.0" encoding="UTF-8"?>
<testsuite name="co.com.ceiba.estacionamiento.julian.henao.testIntegracionEntradaVehiculo.TestRegistrarVehiculo" tests="3" skipped="0" failures="0" errors="0" timestamp="2018-08-28T20:52:26" hostname="JULIAN-HENAO" time="0.166">
  <properties/>
  <testcase name="InsertarPlacaExistenteYaSalio" classname="co.com.ceiba.estacionamiento.julian.henao.testIntegracionEntradaVehiculo.TestRegistrarVehiculo" time="0.078"/>
  <testcase name="InsertarPlacaInexistente" classname="co.com.ceiba.estacionamiento.julian.henao.testIntegracionEntradaVehiculo.TestRegistrarVehiculo" time="0.063"/>
  <testcase name="InsertarPlacaExistenteSinSalir" classname="co.com.ceiba.estacionamiento.julian.henao.testIntegracionEntradaVehiculo.TestRegistrarVehiculo" time="0.023"/>
  <system-out><![CDATA[2018-08-28 15:52:23.660  INFO 15672 --- [    Test worker] .b.t.c.SpringBootTestContextBootstrapper : Neither @ContextConfiguration nor @ContextHierarchy found for test class [co.com.ceiba.estacionamiento.julian.henao.testIntegracionEntradaVehiculo.TestRegistrarVehiculo], using SpringBootContextLoader
2018-08-28 15:52:23.661  INFO 15672 --- [    Test worker] o.s.t.c.support.AbstractContextLoader    : Could not detect default resource locations for test class [co.com.ceiba.estacionamiento.julian.henao.testIntegracionEntradaVehiculo.TestRegistrarVehiculo]: no resource found for suffixes {-context.xml, Context.groovy}.
2018-08-28 15:52:23.661  INFO 15672 --- [    Test worker] t.c.s.AnnotationConfigContextLoaderUtils : Could not detect default configuration classes for test class [co.com.ceiba.estacionamiento.julian.henao.testIntegracionEntradaVehiculo.TestRegistrarVehiculo]: TestRegistrarVehiculo does not declare any static, non-private, non-final, nested classes annotated with @Configuration.
2018-08-28 15:52:23.679  INFO 15672 --- [    Test worker] .b.t.c.SpringBootTestContextBootstrapper : Found @SpringBootConfiguration co.com.ceiba.estacionamiento.julian.henao.AdnJulianHenaoApplication for test class co.com.ceiba.estacionamiento.julian.henao.testIntegracionEntradaVehiculo.TestRegistrarVehiculo
2018-08-28 15:52:23.681  INFO 15672 --- [    Test worker] .b.t.c.SpringBootTestContextBootstrapper : Loaded default TestExecutionListener class names from location [META-INF/spring.factories]: [org.springframework.boot.test.autoconfigure.restdocs.RestDocsTestExecutionListener, org.springframework.boot.test.autoconfigure.web.client.MockRestServiceServerResetTestExecutionListener, org.springframework.boot.test.autoconfigure.web.servlet.MockMvcPrintOnlyOnFailureTestExecutionListener, org.springframework.boot.test.autoconfigure.web.servlet.WebDriverTestExecutionListener, org.springframework.boot.test.mock.mockito.MockitoTestExecutionListener, org.springframework.boot.test.mock.mockito.ResetMocksTestExecutionListener, org.springframework.test.context.web.ServletTestExecutionListener, org.springframework.test.context.support.DirtiesContextBeforeModesTestExecutionListener, org.springframework.test.context.support.DependencyInjectionTestExecutionListener, org.springframework.test.context.support.DirtiesContextTestExecutionListener, org.springframework.test.context.transaction.TransactionalTestExecutionListener, org.springframework.test.context.jdbc.SqlScriptsTestExecutionListener]
2018-08-28 15:52:23.681  INFO 15672 --- [    Test worker] .b.t.c.SpringBootTestContextBootstrapper : Using TestExecutionListeners: [org.springframework.test.context.web.ServletTestExecutionListener@400a1c39, org.springframework.test.context.support.DirtiesContextBeforeModesTestExecutionListener@e833ca2, org.springframework.boot.test.mock.mockito.MockitoTestExecutionListener@36366621, org.springframework.boot.test.autoconfigure.SpringBootDependencyInjectionTestExecutionListener@d8a96f6, org.springframework.test.context.support.DirtiesContextTestExecutionListener@1df1a8aa, org.springframework.test.context.transaction.TransactionalTestExecutionListener@a00f19a, org.springframework.test.context.jdbc.SqlScriptsTestExecutionListener@f029995, org.springframework.boot.test.autoconfigure.restdocs.RestDocsTestExecutionListener@566683a5, org.springframework.boot.test.autoconfigure.web.client.MockRestServiceServerResetTestExecutionListener@46c2c53b, org.springframework.boot.test.autoconfigure.web.servlet.MockMvcPrintOnlyOnFailureTestExecutionListener@4b436058, org.springframework.boot.test.autoconfigure.web.servlet.WebDriverTestExecutionListener@50969694, org.springframework.boot.test.mock.mockito.ResetMocksTestExecutionListener@328f4c88]

  .   ____          _            __ _ _
 /\\ / ___'_ __ _ _(_)_ __  __ _ \ \ \ \
( ( )\___ | '_ | '_| | '_ \/ _` | \ \ \ \
 \\/  ___)| |_)| | | | | || (_| |  ) ) ) )
  '  |____| .__|_| |_|_| |_\__, | / / / /
 =========|_|==============|___/=/_/_/_/
 :: Spring Boot ::             (v2.1.0.M1)

2018-08-28 15:52:23.724  INFO 15672 --- [    Test worker] c.c.c.e.j.h.t.TestRegistrarVehiculo      : Starting TestRegistrarVehiculo on JULIAN-HENAO with PID 15672 (started by julian.henao in C:\Users\julian.henao\workspace\adnjulianhenao)
2018-08-28 15:52:23.725  INFO 15672 --- [    Test worker] c.c.c.e.j.h.t.TestRegistrarVehiculo      : No active profile set, falling back to default profiles: default
2018-08-28 15:52:24.347  INFO 15672 --- [    Test worker] beddedDataSourceBeanFactoryPostProcessor : Replacing 'dataSource' DataSource bean with embedded version
2018-08-28 15:52:24.424  INFO 15672 --- [    Test worker] trationDelegate$BeanPostProcessorChecker : Bean 'org.springframework.transaction.annotation.ProxyTransactionManagementConfiguration' of type [org.springframework.transaction.annotation.ProxyTransactionManagementConfiguration$$EnhancerBySpringCGLIB$$4c255b87] is not eligible for getting processed by all BeanPostProcessors (for example: not eligible for auto-proxying)
2018-08-28 15:52:24.446  INFO 15672 --- [    Test worker] trationDelegate$BeanPostProcessorChecker : Bean 'org.springframework.hateoas.config.HateoasConfiguration' of type [org.springframework.hateoas.config.HateoasConfiguration$$EnhancerBySpringCGLIB$$cba5a8b9] is not eligible for getting processed by all BeanPostProcessors (for example: not eligible for auto-proxying)
2018-08-28 15:52:24.622  INFO 15672 --- [    Test worker] o.s.b.w.embedded.tomcat.TomcatWebServer  : Tomcat initialized with port(s): 0 (http)
2018-08-28 15:52:24.644  INFO 15672 --- [    Test worker] o.apache.catalina.core.StandardService   : Starting service [Tomcat]
2018-08-28 15:52:24.646  INFO 15672 --- [    Test worker] org.apache.catalina.core.StandardEngine  : Starting Servlet Engine: Apache Tomcat/9.0.10
2018-08-28 15:52:24.689  INFO 15672 --- [    Test worker] o.a.c.c.C.[Tomcat-1].[localhost].[/]     : Initializing Spring embedded WebApplicationContext
2018-08-28 15:52:24.690  INFO 15672 --- [    Test worker] o.s.web.context.ContextLoader            : Root WebApplicationContext: initialization completed in 961 ms
2018-08-28 15:52:24.865  INFO 15672 --- [    Test worker] o.s.b.w.servlet.ServletRegistrationBean  : Servlet dispatcherServlet mapped to [/]
2018-08-28 15:52:24.869  INFO 15672 --- [    Test worker] o.s.b.w.servlet.ServletRegistrationBean  : Servlet webServlet mapped to [/h2/*]
2018-08-28 15:52:24.872  INFO 15672 --- [    Test worker] o.s.b.w.servlet.FilterRegistrationBean   : Mapping filter: 'characterEncodingFilter' to: [/*]
2018-08-28 15:52:24.872  INFO 15672 --- [    Test worker] o.s.b.w.servlet.FilterRegistrationBean   : Mapping filter: 'hiddenHttpMethodFilter' to: [/*]
2018-08-28 15:52:24.873  INFO 15672 --- [    Test worker] o.s.b.w.servlet.FilterRegistrationBean   : Mapping filter: 'httpPutFormContentFilter' to: [/*]
2018-08-28 15:52:24.873  INFO 15672 --- [    Test worker] o.s.b.w.servlet.FilterRegistrationBean   : Mapping filter: 'requestContextFilter' to: [/*]
2018-08-28 15:52:24.915  INFO 15672 --- [    Test worker] o.s.j.d.e.EmbeddedDatabaseFactory        : Starting embedded database: url='jdbc:h2:mem:e3b288f4-9ee9-4911-8187-df96e7aba0e8;DB_CLOSE_DELAY=-1;DB_CLOSE_ON_EXIT=false', username='sa'
2018-08-28 15:52:25.064  INFO 15672 --- [    Test worker] o.hibernate.jpa.internal.util.LogHelper  : HHH000204: Processing PersistenceUnitInfo [
	name: default
	...]
2018-08-28 15:52:25.093  INFO 15672 --- [    Test worker] org.hibernate.dialect.Dialect            : HHH000400: Using dialect: org.hibernate.dialect.H2Dialect
2018-08-28 15:52:25.195  INFO 15672 --- [    Test worker] o.h.t.schema.internal.SchemaCreatorImpl  : HHH000476: Executing import script 'ScriptSourceInputFromUrl(file:/C:/Users/julian.henao/workspace/adnjulianhenao/build/resources/main/import.sql)'
2018-08-28 15:52:25.200  INFO 15672 --- [    Test worker] j.LocalContainerEntityManagerFactoryBean : Initialized JPA EntityManagerFactory for persistence unit 'default'
2018-08-28 15:52:26.089  WARN 15672 --- [    Test worker] aWebConfiguration$JpaWebMvcConfiguration : spring.jpa.open-in-view is enabled by default. Therefore, database queries may be performed during view rendering. Explicitly configure spring.jpa.open-in-view to disable this warning
2018-08-28 15:52:26.748  INFO 15672 --- [    Test worker] o.s.b.w.embedded.tomcat.TomcatWebServer  : Tomcat started on port(s): 49755 (http) with context path ''
2018-08-28 15:52:26.749  INFO 15672 --- [    Test worker] c.c.c.e.j.h.t.TestRegistrarVehiculo      : Started TestRegistrarVehiculo in 3.065 seconds (JVM running for 21.807)
2018-08-28 15:52:26.767  INFO 15672 --- [    Test worker] o.h.h.i.QueryTranslatorFactoryInitiator  : HHH000397: Using ASTQueryTranslatorFactory
]]></system-out>
  <system-err><![CDATA[]]></system-err>
</testsuite>
