<?xml version="1.0" encoding="UTF-8"?>
<testsuite name="co.com.ceiba.estacionamiento.julian.henao.testUnit.EntradaVehiculo.TestReglaDisponibilidadEspacio" tests="2" skipped="0" failures="0" errors="0" timestamp="2018-10-05T15:40:01" hostname="JULIAN-HENAO" time="0.018">
  <properties/>
  <testcase name="ReglaNOHayDisponibilidadEspacioParaVehiculo" classname="co.com.ceiba.estacionamiento.julian.henao.testUnit.EntradaVehiculo.TestReglaDisponibilidadEspacio" time="0.009"/>
  <testcase name="ReglaSIHayDisponibilidadEspacioParaVehiculo" classname="co.com.ceiba.estacionamiento.julian.henao.testUnit.EntradaVehiculo.TestReglaDisponibilidadEspacio" time="0.007"/>
  <system-out><![CDATA[2018-10-05 10:39:58.789  INFO 13552 --- [    Test worker] .b.t.c.SpringBootTestContextBootstrapper : Neither @ContextConfiguration nor @ContextHierarchy found for test class [co.com.ceiba.estacionamiento.julian.henao.testUnit.EntradaVehiculo.TestReglaDisponibilidadEspacio], using SpringBootContextLoader
2018-10-05 10:39:58.792  INFO 13552 --- [    Test worker] o.s.t.c.support.AbstractContextLoader    : Could not detect default resource locations for test class [co.com.ceiba.estacionamiento.julian.henao.testUnit.EntradaVehiculo.TestReglaDisponibilidadEspacio]: no resource found for suffixes {-context.xml, Context.groovy}.
2018-10-05 10:39:58.796  INFO 13552 --- [    Test worker] t.c.s.AnnotationConfigContextLoaderUtils : Could not detect default configuration classes for test class [co.com.ceiba.estacionamiento.julian.henao.testUnit.EntradaVehiculo.TestReglaDisponibilidadEspacio]: TestReglaDisponibilidadEspacio does not declare any static, non-private, non-final, nested classes annotated with @Configuration.
2018-10-05 10:39:58.800  INFO 13552 --- [    Test worker] .b.t.c.SpringBootTestContextBootstrapper : Found @SpringBootConfiguration co.com.ceiba.estacionamiento.julian.henao.AdnJulianHenaoApplication for test class co.com.ceiba.estacionamiento.julian.henao.testUnit.EntradaVehiculo.TestReglaDisponibilidadEspacio
2018-10-05 10:39:58.808  INFO 13552 --- [    Test worker] .b.t.c.SpringBootTestContextBootstrapper : Loaded default TestExecutionListener class names from location [META-INF/spring.factories]: [org.springframework.boot.test.autoconfigure.restdocs.RestDocsTestExecutionListener, org.springframework.boot.test.autoconfigure.web.client.MockRestServiceServerResetTestExecutionListener, org.springframework.boot.test.autoconfigure.web.servlet.MockMvcPrintOnlyOnFailureTestExecutionListener, org.springframework.boot.test.autoconfigure.web.servlet.WebDriverTestExecutionListener, org.springframework.boot.test.mock.mockito.MockitoTestExecutionListener, org.springframework.boot.test.mock.mockito.ResetMocksTestExecutionListener, org.springframework.test.context.web.ServletTestExecutionListener, org.springframework.test.context.support.DirtiesContextBeforeModesTestExecutionListener, org.springframework.test.context.support.DependencyInjectionTestExecutionListener, org.springframework.test.context.support.DirtiesContextTestExecutionListener, org.springframework.test.context.transaction.TransactionalTestExecutionListener, org.springframework.test.context.jdbc.SqlScriptsTestExecutionListener]
2018-10-05 10:39:58.810  INFO 13552 --- [    Test worker] .b.t.c.SpringBootTestContextBootstrapper : Using TestExecutionListeners: [org.springframework.test.context.web.ServletTestExecutionListener@460c17de, org.springframework.test.context.support.DirtiesContextBeforeModesTestExecutionListener@2bed40a6, org.springframework.boot.test.mock.mockito.MockitoTestExecutionListener@cf05042, org.springframework.boot.test.autoconfigure.SpringBootDependencyInjectionTestExecutionListener@b450369, org.springframework.test.context.support.DirtiesContextTestExecutionListener@2dd14738, org.springframework.test.context.transaction.TransactionalTestExecutionListener@6cf8ca54, org.springframework.test.context.jdbc.SqlScriptsTestExecutionListener@6284f5c9, org.springframework.boot.test.autoconfigure.restdocs.RestDocsTestExecutionListener@4179ecbb, org.springframework.boot.test.autoconfigure.web.client.MockRestServiceServerResetTestExecutionListener@66b69b2b, org.springframework.boot.test.autoconfigure.web.servlet.MockMvcPrintOnlyOnFailureTestExecutionListener@4cb647c3, org.springframework.boot.test.autoconfigure.web.servlet.WebDriverTestExecutionListener@9d9d921, org.springframework.boot.test.mock.mockito.ResetMocksTestExecutionListener@7cbf095]

  .   ____          _            __ _ _
 /\\ / ___'_ __ _ _(_)_ __  __ _ \ \ \ \
( ( )\___ | '_ | '_| | '_ \/ _` | \ \ \ \
 \\/  ___)| |_)| | | | | || (_| |  ) ) ) )
  '  |____| .__|_| |_|_| |_\__, | / / / /
 =========|_|==============|___/=/_/_/_/
 :: Spring Boot ::             (v2.1.0.M1)

2018-10-05 10:39:58.884  INFO 13552 --- [    Test worker] e.j.h.t.E.TestReglaDisponibilidadEspacio : Starting TestReglaDisponibilidadEspacio on JULIAN-HENAO with PID 13552 (started by julian.henao in C:\Users\julian.henao\workspace\adnjulianhenao)
2018-10-05 10:39:58.885  INFO 13552 --- [    Test worker] e.j.h.t.E.TestReglaDisponibilidadEspacio : No active profile set, falling back to default profiles: default
2018-10-05 10:40:00.042  INFO 13552 --- [    Test worker] trationDelegate$BeanPostProcessorChecker : Bean 'org.springframework.transaction.annotation.ProxyTransactionManagementConfiguration' of type [org.springframework.transaction.annotation.ProxyTransactionManagementConfiguration$$EnhancerBySpringCGLIB$$dc01c345] is not eligible for getting processed by all BeanPostProcessors (for example: not eligible for auto-proxying)
2018-10-05 10:40:00.091  INFO 13552 --- [    Test worker] trationDelegate$BeanPostProcessorChecker : Bean 'org.springframework.hateoas.config.HateoasConfiguration' of type [org.springframework.hateoas.config.HateoasConfiguration$$EnhancerBySpringCGLIB$$5b821077] is not eligible for getting processed by all BeanPostProcessors (for example: not eligible for auto-proxying)
2018-10-05 10:40:00.265  INFO 13552 --- [    Test worker] com.zaxxer.hikari.HikariDataSource       : HikariPool-3 - Starting...
2018-10-05 10:40:00.268  INFO 13552 --- [    Test worker] com.zaxxer.hikari.HikariDataSource       : HikariPool-3 - Start completed.
2018-10-05 10:40:00.332  INFO 13552 --- [    Test worker] o.hibernate.jpa.internal.util.LogHelper  : HHH000204: Processing PersistenceUnitInfo [
	name: default
	...]
2018-10-05 10:40:00.368  INFO 13552 --- [    Test worker] org.hibernate.dialect.Dialect            : HHH000400: Using dialect: org.hibernate.dialect.H2Dialect
2018-10-05 10:40:00.472  INFO 13552 --- [    Test worker] o.h.t.schema.internal.SchemaCreatorImpl  : HHH000476: Executing import script 'ScriptSourceInputFromUrl(file:/C:/Users/julian.henao/workspace/adnjulianhenao/build/resources/main/import.sql)'
2018-10-05 10:40:00.485  INFO 13552 --- [    Test worker] j.LocalContainerEntityManagerFactoryBean : Initialized JPA EntityManagerFactory for persistence unit 'default'
2018-10-05 10:40:01.490  WARN 13552 --- [    Test worker] aWebConfiguration$JpaWebMvcConfiguration : spring.jpa.open-in-view is enabled by default. Therefore, database queries may be performed during view rendering. Explicitly configure spring.jpa.open-in-view to disable this warning
2018-10-05 10:40:01.618  INFO 13552 --- [    Test worker] o.s.b.a.w.s.WelcomePageHandlerMapping    : Adding welcome page: class path resource [static/index.html]
2018-10-05 10:40:01.963  INFO 13552 --- [    Test worker] e.j.h.t.E.TestReglaDisponibilidadEspacio : Started TestReglaDisponibilidadEspacio in 3.147 seconds (JVM running for 21.328)
]]></system-out>
  <system-err><![CDATA[]]></system-err>
</testsuite>
