<?xml version="1.0" encoding="UTF-8"?>
<testsuite name="co.com.ceiba.estacionamiento.julian.henao.testIntegracionConsultaServicios.TestParqueaderoRegistro" tests="3" skipped="0" failures="0" errors="0" timestamp="2018-08-28T20:52:22" hostname="JULIAN-HENAO" time="0.322">
  <properties/>
  <testcase name="RealizaConsultaRegistros" classname="co.com.ceiba.estacionamiento.julian.henao.testIntegracionConsultaServicios.TestParqueaderoRegistro" time="0.101"/>
  <testcase name="crearRegistroNulo" classname="co.com.ceiba.estacionamiento.julian.henao.testIntegracionConsultaServicios.TestParqueaderoRegistro" time="0.152"/>
  <testcase name="obtenerRegistro" classname="co.com.ceiba.estacionamiento.julian.henao.testIntegracionConsultaServicios.TestParqueaderoRegistro" time="0.068"/>
  <system-out><![CDATA[2018-08-28 15:52:22.674  INFO 15672 --- [    Test worker] .b.t.c.SpringBootTestContextBootstrapper : Neither @ContextConfiguration nor @ContextHierarchy found for test class [co.com.ceiba.estacionamiento.julian.henao.testIntegracionConsultaServicios.TestParqueaderoRegistro], using SpringBootContextLoader
2018-08-28 15:52:22.675  INFO 15672 --- [    Test worker] o.s.t.c.support.AbstractContextLoader    : Could not detect default resource locations for test class [co.com.ceiba.estacionamiento.julian.henao.testIntegracionConsultaServicios.TestParqueaderoRegistro]: no resource found for suffixes {-context.xml, Context.groovy}.
2018-08-28 15:52:22.675  INFO 15672 --- [    Test worker] t.c.s.AnnotationConfigContextLoaderUtils : Could not detect default configuration classes for test class [co.com.ceiba.estacionamiento.julian.henao.testIntegracionConsultaServicios.TestParqueaderoRegistro]: TestParqueaderoRegistro does not declare any static, non-private, non-final, nested classes annotated with @Configuration.
2018-08-28 15:52:22.678  INFO 15672 --- [    Test worker] .b.t.c.SpringBootTestContextBootstrapper : Found @SpringBootConfiguration co.com.ceiba.estacionamiento.julian.henao.AdnJulianHenaoApplication for test class co.com.ceiba.estacionamiento.julian.henao.testIntegracionConsultaServicios.TestParqueaderoRegistro
2018-08-28 15:52:22.680  INFO 15672 --- [    Test worker] .b.t.c.SpringBootTestContextBootstrapper : Loaded default TestExecutionListener class names from location [META-INF/spring.factories]: [org.springframework.boot.test.autoconfigure.restdocs.RestDocsTestExecutionListener, org.springframework.boot.test.autoconfigure.web.client.MockRestServiceServerResetTestExecutionListener, org.springframework.boot.test.autoconfigure.web.servlet.MockMvcPrintOnlyOnFailureTestExecutionListener, org.springframework.boot.test.autoconfigure.web.servlet.WebDriverTestExecutionListener, org.springframework.boot.test.mock.mockito.MockitoTestExecutionListener, org.springframework.boot.test.mock.mockito.ResetMocksTestExecutionListener, org.springframework.test.context.web.ServletTestExecutionListener, org.springframework.test.context.support.DirtiesContextBeforeModesTestExecutionListener, org.springframework.test.context.support.DependencyInjectionTestExecutionListener, org.springframework.test.context.support.DirtiesContextTestExecutionListener, org.springframework.test.context.transaction.TransactionalTestExecutionListener, org.springframework.test.context.jdbc.SqlScriptsTestExecutionListener]
2018-08-28 15:52:22.682  INFO 15672 --- [    Test worker] .b.t.c.SpringBootTestContextBootstrapper : Using TestExecutionListeners: [org.springframework.test.context.web.ServletTestExecutionListener@309b13fb, org.springframework.test.context.support.DirtiesContextBeforeModesTestExecutionListener@62c59a1, org.springframework.boot.test.mock.mockito.MockitoTestExecutionListener@74083d4c, org.springframework.boot.test.autoconfigure.SpringBootDependencyInjectionTestExecutionListener@263fb620, org.springframework.test.context.support.DirtiesContextTestExecutionListener@4ed36dd7, org.springframework.test.context.transaction.TransactionalTestExecutionListener@2a56d4fd, org.springframework.test.context.jdbc.SqlScriptsTestExecutionListener@1f016ea6, org.springframework.boot.test.autoconfigure.restdocs.RestDocsTestExecutionListener@44d445d0, org.springframework.boot.test.autoconfigure.web.client.MockRestServiceServerResetTestExecutionListener@11bc3548, org.springframework.boot.test.autoconfigure.web.servlet.MockMvcPrintOnlyOnFailureTestExecutionListener@dd1fabe, org.springframework.boot.test.autoconfigure.web.servlet.WebDriverTestExecutionListener@1931c1fc, org.springframework.boot.test.mock.mockito.ResetMocksTestExecutionListener@7fadfdcf]
]]></system-out>
  <system-err><![CDATA[]]></system-err>
</testsuite>
