<?xml version="1.0" encoding="UTF-8"?>
<testsuite name="co.com.ceiba.estacionamiento.julian.henao.testIntegration.ConsultaServicios.TestTipoVehiculo" tests="3" skipped="0" failures="0" errors="0" timestamp="2018-09-20T13:53:20" hostname="JULIAN-HENAO" time="0.106">
  <properties/>
  <testcase name="crearTipoVehiculoExitoso" classname="co.com.ceiba.estacionamiento.julian.henao.testIntegration.ConsultaServicios.TestTipoVehiculo" time="0.063"/>
  <testcase name="crearTipoVehiculoNulo" classname="co.com.ceiba.estacionamiento.julian.henao.testIntegration.ConsultaServicios.TestTipoVehiculo" time="0.016"/>
  <testcase name="obtenerVehiculo" classname="co.com.ceiba.estacionamiento.julian.henao.testIntegration.ConsultaServicios.TestTipoVehiculo" time="0.026"/>
  <system-out><![CDATA[2018-09-20 08:53:20.889  INFO 9116 --- [    Test worker] .b.t.c.SpringBootTestContextBootstrapper : Neither @ContextConfiguration nor @ContextHierarchy found for test class [co.com.ceiba.estacionamiento.julian.henao.testIntegration.ConsultaServicios.TestTipoVehiculo], using SpringBootContextLoader
2018-09-20 08:53:20.891  INFO 9116 --- [    Test worker] o.s.t.c.support.AbstractContextLoader    : Could not detect default resource locations for test class [co.com.ceiba.estacionamiento.julian.henao.testIntegration.ConsultaServicios.TestTipoVehiculo]: no resource found for suffixes {-context.xml, Context.groovy}.
2018-09-20 08:53:20.891  INFO 9116 --- [    Test worker] t.c.s.AnnotationConfigContextLoaderUtils : Could not detect default configuration classes for test class [co.com.ceiba.estacionamiento.julian.henao.testIntegration.ConsultaServicios.TestTipoVehiculo]: TestTipoVehiculo does not declare any static, non-private, non-final, nested classes annotated with @Configuration.
2018-09-20 08:53:20.894  INFO 9116 --- [    Test worker] .b.t.c.SpringBootTestContextBootstrapper : Found @SpringBootConfiguration co.com.ceiba.estacionamiento.julian.henao.AdnJulianHenaoApplication for test class co.com.ceiba.estacionamiento.julian.henao.testIntegration.ConsultaServicios.TestTipoVehiculo
2018-09-20 08:53:20.896  INFO 9116 --- [    Test worker] .b.t.c.SpringBootTestContextBootstrapper : Loaded default TestExecutionListener class names from location [META-INF/spring.factories]: [org.springframework.boot.test.autoconfigure.restdocs.RestDocsTestExecutionListener, org.springframework.boot.test.autoconfigure.web.client.MockRestServiceServerResetTestExecutionListener, org.springframework.boot.test.autoconfigure.web.servlet.MockMvcPrintOnlyOnFailureTestExecutionListener, org.springframework.boot.test.autoconfigure.web.servlet.WebDriverTestExecutionListener, org.springframework.boot.test.mock.mockito.MockitoTestExecutionListener, org.springframework.boot.test.mock.mockito.ResetMocksTestExecutionListener, org.springframework.test.context.web.ServletTestExecutionListener, org.springframework.test.context.support.DirtiesContextBeforeModesTestExecutionListener, org.springframework.test.context.support.DependencyInjectionTestExecutionListener, org.springframework.test.context.support.DirtiesContextTestExecutionListener, org.springframework.test.context.transaction.TransactionalTestExecutionListener, org.springframework.test.context.jdbc.SqlScriptsTestExecutionListener]
2018-09-20 08:53:20.898  INFO 9116 --- [    Test worker] .b.t.c.SpringBootTestContextBootstrapper : Using TestExecutionListeners: [org.springframework.test.context.web.ServletTestExecutionListener@60e34291, org.springframework.test.context.support.DirtiesContextBeforeModesTestExecutionListener@3bbe77a6, org.springframework.boot.test.mock.mockito.MockitoTestExecutionListener@70c86ef3, org.springframework.boot.test.autoconfigure.SpringBootDependencyInjectionTestExecutionListener@346b4e19, org.springframework.test.context.support.DirtiesContextTestExecutionListener@4ee675cf, org.springframework.test.context.transaction.TransactionalTestExecutionListener@62d38f2, org.springframework.test.context.jdbc.SqlScriptsTestExecutionListener@35216132, org.springframework.boot.test.autoconfigure.restdocs.RestDocsTestExecutionListener@5b54fa09, org.springframework.boot.test.autoconfigure.web.client.MockRestServiceServerResetTestExecutionListener@2661b4a1, org.springframework.boot.test.autoconfigure.web.servlet.MockMvcPrintOnlyOnFailureTestExecutionListener@4964f237, org.springframework.boot.test.autoconfigure.web.servlet.WebDriverTestExecutionListener@777232d8, org.springframework.boot.test.mock.mockito.ResetMocksTestExecutionListener@b0a1a8d]
]]></system-out>
  <system-err><![CDATA[]]></system-err>
</testsuite>
