<?xml version="1.0" encoding="UTF-8"?>
<testsuite name="co.com.ceiba.estacionamiento.julian.henao.testIntegracionConsultaServicios.TestVehiculo" tests="3" skipped="0" failures="0" errors="0" timestamp="2018-08-28T20:52:23" hostname="JULIAN-HENAO" time="0.219">
  <properties/>
  <testcase name="crearVehiculoExitoso" classname="co.com.ceiba.estacionamiento.julian.henao.testIntegracionConsultaServicios.TestVehiculo" time="0.171"/>
  <testcase name="crearVehiculoNulo" classname="co.com.ceiba.estacionamiento.julian.henao.testIntegracionConsultaServicios.TestVehiculo" time="0.014"/>
  <testcase name="obtenerVehiculos" classname="co.com.ceiba.estacionamiento.julian.henao.testIntegracionConsultaServicios.TestVehiculo" time="0.031"/>
  <system-out><![CDATA[2018-08-28 15:52:23.425  INFO 15672 --- [    Test worker] .b.t.c.SpringBootTestContextBootstrapper : Neither @ContextConfiguration nor @ContextHierarchy found for test class [co.com.ceiba.estacionamiento.julian.henao.testIntegracionConsultaServicios.TestVehiculo], using SpringBootContextLoader
2018-08-28 15:52:23.427  INFO 15672 --- [    Test worker] o.s.t.c.support.AbstractContextLoader    : Could not detect default resource locations for test class [co.com.ceiba.estacionamiento.julian.henao.testIntegracionConsultaServicios.TestVehiculo]: no resource found for suffixes {-context.xml, Context.groovy}.
2018-08-28 15:52:23.428  INFO 15672 --- [    Test worker] t.c.s.AnnotationConfigContextLoaderUtils : Could not detect default configuration classes for test class [co.com.ceiba.estacionamiento.julian.henao.testIntegracionConsultaServicios.TestVehiculo]: TestVehiculo does not declare any static, non-private, non-final, nested classes annotated with @Configuration.
2018-08-28 15:52:23.430  INFO 15672 --- [    Test worker] .b.t.c.SpringBootTestContextBootstrapper : Found @SpringBootConfiguration co.com.ceiba.estacionamiento.julian.henao.AdnJulianHenaoApplication for test class co.com.ceiba.estacionamiento.julian.henao.testIntegracionConsultaServicios.TestVehiculo
2018-08-28 15:52:23.432  INFO 15672 --- [    Test worker] .b.t.c.SpringBootTestContextBootstrapper : Loaded default TestExecutionListener class names from location [META-INF/spring.factories]: [org.springframework.boot.test.autoconfigure.restdocs.RestDocsTestExecutionListener, org.springframework.boot.test.autoconfigure.web.client.MockRestServiceServerResetTestExecutionListener, org.springframework.boot.test.autoconfigure.web.servlet.MockMvcPrintOnlyOnFailureTestExecutionListener, org.springframework.boot.test.autoconfigure.web.servlet.WebDriverTestExecutionListener, org.springframework.boot.test.mock.mockito.MockitoTestExecutionListener, org.springframework.boot.test.mock.mockito.ResetMocksTestExecutionListener, org.springframework.test.context.web.ServletTestExecutionListener, org.springframework.test.context.support.DirtiesContextBeforeModesTestExecutionListener, org.springframework.test.context.support.DependencyInjectionTestExecutionListener, org.springframework.test.context.support.DirtiesContextTestExecutionListener, org.springframework.test.context.transaction.TransactionalTestExecutionListener, org.springframework.test.context.jdbc.SqlScriptsTestExecutionListener]
2018-08-28 15:52:23.433  INFO 15672 --- [    Test worker] .b.t.c.SpringBootTestContextBootstrapper : Using TestExecutionListeners: [org.springframework.test.context.web.ServletTestExecutionListener@6fd9f095, org.springframework.test.context.support.DirtiesContextBeforeModesTestExecutionListener@42b47901, org.springframework.boot.test.mock.mockito.MockitoTestExecutionListener@343167a9, org.springframework.boot.test.autoconfigure.SpringBootDependencyInjectionTestExecutionListener@187d297d, org.springframework.test.context.support.DirtiesContextTestExecutionListener@38803fbf, org.springframework.test.context.transaction.TransactionalTestExecutionListener@591d35df, org.springframework.test.context.jdbc.SqlScriptsTestExecutionListener@662e0d7a, org.springframework.boot.test.autoconfigure.restdocs.RestDocsTestExecutionListener@1769e603, org.springframework.boot.test.autoconfigure.web.client.MockRestServiceServerResetTestExecutionListener@2e2d4e96, org.springframework.boot.test.autoconfigure.web.servlet.MockMvcPrintOnlyOnFailureTestExecutionListener@1eae2541, org.springframework.boot.test.autoconfigure.web.servlet.WebDriverTestExecutionListener@87dae33, org.springframework.boot.test.mock.mockito.ResetMocksTestExecutionListener@50fc08c1]
]]></system-out>
  <system-err><![CDATA[]]></system-err>
</testsuite>
