<?xml version="1.0" encoding="UTF-8"?>
<testsuite name="co.com.ceiba.estacionamiento.julian.henao.testIntegracionConsultaServicios.TestParqueaderoTarifa" tests="3" skipped="0" failures="0" errors="0" timestamp="2018-08-23T22:58:24" hostname="JULIAN-HENAO" time="0.105">
  <properties/>
  <testcase name="crearTarifaNulo" classname="co.com.ceiba.estacionamiento.julian.henao.testIntegracionConsultaServicios.TestParqueaderoTarifa" time="0.039"/>
  <testcase name="crearTarifaExitoso" classname="co.com.ceiba.estacionamiento.julian.henao.testIntegracionConsultaServicios.TestParqueaderoTarifa" time="0.029"/>
  <testcase name="obtenerTarifas" classname="co.com.ceiba.estacionamiento.julian.henao.testIntegracionConsultaServicios.TestParqueaderoTarifa" time="0.034"/>
  <system-out><![CDATA[2018-08-23 17:58:24.091  INFO 14144 --- [    Test worker] .b.t.c.SpringBootTestContextBootstrapper : Neither @ContextConfiguration nor @ContextHierarchy found for test class [co.com.ceiba.estacionamiento.julian.henao.testIntegracionConsultaServicios.TestParqueaderoTarifa], using SpringBootContextLoader
2018-08-23 17:58:24.093  INFO 14144 --- [    Test worker] o.s.t.c.support.AbstractContextLoader    : Could not detect default resource locations for test class [co.com.ceiba.estacionamiento.julian.henao.testIntegracionConsultaServicios.TestParqueaderoTarifa]: no resource found for suffixes {-context.xml, Context.groovy}.
2018-08-23 17:58:24.094  INFO 14144 --- [    Test worker] t.c.s.AnnotationConfigContextLoaderUtils : Could not detect default configuration classes for test class [co.com.ceiba.estacionamiento.julian.henao.testIntegracionConsultaServicios.TestParqueaderoTarifa]: TestParqueaderoTarifa does not declare any static, non-private, non-final, nested classes annotated with @Configuration.
2018-08-23 17:58:24.096  INFO 14144 --- [    Test worker] .b.t.c.SpringBootTestContextBootstrapper : Found @SpringBootConfiguration co.com.ceiba.estacionamiento.julian.henao.AdnJulianHenaoApplication for test class co.com.ceiba.estacionamiento.julian.henao.testIntegracionConsultaServicios.TestParqueaderoTarifa
2018-08-23 17:58:24.102  INFO 14144 --- [    Test worker] .b.t.c.SpringBootTestContextBootstrapper : Loaded default TestExecutionListener class names from location [META-INF/spring.factories]: [org.springframework.boot.test.autoconfigure.restdocs.RestDocsTestExecutionListener, org.springframework.boot.test.autoconfigure.web.client.MockRestServiceServerResetTestExecutionListener, org.springframework.boot.test.autoconfigure.web.servlet.MockMvcPrintOnlyOnFailureTestExecutionListener, org.springframework.boot.test.autoconfigure.web.servlet.WebDriverTestExecutionListener, org.springframework.boot.test.mock.mockito.MockitoTestExecutionListener, org.springframework.boot.test.mock.mockito.ResetMocksTestExecutionListener, org.springframework.test.context.web.ServletTestExecutionListener, org.springframework.test.context.support.DirtiesContextBeforeModesTestExecutionListener, org.springframework.test.context.support.DependencyInjectionTestExecutionListener, org.springframework.test.context.support.DirtiesContextTestExecutionListener, org.springframework.test.context.transaction.TransactionalTestExecutionListener, org.springframework.test.context.jdbc.SqlScriptsTestExecutionListener]
2018-08-23 17:58:24.103  INFO 14144 --- [    Test worker] .b.t.c.SpringBootTestContextBootstrapper : Using TestExecutionListeners: [org.springframework.test.context.web.ServletTestExecutionListener@3b64ac44, org.springframework.test.context.support.DirtiesContextBeforeModesTestExecutionListener@5a54a282, org.springframework.boot.test.mock.mockito.MockitoTestExecutionListener@2410ccb2, org.springframework.boot.test.autoconfigure.SpringBootDependencyInjectionTestExecutionListener@74b43ac4, org.springframework.test.context.support.DirtiesContextTestExecutionListener@6a2cae9a, org.springframework.test.context.transaction.TransactionalTestExecutionListener@151351ef, org.springframework.test.context.jdbc.SqlScriptsTestExecutionListener@37c47aa3, org.springframework.boot.test.autoconfigure.restdocs.RestDocsTestExecutionListener@62f31485, org.springframework.boot.test.autoconfigure.web.client.MockRestServiceServerResetTestExecutionListener@6da42e3f, org.springframework.boot.test.autoconfigure.web.servlet.MockMvcPrintOnlyOnFailureTestExecutionListener@62b7864d, org.springframework.boot.test.autoconfigure.web.servlet.WebDriverTestExecutionListener@7632f9da, org.springframework.boot.test.mock.mockito.ResetMocksTestExecutionListener@c1f8ca5]
]]></system-out>
  <system-err><![CDATA[]]></system-err>
</testsuite>
