<?xml version="1.0" encoding="UTF-8"?>
<testsuite name="co.com.ceiba.estacionamiento.julian.henao.testUnitarioSalidaVehiculo.TestCalcularHorasParqueadero" tests="2" skipped="0" failures="0" errors="0" timestamp="2018-08-22T21:37:20" hostname="JULIAN-HENAO" time="0.009">
  <properties/>
  <testcase name="HorasCalculadasV1" classname="co.com.ceiba.estacionamiento.julian.henao.testUnitarioSalidaVehiculo.TestCalcularHorasParqueadero" time="0.004"/>
  <testcase name="HorasCalculadasV2" classname="co.com.ceiba.estacionamiento.julian.henao.testUnitarioSalidaVehiculo.TestCalcularHorasParqueadero" time="0.004"/>
  <system-out><![CDATA[2018-08-22 16:37:20.122  INFO 10572 --- [    Test worker] .b.t.c.SpringBootTestContextBootstrapper : Neither @ContextConfiguration nor @ContextHierarchy found for test class [co.com.ceiba.estacionamiento.julian.henao.testUnitarioSalidaVehiculo.TestCalcularHorasParqueadero], using SpringBootContextLoader
2018-08-22 16:37:20.123  INFO 10572 --- [    Test worker] o.s.t.c.support.AbstractContextLoader    : Could not detect default resource locations for test class [co.com.ceiba.estacionamiento.julian.henao.testUnitarioSalidaVehiculo.TestCalcularHorasParqueadero]: no resource found for suffixes {-context.xml, Context.groovy}.
2018-08-22 16:37:20.123  INFO 10572 --- [    Test worker] t.c.s.AnnotationConfigContextLoaderUtils : Could not detect default configuration classes for test class [co.com.ceiba.estacionamiento.julian.henao.testUnitarioSalidaVehiculo.TestCalcularHorasParqueadero]: TestCalcularHorasParqueadero does not declare any static, non-private, non-final, nested classes annotated with @Configuration.
2018-08-22 16:37:20.130  INFO 10572 --- [    Test worker] .b.t.c.SpringBootTestContextBootstrapper : Found @SpringBootConfiguration co.com.ceiba.estacionamiento.julian.henao.AdnJulianHenaoApplication for test class co.com.ceiba.estacionamiento.julian.henao.testUnitarioSalidaVehiculo.TestCalcularHorasParqueadero
2018-08-22 16:37:20.132  INFO 10572 --- [    Test worker] .b.t.c.SpringBootTestContextBootstrapper : Loaded default TestExecutionListener class names from location [META-INF/spring.factories]: [org.springframework.boot.test.autoconfigure.restdocs.RestDocsTestExecutionListener, org.springframework.boot.test.autoconfigure.web.client.MockRestServiceServerResetTestExecutionListener, org.springframework.boot.test.autoconfigure.web.servlet.MockMvcPrintOnlyOnFailureTestExecutionListener, org.springframework.boot.test.autoconfigure.web.servlet.WebDriverTestExecutionListener, org.springframework.boot.test.mock.mockito.MockitoTestExecutionListener, org.springframework.boot.test.mock.mockito.ResetMocksTestExecutionListener, org.springframework.test.context.web.ServletTestExecutionListener, org.springframework.test.context.support.DirtiesContextBeforeModesTestExecutionListener, org.springframework.test.context.support.DependencyInjectionTestExecutionListener, org.springframework.test.context.support.DirtiesContextTestExecutionListener, org.springframework.test.context.transaction.TransactionalTestExecutionListener, org.springframework.test.context.jdbc.SqlScriptsTestExecutionListener]
2018-08-22 16:37:20.132  INFO 10572 --- [    Test worker] .b.t.c.SpringBootTestContextBootstrapper : Using TestExecutionListeners: [org.springframework.test.context.web.ServletTestExecutionListener@110bdfec, org.springframework.test.context.support.DirtiesContextBeforeModesTestExecutionListener@204b2cf8, org.springframework.boot.test.mock.mockito.MockitoTestExecutionListener@33c1f5e9, org.springframework.boot.test.autoconfigure.SpringBootDependencyInjectionTestExecutionListener@31f695f0, org.springframework.test.context.support.DirtiesContextTestExecutionListener@7e4dc89d, org.springframework.test.context.transaction.TransactionalTestExecutionListener@7181740, org.springframework.test.context.jdbc.SqlScriptsTestExecutionListener@3bcad4f7, org.springframework.boot.test.autoconfigure.restdocs.RestDocsTestExecutionListener@3e969f6b, org.springframework.boot.test.autoconfigure.web.client.MockRestServiceServerResetTestExecutionListener@2e0fb104, org.springframework.boot.test.autoconfigure.web.servlet.MockMvcPrintOnlyOnFailureTestExecutionListener@69ea1192, org.springframework.boot.test.autoconfigure.web.servlet.WebDriverTestExecutionListener@4ea0d34, org.springframework.boot.test.mock.mockito.ResetMocksTestExecutionListener@e0db705]
]]></system-out>
  <system-err><![CDATA[]]></system-err>
</testsuite>
