<?xml version="1.0" encoding="UTF-8"?>
<testsuite name="co.com.ceiba.estacionamiento.julian.henao.unitTest.SalidaVehiculo.TestCalcularHorasParqueadero" tests="2" skipped="0" failures="0" errors="0" timestamp="2018-10-16T22:57:49" hostname="JULIAN-HENAO" time="0.012">
  <properties/>
  <testcase name="HorasCalculadasV1" classname="co.com.ceiba.estacionamiento.julian.henao.unitTest.SalidaVehiculo.TestCalcularHorasParqueadero" time="0.005"/>
  <testcase name="HorasCalculadasV2" classname="co.com.ceiba.estacionamiento.julian.henao.unitTest.SalidaVehiculo.TestCalcularHorasParqueadero" time="0.006"/>
  <system-out><![CDATA[2018-10-16 17:57:49.097  INFO 6468 --- [    Test worker] .b.t.c.SpringBootTestContextBootstrapper : Neither @ContextConfiguration nor @ContextHierarchy found for test class [co.com.ceiba.estacionamiento.julian.henao.unitTest.SalidaVehiculo.TestCalcularHorasParqueadero], using SpringBootContextLoader
2018-10-16 17:57:49.098  INFO 6468 --- [    Test worker] o.s.t.c.support.AbstractContextLoader    : Could not detect default resource locations for test class [co.com.ceiba.estacionamiento.julian.henao.unitTest.SalidaVehiculo.TestCalcularHorasParqueadero]: no resource found for suffixes {-context.xml, Context.groovy}.
2018-10-16 17:57:49.099  INFO 6468 --- [    Test worker] t.c.s.AnnotationConfigContextLoaderUtils : Could not detect default configuration classes for test class [co.com.ceiba.estacionamiento.julian.henao.unitTest.SalidaVehiculo.TestCalcularHorasParqueadero]: TestCalcularHorasParqueadero does not declare any static, non-private, non-final, nested classes annotated with @Configuration.
2018-10-16 17:57:49.110  INFO 6468 --- [    Test worker] .b.t.c.SpringBootTestContextBootstrapper : Found @SpringBootConfiguration co.com.ceiba.estacionamiento.julian.henao.AdnJulianHenaoApplication for test class co.com.ceiba.estacionamiento.julian.henao.unitTest.SalidaVehiculo.TestCalcularHorasParqueadero
2018-10-16 17:57:49.113  INFO 6468 --- [    Test worker] .b.t.c.SpringBootTestContextBootstrapper : Loaded default TestExecutionListener class names from location [META-INF/spring.factories]: [org.springframework.boot.test.autoconfigure.restdocs.RestDocsTestExecutionListener, org.springframework.boot.test.autoconfigure.web.client.MockRestServiceServerResetTestExecutionListener, org.springframework.boot.test.autoconfigure.web.servlet.MockMvcPrintOnlyOnFailureTestExecutionListener, org.springframework.boot.test.autoconfigure.web.servlet.WebDriverTestExecutionListener, org.springframework.boot.test.mock.mockito.MockitoTestExecutionListener, org.springframework.boot.test.mock.mockito.ResetMocksTestExecutionListener, org.springframework.test.context.web.ServletTestExecutionListener, org.springframework.test.context.support.DirtiesContextBeforeModesTestExecutionListener, org.springframework.test.context.support.DependencyInjectionTestExecutionListener, org.springframework.test.context.support.DirtiesContextTestExecutionListener, org.springframework.test.context.transaction.TransactionalTestExecutionListener, org.springframework.test.context.jdbc.SqlScriptsTestExecutionListener]
2018-10-16 17:57:49.114  INFO 6468 --- [    Test worker] .b.t.c.SpringBootTestContextBootstrapper : Using TestExecutionListeners: [org.springframework.test.context.web.ServletTestExecutionListener@54e568f, org.springframework.test.context.support.DirtiesContextBeforeModesTestExecutionListener@2f7cd7b5, org.springframework.boot.test.mock.mockito.MockitoTestExecutionListener@5d21e7f1, org.springframework.boot.test.autoconfigure.SpringBootDependencyInjectionTestExecutionListener@b2c50d8, org.springframework.test.context.support.DirtiesContextTestExecutionListener@7c21951c, org.springframework.test.context.transaction.TransactionalTestExecutionListener@35a92452, org.springframework.test.context.jdbc.SqlScriptsTestExecutionListener@67655379, org.springframework.boot.test.autoconfigure.restdocs.RestDocsTestExecutionListener@e2675dd, org.springframework.boot.test.autoconfigure.web.client.MockRestServiceServerResetTestExecutionListener@7edf8870, org.springframework.boot.test.autoconfigure.web.servlet.MockMvcPrintOnlyOnFailureTestExecutionListener@228b84d, org.springframework.boot.test.autoconfigure.web.servlet.WebDriverTestExecutionListener@4f1bddea, org.springframework.boot.test.mock.mockito.ResetMocksTestExecutionListener@72aed149]
]]></system-out>
  <system-err><![CDATA[]]></system-err>
</testsuite>
