<?xml version="1.0" encoding="UTF-8"?>
<testsuite name="co.com.ceiba.estacionamiento.julian.henao.testIntegration.ConsultaServicios.TestParqueaderoTarifa" tests="3" skipped="0" failures="0" errors="0" timestamp="2018-09-20T13:53:20" hostname="JULIAN-HENAO" time="0.107">
  <properties/>
  <testcase name="crearTarifaNulo" classname="co.com.ceiba.estacionamiento.julian.henao.testIntegration.ConsultaServicios.TestParqueaderoTarifa" time="0.04"/>
  <testcase name="crearTarifaExitoso" classname="co.com.ceiba.estacionamiento.julian.henao.testIntegration.ConsultaServicios.TestParqueaderoTarifa" time="0.029"/>
  <testcase name="obtenerTarifas" classname="co.com.ceiba.estacionamiento.julian.henao.testIntegration.ConsultaServicios.TestParqueaderoTarifa" time="0.037"/>
  <system-out><![CDATA[2018-09-20 08:53:20.767  INFO 9116 --- [    Test worker] .b.t.c.SpringBootTestContextBootstrapper : Neither @ContextConfiguration nor @ContextHierarchy found for test class [co.com.ceiba.estacionamiento.julian.henao.testIntegration.ConsultaServicios.TestParqueaderoTarifa], using SpringBootContextLoader
2018-09-20 08:53:20.769  INFO 9116 --- [    Test worker] o.s.t.c.support.AbstractContextLoader    : Could not detect default resource locations for test class [co.com.ceiba.estacionamiento.julian.henao.testIntegration.ConsultaServicios.TestParqueaderoTarifa]: no resource found for suffixes {-context.xml, Context.groovy}.
2018-09-20 08:53:20.769  INFO 9116 --- [    Test worker] t.c.s.AnnotationConfigContextLoaderUtils : Could not detect default configuration classes for test class [co.com.ceiba.estacionamiento.julian.henao.testIntegration.ConsultaServicios.TestParqueaderoTarifa]: TestParqueaderoTarifa does not declare any static, non-private, non-final, nested classes annotated with @Configuration.
2018-09-20 08:53:20.771  INFO 9116 --- [    Test worker] .b.t.c.SpringBootTestContextBootstrapper : Found @SpringBootConfiguration co.com.ceiba.estacionamiento.julian.henao.AdnJulianHenaoApplication for test class co.com.ceiba.estacionamiento.julian.henao.testIntegration.ConsultaServicios.TestParqueaderoTarifa
2018-09-20 08:53:20.774  INFO 9116 --- [    Test worker] .b.t.c.SpringBootTestContextBootstrapper : Loaded default TestExecutionListener class names from location [META-INF/spring.factories]: [org.springframework.boot.test.autoconfigure.restdocs.RestDocsTestExecutionListener, org.springframework.boot.test.autoconfigure.web.client.MockRestServiceServerResetTestExecutionListener, org.springframework.boot.test.autoconfigure.web.servlet.MockMvcPrintOnlyOnFailureTestExecutionListener, org.springframework.boot.test.autoconfigure.web.servlet.WebDriverTestExecutionListener, org.springframework.boot.test.mock.mockito.MockitoTestExecutionListener, org.springframework.boot.test.mock.mockito.ResetMocksTestExecutionListener, org.springframework.test.context.web.ServletTestExecutionListener, org.springframework.test.context.support.DirtiesContextBeforeModesTestExecutionListener, org.springframework.test.context.support.DependencyInjectionTestExecutionListener, org.springframework.test.context.support.DirtiesContextTestExecutionListener, org.springframework.test.context.transaction.TransactionalTestExecutionListener, org.springframework.test.context.jdbc.SqlScriptsTestExecutionListener]
2018-09-20 08:53:20.774  INFO 9116 --- [    Test worker] .b.t.c.SpringBootTestContextBootstrapper : Using TestExecutionListeners: [org.springframework.test.context.web.ServletTestExecutionListener@1e49c232, org.springframework.test.context.support.DirtiesContextBeforeModesTestExecutionListener@45a31b6c, org.springframework.boot.test.mock.mockito.MockitoTestExecutionListener@3deea0bb, org.springframework.boot.test.autoconfigure.SpringBootDependencyInjectionTestExecutionListener@4c0d2f80, org.springframework.test.context.support.DirtiesContextTestExecutionListener@1c852c61, org.springframework.test.context.transaction.TransactionalTestExecutionListener@41203ce6, org.springframework.test.context.jdbc.SqlScriptsTestExecutionListener@903a701, org.springframework.boot.test.autoconfigure.restdocs.RestDocsTestExecutionListener@2c57e88e, org.springframework.boot.test.autoconfigure.web.client.MockRestServiceServerResetTestExecutionListener@19043f41, org.springframework.boot.test.autoconfigure.web.servlet.MockMvcPrintOnlyOnFailureTestExecutionListener@5983f78b, org.springframework.boot.test.autoconfigure.web.servlet.WebDriverTestExecutionListener@4d2c6815, org.springframework.boot.test.mock.mockito.ResetMocksTestExecutionListener@5e2cfaa6]
]]></system-out>
  <system-err><![CDATA[]]></system-err>
</testsuite>
