<?xml version="1.0" encoding="UTF-8"?>
<testsuite name="co.com.ceiba.estacionamiento.julian.henao.testIntegracionConsultaServicios.TestVehiculo" tests="3" skipped="0" failures="0" errors="0" timestamp="2018-08-23T22:58:24" hostname="JULIAN-HENAO" time="0.224">
  <properties/>
  <testcase name="crearVehiculoExitoso" classname="co.com.ceiba.estacionamiento.julian.henao.testIntegracionConsultaServicios.TestVehiculo" time="0.168"/>
  <testcase name="crearVehiculoNulo" classname="co.com.ceiba.estacionamiento.julian.henao.testIntegracionConsultaServicios.TestVehiculo" time="0.022"/>
  <testcase name="obtenerVehiculos" classname="co.com.ceiba.estacionamiento.julian.henao.testIntegracionConsultaServicios.TestVehiculo" time="0.032"/>
  <system-out><![CDATA[2018-08-23 17:58:24.336  INFO 14144 --- [    Test worker] .b.t.c.SpringBootTestContextBootstrapper : Neither @ContextConfiguration nor @ContextHierarchy found for test class [co.com.ceiba.estacionamiento.julian.henao.testIntegracionConsultaServicios.TestVehiculo], using SpringBootContextLoader
2018-08-23 17:58:24.337  INFO 14144 --- [    Test worker] o.s.t.c.support.AbstractContextLoader    : Could not detect default resource locations for test class [co.com.ceiba.estacionamiento.julian.henao.testIntegracionConsultaServicios.TestVehiculo]: no resource found for suffixes {-context.xml, Context.groovy}.
2018-08-23 17:58:24.338  INFO 14144 --- [    Test worker] t.c.s.AnnotationConfigContextLoaderUtils : Could not detect default configuration classes for test class [co.com.ceiba.estacionamiento.julian.henao.testIntegracionConsultaServicios.TestVehiculo]: TestVehiculo does not declare any static, non-private, non-final, nested classes annotated with @Configuration.
2018-08-23 17:58:24.342  INFO 14144 --- [    Test worker] .b.t.c.SpringBootTestContextBootstrapper : Found @SpringBootConfiguration co.com.ceiba.estacionamiento.julian.henao.AdnJulianHenaoApplication for test class co.com.ceiba.estacionamiento.julian.henao.testIntegracionConsultaServicios.TestVehiculo
2018-08-23 17:58:24.345  INFO 14144 --- [    Test worker] .b.t.c.SpringBootTestContextBootstrapper : Loaded default TestExecutionListener class names from location [META-INF/spring.factories]: [org.springframework.boot.test.autoconfigure.restdocs.RestDocsTestExecutionListener, org.springframework.boot.test.autoconfigure.web.client.MockRestServiceServerResetTestExecutionListener, org.springframework.boot.test.autoconfigure.web.servlet.MockMvcPrintOnlyOnFailureTestExecutionListener, org.springframework.boot.test.autoconfigure.web.servlet.WebDriverTestExecutionListener, org.springframework.boot.test.mock.mockito.MockitoTestExecutionListener, org.springframework.boot.test.mock.mockito.ResetMocksTestExecutionListener, org.springframework.test.context.web.ServletTestExecutionListener, org.springframework.test.context.support.DirtiesContextBeforeModesTestExecutionListener, org.springframework.test.context.support.DependencyInjectionTestExecutionListener, org.springframework.test.context.support.DirtiesContextTestExecutionListener, org.springframework.test.context.transaction.TransactionalTestExecutionListener, org.springframework.test.context.jdbc.SqlScriptsTestExecutionListener]
2018-08-23 17:58:24.346  INFO 14144 --- [    Test worker] .b.t.c.SpringBootTestContextBootstrapper : Using TestExecutionListeners: [org.springframework.test.context.web.ServletTestExecutionListener@39810fa, org.springframework.test.context.support.DirtiesContextBeforeModesTestExecutionListener@654d657c, org.springframework.boot.test.mock.mockito.MockitoTestExecutionListener@33e5f42d, org.springframework.boot.test.autoconfigure.SpringBootDependencyInjectionTestExecutionListener@6af769b9, org.springframework.test.context.support.DirtiesContextTestExecutionListener@29abbbdd, org.springframework.test.context.transaction.TransactionalTestExecutionListener@27435d11, org.springframework.test.context.jdbc.SqlScriptsTestExecutionListener@3b9b9148, org.springframework.boot.test.autoconfigure.restdocs.RestDocsTestExecutionListener@6af08d23, org.springframework.boot.test.autoconfigure.web.client.MockRestServiceServerResetTestExecutionListener@1ef1b6f3, org.springframework.boot.test.autoconfigure.web.servlet.MockMvcPrintOnlyOnFailureTestExecutionListener@23e7dbe9, org.springframework.boot.test.autoconfigure.web.servlet.WebDriverTestExecutionListener@44111f0c, org.springframework.boot.test.mock.mockito.ResetMocksTestExecutionListener@2ae60b38]
]]></system-out>
  <system-err><![CDATA[]]></system-err>
</testsuite>
