<?xml version="1.0" encoding="UTF-8"?>
<testsuite name="co.com.ceiba.estacionamiento.julian.henao.unitTest.EntradaVehiculo.TestReglaTipoVehiculo" tests="3" skipped="0" failures="0" errors="0" timestamp="2018-10-16T22:57:46" hostname="JULIAN-HENAO" time="0.025">
  <properties/>
  <testcase name="ReglaEntradaTipoVehiculoDiferenteNOPuedeEntrar" classname="co.com.ceiba.estacionamiento.julian.henao.unitTest.EntradaVehiculo.TestReglaTipoVehiculo" time="0.007"/>
  <testcase name="ReglaEntradaTipoVehiculoMotoPuedeEntrar" classname="co.com.ceiba.estacionamiento.julian.henao.unitTest.EntradaVehiculo.TestReglaTipoVehiculo" time="0.008"/>
  <testcase name="ReglaEntradaTipoVehiculoAutoPuedeEntrar" classname="co.com.ceiba.estacionamiento.julian.henao.unitTest.EntradaVehiculo.TestReglaTipoVehiculo" time="0.005"/>
  <system-out><![CDATA[2018-10-16 17:57:43.708  INFO 6468 --- [    Test worker] .b.t.c.SpringBootTestContextBootstrapper : Neither @ContextConfiguration nor @ContextHierarchy found for test class [co.com.ceiba.estacionamiento.julian.henao.unitTest.EntradaVehiculo.TestReglaTipoVehiculo], using SpringBootContextLoader
2018-10-16 17:57:43.709  INFO 6468 --- [    Test worker] o.s.t.c.support.AbstractContextLoader    : Could not detect default resource locations for test class [co.com.ceiba.estacionamiento.julian.henao.unitTest.EntradaVehiculo.TestReglaTipoVehiculo]: no resource found for suffixes {-context.xml, Context.groovy}.
2018-10-16 17:57:43.711  INFO 6468 --- [    Test worker] t.c.s.AnnotationConfigContextLoaderUtils : Could not detect default configuration classes for test class [co.com.ceiba.estacionamiento.julian.henao.unitTest.EntradaVehiculo.TestReglaTipoVehiculo]: TestReglaTipoVehiculo does not declare any static, non-private, non-final, nested classes annotated with @Configuration.
2018-10-16 17:57:43.715  INFO 6468 --- [    Test worker] .b.t.c.SpringBootTestContextBootstrapper : Found @SpringBootConfiguration co.com.ceiba.estacionamiento.julian.henao.AdnJulianHenaoApplication for test class co.com.ceiba.estacionamiento.julian.henao.unitTest.EntradaVehiculo.TestReglaTipoVehiculo
2018-10-16 17:57:43.718  INFO 6468 --- [    Test worker] .b.t.c.SpringBootTestContextBootstrapper : Loaded default TestExecutionListener class names from location [META-INF/spring.factories]: [org.springframework.boot.test.autoconfigure.restdocs.RestDocsTestExecutionListener, org.springframework.boot.test.autoconfigure.web.client.MockRestServiceServerResetTestExecutionListener, org.springframework.boot.test.autoconfigure.web.servlet.MockMvcPrintOnlyOnFailureTestExecutionListener, org.springframework.boot.test.autoconfigure.web.servlet.WebDriverTestExecutionListener, org.springframework.boot.test.mock.mockito.MockitoTestExecutionListener, org.springframework.boot.test.mock.mockito.ResetMocksTestExecutionListener, org.springframework.test.context.web.ServletTestExecutionListener, org.springframework.test.context.support.DirtiesContextBeforeModesTestExecutionListener, org.springframework.test.context.support.DependencyInjectionTestExecutionListener, org.springframework.test.context.support.DirtiesContextTestExecutionListener, org.springframework.test.context.transaction.TransactionalTestExecutionListener, org.springframework.test.context.jdbc.SqlScriptsTestExecutionListener]
2018-10-16 17:57:43.719  INFO 6468 --- [    Test worker] .b.t.c.SpringBootTestContextBootstrapper : Using TestExecutionListeners: [org.springframework.test.context.web.ServletTestExecutionListener@5561e8a8, org.springframework.test.context.support.DirtiesContextBeforeModesTestExecutionListener@4e33449a, org.springframework.boot.test.mock.mockito.MockitoTestExecutionListener@622534b2, org.springframework.boot.test.autoconfigure.SpringBootDependencyInjectionTestExecutionListener@1920985a, org.springframework.test.context.support.DirtiesContextTestExecutionListener@435e177e, org.springframework.test.context.transaction.TransactionalTestExecutionListener@171d9c1b, org.springframework.test.context.jdbc.SqlScriptsTestExecutionListener@5cd6baee, org.springframework.boot.test.autoconfigure.restdocs.RestDocsTestExecutionListener@41291b66, org.springframework.boot.test.autoconfigure.web.client.MockRestServiceServerResetTestExecutionListener@727f11da, org.springframework.boot.test.autoconfigure.web.servlet.MockMvcPrintOnlyOnFailureTestExecutionListener@979b6ca, org.springframework.boot.test.autoconfigure.web.servlet.WebDriverTestExecutionListener@60917cc1, org.springframework.boot.test.mock.mockito.ResetMocksTestExecutionListener@696ab99e]

  .   ____          _            __ _ _
 /\\ / ___'_ __ _ _(_)_ __  __ _ \ \ \ \
( ( )\___ | '_ | '_| | '_ \/ _` | \ \ \ \
 \\/  ___)| |_)| | | | | || (_| |  ) ) ) )
  '  |____| .__|_| |_|_| |_\__, | / / / /
 =========|_|==============|___/=/_/_/_/
 :: Spring Boot ::             (v2.1.0.M1)

2018-10-16 17:57:43.770  INFO 6468 --- [    Test worker] c.c.c.e.j.h.u.E.TestReglaTipoVehiculo    : Starting TestReglaTipoVehiculo on JULIAN-HENAO with PID 6468 (started by julian.henao in C:\Users\julian.henao\workspace\adnjulianhenao)
2018-10-16 17:57:43.771  INFO 6468 --- [    Test worker] c.c.c.e.j.h.u.E.TestReglaTipoVehiculo    : No active profile set, falling back to default profiles: default
2018-10-16 17:57:44.492  INFO 6468 --- [    Test worker] trationDelegate$BeanPostProcessorChecker : Bean 'org.springframework.transaction.annotation.ProxyTransactionManagementConfiguration' of type [org.springframework.transaction.annotation.ProxyTransactionManagementConfiguration$$EnhancerBySpringCGLIB$$c5204f4d] is not eligible for getting processed by all BeanPostProcessors (for example: not eligible for auto-proxying)
2018-10-16 17:57:44.515  INFO 6468 --- [    Test worker] trationDelegate$BeanPostProcessorChecker : Bean 'org.springframework.hateoas.config.HateoasConfiguration' of type [org.springframework.hateoas.config.HateoasConfiguration$$EnhancerBySpringCGLIB$$44a09c7f] is not eligible for getting processed by all BeanPostProcessors (for example: not eligible for auto-proxying)
2018-10-16 17:57:44.660  INFO 6468 --- [    Test worker] com.zaxxer.hikari.HikariDataSource       : HikariPool-4 - Starting...
2018-10-16 17:57:44.664  INFO 6468 --- [    Test worker] com.zaxxer.hikari.HikariDataSource       : HikariPool-4 - Start completed.
2018-10-16 17:57:44.735  INFO 6468 --- [    Test worker] o.hibernate.jpa.internal.util.LogHelper  : HHH000204: Processing PersistenceUnitInfo [
	name: default
	...]
2018-10-16 17:57:44.780  INFO 6468 --- [    Test worker] org.hibernate.dialect.Dialect            : HHH000400: Using dialect: org.hibernate.dialect.H2Dialect
2018-10-16 17:57:44.906  INFO 6468 --- [    Test worker] o.h.t.schema.internal.SchemaCreatorImpl  : HHH000476: Executing import script 'ScriptSourceInputFromUrl(file:/C:/Users/julian.henao/workspace/adnjulianhenao/build/resources/main/import.sql)'
2018-10-16 17:57:44.913  INFO 6468 --- [    Test worker] j.LocalContainerEntityManagerFactoryBean : Initialized JPA EntityManagerFactory for persistence unit 'default'
2018-10-16 17:57:45.891  WARN 6468 --- [    Test worker] aWebConfiguration$JpaWebMvcConfiguration : spring.jpa.open-in-view is enabled by default. Therefore, database queries may be performed during view rendering. Explicitly configure spring.jpa.open-in-view to disable this warning
2018-10-16 17:57:46.027  INFO 6468 --- [    Test worker] o.s.b.a.w.s.WelcomePageHandlerMapping    : Adding welcome page: class path resource [static/index.html]
2018-10-16 17:57:46.411  INFO 6468 --- [    Test worker] c.c.c.e.j.h.u.E.TestReglaTipoVehiculo    : Started TestReglaTipoVehiculo in 2.689 seconds (JVM running for 24.796)
]]></system-out>
  <system-err><![CDATA[]]></system-err>
</testsuite>
