<?xml version="1.0" encoding="UTF-8"?>
<testsuite name="co.com.ceiba.estacionamiento.julian.henao.testUnit.EntradaVehiculo.TestReglaDisponibilidadEspacio" tests="2" skipped="0" failures="0" errors="0" timestamp="2018-09-20T17:27:37" hostname="JULIAN-HENAO" time="0.016">
  <properties/>
  <testcase name="ReglaNOHayDisponibilidadEspacioParaVehiculo" classname="co.com.ceiba.estacionamiento.julian.henao.testUnit.EntradaVehiculo.TestReglaDisponibilidadEspacio" time="0.009"/>
  <testcase name="ReglaSIHayDisponibilidadEspacioParaVehiculo" classname="co.com.ceiba.estacionamiento.julian.henao.testUnit.EntradaVehiculo.TestReglaDisponibilidadEspacio" time="0.005"/>
  <system-out><![CDATA[2018-09-20 12:27:34.926  INFO 10656 --- [    Test worker] .b.t.c.SpringBootTestContextBootstrapper : Neither @ContextConfiguration nor @ContextHierarchy found for test class [co.com.ceiba.estacionamiento.julian.henao.testUnit.EntradaVehiculo.TestReglaDisponibilidadEspacio], using SpringBootContextLoader
2018-09-20 12:27:34.927  INFO 10656 --- [    Test worker] o.s.t.c.support.AbstractContextLoader    : Could not detect default resource locations for test class [co.com.ceiba.estacionamiento.julian.henao.testUnit.EntradaVehiculo.TestReglaDisponibilidadEspacio]: no resource found for suffixes {-context.xml, Context.groovy}.
2018-09-20 12:27:34.928  INFO 10656 --- [    Test worker] t.c.s.AnnotationConfigContextLoaderUtils : Could not detect default configuration classes for test class [co.com.ceiba.estacionamiento.julian.henao.testUnit.EntradaVehiculo.TestReglaDisponibilidadEspacio]: TestReglaDisponibilidadEspacio does not declare any static, non-private, non-final, nested classes annotated with @Configuration.
2018-09-20 12:27:34.931  INFO 10656 --- [    Test worker] .b.t.c.SpringBootTestContextBootstrapper : Found @SpringBootConfiguration co.com.ceiba.estacionamiento.julian.henao.AdnJulianHenaoApplication for test class co.com.ceiba.estacionamiento.julian.henao.testUnit.EntradaVehiculo.TestReglaDisponibilidadEspacio
2018-09-20 12:27:34.933  INFO 10656 --- [    Test worker] .b.t.c.SpringBootTestContextBootstrapper : Loaded default TestExecutionListener class names from location [META-INF/spring.factories]: [org.springframework.boot.test.autoconfigure.restdocs.RestDocsTestExecutionListener, org.springframework.boot.test.autoconfigure.web.client.MockRestServiceServerResetTestExecutionListener, org.springframework.boot.test.autoconfigure.web.servlet.MockMvcPrintOnlyOnFailureTestExecutionListener, org.springframework.boot.test.autoconfigure.web.servlet.WebDriverTestExecutionListener, org.springframework.boot.test.mock.mockito.MockitoTestExecutionListener, org.springframework.boot.test.mock.mockito.ResetMocksTestExecutionListener, org.springframework.test.context.web.ServletTestExecutionListener, org.springframework.test.context.support.DirtiesContextBeforeModesTestExecutionListener, org.springframework.test.context.support.DependencyInjectionTestExecutionListener, org.springframework.test.context.support.DirtiesContextTestExecutionListener, org.springframework.test.context.transaction.TransactionalTestExecutionListener, org.springframework.test.context.jdbc.SqlScriptsTestExecutionListener]
2018-09-20 12:27:34.934  INFO 10656 --- [    Test worker] .b.t.c.SpringBootTestContextBootstrapper : Using TestExecutionListeners: [org.springframework.test.context.web.ServletTestExecutionListener@7d244be2, org.springframework.test.context.support.DirtiesContextBeforeModesTestExecutionListener@47f365fd, org.springframework.boot.test.mock.mockito.MockitoTestExecutionListener@6003aca2, org.springframework.boot.test.autoconfigure.SpringBootDependencyInjectionTestExecutionListener@ecec623, org.springframework.test.context.support.DirtiesContextTestExecutionListener@51eaf743, org.springframework.test.context.transaction.TransactionalTestExecutionListener@d6abc0e, org.springframework.test.context.jdbc.SqlScriptsTestExecutionListener@70f177bd, org.springframework.boot.test.autoconfigure.restdocs.RestDocsTestExecutionListener@8f6585e, org.springframework.boot.test.autoconfigure.web.client.MockRestServiceServerResetTestExecutionListener@e20f6ec, org.springframework.boot.test.autoconfigure.web.servlet.MockMvcPrintOnlyOnFailureTestExecutionListener@5672b1ea, org.springframework.boot.test.autoconfigure.web.servlet.WebDriverTestExecutionListener@2dc57806, org.springframework.boot.test.mock.mockito.ResetMocksTestExecutionListener@17cbe148]

  .   ____          _            __ _ _
 /\\ / ___'_ __ _ _(_)_ __  __ _ \ \ \ \
( ( )\___ | '_ | '_| | '_ \/ _` | \ \ \ \
 \\/  ___)| |_)| | | | | || (_| |  ) ) ) )
  '  |____| .__|_| |_|_| |_\__, | / / / /
 =========|_|==============|___/=/_/_/_/
 :: Spring Boot ::             (v2.1.0.M1)

2018-09-20 12:27:34.992  INFO 10656 --- [    Test worker] e.j.h.t.E.TestReglaDisponibilidadEspacio : Starting TestReglaDisponibilidadEspacio on JULIAN-HENAO with PID 10656 (started by julian.henao in C:\Users\julian.henao\workspace\adnjulianhenao)
2018-09-20 12:27:34.993  INFO 10656 --- [    Test worker] e.j.h.t.E.TestReglaDisponibilidadEspacio : No active profile set, falling back to default profiles: default
2018-09-20 12:27:35.691  INFO 10656 --- [    Test worker] trationDelegate$BeanPostProcessorChecker : Bean 'org.springframework.transaction.annotation.ProxyTransactionManagementConfiguration' of type [org.springframework.transaction.annotation.ProxyTransactionManagementConfiguration$$EnhancerBySpringCGLIB$$721be8f4] is not eligible for getting processed by all BeanPostProcessors (for example: not eligible for auto-proxying)
2018-09-20 12:27:35.713  INFO 10656 --- [    Test worker] trationDelegate$BeanPostProcessorChecker : Bean 'org.springframework.hateoas.config.HateoasConfiguration' of type [org.springframework.hateoas.config.HateoasConfiguration$$EnhancerBySpringCGLIB$$f19c3626] is not eligible for getting processed by all BeanPostProcessors (for example: not eligible for auto-proxying)
2018-09-20 12:27:35.852  INFO 10656 --- [    Test worker] com.zaxxer.hikari.HikariDataSource       : HikariPool-3 - Starting...
2018-09-20 12:27:35.854  INFO 10656 --- [    Test worker] com.zaxxer.hikari.HikariDataSource       : HikariPool-3 - Start completed.
2018-09-20 12:27:35.912  INFO 10656 --- [    Test worker] o.hibernate.jpa.internal.util.LogHelper  : HHH000204: Processing PersistenceUnitInfo [
	name: default
	...]
2018-09-20 12:27:35.945  INFO 10656 --- [    Test worker] org.hibernate.dialect.Dialect            : HHH000400: Using dialect: org.hibernate.dialect.H2Dialect
2018-09-20 12:27:36.056  INFO 10656 --- [    Test worker] o.h.t.schema.internal.SchemaCreatorImpl  : HHH000476: Executing import script 'ScriptSourceInputFromUrl(file:/C:/Users/julian.henao/workspace/adnjulianhenao/build/resources/main/import.sql)'
2018-09-20 12:27:36.063  INFO 10656 --- [    Test worker] j.LocalContainerEntityManagerFactoryBean : Initialized JPA EntityManagerFactory for persistence unit 'default'
2018-09-20 12:27:37.042  WARN 10656 --- [    Test worker] aWebConfiguration$JpaWebMvcConfiguration : spring.jpa.open-in-view is enabled by default. Therefore, database queries may be performed during view rendering. Explicitly configure spring.jpa.open-in-view to disable this warning
2018-09-20 12:27:37.512  INFO 10656 --- [    Test worker] e.j.h.t.E.TestReglaDisponibilidadEspacio : Started TestReglaDisponibilidadEspacio in 2.576 seconds (JVM running for 21.428)
]]></system-out>
  <system-err><![CDATA[]]></system-err>
</testsuite>
