<?xml version="1.0" encoding="UTF-8"?>
<testsuite name="co.com.ceiba.estacionamiento.julian.henao.testUnit.EntradaVehiculo.TestReglaDiaHabil" tests="6" skipped="0" failures="0" errors="0" timestamp="2018-10-05T15:39:58" hostname="JULIAN-HENAO" time="0.146">
  <properties/>
  <testcase name="ReglaEntradaVehiculoPlacaAPuedeEntrarDomingo" classname="co.com.ceiba.estacionamiento.julian.henao.testUnit.EntradaVehiculo.TestReglaDiaHabil" time="0.084"/>
  <testcase name="ReglaEntradaVehiculoPlacaYDiaDiferente" classname="co.com.ceiba.estacionamiento.julian.henao.testUnit.EntradaVehiculo.TestReglaDiaHabil" time="0.01"/>
  <testcase name="ReglaEntradaVehiculoPlacaAPuedeEntrarLunes" classname="co.com.ceiba.estacionamiento.julian.henao.testUnit.EntradaVehiculo.TestReglaDiaHabil" time="0.009"/>
  <testcase name="ReglaEntradaVehiculoPlacaDiferenteDeASiPuedeEntrarLunes" classname="co.com.ceiba.estacionamiento.julian.henao.testUnit.EntradaVehiculo.TestReglaDiaHabil" time="0.006"/>
  <testcase name="ReglaEntradaVehiculoPlacaANOPuedeEntrarDiaDiferente" classname="co.com.ceiba.estacionamiento.julian.henao.testUnit.EntradaVehiculo.TestReglaDiaHabil" time="0.009"/>
  <testcase name="ReglaEntradaVehiculoPlacaDiferenteDeASiPuedeEntrarDomingo" classname="co.com.ceiba.estacionamiento.julian.henao.testUnit.EntradaVehiculo.TestReglaDiaHabil" time="0.012"/>
  <system-out><![CDATA[2018-10-05 10:39:54.888  INFO 13552 --- [    Test worker] .b.t.c.SpringBootTestContextBootstrapper : Neither @ContextConfiguration nor @ContextHierarchy found for test class [co.com.ceiba.estacionamiento.julian.henao.testUnit.EntradaVehiculo.TestReglaDiaHabil], using SpringBootContextLoader
2018-10-05 10:39:54.890  INFO 13552 --- [    Test worker] o.s.t.c.support.AbstractContextLoader    : Could not detect default resource locations for test class [co.com.ceiba.estacionamiento.julian.henao.testUnit.EntradaVehiculo.TestReglaDiaHabil]: no resource found for suffixes {-context.xml, Context.groovy}.
2018-10-05 10:39:54.890  INFO 13552 --- [    Test worker] t.c.s.AnnotationConfigContextLoaderUtils : Could not detect default configuration classes for test class [co.com.ceiba.estacionamiento.julian.henao.testUnit.EntradaVehiculo.TestReglaDiaHabil]: TestReglaDiaHabil does not declare any static, non-private, non-final, nested classes annotated with @Configuration.
2018-10-05 10:39:54.898  INFO 13552 --- [    Test worker] .b.t.c.SpringBootTestContextBootstrapper : Found @SpringBootConfiguration co.com.ceiba.estacionamiento.julian.henao.AdnJulianHenaoApplication for test class co.com.ceiba.estacionamiento.julian.henao.testUnit.EntradaVehiculo.TestReglaDiaHabil
2018-10-05 10:39:54.901  INFO 13552 --- [    Test worker] .b.t.c.SpringBootTestContextBootstrapper : Loaded default TestExecutionListener class names from location [META-INF/spring.factories]: [org.springframework.boot.test.autoconfigure.restdocs.RestDocsTestExecutionListener, org.springframework.boot.test.autoconfigure.web.client.MockRestServiceServerResetTestExecutionListener, org.springframework.boot.test.autoconfigure.web.servlet.MockMvcPrintOnlyOnFailureTestExecutionListener, org.springframework.boot.test.autoconfigure.web.servlet.WebDriverTestExecutionListener, org.springframework.boot.test.mock.mockito.MockitoTestExecutionListener, org.springframework.boot.test.mock.mockito.ResetMocksTestExecutionListener, org.springframework.test.context.web.ServletTestExecutionListener, org.springframework.test.context.support.DirtiesContextBeforeModesTestExecutionListener, org.springframework.test.context.support.DependencyInjectionTestExecutionListener, org.springframework.test.context.support.DirtiesContextTestExecutionListener, org.springframework.test.context.transaction.TransactionalTestExecutionListener, org.springframework.test.context.jdbc.SqlScriptsTestExecutionListener]
2018-10-05 10:39:54.902  INFO 13552 --- [    Test worker] .b.t.c.SpringBootTestContextBootstrapper : Using TestExecutionListeners: [org.springframework.test.context.web.ServletTestExecutionListener@4ee95178, org.springframework.test.context.support.DirtiesContextBeforeModesTestExecutionListener@61508a47, org.springframework.boot.test.mock.mockito.MockitoTestExecutionListener@691b53e3, org.springframework.boot.test.autoconfigure.SpringBootDependencyInjectionTestExecutionListener@5465d920, org.springframework.test.context.support.DirtiesContextTestExecutionListener@50832045, org.springframework.test.context.transaction.TransactionalTestExecutionListener@35648aa0, org.springframework.test.context.jdbc.SqlScriptsTestExecutionListener@6d343a4, org.springframework.boot.test.autoconfigure.restdocs.RestDocsTestExecutionListener@7c053687, org.springframework.boot.test.autoconfigure.web.client.MockRestServiceServerResetTestExecutionListener@354db04a, org.springframework.boot.test.autoconfigure.web.servlet.MockMvcPrintOnlyOnFailureTestExecutionListener@246d1dc9, org.springframework.boot.test.autoconfigure.web.servlet.WebDriverTestExecutionListener@383fa483, org.springframework.boot.test.mock.mockito.ResetMocksTestExecutionListener@6ddb1c0d]

  .   ____          _            __ _ _
 /\\ / ___'_ __ _ _(_)_ __  __ _ \ \ \ \
( ( )\___ | '_ | '_| | '_ \/ _` | \ \ \ \
 \\/  ___)| |_)| | | | | || (_| |  ) ) ) )
  '  |____| .__|_| |_|_| |_\__, | / / / /
 =========|_|==============|___/=/_/_/_/
 :: Spring Boot ::             (v2.1.0.M1)

2018-10-05 10:39:54.960  INFO 13552 --- [    Test worker] c.c.c.e.j.h.t.E.TestReglaDiaHabil        : Starting TestReglaDiaHabil on JULIAN-HENAO with PID 13552 (started by julian.henao in C:\Users\julian.henao\workspace\adnjulianhenao)
2018-10-05 10:39:54.960  INFO 13552 --- [    Test worker] c.c.c.e.j.h.t.E.TestReglaDiaHabil        : No active profile set, falling back to default profiles: default
2018-10-05 10:39:55.756  INFO 13552 --- [    Test worker] trationDelegate$BeanPostProcessorChecker : Bean 'org.springframework.transaction.annotation.ProxyTransactionManagementConfiguration' of type [org.springframework.transaction.annotation.ProxyTransactionManagementConfiguration$$EnhancerBySpringCGLIB$$dc01c345] is not eligible for getting processed by all BeanPostProcessors (for example: not eligible for auto-proxying)
2018-10-05 10:39:55.779  INFO 13552 --- [    Test worker] trationDelegate$BeanPostProcessorChecker : Bean 'org.springframework.hateoas.config.HateoasConfiguration' of type [org.springframework.hateoas.config.HateoasConfiguration$$EnhancerBySpringCGLIB$$5b821077] is not eligible for getting processed by all BeanPostProcessors (for example: not eligible for auto-proxying)
2018-10-05 10:39:55.918  INFO 13552 --- [    Test worker] com.zaxxer.hikari.HikariDataSource       : HikariPool-2 - Starting...
2018-10-05 10:39:55.920  INFO 13552 --- [    Test worker] com.zaxxer.hikari.HikariDataSource       : HikariPool-2 - Start completed.
2018-10-05 10:39:55.968  INFO 13552 --- [    Test worker] o.hibernate.jpa.internal.util.LogHelper  : HHH000204: Processing PersistenceUnitInfo [
	name: default
	...]
2018-10-05 10:39:56.001  INFO 13552 --- [    Test worker] org.hibernate.dialect.Dialect            : HHH000400: Using dialect: org.hibernate.dialect.H2Dialect
2018-10-05 10:39:56.125  INFO 13552 --- [    Test worker] o.h.t.schema.internal.SchemaCreatorImpl  : HHH000476: Executing import script 'ScriptSourceInputFromUrl(file:/C:/Users/julian.henao/workspace/adnjulianhenao/build/resources/main/import.sql)'
2018-10-05 10:39:56.134  INFO 13552 --- [    Test worker] j.LocalContainerEntityManagerFactoryBean : Initialized JPA EntityManagerFactory for persistence unit 'default'
2018-10-05 10:39:57.727  WARN 13552 --- [    Test worker] aWebConfiguration$JpaWebMvcConfiguration : spring.jpa.open-in-view is enabled by default. Therefore, database queries may be performed during view rendering. Explicitly configure spring.jpa.open-in-view to disable this warning
2018-10-05 10:39:57.894  INFO 13552 --- [    Test worker] o.s.b.a.w.s.WelcomePageHandlerMapping    : Adding welcome page: class path resource [static/index.html]
2018-10-05 10:39:58.621  INFO 13552 --- [    Test worker] c.c.c.e.j.h.t.E.TestReglaDiaHabil        : Started TestReglaDiaHabil in 3.715 seconds (JVM running for 17.986)
]]></system-out>
  <system-err><![CDATA[]]></system-err>
</testsuite>
