<?xml version="1.0" encoding="UTF-8"?>
<testsuite name="co.com.ceiba.estacionamiento.julian.henao.testUnitarioEntradaVehiculo.TestReglaCilindrajeMoto" tests="3" skipped="0" failures="0" errors="0" timestamp="2018-08-23T22:58:27" hostname="JULIAN-HENAO" time="0.026">
  <properties/>
  <testcase name="ReglaEntradaAutoCilindrajeCero" classname="co.com.ceiba.estacionamiento.julian.henao.testUnitarioEntradaVehiculo.TestReglaCilindrajeMoto" time="0.004"/>
  <testcase name="ReglaEntradaMotoCilindrajeMayoraCero" classname="co.com.ceiba.estacionamiento.julian.henao.testUnitarioEntradaVehiculo.TestReglaCilindrajeMoto" time="0.008"/>
  <testcase name="ReglaEntradaMotoCilindrajeCero" classname="co.com.ceiba.estacionamiento.julian.henao.testUnitarioEntradaVehiculo.TestReglaCilindrajeMoto" time="0.009"/>
  <system-out><![CDATA[2018-08-23 17:58:24.652  INFO 14144 --- [    Test worker] .b.t.c.SpringBootTestContextBootstrapper : Neither @ContextConfiguration nor @ContextHierarchy found for test class [co.com.ceiba.estacionamiento.julian.henao.testUnitarioEntradaVehiculo.TestReglaCilindrajeMoto], using SpringBootContextLoader
2018-08-23 17:58:24.654  INFO 14144 --- [    Test worker] o.s.t.c.support.AbstractContextLoader    : Could not detect default resource locations for test class [co.com.ceiba.estacionamiento.julian.henao.testUnitarioEntradaVehiculo.TestReglaCilindrajeMoto]: no resource found for suffixes {-context.xml, Context.groovy}.
2018-08-23 17:58:24.656  INFO 14144 --- [    Test worker] t.c.s.AnnotationConfigContextLoaderUtils : Could not detect default configuration classes for test class [co.com.ceiba.estacionamiento.julian.henao.testUnitarioEntradaVehiculo.TestReglaCilindrajeMoto]: TestReglaCilindrajeMoto does not declare any static, non-private, non-final, nested classes annotated with @Configuration.
2018-08-23 17:58:24.684  INFO 14144 --- [    Test worker] .b.t.c.SpringBootTestContextBootstrapper : Found @SpringBootConfiguration co.com.ceiba.estacionamiento.julian.henao.AdnJulianHenaoApplication for test class co.com.ceiba.estacionamiento.julian.henao.testUnitarioEntradaVehiculo.TestReglaCilindrajeMoto
2018-08-23 17:58:24.690  INFO 14144 --- [    Test worker] .b.t.c.SpringBootTestContextBootstrapper : Loaded default TestExecutionListener class names from location [META-INF/spring.factories]: [org.springframework.boot.test.autoconfigure.restdocs.RestDocsTestExecutionListener, org.springframework.boot.test.autoconfigure.web.client.MockRestServiceServerResetTestExecutionListener, org.springframework.boot.test.autoconfigure.web.servlet.MockMvcPrintOnlyOnFailureTestExecutionListener, org.springframework.boot.test.autoconfigure.web.servlet.WebDriverTestExecutionListener, org.springframework.boot.test.mock.mockito.MockitoTestExecutionListener, org.springframework.boot.test.mock.mockito.ResetMocksTestExecutionListener, org.springframework.test.context.web.ServletTestExecutionListener, org.springframework.test.context.support.DirtiesContextBeforeModesTestExecutionListener, org.springframework.test.context.support.DependencyInjectionTestExecutionListener, org.springframework.test.context.support.DirtiesContextTestExecutionListener, org.springframework.test.context.transaction.TransactionalTestExecutionListener, org.springframework.test.context.jdbc.SqlScriptsTestExecutionListener]
2018-08-23 17:58:24.692  INFO 14144 --- [    Test worker] .b.t.c.SpringBootTestContextBootstrapper : Using TestExecutionListeners: [org.springframework.test.context.web.ServletTestExecutionListener@28009ee8, org.springframework.test.context.support.DirtiesContextBeforeModesTestExecutionListener@6ccc5462, org.springframework.boot.test.mock.mockito.MockitoTestExecutionListener@7f1e9e56, org.springframework.boot.test.autoconfigure.SpringBootDependencyInjectionTestExecutionListener@749cf70b, org.springframework.test.context.support.DirtiesContextTestExecutionListener@5847c0ae, org.springframework.test.context.transaction.TransactionalTestExecutionListener@56a6f080, org.springframework.test.context.jdbc.SqlScriptsTestExecutionListener@5dc1382c, org.springframework.boot.test.autoconfigure.restdocs.RestDocsTestExecutionListener@4ef6a830, org.springframework.boot.test.autoconfigure.web.client.MockRestServiceServerResetTestExecutionListener@285243f0, org.springframework.boot.test.autoconfigure.web.servlet.MockMvcPrintOnlyOnFailureTestExecutionListener@4911948a, org.springframework.boot.test.autoconfigure.web.servlet.WebDriverTestExecutionListener@1dc5c5dc, org.springframework.boot.test.mock.mockito.ResetMocksTestExecutionListener@6609497c]

  .   ____          _            __ _ _
 /\\ / ___'_ __ _ _(_)_ __  __ _ \ \ \ \
( ( )\___ | '_ | '_| | '_ \/ _` | \ \ \ \
 \\/  ___)| |_)| | | | | || (_| |  ) ) ) )
  '  |____| .__|_| |_|_| |_\__, | / / / /
 =========|_|==============|___/=/_/_/_/
 :: Spring Boot ::             (v2.1.0.M1)

2018-08-23 17:58:24.790  INFO 14144 --- [    Test worker] c.c.c.e.j.h.t.TestReglaCilindrajeMoto    : Starting TestReglaCilindrajeMoto on JULIAN-HENAO with PID 14144 (started by julian.henao in C:\Users\julian.henao\workspace\adnjulianhenao)
2018-08-23 17:58:24.792  INFO 14144 --- [    Test worker] c.c.c.e.j.h.t.TestReglaCilindrajeMoto    : No active profile set, falling back to default profiles: default
2018-08-23 17:58:25.536  INFO 14144 --- [    Test worker] trationDelegate$BeanPostProcessorChecker : Bean 'org.springframework.transaction.annotation.ProxyTransactionManagementConfiguration' of type [org.springframework.transaction.annotation.ProxyTransactionManagementConfiguration$$EnhancerBySpringCGLIB$$bc39c7a1] is not eligible for getting processed by all BeanPostProcessors (for example: not eligible for auto-proxying)
2018-08-23 17:58:25.569  INFO 14144 --- [    Test worker] trationDelegate$BeanPostProcessorChecker : Bean 'org.springframework.hateoas.config.HateoasConfiguration' of type [org.springframework.hateoas.config.HateoasConfiguration$$EnhancerBySpringCGLIB$$3bba14d3] is not eligible for getting processed by all BeanPostProcessors (for example: not eligible for auto-proxying)
2018-08-23 17:58:25.694  INFO 14144 --- [    Test worker] com.zaxxer.hikari.HikariDataSource       : HikariPool-2 - Starting...
2018-08-23 17:58:25.697  INFO 14144 --- [    Test worker] com.zaxxer.hikari.HikariDataSource       : HikariPool-2 - Start completed.
2018-08-23 17:58:25.751  INFO 14144 --- [    Test worker] o.hibernate.jpa.internal.util.LogHelper  : HHH000204: Processing PersistenceUnitInfo [
	name: default
	...]
2018-08-23 17:58:25.779  INFO 14144 --- [    Test worker] org.hibernate.dialect.Dialect            : HHH000400: Using dialect: org.hibernate.dialect.H2Dialect
2018-08-23 17:58:25.881  INFO 14144 --- [    Test worker] o.h.t.schema.internal.SchemaCreatorImpl  : HHH000476: Executing import script 'ScriptSourceInputFromUrl(file:/C:/Users/julian.henao/workspace/adnjulianhenao/build/resources/main/import.sql)'
2018-08-23 17:58:25.885  INFO 14144 --- [    Test worker] j.LocalContainerEntityManagerFactoryBean : Initialized JPA EntityManagerFactory for persistence unit 'default'
2018-08-23 17:58:26.946  WARN 14144 --- [    Test worker] aWebConfiguration$JpaWebMvcConfiguration : spring.jpa.open-in-view is enabled by default. Therefore, database queries may be performed during view rendering. Explicitly configure spring.jpa.open-in-view to disable this warning
2018-08-23 17:58:27.526  INFO 14144 --- [    Test worker] c.c.c.e.j.h.t.TestReglaCilindrajeMoto    : Started TestReglaCilindrajeMoto in 2.812 seconds (JVM running for 28.518)
]]></system-out>
  <system-err><![CDATA[]]></system-err>
</testsuite>
