<?xml version="1.0" encoding="UTF-8"?>
<testsuite name="co.com.ceiba.estacionamiento.julian.henao.testIntegracionConsultaServicios.TestTipoVehiculo" tests="3" skipped="0" failures="0" errors="0" timestamp="2018-08-28T20:52:23" hostname="JULIAN-HENAO" time="0.099">
  <properties/>
  <testcase name="crearTipoVehiculoExitoso" classname="co.com.ceiba.estacionamiento.julian.henao.testIntegracionConsultaServicios.TestTipoVehiculo" time="0.057"/>
  <testcase name="crearTipoVehiculoNulo" classname="co.com.ceiba.estacionamiento.julian.henao.testIntegracionConsultaServicios.TestTipoVehiculo" time="0.016"/>
  <testcase name="obtenerVehiculo" classname="co.com.ceiba.estacionamiento.julian.henao.testIntegracionConsultaServicios.TestTipoVehiculo" time="0.024"/>
  <system-out><![CDATA[2018-08-28 15:52:23.309  INFO 15672 --- [    Test worker] .b.t.c.SpringBootTestContextBootstrapper : Neither @ContextConfiguration nor @ContextHierarchy found for test class [co.com.ceiba.estacionamiento.julian.henao.testIntegracionConsultaServicios.TestTipoVehiculo], using SpringBootContextLoader
2018-08-28 15:52:23.311  INFO 15672 --- [    Test worker] o.s.t.c.support.AbstractContextLoader    : Could not detect default resource locations for test class [co.com.ceiba.estacionamiento.julian.henao.testIntegracionConsultaServicios.TestTipoVehiculo]: no resource found for suffixes {-context.xml, Context.groovy}.
2018-08-28 15:52:23.311  INFO 15672 --- [    Test worker] t.c.s.AnnotationConfigContextLoaderUtils : Could not detect default configuration classes for test class [co.com.ceiba.estacionamiento.julian.henao.testIntegracionConsultaServicios.TestTipoVehiculo]: TestTipoVehiculo does not declare any static, non-private, non-final, nested classes annotated with @Configuration.
2018-08-28 15:52:23.313  INFO 15672 --- [    Test worker] .b.t.c.SpringBootTestContextBootstrapper : Found @SpringBootConfiguration co.com.ceiba.estacionamiento.julian.henao.AdnJulianHenaoApplication for test class co.com.ceiba.estacionamiento.julian.henao.testIntegracionConsultaServicios.TestTipoVehiculo
2018-08-28 15:52:23.315  INFO 15672 --- [    Test worker] .b.t.c.SpringBootTestContextBootstrapper : Loaded default TestExecutionListener class names from location [META-INF/spring.factories]: [org.springframework.boot.test.autoconfigure.restdocs.RestDocsTestExecutionListener, org.springframework.boot.test.autoconfigure.web.client.MockRestServiceServerResetTestExecutionListener, org.springframework.boot.test.autoconfigure.web.servlet.MockMvcPrintOnlyOnFailureTestExecutionListener, org.springframework.boot.test.autoconfigure.web.servlet.WebDriverTestExecutionListener, org.springframework.boot.test.mock.mockito.MockitoTestExecutionListener, org.springframework.boot.test.mock.mockito.ResetMocksTestExecutionListener, org.springframework.test.context.web.ServletTestExecutionListener, org.springframework.test.context.support.DirtiesContextBeforeModesTestExecutionListener, org.springframework.test.context.support.DependencyInjectionTestExecutionListener, org.springframework.test.context.support.DirtiesContextTestExecutionListener, org.springframework.test.context.transaction.TransactionalTestExecutionListener, org.springframework.test.context.jdbc.SqlScriptsTestExecutionListener]
2018-08-28 15:52:23.316  INFO 15672 --- [    Test worker] .b.t.c.SpringBootTestContextBootstrapper : Using TestExecutionListeners: [org.springframework.test.context.web.ServletTestExecutionListener@2789af90, org.springframework.test.context.support.DirtiesContextBeforeModesTestExecutionListener@393ec292, org.springframework.boot.test.mock.mockito.MockitoTestExecutionListener@79b3868b, org.springframework.boot.test.autoconfigure.SpringBootDependencyInjectionTestExecutionListener@375021dd, org.springframework.test.context.support.DirtiesContextTestExecutionListener@5dcfed88, org.springframework.test.context.transaction.TransactionalTestExecutionListener@12aa8ef1, org.springframework.test.context.jdbc.SqlScriptsTestExecutionListener@77c8c5f1, org.springframework.boot.test.autoconfigure.restdocs.RestDocsTestExecutionListener@41a05c1c, org.springframework.boot.test.autoconfigure.web.client.MockRestServiceServerResetTestExecutionListener@63a15a0d, org.springframework.boot.test.autoconfigure.web.servlet.MockMvcPrintOnlyOnFailureTestExecutionListener@25ba9d8e, org.springframework.boot.test.autoconfigure.web.servlet.WebDriverTestExecutionListener@146c3385, org.springframework.boot.test.mock.mockito.ResetMocksTestExecutionListener@576fcda8]
]]></system-out>
  <system-err><![CDATA[]]></system-err>
</testsuite>
