<?xml version="1.0" encoding="UTF-8"?>
<testsuite name="co.com.ceiba.estacionamiento.julian.henao.testUnit.EntradaVehiculo.TestReglaDisponibilidadEspacio" tests="2" skipped="0" failures="0" errors="0" timestamp="2018-09-20T13:42:39" hostname="JULIAN-HENAO" time="0.02">
  <properties/>
  <testcase name="ReglaNOHayDisponibilidadEspacioParaVehiculo" classname="co.com.ceiba.estacionamiento.julian.henao.testUnit.EntradaVehiculo.TestReglaDisponibilidadEspacio" time="0.01"/>
  <testcase name="ReglaSIHayDisponibilidadEspacioParaVehiculo" classname="co.com.ceiba.estacionamiento.julian.henao.testUnit.EntradaVehiculo.TestReglaDisponibilidadEspacio" time="0.007"/>
  <system-out><![CDATA[2018-09-20 08:42:36.627  INFO 17836 --- [    Test worker] .b.t.c.SpringBootTestContextBootstrapper : Neither @ContextConfiguration nor @ContextHierarchy found for test class [co.com.ceiba.estacionamiento.julian.henao.testUnit.EntradaVehiculo.TestReglaDisponibilidadEspacio], using SpringBootContextLoader
2018-09-20 08:42:36.629  INFO 17836 --- [    Test worker] o.s.t.c.support.AbstractContextLoader    : Could not detect default resource locations for test class [co.com.ceiba.estacionamiento.julian.henao.testUnit.EntradaVehiculo.TestReglaDisponibilidadEspacio]: no resource found for suffixes {-context.xml, Context.groovy}.
2018-09-20 08:42:36.631  INFO 17836 --- [    Test worker] t.c.s.AnnotationConfigContextLoaderUtils : Could not detect default configuration classes for test class [co.com.ceiba.estacionamiento.julian.henao.testUnit.EntradaVehiculo.TestReglaDisponibilidadEspacio]: TestReglaDisponibilidadEspacio does not declare any static, non-private, non-final, nested classes annotated with @Configuration.
2018-09-20 08:42:36.641  INFO 17836 --- [    Test worker] .b.t.c.SpringBootTestContextBootstrapper : Found @SpringBootConfiguration co.com.ceiba.estacionamiento.julian.henao.AdnJulianHenaoApplication for test class co.com.ceiba.estacionamiento.julian.henao.testUnit.EntradaVehiculo.TestReglaDisponibilidadEspacio
2018-09-20 08:42:36.645  INFO 17836 --- [    Test worker] .b.t.c.SpringBootTestContextBootstrapper : Loaded default TestExecutionListener class names from location [META-INF/spring.factories]: [org.springframework.boot.test.autoconfigure.restdocs.RestDocsTestExecutionListener, org.springframework.boot.test.autoconfigure.web.client.MockRestServiceServerResetTestExecutionListener, org.springframework.boot.test.autoconfigure.web.servlet.MockMvcPrintOnlyOnFailureTestExecutionListener, org.springframework.boot.test.autoconfigure.web.servlet.WebDriverTestExecutionListener, org.springframework.boot.test.mock.mockito.MockitoTestExecutionListener, org.springframework.boot.test.mock.mockito.ResetMocksTestExecutionListener, org.springframework.test.context.web.ServletTestExecutionListener, org.springframework.test.context.support.DirtiesContextBeforeModesTestExecutionListener, org.springframework.test.context.support.DependencyInjectionTestExecutionListener, org.springframework.test.context.support.DirtiesContextTestExecutionListener, org.springframework.test.context.transaction.TransactionalTestExecutionListener, org.springframework.test.context.jdbc.SqlScriptsTestExecutionListener]
2018-09-20 08:42:36.646  INFO 17836 --- [    Test worker] .b.t.c.SpringBootTestContextBootstrapper : Using TestExecutionListeners: [org.springframework.test.context.web.ServletTestExecutionListener@2735a6bd, org.springframework.test.context.support.DirtiesContextBeforeModesTestExecutionListener@278a9d95, org.springframework.boot.test.mock.mockito.MockitoTestExecutionListener@6077eab9, org.springframework.boot.test.autoconfigure.SpringBootDependencyInjectionTestExecutionListener@7906f987, org.springframework.test.context.support.DirtiesContextTestExecutionListener@738ca854, org.springframework.test.context.transaction.TransactionalTestExecutionListener@19f585, org.springframework.test.context.jdbc.SqlScriptsTestExecutionListener@5fe4e51d, org.springframework.boot.test.autoconfigure.restdocs.RestDocsTestExecutionListener@11e0e5a7, org.springframework.boot.test.autoconfigure.web.client.MockRestServiceServerResetTestExecutionListener@73831c7, org.springframework.boot.test.autoconfigure.web.servlet.MockMvcPrintOnlyOnFailureTestExecutionListener@48c24978, org.springframework.boot.test.autoconfigure.web.servlet.WebDriverTestExecutionListener@30769170, org.springframework.boot.test.mock.mockito.ResetMocksTestExecutionListener@262d9704]

  .   ____          _            __ _ _
 /\\ / ___'_ __ _ _(_)_ __  __ _ \ \ \ \
( ( )\___ | '_ | '_| | '_ \/ _` | \ \ \ \
 \\/  ___)| |_)| | | | | || (_| |  ) ) ) )
  '  |____| .__|_| |_|_| |_\__, | / / / /
 =========|_|==============|___/=/_/_/_/
 :: Spring Boot ::             (v2.1.0.M1)

2018-09-20 08:42:36.704  INFO 17836 --- [    Test worker] e.j.h.t.E.TestReglaDisponibilidadEspacio : Starting TestReglaDisponibilidadEspacio on JULIAN-HENAO with PID 17836 (started by julian.henao in C:\Users\julian.henao\workspace\adnjulianhenao)
2018-09-20 08:42:36.706  INFO 17836 --- [    Test worker] e.j.h.t.E.TestReglaDisponibilidadEspacio : No active profile set, falling back to default profiles: default
2018-09-20 08:42:37.531  INFO 17836 --- [    Test worker] trationDelegate$BeanPostProcessorChecker : Bean 'org.springframework.transaction.annotation.ProxyTransactionManagementConfiguration' of type [org.springframework.transaction.annotation.ProxyTransactionManagementConfiguration$$EnhancerBySpringCGLIB$$910e8e8] is not eligible for getting processed by all BeanPostProcessors (for example: not eligible for auto-proxying)
2018-09-20 08:42:37.561  INFO 17836 --- [    Test worker] trationDelegate$BeanPostProcessorChecker : Bean 'org.springframework.hateoas.config.HateoasConfiguration' of type [org.springframework.hateoas.config.HateoasConfiguration$$EnhancerBySpringCGLIB$$8891361a] is not eligible for getting processed by all BeanPostProcessors (for example: not eligible for auto-proxying)
2018-09-20 08:42:37.689  INFO 17836 --- [    Test worker] com.zaxxer.hikari.HikariDataSource       : HikariPool-3 - Starting...
2018-09-20 08:42:37.691  INFO 17836 --- [    Test worker] com.zaxxer.hikari.HikariDataSource       : HikariPool-3 - Start completed.
2018-09-20 08:42:37.753  INFO 17836 --- [    Test worker] o.hibernate.jpa.internal.util.LogHelper  : HHH000204: Processing PersistenceUnitInfo [
	name: default
	...]
2018-09-20 08:42:37.784  INFO 17836 --- [    Test worker] org.hibernate.dialect.Dialect            : HHH000400: Using dialect: org.hibernate.dialect.H2Dialect
2018-09-20 08:42:37.906  INFO 17836 --- [    Test worker] o.h.t.schema.internal.SchemaCreatorImpl  : HHH000476: Executing import script 'ScriptSourceInputFromUrl(file:/C:/Users/julian.henao/workspace/adnjulianhenao/build/resources/main/import.sql)'
2018-09-20 08:42:37.929  INFO 17836 --- [    Test worker] j.LocalContainerEntityManagerFactoryBean : Initialized JPA EntityManagerFactory for persistence unit 'default'
2018-09-20 08:42:38.960  WARN 17836 --- [    Test worker] aWebConfiguration$JpaWebMvcConfiguration : spring.jpa.open-in-view is enabled by default. Therefore, database queries may be performed during view rendering. Explicitly configure spring.jpa.open-in-view to disable this warning
2018-09-20 08:42:39.560  INFO 17836 --- [    Test worker] e.j.h.t.E.TestReglaDisponibilidadEspacio : Started TestReglaDisponibilidadEspacio in 2.911 seconds (JVM running for 22.233)
]]></system-out>
  <system-err><![CDATA[]]></system-err>
</testsuite>
