<?xml version="1.0" encoding="UTF-8"?>
<testsuite name="co.com.ceiba.estacionamiento.julian.henao.testUnit.EntradaVehiculo.TestReglaDisponibilidadEspacio" tests="2" skipped="0" failures="0" errors="0" timestamp="2018-10-05T12:57:56" hostname="JULIAN-HENAO" time="0.019">
  <properties/>
  <testcase name="ReglaNOHayDisponibilidadEspacioParaVehiculo" classname="co.com.ceiba.estacionamiento.julian.henao.testUnit.EntradaVehiculo.TestReglaDisponibilidadEspacio" time="0.012"/>
  <testcase name="ReglaSIHayDisponibilidadEspacioParaVehiculo" classname="co.com.ceiba.estacionamiento.julian.henao.testUnit.EntradaVehiculo.TestReglaDisponibilidadEspacio" time="0.005"/>
  <system-out><![CDATA[2018-10-05 07:57:53.891  INFO 11932 --- [    Test worker] .b.t.c.SpringBootTestContextBootstrapper : Neither @ContextConfiguration nor @ContextHierarchy found for test class [co.com.ceiba.estacionamiento.julian.henao.testUnit.EntradaVehiculo.TestReglaDisponibilidadEspacio], using SpringBootContextLoader
2018-10-05 07:57:53.894  INFO 11932 --- [    Test worker] o.s.t.c.support.AbstractContextLoader    : Could not detect default resource locations for test class [co.com.ceiba.estacionamiento.julian.henao.testUnit.EntradaVehiculo.TestReglaDisponibilidadEspacio]: no resource found for suffixes {-context.xml, Context.groovy}.
2018-10-05 07:57:53.894  INFO 11932 --- [    Test worker] t.c.s.AnnotationConfigContextLoaderUtils : Could not detect default configuration classes for test class [co.com.ceiba.estacionamiento.julian.henao.testUnit.EntradaVehiculo.TestReglaDisponibilidadEspacio]: TestReglaDisponibilidadEspacio does not declare any static, non-private, non-final, nested classes annotated with @Configuration.
2018-10-05 07:57:53.897  INFO 11932 --- [    Test worker] .b.t.c.SpringBootTestContextBootstrapper : Found @SpringBootConfiguration co.com.ceiba.estacionamiento.julian.henao.AdnJulianHenaoApplication for test class co.com.ceiba.estacionamiento.julian.henao.testUnit.EntradaVehiculo.TestReglaDisponibilidadEspacio
2018-10-05 07:57:53.901  INFO 11932 --- [    Test worker] .b.t.c.SpringBootTestContextBootstrapper : Loaded default TestExecutionListener class names from location [META-INF/spring.factories]: [org.springframework.boot.test.autoconfigure.restdocs.RestDocsTestExecutionListener, org.springframework.boot.test.autoconfigure.web.client.MockRestServiceServerResetTestExecutionListener, org.springframework.boot.test.autoconfigure.web.servlet.MockMvcPrintOnlyOnFailureTestExecutionListener, org.springframework.boot.test.autoconfigure.web.servlet.WebDriverTestExecutionListener, org.springframework.boot.test.mock.mockito.MockitoTestExecutionListener, org.springframework.boot.test.mock.mockito.ResetMocksTestExecutionListener, org.springframework.test.context.web.ServletTestExecutionListener, org.springframework.test.context.support.DirtiesContextBeforeModesTestExecutionListener, org.springframework.test.context.support.DependencyInjectionTestExecutionListener, org.springframework.test.context.support.DirtiesContextTestExecutionListener, org.springframework.test.context.transaction.TransactionalTestExecutionListener, org.springframework.test.context.jdbc.SqlScriptsTestExecutionListener]
2018-10-05 07:57:53.902  INFO 11932 --- [    Test worker] .b.t.c.SpringBootTestContextBootstrapper : Using TestExecutionListeners: [org.springframework.test.context.web.ServletTestExecutionListener@339f7235, org.springframework.test.context.support.DirtiesContextBeforeModesTestExecutionListener@7b0825b3, org.springframework.boot.test.mock.mockito.MockitoTestExecutionListener@1855de3d, org.springframework.boot.test.autoconfigure.SpringBootDependencyInjectionTestExecutionListener@54c4c2a9, org.springframework.test.context.support.DirtiesContextTestExecutionListener@1c821cde, org.springframework.test.context.transaction.TransactionalTestExecutionListener@269d8740, org.springframework.test.context.jdbc.SqlScriptsTestExecutionListener@108f1198, org.springframework.boot.test.autoconfigure.restdocs.RestDocsTestExecutionListener@622c58aa, org.springframework.boot.test.autoconfigure.web.client.MockRestServiceServerResetTestExecutionListener@6e44ccdd, org.springframework.boot.test.autoconfigure.web.servlet.MockMvcPrintOnlyOnFailureTestExecutionListener@2429f1d2, org.springframework.boot.test.autoconfigure.web.servlet.WebDriverTestExecutionListener@4cc2271e, org.springframework.boot.test.mock.mockito.ResetMocksTestExecutionListener@4cabdf24]

  .   ____          _            __ _ _
 /\\ / ___'_ __ _ _(_)_ __  __ _ \ \ \ \
( ( )\___ | '_ | '_| | '_ \/ _` | \ \ \ \
 \\/  ___)| |_)| | | | | || (_| |  ) ) ) )
  '  |____| .__|_| |_|_| |_\__, | / / / /
 =========|_|==============|___/=/_/_/_/
 :: Spring Boot ::             (v2.1.0.M1)

2018-10-05 07:57:53.954  INFO 11932 --- [    Test worker] e.j.h.t.E.TestReglaDisponibilidadEspacio : Starting TestReglaDisponibilidadEspacio on JULIAN-HENAO with PID 11932 (started by julian.henao in C:\Users\julian.henao\workspace\adnjulianhenao)
2018-10-05 07:57:53.960  INFO 11932 --- [    Test worker] e.j.h.t.E.TestReglaDisponibilidadEspacio : No active profile set, falling back to default profiles: default
2018-10-05 07:57:54.658  INFO 11932 --- [    Test worker] trationDelegate$BeanPostProcessorChecker : Bean 'org.springframework.transaction.annotation.ProxyTransactionManagementConfiguration' of type [org.springframework.transaction.annotation.ProxyTransactionManagementConfiguration$$EnhancerBySpringCGLIB$$910e8e8] is not eligible for getting processed by all BeanPostProcessors (for example: not eligible for auto-proxying)
2018-10-05 07:57:54.680  INFO 11932 --- [    Test worker] trationDelegate$BeanPostProcessorChecker : Bean 'org.springframework.hateoas.config.HateoasConfiguration' of type [org.springframework.hateoas.config.HateoasConfiguration$$EnhancerBySpringCGLIB$$8891361a] is not eligible for getting processed by all BeanPostProcessors (for example: not eligible for auto-proxying)
2018-10-05 07:57:54.799  INFO 11932 --- [    Test worker] com.zaxxer.hikari.HikariDataSource       : HikariPool-3 - Starting...
2018-10-05 07:57:54.803  INFO 11932 --- [    Test worker] com.zaxxer.hikari.HikariDataSource       : HikariPool-3 - Start completed.
2018-10-05 07:57:54.859  INFO 11932 --- [    Test worker] o.hibernate.jpa.internal.util.LogHelper  : HHH000204: Processing PersistenceUnitInfo [
	name: default
	...]
2018-10-05 07:57:54.886  INFO 11932 --- [    Test worker] org.hibernate.dialect.Dialect            : HHH000400: Using dialect: org.hibernate.dialect.H2Dialect
2018-10-05 07:57:54.995  INFO 11932 --- [    Test worker] o.h.t.schema.internal.SchemaCreatorImpl  : HHH000476: Executing import script 'ScriptSourceInputFromUrl(file:/C:/Users/julian.henao/workspace/adnjulianhenao/build/resources/main/import.sql)'
2018-10-05 07:57:55.004  INFO 11932 --- [    Test worker] j.LocalContainerEntityManagerFactoryBean : Initialized JPA EntityManagerFactory for persistence unit 'default'
2018-10-05 07:57:55.996  WARN 11932 --- [    Test worker] aWebConfiguration$JpaWebMvcConfiguration : spring.jpa.open-in-view is enabled by default. Therefore, database queries may be performed during view rendering. Explicitly configure spring.jpa.open-in-view to disable this warning
2018-10-05 07:57:56.131  INFO 11932 --- [    Test worker] o.s.b.a.w.s.WelcomePageHandlerMapping    : Adding welcome page: class path resource [static/index.html]
2018-10-05 07:57:56.489  INFO 11932 --- [    Test worker] e.j.h.t.E.TestReglaDisponibilidadEspacio : Started TestReglaDisponibilidadEspacio in 2.583 seconds (JVM running for 25.644)
]]></system-out>
  <system-err><![CDATA[]]></system-err>
</testsuite>
