<?xml version="1.0" encoding="UTF-8"?>
<testsuite name="co.com.ceiba.estacionamiento.julian.henao.testUnitarioEntradaVehiculo.TestReglaTipoVehiculo" tests="3" skipped="0" failures="0" errors="0" timestamp="2018-08-23T22:58:36" hostname="JULIAN-HENAO" time="0.026">
  <properties/>
  <testcase name="ReglaEntradaTipoVehiculoDiferenteNOPuedeEntrar" classname="co.com.ceiba.estacionamiento.julian.henao.testUnitarioEntradaVehiculo.TestReglaTipoVehiculo" time="0.006"/>
  <testcase name="ReglaEntradaTipoVehiculoMotoPuedeEntrar" classname="co.com.ceiba.estacionamiento.julian.henao.testUnitarioEntradaVehiculo.TestReglaTipoVehiculo" time="0.005"/>
  <testcase name="ReglaEntradaTipoVehiculoAutoPuedeEntrar" classname="co.com.ceiba.estacionamiento.julian.henao.testUnitarioEntradaVehiculo.TestReglaTipoVehiculo" time="0.01"/>
  <system-out><![CDATA[2018-08-23 17:58:33.598  INFO 14144 --- [    Test worker] .b.t.c.SpringBootTestContextBootstrapper : Neither @ContextConfiguration nor @ContextHierarchy found for test class [co.com.ceiba.estacionamiento.julian.henao.testUnitarioEntradaVehiculo.TestReglaTipoVehiculo], using SpringBootContextLoader
2018-08-23 17:58:33.599  INFO 14144 --- [    Test worker] o.s.t.c.support.AbstractContextLoader    : Could not detect default resource locations for test class [co.com.ceiba.estacionamiento.julian.henao.testUnitarioEntradaVehiculo.TestReglaTipoVehiculo]: no resource found for suffixes {-context.xml, Context.groovy}.
2018-08-23 17:58:33.599  INFO 14144 --- [    Test worker] t.c.s.AnnotationConfigContextLoaderUtils : Could not detect default configuration classes for test class [co.com.ceiba.estacionamiento.julian.henao.testUnitarioEntradaVehiculo.TestReglaTipoVehiculo]: TestReglaTipoVehiculo does not declare any static, non-private, non-final, nested classes annotated with @Configuration.
2018-08-23 17:58:33.604  INFO 14144 --- [    Test worker] .b.t.c.SpringBootTestContextBootstrapper : Found @SpringBootConfiguration co.com.ceiba.estacionamiento.julian.henao.AdnJulianHenaoApplication for test class co.com.ceiba.estacionamiento.julian.henao.testUnitarioEntradaVehiculo.TestReglaTipoVehiculo
2018-08-23 17:58:33.606  INFO 14144 --- [    Test worker] .b.t.c.SpringBootTestContextBootstrapper : Loaded default TestExecutionListener class names from location [META-INF/spring.factories]: [org.springframework.boot.test.autoconfigure.restdocs.RestDocsTestExecutionListener, org.springframework.boot.test.autoconfigure.web.client.MockRestServiceServerResetTestExecutionListener, org.springframework.boot.test.autoconfigure.web.servlet.MockMvcPrintOnlyOnFailureTestExecutionListener, org.springframework.boot.test.autoconfigure.web.servlet.WebDriverTestExecutionListener, org.springframework.boot.test.mock.mockito.MockitoTestExecutionListener, org.springframework.boot.test.mock.mockito.ResetMocksTestExecutionListener, org.springframework.test.context.web.ServletTestExecutionListener, org.springframework.test.context.support.DirtiesContextBeforeModesTestExecutionListener, org.springframework.test.context.support.DependencyInjectionTestExecutionListener, org.springframework.test.context.support.DirtiesContextTestExecutionListener, org.springframework.test.context.transaction.TransactionalTestExecutionListener, org.springframework.test.context.jdbc.SqlScriptsTestExecutionListener]
2018-08-23 17:58:33.607  INFO 14144 --- [    Test worker] .b.t.c.SpringBootTestContextBootstrapper : Using TestExecutionListeners: [org.springframework.test.context.web.ServletTestExecutionListener@1a970f71, org.springframework.test.context.support.DirtiesContextBeforeModesTestExecutionListener@7c788f5a, org.springframework.boot.test.mock.mockito.MockitoTestExecutionListener@93a8bcb, org.springframework.boot.test.autoconfigure.SpringBootDependencyInjectionTestExecutionListener@5e8eb984, org.springframework.test.context.support.DirtiesContextTestExecutionListener@7cc0c9a3, org.springframework.test.context.transaction.TransactionalTestExecutionListener@44fa9b3e, org.springframework.test.context.jdbc.SqlScriptsTestExecutionListener@194324b9, org.springframework.boot.test.autoconfigure.restdocs.RestDocsTestExecutionListener@32aaec8c, org.springframework.boot.test.autoconfigure.web.client.MockRestServiceServerResetTestExecutionListener@485db6ab, org.springframework.boot.test.autoconfigure.web.servlet.MockMvcPrintOnlyOnFailureTestExecutionListener@58eef7f5, org.springframework.boot.test.autoconfigure.web.servlet.WebDriverTestExecutionListener@580866bd, org.springframework.boot.test.mock.mockito.ResetMocksTestExecutionListener@3da32fbc]

  .   ____          _            __ _ _
 /\\ / ___'_ __ _ _(_)_ __  __ _ \ \ \ \
( ( )\___ | '_ | '_| | '_ \/ _` | \ \ \ \
 \\/  ___)| |_)| | | | | || (_| |  ) ) ) )
  '  |____| .__|_| |_|_| |_\__, | / / / /
 =========|_|==============|___/=/_/_/_/
 :: Spring Boot ::             (v2.1.0.M1)

2018-08-23 17:58:33.646  INFO 14144 --- [    Test worker] c.c.c.e.j.h.t.TestReglaTipoVehiculo      : Starting TestReglaTipoVehiculo on JULIAN-HENAO with PID 14144 (started by julian.henao in C:\Users\julian.henao\workspace\adnjulianhenao)
2018-08-23 17:58:33.647  INFO 14144 --- [    Test worker] c.c.c.e.j.h.t.TestReglaTipoVehiculo      : No active profile set, falling back to default profiles: default
2018-08-23 17:58:34.291  INFO 14144 --- [    Test worker] trationDelegate$BeanPostProcessorChecker : Bean 'org.springframework.transaction.annotation.ProxyTransactionManagementConfiguration' of type [org.springframework.transaction.annotation.ProxyTransactionManagementConfiguration$$EnhancerBySpringCGLIB$$bc39c7a1] is not eligible for getting processed by all BeanPostProcessors (for example: not eligible for auto-proxying)
2018-08-23 17:58:34.317  INFO 14144 --- [    Test worker] trationDelegate$BeanPostProcessorChecker : Bean 'org.springframework.hateoas.config.HateoasConfiguration' of type [org.springframework.hateoas.config.HateoasConfiguration$$EnhancerBySpringCGLIB$$3bba14d3] is not eligible for getting processed by all BeanPostProcessors (for example: not eligible for auto-proxying)
2018-08-23 17:58:34.439  INFO 14144 --- [    Test worker] com.zaxxer.hikari.HikariDataSource       : HikariPool-5 - Starting...
2018-08-23 17:58:34.440  INFO 14144 --- [    Test worker] com.zaxxer.hikari.HikariDataSource       : HikariPool-5 - Start completed.
2018-08-23 17:58:34.488  INFO 14144 --- [    Test worker] o.hibernate.jpa.internal.util.LogHelper  : HHH000204: Processing PersistenceUnitInfo [
	name: default
	...]
2018-08-23 17:58:34.519  INFO 14144 --- [    Test worker] org.hibernate.dialect.Dialect            : HHH000400: Using dialect: org.hibernate.dialect.H2Dialect
2018-08-23 17:58:34.588  INFO 14144 --- [    Test worker] o.h.t.schema.internal.SchemaCreatorImpl  : HHH000476: Executing import script 'ScriptSourceInputFromUrl(file:/C:/Users/julian.henao/workspace/adnjulianhenao/build/resources/main/import.sql)'
2018-08-23 17:58:34.598  INFO 14144 --- [    Test worker] j.LocalContainerEntityManagerFactoryBean : Initialized JPA EntityManagerFactory for persistence unit 'default'
2018-08-23 17:58:35.640  WARN 14144 --- [    Test worker] aWebConfiguration$JpaWebMvcConfiguration : spring.jpa.open-in-view is enabled by default. Therefore, database queries may be performed during view rendering. Explicitly configure spring.jpa.open-in-view to disable this warning
2018-08-23 17:58:36.252  INFO 14144 --- [    Test worker] c.c.c.e.j.h.t.TestReglaTipoVehiculo      : Started TestReglaTipoVehiculo in 2.642 seconds (JVM running for 37.244)
]]></system-out>
  <system-err><![CDATA[]]></system-err>
</testsuite>
