<?xml version="1.0" encoding="UTF-8"?>
<testsuite name="co.com.ceiba.estacionamiento.julian.henao.testUnit.EntradaVehiculo.TestReglaIngresaPlaca" tests="2" skipped="0" failures="0" errors="0" timestamp="2018-10-04T21:40:08" hostname="JULIAN-HENAO" time="0.012">
  <properties/>
  <testcase name="ReglaEntradaPlacaObligatoriaAuto" classname="co.com.ceiba.estacionamiento.julian.henao.testUnit.EntradaVehiculo.TestReglaIngresaPlaca" time="0.006"/>
  <testcase name="ReglaEntradaPlacaObligatoriaMoto" classname="co.com.ceiba.estacionamiento.julian.henao.testUnit.EntradaVehiculo.TestReglaIngresaPlaca" time="0.005"/>
  <system-out><![CDATA[2018-10-04 16:40:08.557  INFO 11544 --- [    Test worker] .b.t.c.SpringBootTestContextBootstrapper : Neither @ContextConfiguration nor @ContextHierarchy found for test class [co.com.ceiba.estacionamiento.julian.henao.testUnit.EntradaVehiculo.TestReglaIngresaPlaca], using SpringBootContextLoader
2018-10-04 16:40:08.560  INFO 11544 --- [    Test worker] o.s.t.c.support.AbstractContextLoader    : Could not detect default resource locations for test class [co.com.ceiba.estacionamiento.julian.henao.testUnit.EntradaVehiculo.TestReglaIngresaPlaca]: no resource found for suffixes {-context.xml, Context.groovy}.
2018-10-04 16:40:08.560  INFO 11544 --- [    Test worker] t.c.s.AnnotationConfigContextLoaderUtils : Could not detect default configuration classes for test class [co.com.ceiba.estacionamiento.julian.henao.testUnit.EntradaVehiculo.TestReglaIngresaPlaca]: TestReglaIngresaPlaca does not declare any static, non-private, non-final, nested classes annotated with @Configuration.
2018-10-04 16:40:08.563  INFO 11544 --- [    Test worker] .b.t.c.SpringBootTestContextBootstrapper : Found @SpringBootConfiguration co.com.ceiba.estacionamiento.julian.henao.AdnJulianHenaoApplication for test class co.com.ceiba.estacionamiento.julian.henao.testUnit.EntradaVehiculo.TestReglaIngresaPlaca
2018-10-04 16:40:08.566  INFO 11544 --- [    Test worker] .b.t.c.SpringBootTestContextBootstrapper : Loaded default TestExecutionListener class names from location [META-INF/spring.factories]: [org.springframework.boot.test.autoconfigure.restdocs.RestDocsTestExecutionListener, org.springframework.boot.test.autoconfigure.web.client.MockRestServiceServerResetTestExecutionListener, org.springframework.boot.test.autoconfigure.web.servlet.MockMvcPrintOnlyOnFailureTestExecutionListener, org.springframework.boot.test.autoconfigure.web.servlet.WebDriverTestExecutionListener, org.springframework.boot.test.mock.mockito.MockitoTestExecutionListener, org.springframework.boot.test.mock.mockito.ResetMocksTestExecutionListener, org.springframework.test.context.web.ServletTestExecutionListener, org.springframework.test.context.support.DirtiesContextBeforeModesTestExecutionListener, org.springframework.test.context.support.DependencyInjectionTestExecutionListener, org.springframework.test.context.support.DirtiesContextTestExecutionListener, org.springframework.test.context.transaction.TransactionalTestExecutionListener, org.springframework.test.context.jdbc.SqlScriptsTestExecutionListener]
2018-10-04 16:40:08.567  INFO 11544 --- [    Test worker] .b.t.c.SpringBootTestContextBootstrapper : Using TestExecutionListeners: [org.springframework.test.context.web.ServletTestExecutionListener@5d8e4ddf, org.springframework.test.context.support.DirtiesContextBeforeModesTestExecutionListener@d2d1373, org.springframework.boot.test.mock.mockito.MockitoTestExecutionListener@1526bda5, org.springframework.boot.test.autoconfigure.SpringBootDependencyInjectionTestExecutionListener@2d1bb6b1, org.springframework.test.context.support.DirtiesContextTestExecutionListener@254f678, org.springframework.test.context.transaction.TransactionalTestExecutionListener@6707cbca, org.springframework.test.context.jdbc.SqlScriptsTestExecutionListener@47ec891a, org.springframework.boot.test.autoconfigure.restdocs.RestDocsTestExecutionListener@37320168, org.springframework.boot.test.autoconfigure.web.client.MockRestServiceServerResetTestExecutionListener@1270c6c0, org.springframework.boot.test.autoconfigure.web.servlet.MockMvcPrintOnlyOnFailureTestExecutionListener@4bf006df, org.springframework.boot.test.autoconfigure.web.servlet.WebDriverTestExecutionListener@68f7e2e2, org.springframework.boot.test.mock.mockito.ResetMocksTestExecutionListener@4fe997d5]
]]></system-out>
  <system-err><![CDATA[]]></system-err>
</testsuite>
