<?xml version="1.0" encoding="UTF-8"?>
<testsuite name="co.com.ceiba.estacionamiento.julian.henao.testUnitarioSalidaVehiculo.TestCalcularHorasParqueadero" tests="2" skipped="0" failures="0" errors="0" timestamp="2018-08-22T19:53:00" hostname="JULIAN-HENAO" time="0.008">
  <properties/>
  <testcase name="HorasCalculadasV1" classname="co.com.ceiba.estacionamiento.julian.henao.testUnitarioSalidaVehiculo.TestCalcularHorasParqueadero" time="0.004"/>
  <testcase name="HorasCalculadasV2" classname="co.com.ceiba.estacionamiento.julian.henao.testUnitarioSalidaVehiculo.TestCalcularHorasParqueadero" time="0.004"/>
  <system-out><![CDATA[2018-08-22 14:53:00.743  INFO 7648 --- [    Test worker] .b.t.c.SpringBootTestContextBootstrapper : Neither @ContextConfiguration nor @ContextHierarchy found for test class [co.com.ceiba.estacionamiento.julian.henao.testUnitarioSalidaVehiculo.TestCalcularHorasParqueadero], using SpringBootContextLoader
2018-08-22 14:53:00.744  INFO 7648 --- [    Test worker] o.s.t.c.support.AbstractContextLoader    : Could not detect default resource locations for test class [co.com.ceiba.estacionamiento.julian.henao.testUnitarioSalidaVehiculo.TestCalcularHorasParqueadero]: no resource found for suffixes {-context.xml, Context.groovy}.
2018-08-22 14:53:00.745  INFO 7648 --- [    Test worker] t.c.s.AnnotationConfigContextLoaderUtils : Could not detect default configuration classes for test class [co.com.ceiba.estacionamiento.julian.henao.testUnitarioSalidaVehiculo.TestCalcularHorasParqueadero]: TestCalcularHorasParqueadero does not declare any static, non-private, non-final, nested classes annotated with @Configuration.
2018-08-22 14:53:00.754  INFO 7648 --- [    Test worker] .b.t.c.SpringBootTestContextBootstrapper : Found @SpringBootConfiguration co.com.ceiba.estacionamiento.julian.henao.AdnJulianHenaoApplication for test class co.com.ceiba.estacionamiento.julian.henao.testUnitarioSalidaVehiculo.TestCalcularHorasParqueadero
2018-08-22 14:53:00.756  INFO 7648 --- [    Test worker] .b.t.c.SpringBootTestContextBootstrapper : Loaded default TestExecutionListener class names from location [META-INF/spring.factories]: [org.springframework.boot.test.autoconfigure.restdocs.RestDocsTestExecutionListener, org.springframework.boot.test.autoconfigure.web.client.MockRestServiceServerResetTestExecutionListener, org.springframework.boot.test.autoconfigure.web.servlet.MockMvcPrintOnlyOnFailureTestExecutionListener, org.springframework.boot.test.autoconfigure.web.servlet.WebDriverTestExecutionListener, org.springframework.boot.test.mock.mockito.MockitoTestExecutionListener, org.springframework.boot.test.mock.mockito.ResetMocksTestExecutionListener, org.springframework.test.context.web.ServletTestExecutionListener, org.springframework.test.context.support.DirtiesContextBeforeModesTestExecutionListener, org.springframework.test.context.support.DependencyInjectionTestExecutionListener, org.springframework.test.context.support.DirtiesContextTestExecutionListener, org.springframework.test.context.transaction.TransactionalTestExecutionListener, org.springframework.test.context.jdbc.SqlScriptsTestExecutionListener]
2018-08-22 14:53:00.757  INFO 7648 --- [    Test worker] .b.t.c.SpringBootTestContextBootstrapper : Using TestExecutionListeners: [org.springframework.test.context.web.ServletTestExecutionListener@4c7b2bb0, org.springframework.test.context.support.DirtiesContextBeforeModesTestExecutionListener@74bbfc85, org.springframework.boot.test.mock.mockito.MockitoTestExecutionListener@2fc188df, org.springframework.boot.test.autoconfigure.SpringBootDependencyInjectionTestExecutionListener@17e54439, org.springframework.test.context.support.DirtiesContextTestExecutionListener@2d6dbde, org.springframework.test.context.transaction.TransactionalTestExecutionListener@292240d5, org.springframework.test.context.jdbc.SqlScriptsTestExecutionListener@a86b25e, org.springframework.boot.test.autoconfigure.restdocs.RestDocsTestExecutionListener@37fffbbb, org.springframework.boot.test.autoconfigure.web.client.MockRestServiceServerResetTestExecutionListener@3c3ceb1, org.springframework.boot.test.autoconfigure.web.servlet.MockMvcPrintOnlyOnFailureTestExecutionListener@38dc12f4, org.springframework.boot.test.autoconfigure.web.servlet.WebDriverTestExecutionListener@7f753f3, org.springframework.boot.test.mock.mockito.ResetMocksTestExecutionListener@4f9d4295]
]]></system-out>
  <system-err><![CDATA[]]></system-err>
</testsuite>
