<?xml version="1.0" encoding="UTF-8"?>
<testsuite name="co.com.ceiba.estacionamiento.julian.henao.testUnit.SalidaVehiculo.TestReglaPlacaExiste" tests="2" skipped="0" failures="0" errors="0" timestamp="2018-10-04T21:40:15" hostname="JULIAN-HENAO" time="0.012">
  <properties/>
  <testcase name="ReglaPlacaIngresadaNOExiste" classname="co.com.ceiba.estacionamiento.julian.henao.testUnit.SalidaVehiculo.TestReglaPlacaExiste" time="0.005"/>
  <testcase name="ReglaConCilindrajeMENOR500Moto" classname="co.com.ceiba.estacionamiento.julian.henao.testUnit.SalidaVehiculo.TestReglaPlacaExiste" time="0.006"/>
  <system-out><![CDATA[2018-10-04 16:40:13.770  INFO 11544 --- [    Test worker] .b.t.c.SpringBootTestContextBootstrapper : Neither @ContextConfiguration nor @ContextHierarchy found for test class [co.com.ceiba.estacionamiento.julian.henao.testUnit.SalidaVehiculo.TestReglaPlacaExiste], using SpringBootContextLoader
2018-10-04 16:40:13.772  INFO 11544 --- [    Test worker] o.s.t.c.support.AbstractContextLoader    : Could not detect default resource locations for test class [co.com.ceiba.estacionamiento.julian.henao.testUnit.SalidaVehiculo.TestReglaPlacaExiste]: no resource found for suffixes {-context.xml, Context.groovy}.
2018-10-04 16:40:13.773  INFO 11544 --- [    Test worker] t.c.s.AnnotationConfigContextLoaderUtils : Could not detect default configuration classes for test class [co.com.ceiba.estacionamiento.julian.henao.testUnit.SalidaVehiculo.TestReglaPlacaExiste]: TestReglaPlacaExiste does not declare any static, non-private, non-final, nested classes annotated with @Configuration.
2018-10-04 16:40:13.776  INFO 11544 --- [    Test worker] .b.t.c.SpringBootTestContextBootstrapper : Found @SpringBootConfiguration co.com.ceiba.estacionamiento.julian.henao.AdnJulianHenaoApplication for test class co.com.ceiba.estacionamiento.julian.henao.testUnit.SalidaVehiculo.TestReglaPlacaExiste
2018-10-04 16:40:13.779  INFO 11544 --- [    Test worker] .b.t.c.SpringBootTestContextBootstrapper : Loaded default TestExecutionListener class names from location [META-INF/spring.factories]: [org.springframework.boot.test.autoconfigure.restdocs.RestDocsTestExecutionListener, org.springframework.boot.test.autoconfigure.web.client.MockRestServiceServerResetTestExecutionListener, org.springframework.boot.test.autoconfigure.web.servlet.MockMvcPrintOnlyOnFailureTestExecutionListener, org.springframework.boot.test.autoconfigure.web.servlet.WebDriverTestExecutionListener, org.springframework.boot.test.mock.mockito.MockitoTestExecutionListener, org.springframework.boot.test.mock.mockito.ResetMocksTestExecutionListener, org.springframework.test.context.web.ServletTestExecutionListener, org.springframework.test.context.support.DirtiesContextBeforeModesTestExecutionListener, org.springframework.test.context.support.DependencyInjectionTestExecutionListener, org.springframework.test.context.support.DirtiesContextTestExecutionListener, org.springframework.test.context.transaction.TransactionalTestExecutionListener, org.springframework.test.context.jdbc.SqlScriptsTestExecutionListener]
2018-10-04 16:40:13.780  INFO 11544 --- [    Test worker] .b.t.c.SpringBootTestContextBootstrapper : Using TestExecutionListeners: [org.springframework.test.context.web.ServletTestExecutionListener@288cbf84, org.springframework.test.context.support.DirtiesContextBeforeModesTestExecutionListener@59e189a1, org.springframework.boot.test.mock.mockito.MockitoTestExecutionListener@6e6e9af3, org.springframework.boot.test.autoconfigure.SpringBootDependencyInjectionTestExecutionListener@6e0f9744, org.springframework.test.context.support.DirtiesContextTestExecutionListener@2332759e, org.springframework.test.context.transaction.TransactionalTestExecutionListener@76cb5cd8, org.springframework.test.context.jdbc.SqlScriptsTestExecutionListener@6ce8e9f0, org.springframework.boot.test.autoconfigure.restdocs.RestDocsTestExecutionListener@7e4ff69e, org.springframework.boot.test.autoconfigure.web.client.MockRestServiceServerResetTestExecutionListener@4e61f24c, org.springframework.boot.test.autoconfigure.web.servlet.MockMvcPrintOnlyOnFailureTestExecutionListener@62604ac4, org.springframework.boot.test.autoconfigure.web.servlet.WebDriverTestExecutionListener@496c8811, org.springframework.boot.test.mock.mockito.ResetMocksTestExecutionListener@48166ca4]

  .   ____          _            __ _ _
 /\\ / ___'_ __ _ _(_)_ __  __ _ \ \ \ \
( ( )\___ | '_ | '_| | '_ \/ _` | \ \ \ \
 \\/  ___)| |_)| | | | | || (_| |  ) ) ) )
  '  |____| .__|_| |_|_| |_\__, | / / / /
 =========|_|==============|___/=/_/_/_/
 :: Spring Boot ::             (v2.1.0.M1)

2018-10-04 16:40:13.824  INFO 11544 --- [    Test worker] c.c.c.e.j.h.t.S.TestReglaPlacaExiste     : Starting TestReglaPlacaExiste on JULIAN-HENAO with PID 11544 (started by julian.henao in C:\Users\julian.henao\workspace\adnjulianhenao)
2018-10-04 16:40:13.826  INFO 11544 --- [    Test worker] c.c.c.e.j.h.t.S.TestReglaPlacaExiste     : No active profile set, falling back to default profiles: default
2018-10-04 16:40:14.375  INFO 11544 --- [    Test worker] trationDelegate$BeanPostProcessorChecker : Bean 'org.springframework.transaction.annotation.ProxyTransactionManagementConfiguration' of type [org.springframework.transaction.annotation.ProxyTransactionManagementConfiguration$$EnhancerBySpringCGLIB$$14bd8ea0] is not eligible for getting processed by all BeanPostProcessors (for example: not eligible for auto-proxying)
2018-10-04 16:40:14.400  INFO 11544 --- [    Test worker] trationDelegate$BeanPostProcessorChecker : Bean 'org.springframework.hateoas.config.HateoasConfiguration' of type [org.springframework.hateoas.config.HateoasConfiguration$$EnhancerBySpringCGLIB$$943ddbd2] is not eligible for getting processed by all BeanPostProcessors (for example: not eligible for auto-proxying)
2018-10-04 16:40:14.525  INFO 11544 --- [    Test worker] com.zaxxer.hikari.HikariDataSource       : HikariPool-6 - Starting...
2018-10-04 16:40:14.527  INFO 11544 --- [    Test worker] com.zaxxer.hikari.HikariDataSource       : HikariPool-6 - Start completed.
2018-10-04 16:40:14.584  INFO 11544 --- [    Test worker] o.hibernate.jpa.internal.util.LogHelper  : HHH000204: Processing PersistenceUnitInfo [
	name: default
	...]
2018-10-04 16:40:14.613  INFO 11544 --- [    Test worker] org.hibernate.dialect.Dialect            : HHH000400: Using dialect: org.hibernate.dialect.H2Dialect
2018-10-04 16:40:14.703  INFO 11544 --- [    Test worker] o.h.t.schema.internal.SchemaCreatorImpl  : HHH000476: Executing import script 'ScriptSourceInputFromUrl(file:/C:/Users/julian.henao/workspace/adnjulianhenao/build/resources/main/import.sql)'
2018-10-04 16:40:14.709  INFO 11544 --- [    Test worker] j.LocalContainerEntityManagerFactoryBean : Initialized JPA EntityManagerFactory for persistence unit 'default'
2018-10-04 16:40:15.509  WARN 11544 --- [    Test worker] aWebConfiguration$JpaWebMvcConfiguration : spring.jpa.open-in-view is enabled by default. Therefore, database queries may be performed during view rendering. Explicitly configure spring.jpa.open-in-view to disable this warning
2018-10-04 16:40:15.642  INFO 11544 --- [    Test worker] o.s.b.a.w.s.WelcomePageHandlerMapping    : Adding welcome page: class path resource [static/index.html]
2018-10-04 16:40:15.976  INFO 11544 --- [    Test worker] c.c.c.e.j.h.t.S.TestReglaPlacaExiste     : Started TestReglaPlacaExiste in 2.194 seconds (JVM running for 28.832)
]]></system-out>
  <system-err><![CDATA[]]></system-err>
</testsuite>
