<?xml version="1.0" encoding="UTF-8"?>
<testsuite name="co.com.ceiba.estacionamiento.julian.henao.testIntegracionSalidaVehiculo.TestReglaPlacayRegistroCoinciden" tests="2" skipped="0" failures="0" errors="0" timestamp="2018-08-24T16:04:36" hostname="JULIAN-HENAO" time="0.036">
  <properties/>
  <testcase name="ReglaRegistroNOExiste" classname="co.com.ceiba.estacionamiento.julian.henao.testIntegracionSalidaVehiculo.TestReglaPlacayRegistroCoinciden" time="0.02"/>
  <testcase name="ReglaRegistroExiste" classname="co.com.ceiba.estacionamiento.julian.henao.testIntegracionSalidaVehiculo.TestReglaPlacayRegistroCoinciden" time="0.015"/>
  <system-out><![CDATA[2018-08-24 11:04:36.426  INFO 12712 --- [    Test worker] .b.t.c.SpringBootTestContextBootstrapper : Neither @ContextConfiguration nor @ContextHierarchy found for test class [co.com.ceiba.estacionamiento.julian.henao.testIntegracionSalidaVehiculo.TestReglaPlacayRegistroCoinciden], using SpringBootContextLoader
2018-08-24 11:04:36.428  INFO 12712 --- [    Test worker] o.s.t.c.support.AbstractContextLoader    : Could not detect default resource locations for test class [co.com.ceiba.estacionamiento.julian.henao.testIntegracionSalidaVehiculo.TestReglaPlacayRegistroCoinciden]: no resource found for suffixes {-context.xml, Context.groovy}.
2018-08-24 11:04:36.429  INFO 12712 --- [    Test worker] t.c.s.AnnotationConfigContextLoaderUtils : Could not detect default configuration classes for test class [co.com.ceiba.estacionamiento.julian.henao.testIntegracionSalidaVehiculo.TestReglaPlacayRegistroCoinciden]: TestReglaPlacayRegistroCoinciden does not declare any static, non-private, non-final, nested classes annotated with @Configuration.
2018-08-24 11:04:36.444  INFO 12712 --- [    Test worker] .b.t.c.SpringBootTestContextBootstrapper : Found @SpringBootConfiguration co.com.ceiba.estacionamiento.julian.henao.AdnJulianHenaoApplication for test class co.com.ceiba.estacionamiento.julian.henao.testIntegracionSalidaVehiculo.TestReglaPlacayRegistroCoinciden
2018-08-24 11:04:36.446  INFO 12712 --- [    Test worker] .b.t.c.SpringBootTestContextBootstrapper : Loaded default TestExecutionListener class names from location [META-INF/spring.factories]: [org.springframework.boot.test.autoconfigure.restdocs.RestDocsTestExecutionListener, org.springframework.boot.test.autoconfigure.web.client.MockRestServiceServerResetTestExecutionListener, org.springframework.boot.test.autoconfigure.web.servlet.MockMvcPrintOnlyOnFailureTestExecutionListener, org.springframework.boot.test.autoconfigure.web.servlet.WebDriverTestExecutionListener, org.springframework.boot.test.mock.mockito.MockitoTestExecutionListener, org.springframework.boot.test.mock.mockito.ResetMocksTestExecutionListener, org.springframework.test.context.web.ServletTestExecutionListener, org.springframework.test.context.support.DirtiesContextBeforeModesTestExecutionListener, org.springframework.test.context.support.DependencyInjectionTestExecutionListener, org.springframework.test.context.support.DirtiesContextTestExecutionListener, org.springframework.test.context.transaction.TransactionalTestExecutionListener, org.springframework.test.context.jdbc.SqlScriptsTestExecutionListener]
2018-08-24 11:04:36.446  INFO 12712 --- [    Test worker] .b.t.c.SpringBootTestContextBootstrapper : Using TestExecutionListeners: [org.springframework.test.context.web.ServletTestExecutionListener@6120cfc3, org.springframework.test.context.support.DirtiesContextBeforeModesTestExecutionListener@7f9042ec, org.springframework.boot.test.mock.mockito.MockitoTestExecutionListener@2c6a7e05, org.springframework.boot.test.autoconfigure.SpringBootDependencyInjectionTestExecutionListener@d871f9f, org.springframework.test.context.support.DirtiesContextTestExecutionListener@6abe873b, org.springframework.test.context.transaction.TransactionalTestExecutionListener@17c43fa2, org.springframework.test.context.jdbc.SqlScriptsTestExecutionListener@68a1f109, org.springframework.boot.test.autoconfigure.restdocs.RestDocsTestExecutionListener@5d6f7065, org.springframework.boot.test.autoconfigure.web.client.MockRestServiceServerResetTestExecutionListener@43f6a3ac, org.springframework.boot.test.autoconfigure.web.servlet.MockMvcPrintOnlyOnFailureTestExecutionListener@75f9bd5f, org.springframework.boot.test.autoconfigure.web.servlet.WebDriverTestExecutionListener@12372350, org.springframework.boot.test.mock.mockito.ResetMocksTestExecutionListener@34fd852b]
]]></system-out>
  <system-err><![CDATA[]]></system-err>
</testsuite>
