<?xml version="1.0" encoding="UTF-8"?>
<testsuite name="co.com.ceiba.estacionamiento.julian.henao.testIntegration.SalidaVehiculo.TestReglaPlacayRegistroCoinciden" tests="2" skipped="0" failures="0" errors="0" timestamp="2018-09-20T13:53:26" hostname="JULIAN-HENAO" time="0.043">
  <properties/>
  <testcase name="ReglaRegistroNOExiste" classname="co.com.ceiba.estacionamiento.julian.henao.testIntegration.SalidaVehiculo.TestReglaPlacayRegistroCoinciden" time="0.023"/>
  <testcase name="ReglaRegistroExiste" classname="co.com.ceiba.estacionamiento.julian.henao.testIntegration.SalidaVehiculo.TestReglaPlacayRegistroCoinciden" time="0.019"/>
  <system-out><![CDATA[2018-09-20 08:53:26.785  INFO 9116 --- [    Test worker] .b.t.c.SpringBootTestContextBootstrapper : Neither @ContextConfiguration nor @ContextHierarchy found for test class [co.com.ceiba.estacionamiento.julian.henao.testIntegration.SalidaVehiculo.TestReglaPlacayRegistroCoinciden], using SpringBootContextLoader
2018-09-20 08:53:26.786  INFO 9116 --- [    Test worker] o.s.t.c.support.AbstractContextLoader    : Could not detect default resource locations for test class [co.com.ceiba.estacionamiento.julian.henao.testIntegration.SalidaVehiculo.TestReglaPlacayRegistroCoinciden]: no resource found for suffixes {-context.xml, Context.groovy}.
2018-09-20 08:53:26.788  INFO 9116 --- [    Test worker] t.c.s.AnnotationConfigContextLoaderUtils : Could not detect default configuration classes for test class [co.com.ceiba.estacionamiento.julian.henao.testIntegration.SalidaVehiculo.TestReglaPlacayRegistroCoinciden]: TestReglaPlacayRegistroCoinciden does not declare any static, non-private, non-final, nested classes annotated with @Configuration.
2018-09-20 08:53:26.807  INFO 9116 --- [    Test worker] .b.t.c.SpringBootTestContextBootstrapper : Found @SpringBootConfiguration co.com.ceiba.estacionamiento.julian.henao.AdnJulianHenaoApplication for test class co.com.ceiba.estacionamiento.julian.henao.testIntegration.SalidaVehiculo.TestReglaPlacayRegistroCoinciden
2018-09-20 08:53:26.811  INFO 9116 --- [    Test worker] .b.t.c.SpringBootTestContextBootstrapper : Loaded default TestExecutionListener class names from location [META-INF/spring.factories]: [org.springframework.boot.test.autoconfigure.restdocs.RestDocsTestExecutionListener, org.springframework.boot.test.autoconfigure.web.client.MockRestServiceServerResetTestExecutionListener, org.springframework.boot.test.autoconfigure.web.servlet.MockMvcPrintOnlyOnFailureTestExecutionListener, org.springframework.boot.test.autoconfigure.web.servlet.WebDriverTestExecutionListener, org.springframework.boot.test.mock.mockito.MockitoTestExecutionListener, org.springframework.boot.test.mock.mockito.ResetMocksTestExecutionListener, org.springframework.test.context.web.ServletTestExecutionListener, org.springframework.test.context.support.DirtiesContextBeforeModesTestExecutionListener, org.springframework.test.context.support.DependencyInjectionTestExecutionListener, org.springframework.test.context.support.DirtiesContextTestExecutionListener, org.springframework.test.context.transaction.TransactionalTestExecutionListener, org.springframework.test.context.jdbc.SqlScriptsTestExecutionListener]
2018-09-20 08:53:26.812  INFO 9116 --- [    Test worker] .b.t.c.SpringBootTestContextBootstrapper : Using TestExecutionListeners: [org.springframework.test.context.web.ServletTestExecutionListener@58b0e60b, org.springframework.test.context.support.DirtiesContextBeforeModesTestExecutionListener@5460d958, org.springframework.boot.test.mock.mockito.MockitoTestExecutionListener@15b4e69f, org.springframework.boot.test.autoconfigure.SpringBootDependencyInjectionTestExecutionListener@78511211, org.springframework.test.context.support.DirtiesContextTestExecutionListener@270e23ae, org.springframework.test.context.transaction.TransactionalTestExecutionListener@7576840e, org.springframework.test.context.jdbc.SqlScriptsTestExecutionListener@47441421, org.springframework.boot.test.autoconfigure.restdocs.RestDocsTestExecutionListener@37755742, org.springframework.boot.test.autoconfigure.web.client.MockRestServiceServerResetTestExecutionListener@61b01151, org.springframework.boot.test.autoconfigure.web.servlet.MockMvcPrintOnlyOnFailureTestExecutionListener@2027af9d, org.springframework.boot.test.autoconfigure.web.servlet.WebDriverTestExecutionListener@472552a4, org.springframework.boot.test.mock.mockito.ResetMocksTestExecutionListener@5a77c245]
]]></system-out>
  <system-err><![CDATA[]]></system-err>
</testsuite>
