<?xml version="1.0" encoding="UTF-8"?>
<testsuite name="co.com.ceiba.estacionamiento.julian.henao.testIntegracionEntradaVehiculo.TestRegistrarVehiculo" tests="3" skipped="0" failures="0" errors="0" timestamp="2018-08-23T22:58:15" hostname="JULIAN-HENAO" time="1.098">
  <properties/>
  <testcase name="InsertarPlacaExistenteYaSalio" classname="co.com.ceiba.estacionamiento.julian.henao.testIntegracionEntradaVehiculo.TestRegistrarVehiculo" time="0.984"/>
  <testcase name="InsertarPlacaInexistente" classname="co.com.ceiba.estacionamiento.julian.henao.testIntegracionEntradaVehiculo.TestRegistrarVehiculo" time="0.082"/>
  <testcase name="InsertarPlacaExistenteSinSalir" classname="co.com.ceiba.estacionamiento.julian.henao.testIntegracionEntradaVehiculo.TestRegistrarVehiculo" time="0.028"/>
  <system-out><![CDATA[17:58:01.079 [Test worker] DEBUG org.springframework.test.context.junit4.SpringJUnit4ClassRunner - SpringJUnit4ClassRunner constructor called with [class co.com.ceiba.estacionamiento.julian.henao.testIntegracionEntradaVehiculo.TestRegistrarVehiculo]
17:58:01.107 [Test worker] DEBUG org.springframework.test.context.BootstrapUtils - Instantiating CacheAwareContextLoaderDelegate from class [org.springframework.test.context.cache.DefaultCacheAwareContextLoaderDelegate]
17:58:01.172 [Test worker] DEBUG org.springframework.test.context.BootstrapUtils - Instantiating BootstrapContext using constructor [public org.springframework.test.context.support.DefaultBootstrapContext(java.lang.Class,org.springframework.test.context.CacheAwareContextLoaderDelegate)]
17:58:01.267 [Test worker] DEBUG org.springframework.test.context.BootstrapUtils - Instantiating TestContextBootstrapper for test class [co.com.ceiba.estacionamiento.julian.henao.testIntegracionEntradaVehiculo.TestRegistrarVehiculo] from class [org.springframework.boot.test.context.SpringBootTestContextBootstrapper]
17:58:01.300 [Test worker] INFO org.springframework.boot.test.context.SpringBootTestContextBootstrapper - Neither @ContextConfiguration nor @ContextHierarchy found for test class [co.com.ceiba.estacionamiento.julian.henao.testIntegracionEntradaVehiculo.TestRegistrarVehiculo], using SpringBootContextLoader
17:58:01.308 [Test worker] DEBUG org.springframework.test.context.support.AbstractContextLoader - Did not detect default resource location for test class [co.com.ceiba.estacionamiento.julian.henao.testIntegracionEntradaVehiculo.TestRegistrarVehiculo]: class path resource [co/com/ceiba/estacionamiento/julian/henao/testIntegracionEntradaVehiculo/TestRegistrarVehiculo-context.xml] does not exist
17:58:01.309 [Test worker] DEBUG org.springframework.test.context.support.AbstractContextLoader - Did not detect default resource location for test class [co.com.ceiba.estacionamiento.julian.henao.testIntegracionEntradaVehiculo.TestRegistrarVehiculo]: class path resource [co/com/ceiba/estacionamiento/julian/henao/testIntegracionEntradaVehiculo/TestRegistrarVehiculoContext.groovy] does not exist
17:58:01.310 [Test worker] INFO org.springframework.test.context.support.AbstractContextLoader - Could not detect default resource locations for test class [co.com.ceiba.estacionamiento.julian.henao.testIntegracionEntradaVehiculo.TestRegistrarVehiculo]: no resource found for suffixes {-context.xml, Context.groovy}.
17:58:01.312 [Test worker] INFO org.springframework.test.context.support.AnnotationConfigContextLoaderUtils - Could not detect default configuration classes for test class [co.com.ceiba.estacionamiento.julian.henao.testIntegracionEntradaVehiculo.TestRegistrarVehiculo]: TestRegistrarVehiculo does not declare any static, non-private, non-final, nested classes annotated with @Configuration.
17:58:01.448 [Test worker] DEBUG org.springframework.test.context.support.ActiveProfilesUtils - Could not find an 'annotation declaring class' for annotation type [org.springframework.test.context.ActiveProfiles] and class [co.com.ceiba.estacionamiento.julian.henao.testIntegracionEntradaVehiculo.TestRegistrarVehiculo]
17:58:01.621 [Test worker] DEBUG org.springframework.context.annotation.ClassPathScanningCandidateComponentProvider - Identified candidate component class: file [C:\Users\julian.henao\workspace\adnjulianhenao\build\classes\java\main\co\com\ceiba\estacionamiento\julian\henao\AdnJulianHenaoApplication.class]
17:58:01.625 [Test worker] INFO org.springframework.boot.test.context.SpringBootTestContextBootstrapper - Found @SpringBootConfiguration co.com.ceiba.estacionamiento.julian.henao.AdnJulianHenaoApplication for test class co.com.ceiba.estacionamiento.julian.henao.testIntegracionEntradaVehiculo.TestRegistrarVehiculo
17:58:01.917 [Test worker] DEBUG org.springframework.boot.test.context.SpringBootTestContextBootstrapper - @TestExecutionListeners is not present for class [co.com.ceiba.estacionamiento.julian.henao.testIntegracionEntradaVehiculo.TestRegistrarVehiculo]: using defaults.
17:58:01.919 [Test worker] INFO org.springframework.boot.test.context.SpringBootTestContextBootstrapper - Loaded default TestExecutionListener class names from location [META-INF/spring.factories]: [org.springframework.boot.test.autoconfigure.restdocs.RestDocsTestExecutionListener, org.springframework.boot.test.autoconfigure.web.client.MockRestServiceServerResetTestExecutionListener, org.springframework.boot.test.autoconfigure.web.servlet.MockMvcPrintOnlyOnFailureTestExecutionListener, org.springframework.boot.test.autoconfigure.web.servlet.WebDriverTestExecutionListener, org.springframework.boot.test.mock.mockito.MockitoTestExecutionListener, org.springframework.boot.test.mock.mockito.ResetMocksTestExecutionListener, org.springframework.test.context.web.ServletTestExecutionListener, org.springframework.test.context.support.DirtiesContextBeforeModesTestExecutionListener, org.springframework.test.context.support.DependencyInjectionTestExecutionListener, org.springframework.test.context.support.DirtiesContextTestExecutionListener, org.springframework.test.context.transaction.TransactionalTestExecutionListener, org.springframework.test.context.jdbc.SqlScriptsTestExecutionListener]
17:58:01.972 [Test worker] INFO org.springframework.boot.test.context.SpringBootTestContextBootstrapper - Using TestExecutionListeners: [org.springframework.test.context.web.ServletTestExecutionListener@2bfd0c40, org.springframework.test.context.support.DirtiesContextBeforeModesTestExecutionListener@80747f5, org.springframework.boot.test.mock.mockito.MockitoTestExecutionListener@2a5a0a2c, org.springframework.boot.test.autoconfigure.SpringBootDependencyInjectionTestExecutionListener@68156182, org.springframework.test.context.support.DirtiesContextTestExecutionListener@2bc9ffcc, org.springframework.test.context.transaction.TransactionalTestExecutionListener@19432daf, org.springframework.test.context.jdbc.SqlScriptsTestExecutionListener@63325fc1, org.springframework.boot.test.autoconfigure.restdocs.RestDocsTestExecutionListener@20e82b54, org.springframework.boot.test.autoconfigure.web.client.MockRestServiceServerResetTestExecutionListener@44bb871a, org.springframework.boot.test.autoconfigure.web.servlet.MockMvcPrintOnlyOnFailureTestExecutionListener@4415f477, org.springframework.boot.test.autoconfigure.web.servlet.WebDriverTestExecutionListener@35a87763, org.springframework.boot.test.mock.mockito.ResetMocksTestExecutionListener@547b5809]
17:58:01.978 [Test worker] DEBUG org.springframework.test.annotation.ProfileValueUtils - Retrieved @ProfileValueSourceConfiguration [null] for test class [co.com.ceiba.estacionamiento.julian.henao.testIntegracionEntradaVehiculo.TestRegistrarVehiculo]
17:58:01.979 [Test worker] DEBUG org.springframework.test.annotation.ProfileValueUtils - Retrieved ProfileValueSource type [class org.springframework.test.annotation.SystemProfileValueSource] for class [co.com.ceiba.estacionamiento.julian.henao.testIntegracionEntradaVehiculo.TestRegistrarVehiculo]
17:58:01.981 [Test worker] DEBUG org.springframework.test.annotation.ProfileValueUtils - Retrieved @ProfileValueSourceConfiguration [null] for test class [co.com.ceiba.estacionamiento.julian.henao.testIntegracionEntradaVehiculo.TestRegistrarVehiculo]
17:58:01.981 [Test worker] DEBUG org.springframework.test.annotation.ProfileValueUtils - Retrieved ProfileValueSource type [class org.springframework.test.annotation.SystemProfileValueSource] for class [co.com.ceiba.estacionamiento.julian.henao.testIntegracionEntradaVehiculo.TestRegistrarVehiculo]
17:58:01.993 [Test worker] DEBUG org.springframework.test.context.support.AbstractDirtiesContextTestExecutionListener - Before test class: context [DefaultTestContext@56b3f258 testClass = TestRegistrarVehiculo, testInstance = [null], testMethod = [null], testException = [null], mergedContextConfiguration = [WebMergedContextConfiguration@7de51f48 testClass = TestRegistrarVehiculo, locations = '{}', classes = '{class co.com.ceiba.estacionamiento.julian.henao.AdnJulianHenaoApplication}', contextInitializerClasses = '[]', activeProfiles = '{}', propertySourceLocations = '{}', propertySourceProperties = '{org.springframework.boot.test.context.SpringBootTestContextBootstrapper=true, server.port=0}', contextCustomizers = set[org.springframework.boot.test.autoconfigure.properties.PropertyMappingContextCustomizer@decd4222, org.springframework.boot.test.autoconfigure.web.servlet.WebDriverContextCustomizerFactory$Customizer@43b0f554, [ImportsContextCustomizer@4e6cc5ef key = [org.springframework.boot.test.autoconfigure.jdbc.TestDatabaseAutoConfiguration, org.springframework.boot.autoconfigure.jdbc.DataSourceAutoConfiguration]], org.springframework.boot.test.context.filter.ExcludeFilterContextCustomizer@35c3e3ae, org.springframework.boot.test.json.DuplicateJsonObjectContextCustomizerFactory$DuplicateJsonObjectContextCustomizer@11e332b8, org.springframework.boot.test.mock.mockito.MockitoContextCustomizer@0, org.springframework.boot.test.web.client.TestRestTemplateContextCustomizer@23f5ba48], resourceBasePath = 'src/main/webapp', contextLoader = 'org.springframework.boot.test.context.SpringBootContextLoader', parent = [null]], attributes = map['org.springframework.test.context.web.ServletTestExecutionListener.activateListener' -> false]], class annotated with @DirtiesContext [false] with mode [null].
17:58:01.997 [Test worker] DEBUG org.springframework.test.annotation.ProfileValueUtils - Retrieved @ProfileValueSourceConfiguration [null] for test class [co.com.ceiba.estacionamiento.julian.henao.testIntegracionEntradaVehiculo.TestRegistrarVehiculo]
17:58:01.998 [Test worker] DEBUG org.springframework.test.annotation.ProfileValueUtils - Retrieved ProfileValueSource type [class org.springframework.test.annotation.SystemProfileValueSource] for class [co.com.ceiba.estacionamiento.julian.henao.testIntegracionEntradaVehiculo.TestRegistrarVehiculo]
17:58:02.008 [Test worker] DEBUG org.springframework.test.context.support.DependencyInjectionTestExecutionListener - Performing dependency injection for test context [[DefaultTestContext@56b3f258 testClass = TestRegistrarVehiculo, testInstance = co.com.ceiba.estacionamiento.julian.henao.testIntegracionEntradaVehiculo.TestRegistrarVehiculo@5924112a, testMethod = [null], testException = [null], mergedContextConfiguration = [WebMergedContextConfiguration@7de51f48 testClass = TestRegistrarVehiculo, locations = '{}', classes = '{class co.com.ceiba.estacionamiento.julian.henao.AdnJulianHenaoApplication}', contextInitializerClasses = '[]', activeProfiles = '{}', propertySourceLocations = '{}', propertySourceProperties = '{org.springframework.boot.test.context.SpringBootTestContextBootstrapper=true, server.port=0}', contextCustomizers = set[org.springframework.boot.test.autoconfigure.properties.PropertyMappingContextCustomizer@decd4222, org.springframework.boot.test.autoconfigure.web.servlet.WebDriverContextCustomizerFactory$Customizer@43b0f554, [ImportsContextCustomizer@4e6cc5ef key = [org.springframework.boot.test.autoconfigure.jdbc.TestDatabaseAutoConfiguration, org.springframework.boot.autoconfigure.jdbc.DataSourceAutoConfiguration]], org.springframework.boot.test.context.filter.ExcludeFilterContextCustomizer@35c3e3ae, org.springframework.boot.test.json.DuplicateJsonObjectContextCustomizerFactory$DuplicateJsonObjectContextCustomizer@11e332b8, org.springframework.boot.test.mock.mockito.MockitoContextCustomizer@0, org.springframework.boot.test.web.client.TestRestTemplateContextCustomizer@23f5ba48], resourceBasePath = 'src/main/webapp', contextLoader = 'org.springframework.boot.test.context.SpringBootContextLoader', parent = [null]], attributes = map['org.springframework.test.context.web.ServletTestExecutionListener.activateListener' -> false]]].
17:58:02.062 [Test worker] DEBUG org.springframework.test.context.support.TestPropertySourceUtils - Adding inlined properties to environment: {spring.jmx.enabled=false, org.springframework.boot.test.context.SpringBootTestContextBootstrapper=true, server.port=0}

  .   ____          _            __ _ _
 /\\ / ___'_ __ _ _(_)_ __  __ _ \ \ \ \
( ( )\___ | '_ | '_| | '_ \/ _` | \ \ \ \
 \\/  ___)| |_)| | | | | || (_| |  ) ) ) )
  '  |____| .__|_| |_|_| |_\__, | / / / /
 =========|_|==============|___/=/_/_/_/
 :: Spring Boot ::             (v2.1.0.M1)

2018-08-23 17:58:02.911  INFO 14144 --- [    Test worker] c.c.c.e.j.h.t.TestRegistrarVehiculo      : Starting TestRegistrarVehiculo on JULIAN-HENAO with PID 14144 (started by julian.henao in C:\Users\julian.henao\workspace\adnjulianhenao)
2018-08-23 17:58:02.914  INFO 14144 --- [    Test worker] c.c.c.e.j.h.t.TestRegistrarVehiculo      : No active profile set, falling back to default profiles: default
2018-08-23 17:58:06.360  INFO 14144 --- [    Test worker] beddedDataSourceBeanFactoryPostProcessor : Replacing 'dataSource' DataSource bean with embedded version
2018-08-23 17:58:07.121  INFO 14144 --- [    Test worker] trationDelegate$BeanPostProcessorChecker : Bean 'org.springframework.transaction.annotation.ProxyTransactionManagementConfiguration' of type [org.springframework.transaction.annotation.ProxyTransactionManagementConfiguration$$EnhancerBySpringCGLIB$$bc39c7a1] is not eligible for getting processed by all BeanPostProcessors (for example: not eligible for auto-proxying)
2018-08-23 17:58:07.199  INFO 14144 --- [    Test worker] trationDelegate$BeanPostProcessorChecker : Bean 'org.springframework.hateoas.config.HateoasConfiguration' of type [org.springframework.hateoas.config.HateoasConfiguration$$EnhancerBySpringCGLIB$$3bba14d3] is not eligible for getting processed by all BeanPostProcessors (for example: not eligible for auto-proxying)
2018-08-23 17:58:08.086  INFO 14144 --- [    Test worker] o.s.b.w.embedded.tomcat.TomcatWebServer  : Tomcat initialized with port(s): 0 (http)
2018-08-23 17:58:08.141  INFO 14144 --- [    Test worker] o.apache.catalina.core.StandardService   : Starting service [Tomcat]
2018-08-23 17:58:08.142  INFO 14144 --- [    Test worker] org.apache.catalina.core.StandardEngine  : Starting Servlet Engine: Apache Tomcat/9.0.10
2018-08-23 17:58:08.162  INFO 14144 --- [    Test worker] o.a.catalina.core.AprLifecycleListener   : The APR based Apache Tomcat Native library which allows optimal performance in production environments was not found on the java.library.path: [C:\Program Files\Java\jdk1.8.0_181\bin;C:\Windows\Sun\Java\bin;C:\Windows\system32;C:\Windows;C:/Program Files/Java/jre1.8.0_181/bin/server;C:/Program Files/Java/jre1.8.0_181/bin;C:/Program Files/Java/jre1.8.0_181/lib/amd64;C:\Program Files (x86)\Common Files\Oracle\Java\javapath;C:\Oracle\product\11.1.0\client_1\bin;C:\Program Files\CollabNet\Subversion Client;C:\Windows\system32;C:\Windows;C:\Windows\System32\Wbem;C:\Windows\System32\WindowsPowerShell\v1.0\;C:\Windows\System32\OpenSSH\;C:\Program Files\TortoiseSVN\bin;C:\Program Files\Git\cmd;C:\Program Files\PuTTY\;C:\Program Files\nodejs\;C:\Program Files\Microsoft VS Code\bin;C:\Users\julian.henao\AppData\Local\Microsoft\WindowsApps;C:\Users\julian.henao\AppData\Roaming\npm;C:\eclipse-jee-neon-3\eclipse;;.]
2018-08-23 17:58:08.462  INFO 14144 --- [    Test worker] o.a.c.c.C.[Tomcat].[localhost].[/]       : Initializing Spring embedded WebApplicationContext
2018-08-23 17:58:08.462  INFO 14144 --- [    Test worker] o.s.web.context.ContextLoader            : Root WebApplicationContext: initialization completed in 5491 ms
2018-08-23 17:58:08.669  INFO 14144 --- [    Test worker] o.s.b.w.servlet.ServletRegistrationBean  : Servlet dispatcherServlet mapped to [/]
2018-08-23 17:58:08.672  INFO 14144 --- [    Test worker] o.s.b.w.servlet.ServletRegistrationBean  : Servlet webServlet mapped to [/h2/*]
2018-08-23 17:58:08.679  INFO 14144 --- [    Test worker] o.s.b.w.servlet.FilterRegistrationBean   : Mapping filter: 'characterEncodingFilter' to: [/*]
2018-08-23 17:58:08.680  INFO 14144 --- [    Test worker] o.s.b.w.servlet.FilterRegistrationBean   : Mapping filter: 'hiddenHttpMethodFilter' to: [/*]
2018-08-23 17:58:08.680  INFO 14144 --- [    Test worker] o.s.b.w.servlet.FilterRegistrationBean   : Mapping filter: 'httpPutFormContentFilter' to: [/*]
2018-08-23 17:58:08.681  INFO 14144 --- [    Test worker] o.s.b.w.servlet.FilterRegistrationBean   : Mapping filter: 'requestContextFilter' to: [/*]
2018-08-23 17:58:08.804  INFO 14144 --- [    Test worker] o.s.j.d.e.EmbeddedDatabaseFactory        : Starting embedded database: url='jdbc:h2:mem:b9c8cd83-49b2-4536-8f53-6df81bfa186b;DB_CLOSE_DELAY=-1;DB_CLOSE_ON_EXIT=false', username='sa'
2018-08-23 17:58:09.575  INFO 14144 --- [    Test worker] o.hibernate.jpa.internal.util.LogHelper  : HHH000204: Processing PersistenceUnitInfo [
	name: default
	...]
2018-08-23 17:58:09.775  INFO 14144 --- [    Test worker] org.hibernate.Version                    : HHH000412: Hibernate Core {5.3.3.Final}
2018-08-23 17:58:09.781  INFO 14144 --- [    Test worker] org.hibernate.cfg.Environment            : HHH000206: hibernate.properties not found
2018-08-23 17:58:10.035  INFO 14144 --- [    Test worker] o.hibernate.annotations.common.Version   : HCANN000001: Hibernate Commons Annotations {5.0.4.Final}
2018-08-23 17:58:10.406  INFO 14144 --- [    Test worker] org.hibernate.dialect.Dialect            : HHH000400: Using dialect: org.hibernate.dialect.H2Dialect
2018-08-23 17:58:12.013  INFO 14144 --- [    Test worker] o.h.t.schema.internal.SchemaCreatorImpl  : HHH000476: Executing import script 'ScriptSourceInputFromUrl(file:/C:/Users/julian.henao/workspace/adnjulianhenao/build/resources/main/import.sql)'
2018-08-23 17:58:12.036  INFO 14144 --- [    Test worker] j.LocalContainerEntityManagerFactoryBean : Initialized JPA EntityManagerFactory for persistence unit 'default'
2018-08-23 17:58:14.536  WARN 14144 --- [    Test worker] aWebConfiguration$JpaWebMvcConfiguration : spring.jpa.open-in-view is enabled by default. Therefore, database queries may be performed during view rendering. Explicitly configure spring.jpa.open-in-view to disable this warning
2018-08-23 17:58:15.468  INFO 14144 --- [    Test worker] o.s.b.w.embedded.tomcat.TomcatWebServer  : Tomcat started on port(s): 52929 (http) with context path ''
2018-08-23 17:58:15.474  INFO 14144 --- [    Test worker] c.c.c.e.j.h.t.TestRegistrarVehiculo      : Started TestRegistrarVehiculo in 13.406 seconds (JVM running for 16.465)
2018-08-23 17:58:15.828  INFO 14144 --- [    Test worker] o.h.h.i.QueryTranslatorFactoryInitiator  : HHH000397: Using ASTQueryTranslatorFactory
]]></system-out>
  <system-err><![CDATA[]]></system-err>
</testsuite>
