<?xml version="1.0" encoding="UTF-8"?>
<testsuite name="co.com.ceiba.estacionamiento.julian.henao.unitTest.EntradaVehiculo.TestReglaIngresaPlaca" tests="2" skipped="0" failures="0" errors="0" timestamp="2018-10-16T22:57:43" hostname="JULIAN-HENAO" time="0.013">
  <properties/>
  <testcase name="ReglaEntradaPlacaObligatoriaAuto" classname="co.com.ceiba.estacionamiento.julian.henao.unitTest.EntradaVehiculo.TestReglaIngresaPlaca" time="0.006"/>
  <testcase name="ReglaEntradaPlacaObligatoriaMoto" classname="co.com.ceiba.estacionamiento.julian.henao.unitTest.EntradaVehiculo.TestReglaIngresaPlaca" time="0.006"/>
  <system-out><![CDATA[2018-10-16 17:57:43.675  INFO 6468 --- [    Test worker] .b.t.c.SpringBootTestContextBootstrapper : Neither @ContextConfiguration nor @ContextHierarchy found for test class [co.com.ceiba.estacionamiento.julian.henao.unitTest.EntradaVehiculo.TestReglaIngresaPlaca], using SpringBootContextLoader
2018-10-16 17:57:43.678  INFO 6468 --- [    Test worker] o.s.t.c.support.AbstractContextLoader    : Could not detect default resource locations for test class [co.com.ceiba.estacionamiento.julian.henao.unitTest.EntradaVehiculo.TestReglaIngresaPlaca]: no resource found for suffixes {-context.xml, Context.groovy}.
2018-10-16 17:57:43.678  INFO 6468 --- [    Test worker] t.c.s.AnnotationConfigContextLoaderUtils : Could not detect default configuration classes for test class [co.com.ceiba.estacionamiento.julian.henao.unitTest.EntradaVehiculo.TestReglaIngresaPlaca]: TestReglaIngresaPlaca does not declare any static, non-private, non-final, nested classes annotated with @Configuration.
2018-10-16 17:57:43.682  INFO 6468 --- [    Test worker] .b.t.c.SpringBootTestContextBootstrapper : Found @SpringBootConfiguration co.com.ceiba.estacionamiento.julian.henao.AdnJulianHenaoApplication for test class co.com.ceiba.estacionamiento.julian.henao.unitTest.EntradaVehiculo.TestReglaIngresaPlaca
2018-10-16 17:57:43.684  INFO 6468 --- [    Test worker] .b.t.c.SpringBootTestContextBootstrapper : Loaded default TestExecutionListener class names from location [META-INF/spring.factories]: [org.springframework.boot.test.autoconfigure.restdocs.RestDocsTestExecutionListener, org.springframework.boot.test.autoconfigure.web.client.MockRestServiceServerResetTestExecutionListener, org.springframework.boot.test.autoconfigure.web.servlet.MockMvcPrintOnlyOnFailureTestExecutionListener, org.springframework.boot.test.autoconfigure.web.servlet.WebDriverTestExecutionListener, org.springframework.boot.test.mock.mockito.MockitoTestExecutionListener, org.springframework.boot.test.mock.mockito.ResetMocksTestExecutionListener, org.springframework.test.context.web.ServletTestExecutionListener, org.springframework.test.context.support.DirtiesContextBeforeModesTestExecutionListener, org.springframework.test.context.support.DependencyInjectionTestExecutionListener, org.springframework.test.context.support.DirtiesContextTestExecutionListener, org.springframework.test.context.transaction.TransactionalTestExecutionListener, org.springframework.test.context.jdbc.SqlScriptsTestExecutionListener]
2018-10-16 17:57:43.685  INFO 6468 --- [    Test worker] .b.t.c.SpringBootTestContextBootstrapper : Using TestExecutionListeners: [org.springframework.test.context.web.ServletTestExecutionListener@5d2cd07e, org.springframework.test.context.support.DirtiesContextBeforeModesTestExecutionListener@2b0084b3, org.springframework.boot.test.mock.mockito.MockitoTestExecutionListener@4acd781a, org.springframework.boot.test.autoconfigure.SpringBootDependencyInjectionTestExecutionListener@c473095, org.springframework.test.context.support.DirtiesContextTestExecutionListener@37d3be43, org.springframework.test.context.transaction.TransactionalTestExecutionListener@18d98116, org.springframework.test.context.jdbc.SqlScriptsTestExecutionListener@39f527bf, org.springframework.boot.test.autoconfigure.restdocs.RestDocsTestExecutionListener@c037b8c, org.springframework.boot.test.autoconfigure.web.client.MockRestServiceServerResetTestExecutionListener@2688fde9, org.springframework.boot.test.autoconfigure.web.servlet.MockMvcPrintOnlyOnFailureTestExecutionListener@728d091f, org.springframework.boot.test.autoconfigure.web.servlet.WebDriverTestExecutionListener@62d5102e, org.springframework.boot.test.mock.mockito.ResetMocksTestExecutionListener@751dc8e3]
]]></system-out>
  <system-err><![CDATA[]]></system-err>
</testsuite>
