<?xml version="1.0" encoding="UTF-8"?>
<testsuite name="co.com.ceiba.estacionamiento.julian.henao.testUnitarioEntradaVehiculo.TestReglaTipoVehiculo" tests="3" skipped="0" failures="0" errors="0" timestamp="2018-08-28T20:52:39" hostname="JULIAN-HENAO" time="0.019">
  <properties/>
  <testcase name="ReglaEntradaTipoVehiculoDiferenteNOPuedeEntrar" classname="co.com.ceiba.estacionamiento.julian.henao.testUnitarioEntradaVehiculo.TestReglaTipoVehiculo" time="0.004"/>
  <testcase name="ReglaEntradaTipoVehiculoMotoPuedeEntrar" classname="co.com.ceiba.estacionamiento.julian.henao.testUnitarioEntradaVehiculo.TestReglaTipoVehiculo" time="0.006"/>
  <testcase name="ReglaEntradaTipoVehiculoAutoPuedeEntrar" classname="co.com.ceiba.estacionamiento.julian.henao.testUnitarioEntradaVehiculo.TestReglaTipoVehiculo" time="0.006"/>
  <system-out><![CDATA[2018-08-28 15:52:37.422  INFO 15672 --- [    Test worker] .b.t.c.SpringBootTestContextBootstrapper : Neither @ContextConfiguration nor @ContextHierarchy found for test class [co.com.ceiba.estacionamiento.julian.henao.testUnitarioEntradaVehiculo.TestReglaTipoVehiculo], using SpringBootContextLoader
2018-08-28 15:52:37.424  INFO 15672 --- [    Test worker] o.s.t.c.support.AbstractContextLoader    : Could not detect default resource locations for test class [co.com.ceiba.estacionamiento.julian.henao.testUnitarioEntradaVehiculo.TestReglaTipoVehiculo]: no resource found for suffixes {-context.xml, Context.groovy}.
2018-08-28 15:52:37.424  INFO 15672 --- [    Test worker] t.c.s.AnnotationConfigContextLoaderUtils : Could not detect default configuration classes for test class [co.com.ceiba.estacionamiento.julian.henao.testUnitarioEntradaVehiculo.TestReglaTipoVehiculo]: TestReglaTipoVehiculo does not declare any static, non-private, non-final, nested classes annotated with @Configuration.
2018-08-28 15:52:37.428  INFO 15672 --- [    Test worker] .b.t.c.SpringBootTestContextBootstrapper : Found @SpringBootConfiguration co.com.ceiba.estacionamiento.julian.henao.AdnJulianHenaoApplication for test class co.com.ceiba.estacionamiento.julian.henao.testUnitarioEntradaVehiculo.TestReglaTipoVehiculo
2018-08-28 15:52:37.430  INFO 15672 --- [    Test worker] .b.t.c.SpringBootTestContextBootstrapper : Loaded default TestExecutionListener class names from location [META-INF/spring.factories]: [org.springframework.boot.test.autoconfigure.restdocs.RestDocsTestExecutionListener, org.springframework.boot.test.autoconfigure.web.client.MockRestServiceServerResetTestExecutionListener, org.springframework.boot.test.autoconfigure.web.servlet.MockMvcPrintOnlyOnFailureTestExecutionListener, org.springframework.boot.test.autoconfigure.web.servlet.WebDriverTestExecutionListener, org.springframework.boot.test.mock.mockito.MockitoTestExecutionListener, org.springframework.boot.test.mock.mockito.ResetMocksTestExecutionListener, org.springframework.test.context.web.ServletTestExecutionListener, org.springframework.test.context.support.DirtiesContextBeforeModesTestExecutionListener, org.springframework.test.context.support.DependencyInjectionTestExecutionListener, org.springframework.test.context.support.DirtiesContextTestExecutionListener, org.springframework.test.context.transaction.TransactionalTestExecutionListener, org.springframework.test.context.jdbc.SqlScriptsTestExecutionListener]
2018-08-28 15:52:37.430  INFO 15672 --- [    Test worker] .b.t.c.SpringBootTestContextBootstrapper : Using TestExecutionListeners: [org.springframework.test.context.web.ServletTestExecutionListener@391e6e54, org.springframework.test.context.support.DirtiesContextBeforeModesTestExecutionListener@52e56073, org.springframework.boot.test.mock.mockito.MockitoTestExecutionListener@27e67fc8, org.springframework.boot.test.autoconfigure.SpringBootDependencyInjectionTestExecutionListener@45a67d0c, org.springframework.test.context.support.DirtiesContextTestExecutionListener@f80d722, org.springframework.test.context.transaction.TransactionalTestExecutionListener@761fc859, org.springframework.test.context.jdbc.SqlScriptsTestExecutionListener@6213e16d, org.springframework.boot.test.autoconfigure.restdocs.RestDocsTestExecutionListener@142bbe3e, org.springframework.boot.test.autoconfigure.web.client.MockRestServiceServerResetTestExecutionListener@1d1b425e, org.springframework.boot.test.autoconfigure.web.servlet.MockMvcPrintOnlyOnFailureTestExecutionListener@15ce1ca4, org.springframework.boot.test.autoconfigure.web.servlet.WebDriverTestExecutionListener@682b9ff9, org.springframework.boot.test.mock.mockito.ResetMocksTestExecutionListener@21b8068c]

  .   ____          _            __ _ _
 /\\ / ___'_ __ _ _(_)_ __  __ _ \ \ \ \
( ( )\___ | '_ | '_| | '_ \/ _` | \ \ \ \
 \\/  ___)| |_)| | | | | || (_| |  ) ) ) )
  '  |____| .__|_| |_|_| |_\__, | / / / /
 =========|_|==============|___/=/_/_/_/
 :: Spring Boot ::             (v2.1.0.M1)

2018-08-28 15:52:37.473  INFO 15672 --- [    Test worker] c.c.c.e.j.h.t.TestReglaTipoVehiculo      : Starting TestReglaTipoVehiculo on JULIAN-HENAO with PID 15672 (started by julian.henao in C:\Users\julian.henao\workspace\adnjulianhenao)
2018-08-28 15:52:37.474  INFO 15672 --- [    Test worker] c.c.c.e.j.h.t.TestReglaTipoVehiculo      : No active profile set, falling back to default profiles: default
2018-08-28 15:52:38.019  INFO 15672 --- [    Test worker] trationDelegate$BeanPostProcessorChecker : Bean 'org.springframework.transaction.annotation.ProxyTransactionManagementConfiguration' of type [org.springframework.transaction.annotation.ProxyTransactionManagementConfiguration$$EnhancerBySpringCGLIB$$4c255b87] is not eligible for getting processed by all BeanPostProcessors (for example: not eligible for auto-proxying)
2018-08-28 15:52:38.042  INFO 15672 --- [    Test worker] trationDelegate$BeanPostProcessorChecker : Bean 'org.springframework.hateoas.config.HateoasConfiguration' of type [org.springframework.hateoas.config.HateoasConfiguration$$EnhancerBySpringCGLIB$$cba5a8b9] is not eligible for getting processed by all BeanPostProcessors (for example: not eligible for auto-proxying)
2018-08-28 15:52:38.163  INFO 15672 --- [    Test worker] com.zaxxer.hikari.HikariDataSource       : HikariPool-5 - Starting...
2018-08-28 15:52:38.165  INFO 15672 --- [    Test worker] com.zaxxer.hikari.HikariDataSource       : HikariPool-5 - Start completed.
2018-08-28 15:52:38.211  INFO 15672 --- [    Test worker] o.hibernate.jpa.internal.util.LogHelper  : HHH000204: Processing PersistenceUnitInfo [
	name: default
	...]
2018-08-28 15:52:38.242  INFO 15672 --- [    Test worker] org.hibernate.dialect.Dialect            : HHH000400: Using dialect: org.hibernate.dialect.H2Dialect
2018-08-28 15:52:38.321  INFO 15672 --- [    Test worker] o.h.t.schema.internal.SchemaCreatorImpl  : HHH000476: Executing import script 'ScriptSourceInputFromUrl(file:/C:/Users/julian.henao/workspace/adnjulianhenao/build/resources/main/import.sql)'
2018-08-28 15:52:38.325  INFO 15672 --- [    Test worker] j.LocalContainerEntityManagerFactoryBean : Initialized JPA EntityManagerFactory for persistence unit 'default'
2018-08-28 15:52:39.204  WARN 15672 --- [    Test worker] aWebConfiguration$JpaWebMvcConfiguration : spring.jpa.open-in-view is enabled by default. Therefore, database queries may be performed during view rendering. Explicitly configure spring.jpa.open-in-view to disable this warning
2018-08-28 15:52:39.735  INFO 15672 --- [    Test worker] c.c.c.e.j.h.t.TestReglaTipoVehiculo      : Started TestReglaTipoVehiculo in 2.302 seconds (JVM running for 34.794)
]]></system-out>
  <system-err><![CDATA[]]></system-err>
</testsuite>
