<?xml version="1.0" encoding="UTF-8"?>
<testsuite name="co.com.ceiba.estacionamiento.julian.henao.testUnit.EntradaVehiculo.TestReglaIngresaPlaca" tests="2" skipped="0" failures="0" errors="0" timestamp="2018-10-05T18:32:26" hostname="JULIAN-HENAO" time="0.015">
  <properties/>
  <testcase name="ReglaEntradaPlacaObligatoriaAuto" classname="co.com.ceiba.estacionamiento.julian.henao.testUnit.EntradaVehiculo.TestReglaIngresaPlaca" time="0.007"/>
  <testcase name="ReglaEntradaPlacaObligatoriaMoto" classname="co.com.ceiba.estacionamiento.julian.henao.testUnit.EntradaVehiculo.TestReglaIngresaPlaca" time="0.007"/>
  <system-out><![CDATA[2018-10-05 13:32:26.888  INFO 7496 --- [    Test worker] .b.t.c.SpringBootTestContextBootstrapper : Neither @ContextConfiguration nor @ContextHierarchy found for test class [co.com.ceiba.estacionamiento.julian.henao.testUnit.EntradaVehiculo.TestReglaIngresaPlaca], using SpringBootContextLoader
2018-10-05 13:32:26.892  INFO 7496 --- [    Test worker] o.s.t.c.support.AbstractContextLoader    : Could not detect default resource locations for test class [co.com.ceiba.estacionamiento.julian.henao.testUnit.EntradaVehiculo.TestReglaIngresaPlaca]: no resource found for suffixes {-context.xml, Context.groovy}.
2018-10-05 13:32:26.892  INFO 7496 --- [    Test worker] t.c.s.AnnotationConfigContextLoaderUtils : Could not detect default configuration classes for test class [co.com.ceiba.estacionamiento.julian.henao.testUnit.EntradaVehiculo.TestReglaIngresaPlaca]: TestReglaIngresaPlaca does not declare any static, non-private, non-final, nested classes annotated with @Configuration.
2018-10-05 13:32:26.896  INFO 7496 --- [    Test worker] .b.t.c.SpringBootTestContextBootstrapper : Found @SpringBootConfiguration co.com.ceiba.estacionamiento.julian.henao.AdnJulianHenaoApplication for test class co.com.ceiba.estacionamiento.julian.henao.testUnit.EntradaVehiculo.TestReglaIngresaPlaca
2018-10-05 13:32:26.899  INFO 7496 --- [    Test worker] .b.t.c.SpringBootTestContextBootstrapper : Loaded default TestExecutionListener class names from location [META-INF/spring.factories]: [org.springframework.boot.test.autoconfigure.restdocs.RestDocsTestExecutionListener, org.springframework.boot.test.autoconfigure.web.client.MockRestServiceServerResetTestExecutionListener, org.springframework.boot.test.autoconfigure.web.servlet.MockMvcPrintOnlyOnFailureTestExecutionListener, org.springframework.boot.test.autoconfigure.web.servlet.WebDriverTestExecutionListener, org.springframework.boot.test.mock.mockito.MockitoTestExecutionListener, org.springframework.boot.test.mock.mockito.ResetMocksTestExecutionListener, org.springframework.test.context.web.ServletTestExecutionListener, org.springframework.test.context.support.DirtiesContextBeforeModesTestExecutionListener, org.springframework.test.context.support.DependencyInjectionTestExecutionListener, org.springframework.test.context.support.DirtiesContextTestExecutionListener, org.springframework.test.context.transaction.TransactionalTestExecutionListener, org.springframework.test.context.jdbc.SqlScriptsTestExecutionListener]
2018-10-05 13:32:26.900  INFO 7496 --- [    Test worker] .b.t.c.SpringBootTestContextBootstrapper : Using TestExecutionListeners: [org.springframework.test.context.web.ServletTestExecutionListener@2945ee38, org.springframework.test.context.support.DirtiesContextBeforeModesTestExecutionListener@4d784838, org.springframework.boot.test.mock.mockito.MockitoTestExecutionListener@15da4e43, org.springframework.boot.test.autoconfigure.SpringBootDependencyInjectionTestExecutionListener@265c7003, org.springframework.test.context.support.DirtiesContextTestExecutionListener@206e6ede, org.springframework.test.context.transaction.TransactionalTestExecutionListener@2fd8db63, org.springframework.test.context.jdbc.SqlScriptsTestExecutionListener@6837308d, org.springframework.boot.test.autoconfigure.restdocs.RestDocsTestExecutionListener@2d2e99e0, org.springframework.boot.test.autoconfigure.web.client.MockRestServiceServerResetTestExecutionListener@7e651a05, org.springframework.boot.test.autoconfigure.web.servlet.MockMvcPrintOnlyOnFailureTestExecutionListener@170fd569, org.springframework.boot.test.autoconfigure.web.servlet.WebDriverTestExecutionListener@46ed3c5d, org.springframework.boot.test.mock.mockito.ResetMocksTestExecutionListener@1f554cf9]
]]></system-out>
  <system-err><![CDATA[]]></system-err>
</testsuite>
