<?xml version="1.0" encoding="UTF-8"?>
<testsuite name="co.com.ceiba.estacionamiento.julian.henao.testUnit.SalidaVehiculo.TestCalcularHorasParqueadero" tests="2" skipped="0" failures="0" errors="0" timestamp="2018-10-04T21:40:13" hostname="JULIAN-HENAO" time="0.011">
  <properties/>
  <testcase name="HorasCalculadasV1" classname="co.com.ceiba.estacionamiento.julian.henao.testUnit.SalidaVehiculo.TestCalcularHorasParqueadero" time="0.006"/>
  <testcase name="HorasCalculadasV2" classname="co.com.ceiba.estacionamiento.julian.henao.testUnit.SalidaVehiculo.TestCalcularHorasParqueadero" time="0.005"/>
  <system-out><![CDATA[2018-10-04 16:40:13.736  INFO 11544 --- [    Test worker] .b.t.c.SpringBootTestContextBootstrapper : Neither @ContextConfiguration nor @ContextHierarchy found for test class [co.com.ceiba.estacionamiento.julian.henao.testUnit.SalidaVehiculo.TestCalcularHorasParqueadero], using SpringBootContextLoader
2018-10-04 16:40:13.737  INFO 11544 --- [    Test worker] o.s.t.c.support.AbstractContextLoader    : Could not detect default resource locations for test class [co.com.ceiba.estacionamiento.julian.henao.testUnit.SalidaVehiculo.TestCalcularHorasParqueadero]: no resource found for suffixes {-context.xml, Context.groovy}.
2018-10-04 16:40:13.738  INFO 11544 --- [    Test worker] t.c.s.AnnotationConfigContextLoaderUtils : Could not detect default configuration classes for test class [co.com.ceiba.estacionamiento.julian.henao.testUnit.SalidaVehiculo.TestCalcularHorasParqueadero]: TestCalcularHorasParqueadero does not declare any static, non-private, non-final, nested classes annotated with @Configuration.
2018-10-04 16:40:13.749  INFO 11544 --- [    Test worker] .b.t.c.SpringBootTestContextBootstrapper : Found @SpringBootConfiguration co.com.ceiba.estacionamiento.julian.henao.AdnJulianHenaoApplication for test class co.com.ceiba.estacionamiento.julian.henao.testUnit.SalidaVehiculo.TestCalcularHorasParqueadero
2018-10-04 16:40:13.752  INFO 11544 --- [    Test worker] .b.t.c.SpringBootTestContextBootstrapper : Loaded default TestExecutionListener class names from location [META-INF/spring.factories]: [org.springframework.boot.test.autoconfigure.restdocs.RestDocsTestExecutionListener, org.springframework.boot.test.autoconfigure.web.client.MockRestServiceServerResetTestExecutionListener, org.springframework.boot.test.autoconfigure.web.servlet.MockMvcPrintOnlyOnFailureTestExecutionListener, org.springframework.boot.test.autoconfigure.web.servlet.WebDriverTestExecutionListener, org.springframework.boot.test.mock.mockito.MockitoTestExecutionListener, org.springframework.boot.test.mock.mockito.ResetMocksTestExecutionListener, org.springframework.test.context.web.ServletTestExecutionListener, org.springframework.test.context.support.DirtiesContextBeforeModesTestExecutionListener, org.springframework.test.context.support.DependencyInjectionTestExecutionListener, org.springframework.test.context.support.DirtiesContextTestExecutionListener, org.springframework.test.context.transaction.TransactionalTestExecutionListener, org.springframework.test.context.jdbc.SqlScriptsTestExecutionListener]
2018-10-04 16:40:13.753  INFO 11544 --- [    Test worker] .b.t.c.SpringBootTestContextBootstrapper : Using TestExecutionListeners: [org.springframework.test.context.web.ServletTestExecutionListener@263c3c4e, org.springframework.test.context.support.DirtiesContextBeforeModesTestExecutionListener@38a6323, org.springframework.boot.test.mock.mockito.MockitoTestExecutionListener@3e2605b8, org.springframework.boot.test.autoconfigure.SpringBootDependencyInjectionTestExecutionListener@201f57ea, org.springframework.test.context.support.DirtiesContextTestExecutionListener@6706c1eb, org.springframework.test.context.transaction.TransactionalTestExecutionListener@37c53553, org.springframework.test.context.jdbc.SqlScriptsTestExecutionListener@3940edd6, org.springframework.boot.test.autoconfigure.restdocs.RestDocsTestExecutionListener@633a4d13, org.springframework.boot.test.autoconfigure.web.client.MockRestServiceServerResetTestExecutionListener@32e2c106, org.springframework.boot.test.autoconfigure.web.servlet.MockMvcPrintOnlyOnFailureTestExecutionListener@2c1305a4, org.springframework.boot.test.autoconfigure.web.servlet.WebDriverTestExecutionListener@120363ad, org.springframework.boot.test.mock.mockito.ResetMocksTestExecutionListener@2360f62b]
]]></system-out>
  <system-err><![CDATA[]]></system-err>
</testsuite>
