<?xml version="1.0" encoding="UTF-8"?>
<testsuite name="co.com.ceiba.estacionamiento.julian.henao.testUnit.EntradaVehiculo.TestReglaDiaHabil" tests="6" skipped="0" failures="0" errors="0" timestamp="2018-10-05T16:37:42" hostname="JULIAN-HENAO" time="0.086">
  <properties/>
  <testcase name="ReglaEntradaVehiculoPlacaAPuedeEntrarDomingo" classname="co.com.ceiba.estacionamiento.julian.henao.testUnit.EntradaVehiculo.TestReglaDiaHabil" time="0.038"/>
  <testcase name="ReglaEntradaVehiculoPlacaYDiaDiferente" classname="co.com.ceiba.estacionamiento.julian.henao.testUnit.EntradaVehiculo.TestReglaDiaHabil" time="0.006"/>
  <testcase name="ReglaEntradaVehiculoPlacaAPuedeEntrarLunes" classname="co.com.ceiba.estacionamiento.julian.henao.testUnit.EntradaVehiculo.TestReglaDiaHabil" time="0.008"/>
  <testcase name="ReglaEntradaVehiculoPlacaDiferenteDeASiPuedeEntrarLunes" classname="co.com.ceiba.estacionamiento.julian.henao.testUnit.EntradaVehiculo.TestReglaDiaHabil" time="0.007"/>
  <testcase name="ReglaEntradaVehiculoPlacaANOPuedeEntrarDiaDiferente" classname="co.com.ceiba.estacionamiento.julian.henao.testUnit.EntradaVehiculo.TestReglaDiaHabil" time="0.006"/>
  <testcase name="ReglaEntradaVehiculoPlacaDiferenteDeASiPuedeEntrarDomingo" classname="co.com.ceiba.estacionamiento.julian.henao.testUnit.EntradaVehiculo.TestReglaDiaHabil" time="0.006"/>
  <system-out><![CDATA[2018-10-05 11:37:39.186  INFO 11940 --- [    Test worker] .b.t.c.SpringBootTestContextBootstrapper : Neither @ContextConfiguration nor @ContextHierarchy found for test class [co.com.ceiba.estacionamiento.julian.henao.testUnit.EntradaVehiculo.TestReglaDiaHabil], using SpringBootContextLoader
2018-10-05 11:37:39.189  INFO 11940 --- [    Test worker] o.s.t.c.support.AbstractContextLoader    : Could not detect default resource locations for test class [co.com.ceiba.estacionamiento.julian.henao.testUnit.EntradaVehiculo.TestReglaDiaHabil]: no resource found for suffixes {-context.xml, Context.groovy}.
2018-10-05 11:37:39.191  INFO 11940 --- [    Test worker] t.c.s.AnnotationConfigContextLoaderUtils : Could not detect default configuration classes for test class [co.com.ceiba.estacionamiento.julian.henao.testUnit.EntradaVehiculo.TestReglaDiaHabil]: TestReglaDiaHabil does not declare any static, non-private, non-final, nested classes annotated with @Configuration.
2018-10-05 11:37:39.204  INFO 11940 --- [    Test worker] .b.t.c.SpringBootTestContextBootstrapper : Found @SpringBootConfiguration co.com.ceiba.estacionamiento.julian.henao.AdnJulianHenaoApplication for test class co.com.ceiba.estacionamiento.julian.henao.testUnit.EntradaVehiculo.TestReglaDiaHabil
2018-10-05 11:37:39.208  INFO 11940 --- [    Test worker] .b.t.c.SpringBootTestContextBootstrapper : Loaded default TestExecutionListener class names from location [META-INF/spring.factories]: [org.springframework.boot.test.autoconfigure.restdocs.RestDocsTestExecutionListener, org.springframework.boot.test.autoconfigure.web.client.MockRestServiceServerResetTestExecutionListener, org.springframework.boot.test.autoconfigure.web.servlet.MockMvcPrintOnlyOnFailureTestExecutionListener, org.springframework.boot.test.autoconfigure.web.servlet.WebDriverTestExecutionListener, org.springframework.boot.test.mock.mockito.MockitoTestExecutionListener, org.springframework.boot.test.mock.mockito.ResetMocksTestExecutionListener, org.springframework.test.context.web.ServletTestExecutionListener, org.springframework.test.context.support.DirtiesContextBeforeModesTestExecutionListener, org.springframework.test.context.support.DependencyInjectionTestExecutionListener, org.springframework.test.context.support.DirtiesContextTestExecutionListener, org.springframework.test.context.transaction.TransactionalTestExecutionListener, org.springframework.test.context.jdbc.SqlScriptsTestExecutionListener]
2018-10-05 11:37:39.211  INFO 11940 --- [    Test worker] .b.t.c.SpringBootTestContextBootstrapper : Using TestExecutionListeners: [org.springframework.test.context.web.ServletTestExecutionListener@7ca67688, org.springframework.test.context.support.DirtiesContextBeforeModesTestExecutionListener@1ba2a35f, org.springframework.boot.test.mock.mockito.MockitoTestExecutionListener@1403dded, org.springframework.boot.test.autoconfigure.SpringBootDependencyInjectionTestExecutionListener@13f74f10, org.springframework.test.context.support.DirtiesContextTestExecutionListener@5caa79d0, org.springframework.test.context.transaction.TransactionalTestExecutionListener@529c8141, org.springframework.test.context.jdbc.SqlScriptsTestExecutionListener@58fad24a, org.springframework.boot.test.autoconfigure.restdocs.RestDocsTestExecutionListener@715c898a, org.springframework.boot.test.autoconfigure.web.client.MockRestServiceServerResetTestExecutionListener@7eb70a88, org.springframework.boot.test.autoconfigure.web.servlet.MockMvcPrintOnlyOnFailureTestExecutionListener@48971a96, org.springframework.boot.test.autoconfigure.web.servlet.WebDriverTestExecutionListener@46f1e94c, org.springframework.boot.test.mock.mockito.ResetMocksTestExecutionListener@53f438c1]

  .   ____          _            __ _ _
 /\\ / ___'_ __ _ _(_)_ __  __ _ \ \ \ \
( ( )\___ | '_ | '_| | '_ \/ _` | \ \ \ \
 \\/  ___)| |_)| | | | | || (_| |  ) ) ) )
  '  |____| .__|_| |_|_| |_\__, | / / / /
 =========|_|==============|___/=/_/_/_/
 :: Spring Boot ::             (v2.1.0.M1)

2018-10-05 11:37:39.320  INFO 11940 --- [    Test worker] c.c.c.e.j.h.t.E.TestReglaDiaHabil        : Starting TestReglaDiaHabil on JULIAN-HENAO with PID 11940 (started by julian.henao in C:\Users\julian.henao\workspace\adnjulianhenao)
2018-10-05 11:37:39.321  INFO 11940 --- [    Test worker] c.c.c.e.j.h.t.E.TestReglaDiaHabil        : No active profile set, falling back to default profiles: default
2018-10-05 11:37:40.299  INFO 11940 --- [    Test worker] trationDelegate$BeanPostProcessorChecker : Bean 'org.springframework.transaction.annotation.ProxyTransactionManagementConfiguration' of type [org.springframework.transaction.annotation.ProxyTransactionManagementConfiguration$$EnhancerBySpringCGLIB$$1f884bba] is not eligible for getting processed by all BeanPostProcessors (for example: not eligible for auto-proxying)
2018-10-05 11:37:40.324  INFO 11940 --- [    Test worker] trationDelegate$BeanPostProcessorChecker : Bean 'org.springframework.hateoas.config.HateoasConfiguration' of type [org.springframework.hateoas.config.HateoasConfiguration$$EnhancerBySpringCGLIB$$9f0898ec] is not eligible for getting processed by all BeanPostProcessors (for example: not eligible for auto-proxying)
2018-10-05 11:37:40.470  INFO 11940 --- [    Test worker] com.zaxxer.hikari.HikariDataSource       : HikariPool-2 - Starting...
2018-10-05 11:37:40.472  INFO 11940 --- [    Test worker] com.zaxxer.hikari.HikariDataSource       : HikariPool-2 - Start completed.
2018-10-05 11:37:40.560  INFO 11940 --- [    Test worker] o.hibernate.jpa.internal.util.LogHelper  : HHH000204: Processing PersistenceUnitInfo [
	name: default
	...]
2018-10-05 11:37:40.591  INFO 11940 --- [    Test worker] org.hibernate.dialect.Dialect            : HHH000400: Using dialect: org.hibernate.dialect.H2Dialect
2018-10-05 11:37:40.709  INFO 11940 --- [    Test worker] o.h.t.schema.internal.SchemaCreatorImpl  : HHH000476: Executing import script 'ScriptSourceInputFromUrl(file:/C:/Users/julian.henao/workspace/adnjulianhenao/build/resources/main/import.sql)'
2018-10-05 11:37:40.717  INFO 11940 --- [    Test worker] j.LocalContainerEntityManagerFactoryBean : Initialized JPA EntityManagerFactory for persistence unit 'default'
2018-10-05 11:37:41.756  WARN 11940 --- [    Test worker] aWebConfiguration$JpaWebMvcConfiguration : spring.jpa.open-in-view is enabled by default. Therefore, database queries may be performed during view rendering. Explicitly configure spring.jpa.open-in-view to disable this warning
2018-10-05 11:37:41.893  INFO 11940 --- [    Test worker] o.s.b.a.w.s.WelcomePageHandlerMapping    : Adding welcome page: class path resource [static/index.html]
2018-10-05 11:37:42.266  INFO 11940 --- [    Test worker] c.c.c.e.j.h.t.E.TestReglaDiaHabil        : Started TestReglaDiaHabil in 3.032 seconds (JVM running for 17.729)
]]></system-out>
  <system-err><![CDATA[]]></system-err>
</testsuite>
