<?xml version="1.0" encoding="UTF-8"?>
<testsuite name="co.com.ceiba.estacionamiento.julian.henao.testUnit.EntradaVehiculo.TestReglaDisponibilidadEspacio" tests="2" skipped="0" failures="0" errors="0" timestamp="2018-10-03T15:56:54" hostname="JULIAN-HENAO" time="0.019">
  <properties/>
  <testcase name="ReglaNOHayDisponibilidadEspacioParaVehiculo" classname="co.com.ceiba.estacionamiento.julian.henao.testUnit.EntradaVehiculo.TestReglaDisponibilidadEspacio" time="0.01"/>
  <testcase name="ReglaSIHayDisponibilidadEspacioParaVehiculo" classname="co.com.ceiba.estacionamiento.julian.henao.testUnit.EntradaVehiculo.TestReglaDisponibilidadEspacio" time="0.007"/>
  <system-out><![CDATA[2018-10-03 10:56:51.222  INFO 6716 --- [    Test worker] .b.t.c.SpringBootTestContextBootstrapper : Neither @ContextConfiguration nor @ContextHierarchy found for test class [co.com.ceiba.estacionamiento.julian.henao.testUnit.EntradaVehiculo.TestReglaDisponibilidadEspacio], using SpringBootContextLoader
2018-10-03 10:56:51.224  INFO 6716 --- [    Test worker] o.s.t.c.support.AbstractContextLoader    : Could not detect default resource locations for test class [co.com.ceiba.estacionamiento.julian.henao.testUnit.EntradaVehiculo.TestReglaDisponibilidadEspacio]: no resource found for suffixes {-context.xml, Context.groovy}.
2018-10-03 10:56:51.225  INFO 6716 --- [    Test worker] t.c.s.AnnotationConfigContextLoaderUtils : Could not detect default configuration classes for test class [co.com.ceiba.estacionamiento.julian.henao.testUnit.EntradaVehiculo.TestReglaDisponibilidadEspacio]: TestReglaDisponibilidadEspacio does not declare any static, non-private, non-final, nested classes annotated with @Configuration.
2018-10-03 10:56:51.228  INFO 6716 --- [    Test worker] .b.t.c.SpringBootTestContextBootstrapper : Found @SpringBootConfiguration co.com.ceiba.estacionamiento.julian.henao.AdnJulianHenaoApplication for test class co.com.ceiba.estacionamiento.julian.henao.testUnit.EntradaVehiculo.TestReglaDisponibilidadEspacio
2018-10-03 10:56:51.231  INFO 6716 --- [    Test worker] .b.t.c.SpringBootTestContextBootstrapper : Loaded default TestExecutionListener class names from location [META-INF/spring.factories]: [org.springframework.boot.test.autoconfigure.restdocs.RestDocsTestExecutionListener, org.springframework.boot.test.autoconfigure.web.client.MockRestServiceServerResetTestExecutionListener, org.springframework.boot.test.autoconfigure.web.servlet.MockMvcPrintOnlyOnFailureTestExecutionListener, org.springframework.boot.test.autoconfigure.web.servlet.WebDriverTestExecutionListener, org.springframework.boot.test.mock.mockito.MockitoTestExecutionListener, org.springframework.boot.test.mock.mockito.ResetMocksTestExecutionListener, org.springframework.test.context.web.ServletTestExecutionListener, org.springframework.test.context.support.DirtiesContextBeforeModesTestExecutionListener, org.springframework.test.context.support.DependencyInjectionTestExecutionListener, org.springframework.test.context.support.DirtiesContextTestExecutionListener, org.springframework.test.context.transaction.TransactionalTestExecutionListener, org.springframework.test.context.jdbc.SqlScriptsTestExecutionListener]
2018-10-03 10:56:51.232  INFO 6716 --- [    Test worker] .b.t.c.SpringBootTestContextBootstrapper : Using TestExecutionListeners: [org.springframework.test.context.web.ServletTestExecutionListener@18abdaaa, org.springframework.test.context.support.DirtiesContextBeforeModesTestExecutionListener@4576e064, org.springframework.boot.test.mock.mockito.MockitoTestExecutionListener@32202f5c, org.springframework.boot.test.autoconfigure.SpringBootDependencyInjectionTestExecutionListener@25368eae, org.springframework.test.context.support.DirtiesContextTestExecutionListener@630e7e28, org.springframework.test.context.transaction.TransactionalTestExecutionListener@1189c7ed, org.springframework.test.context.jdbc.SqlScriptsTestExecutionListener@2260404f, org.springframework.boot.test.autoconfigure.restdocs.RestDocsTestExecutionListener@33b2f953, org.springframework.boot.test.autoconfigure.web.client.MockRestServiceServerResetTestExecutionListener@235d2e33, org.springframework.boot.test.autoconfigure.web.servlet.MockMvcPrintOnlyOnFailureTestExecutionListener@7c34231a, org.springframework.boot.test.autoconfigure.web.servlet.WebDriverTestExecutionListener@5c7676eb, org.springframework.boot.test.mock.mockito.ResetMocksTestExecutionListener@782a6457]

  .   ____          _            __ _ _
 /\\ / ___'_ __ _ _(_)_ __  __ _ \ \ \ \
( ( )\___ | '_ | '_| | '_ \/ _` | \ \ \ \
 \\/  ___)| |_)| | | | | || (_| |  ) ) ) )
  '  |____| .__|_| |_|_| |_\__, | / / / /
 =========|_|==============|___/=/_/_/_/
 :: Spring Boot ::             (v2.1.0.M1)

2018-10-03 10:56:51.280  INFO 6716 --- [    Test worker] e.j.h.t.E.TestReglaDisponibilidadEspacio : Starting TestReglaDisponibilidadEspacio on JULIAN-HENAO with PID 6716 (started by julian.henao in C:\Users\julian.henao\workspace\adnjulianhenao)
2018-10-03 10:56:51.281  INFO 6716 --- [    Test worker] e.j.h.t.E.TestReglaDisponibilidadEspacio : No active profile set, falling back to default profiles: default
2018-10-03 10:56:52.065  INFO 6716 --- [    Test worker] trationDelegate$BeanPostProcessorChecker : Bean 'org.springframework.transaction.annotation.ProxyTransactionManagementConfiguration' of type [org.springframework.transaction.annotation.ProxyTransactionManagementConfiguration$$EnhancerBySpringCGLIB$$64de89dc] is not eligible for getting processed by all BeanPostProcessors (for example: not eligible for auto-proxying)
2018-10-03 10:56:52.088  INFO 6716 --- [    Test worker] trationDelegate$BeanPostProcessorChecker : Bean 'org.springframework.hateoas.config.HateoasConfiguration' of type [org.springframework.hateoas.config.HateoasConfiguration$$EnhancerBySpringCGLIB$$e45ed70e] is not eligible for getting processed by all BeanPostProcessors (for example: not eligible for auto-proxying)
2018-10-03 10:56:52.219  INFO 6716 --- [    Test worker] com.zaxxer.hikari.HikariDataSource       : HikariPool-3 - Starting...
2018-10-03 10:56:52.221  INFO 6716 --- [    Test worker] com.zaxxer.hikari.HikariDataSource       : HikariPool-3 - Start completed.
2018-10-03 10:56:52.275  INFO 6716 --- [    Test worker] o.hibernate.jpa.internal.util.LogHelper  : HHH000204: Processing PersistenceUnitInfo [
	name: default
	...]
2018-10-03 10:56:52.316  INFO 6716 --- [    Test worker] org.hibernate.dialect.Dialect            : HHH000400: Using dialect: org.hibernate.dialect.H2Dialect
2018-10-03 10:56:52.427  INFO 6716 --- [    Test worker] o.h.t.schema.internal.SchemaCreatorImpl  : HHH000476: Executing import script 'ScriptSourceInputFromUrl(file:/C:/Users/julian.henao/workspace/adnjulianhenao/build/resources/main/import.sql)'
2018-10-03 10:56:52.435  INFO 6716 --- [    Test worker] j.LocalContainerEntityManagerFactoryBean : Initialized JPA EntityManagerFactory for persistence unit 'default'
2018-10-03 10:56:53.490  WARN 6716 --- [    Test worker] aWebConfiguration$JpaWebMvcConfiguration : spring.jpa.open-in-view is enabled by default. Therefore, database queries may be performed during view rendering. Explicitly configure spring.jpa.open-in-view to disable this warning
2018-10-03 10:56:54.070  INFO 6716 --- [    Test worker] e.j.h.t.E.TestReglaDisponibilidadEspacio : Started TestReglaDisponibilidadEspacio in 2.836 seconds (JVM running for 25.985)
]]></system-out>
  <system-err><![CDATA[]]></system-err>
</testsuite>
