<?xml version="1.0" encoding="UTF-8"?>
<testsuite name="co.com.ceiba.estacionamiento.julian.henao.testUnit.EntradaVehiculo.TestReglaVehiculoSinSalirVuelveAEntrar" tests="2" skipped="0" failures="0" errors="0" timestamp="2018-10-05T16:37:50" hostname="JULIAN-HENAO" time="0.02">
  <properties/>
  <testcase name="ReglaVehiculoSINRegistrarPuedeEntrar" classname="co.com.ceiba.estacionamiento.julian.henao.testUnit.EntradaVehiculo.TestReglaVehiculoSinSalirVuelveAEntrar" time="0.013"/>
  <testcase name="ReglaVehiculoRegistradoNoPuedeVolverAEntrar" classname="co.com.ceiba.estacionamiento.julian.henao.testUnit.EntradaVehiculo.TestReglaVehiculoSinSalirVuelveAEntrar" time="0.006"/>
  <system-out><![CDATA[2018-10-05 11:37:47.651  INFO 11940 --- [    Test worker] .b.t.c.SpringBootTestContextBootstrapper : Neither @ContextConfiguration nor @ContextHierarchy found for test class [co.com.ceiba.estacionamiento.julian.henao.testUnit.EntradaVehiculo.TestReglaVehiculoSinSalirVuelveAEntrar], using SpringBootContextLoader
2018-10-05 11:37:47.652  INFO 11940 --- [    Test worker] o.s.t.c.support.AbstractContextLoader    : Could not detect default resource locations for test class [co.com.ceiba.estacionamiento.julian.henao.testUnit.EntradaVehiculo.TestReglaVehiculoSinSalirVuelveAEntrar]: no resource found for suffixes {-context.xml, Context.groovy}.
2018-10-05 11:37:47.653  INFO 11940 --- [    Test worker] t.c.s.AnnotationConfigContextLoaderUtils : Could not detect default configuration classes for test class [co.com.ceiba.estacionamiento.julian.henao.testUnit.EntradaVehiculo.TestReglaVehiculoSinSalirVuelveAEntrar]: TestReglaVehiculoSinSalirVuelveAEntrar does not declare any static, non-private, non-final, nested classes annotated with @Configuration.
2018-10-05 11:37:47.660  INFO 11940 --- [    Test worker] .b.t.c.SpringBootTestContextBootstrapper : Found @SpringBootConfiguration co.com.ceiba.estacionamiento.julian.henao.AdnJulianHenaoApplication for test class co.com.ceiba.estacionamiento.julian.henao.testUnit.EntradaVehiculo.TestReglaVehiculoSinSalirVuelveAEntrar
2018-10-05 11:37:47.663  INFO 11940 --- [    Test worker] .b.t.c.SpringBootTestContextBootstrapper : Loaded default TestExecutionListener class names from location [META-INF/spring.factories]: [org.springframework.boot.test.autoconfigure.restdocs.RestDocsTestExecutionListener, org.springframework.boot.test.autoconfigure.web.client.MockRestServiceServerResetTestExecutionListener, org.springframework.boot.test.autoconfigure.web.servlet.MockMvcPrintOnlyOnFailureTestExecutionListener, org.springframework.boot.test.autoconfigure.web.servlet.WebDriverTestExecutionListener, org.springframework.boot.test.mock.mockito.MockitoTestExecutionListener, org.springframework.boot.test.mock.mockito.ResetMocksTestExecutionListener, org.springframework.test.context.web.ServletTestExecutionListener, org.springframework.test.context.support.DirtiesContextBeforeModesTestExecutionListener, org.springframework.test.context.support.DependencyInjectionTestExecutionListener, org.springframework.test.context.support.DirtiesContextTestExecutionListener, org.springframework.test.context.transaction.TransactionalTestExecutionListener, org.springframework.test.context.jdbc.SqlScriptsTestExecutionListener]
2018-10-05 11:37:47.665  INFO 11940 --- [    Test worker] .b.t.c.SpringBootTestContextBootstrapper : Using TestExecutionListeners: [org.springframework.test.context.web.ServletTestExecutionListener@534ec10f, org.springframework.test.context.support.DirtiesContextBeforeModesTestExecutionListener@21f875c9, org.springframework.boot.test.mock.mockito.MockitoTestExecutionListener@3a2360a8, org.springframework.boot.test.autoconfigure.SpringBootDependencyInjectionTestExecutionListener@52a1bda0, org.springframework.test.context.support.DirtiesContextTestExecutionListener@77c24842, org.springframework.test.context.transaction.TransactionalTestExecutionListener@15762d4e, org.springframework.test.context.jdbc.SqlScriptsTestExecutionListener@34f13968, org.springframework.boot.test.autoconfigure.restdocs.RestDocsTestExecutionListener@6be2ceeb, org.springframework.boot.test.autoconfigure.web.client.MockRestServiceServerResetTestExecutionListener@e071b8d, org.springframework.boot.test.autoconfigure.web.servlet.MockMvcPrintOnlyOnFailureTestExecutionListener@2a3f5b5e, org.springframework.boot.test.autoconfigure.web.servlet.WebDriverTestExecutionListener@17b81d08, org.springframework.boot.test.mock.mockito.ResetMocksTestExecutionListener@6a500c82]

  .   ____          _            __ _ _
 /\\ / ___'_ __ _ _(_)_ __  __ _ \ \ \ \
( ( )\___ | '_ | '_| | '_ \/ _` | \ \ \ \
 \\/  ___)| |_)| | | | | || (_| |  ) ) ) )
  '  |____| .__|_| |_|_| |_\__, | / / / /
 =========|_|==============|___/=/_/_/_/
 :: Spring Boot ::             (v2.1.0.M1)

2018-10-05 11:37:47.715  INFO 11940 --- [    Test worker] E.TestReglaVehiculoSinSalirVuelveAEntrar : Starting TestReglaVehiculoSinSalirVuelveAEntrar on JULIAN-HENAO with PID 11940 (started by julian.henao in C:\Users\julian.henao\workspace\adnjulianhenao)
2018-10-05 11:37:47.715  INFO 11940 --- [    Test worker] E.TestReglaVehiculoSinSalirVuelveAEntrar : No active profile set, falling back to default profiles: default
2018-10-05 11:37:48.431  INFO 11940 --- [    Test worker] trationDelegate$BeanPostProcessorChecker : Bean 'org.springframework.transaction.annotation.ProxyTransactionManagementConfiguration' of type [org.springframework.transaction.annotation.ProxyTransactionManagementConfiguration$$EnhancerBySpringCGLIB$$1f884bba] is not eligible for getting processed by all BeanPostProcessors (for example: not eligible for auto-proxying)
2018-10-05 11:37:48.457  INFO 11940 --- [    Test worker] trationDelegate$BeanPostProcessorChecker : Bean 'org.springframework.hateoas.config.HateoasConfiguration' of type [org.springframework.hateoas.config.HateoasConfiguration$$EnhancerBySpringCGLIB$$9f0898ec] is not eligible for getting processed by all BeanPostProcessors (for example: not eligible for auto-proxying)
2018-10-05 11:37:48.559  INFO 11940 --- [    Test worker] com.zaxxer.hikari.HikariDataSource       : HikariPool-5 - Starting...
2018-10-05 11:37:48.561  INFO 11940 --- [    Test worker] com.zaxxer.hikari.HikariDataSource       : HikariPool-5 - Start completed.
2018-10-05 11:37:48.609  INFO 11940 --- [    Test worker] o.hibernate.jpa.internal.util.LogHelper  : HHH000204: Processing PersistenceUnitInfo [
	name: default
	...]
2018-10-05 11:37:48.636  INFO 11940 --- [    Test worker] org.hibernate.dialect.Dialect            : HHH000400: Using dialect: org.hibernate.dialect.H2Dialect
2018-10-05 11:37:48.719  INFO 11940 --- [    Test worker] o.h.t.schema.internal.SchemaCreatorImpl  : HHH000476: Executing import script 'ScriptSourceInputFromUrl(file:/C:/Users/julian.henao/workspace/adnjulianhenao/build/resources/main/import.sql)'
2018-10-05 11:37:48.725  INFO 11940 --- [    Test worker] j.LocalContainerEntityManagerFactoryBean : Initialized JPA EntityManagerFactory for persistence unit 'default'
2018-10-05 11:37:49.600  WARN 11940 --- [    Test worker] aWebConfiguration$JpaWebMvcConfiguration : spring.jpa.open-in-view is enabled by default. Therefore, database queries may be performed during view rendering. Explicitly configure spring.jpa.open-in-view to disable this warning
2018-10-05 11:37:49.732  INFO 11940 --- [    Test worker] o.s.b.a.w.s.WelcomePageHandlerMapping    : Adding welcome page: class path resource [static/index.html]
2018-10-05 11:37:50.092  INFO 11940 --- [    Test worker] E.TestReglaVehiculoSinSalirVuelveAEntrar : Started TestReglaVehiculoSinSalirVuelveAEntrar in 2.42 seconds (JVM running for 25.556)
]]></system-out>
  <system-err><![CDATA[]]></system-err>
</testsuite>
