<?xml version="1.0" encoding="UTF-8"?>
<testsuite name="co.com.ceiba.estacionamiento.julian.henao.testUnitarioEntradaVehiculo.TestReglaDiaHabil" tests="6" skipped="0" failures="0" errors="0" timestamp="2018-08-28T20:52:35" hostname="JULIAN-HENAO" time="0.046">
  <properties/>
  <testcase name="ReglaEntradaVehiculoPlacaAPuedeEntrarDomingo" classname="co.com.ceiba.estacionamiento.julian.henao.testUnitarioEntradaVehiculo.TestReglaDiaHabil" time="0.005"/>
  <testcase name="ReglaEntradaVehiculoPlacaYDiaDiferente" classname="co.com.ceiba.estacionamiento.julian.henao.testUnitarioEntradaVehiculo.TestReglaDiaHabil" time="0.006"/>
  <testcase name="ReglaEntradaVehiculoPlacaAPuedeEntrarLunes" classname="co.com.ceiba.estacionamiento.julian.henao.testUnitarioEntradaVehiculo.TestReglaDiaHabil" time="0.005"/>
  <testcase name="ReglaEntradaVehiculoPlacaDiferenteDeASiPuedeEntrarLunes" classname="co.com.ceiba.estacionamiento.julian.henao.testUnitarioEntradaVehiculo.TestReglaDiaHabil" time="0.005"/>
  <testcase name="ReglaEntradaVehiculoPlacaANOPuedeEntrarDiaDiferente" classname="co.com.ceiba.estacionamiento.julian.henao.testUnitarioEntradaVehiculo.TestReglaDiaHabil" time="0.008"/>
  <testcase name="ReglaEntradaVehiculoPlacaDiferenteDeASiPuedeEntrarDomingo" classname="co.com.ceiba.estacionamiento.julian.henao.testUnitarioEntradaVehiculo.TestReglaDiaHabil" time="0.005"/>
  <system-out><![CDATA[2018-08-28 15:52:32.962  INFO 15672 --- [    Test worker] .b.t.c.SpringBootTestContextBootstrapper : Neither @ContextConfiguration nor @ContextHierarchy found for test class [co.com.ceiba.estacionamiento.julian.henao.testUnitarioEntradaVehiculo.TestReglaDiaHabil], using SpringBootContextLoader
2018-08-28 15:52:32.963  INFO 15672 --- [    Test worker] o.s.t.c.support.AbstractContextLoader    : Could not detect default resource locations for test class [co.com.ceiba.estacionamiento.julian.henao.testUnitarioEntradaVehiculo.TestReglaDiaHabil]: no resource found for suffixes {-context.xml, Context.groovy}.
2018-08-28 15:52:32.963  INFO 15672 --- [    Test worker] t.c.s.AnnotationConfigContextLoaderUtils : Could not detect default configuration classes for test class [co.com.ceiba.estacionamiento.julian.henao.testUnitarioEntradaVehiculo.TestReglaDiaHabil]: TestReglaDiaHabil does not declare any static, non-private, non-final, nested classes annotated with @Configuration.
2018-08-28 15:52:32.966  INFO 15672 --- [    Test worker] .b.t.c.SpringBootTestContextBootstrapper : Found @SpringBootConfiguration co.com.ceiba.estacionamiento.julian.henao.AdnJulianHenaoApplication for test class co.com.ceiba.estacionamiento.julian.henao.testUnitarioEntradaVehiculo.TestReglaDiaHabil
2018-08-28 15:52:32.978  INFO 15672 --- [    Test worker] .b.t.c.SpringBootTestContextBootstrapper : Loaded default TestExecutionListener class names from location [META-INF/spring.factories]: [org.springframework.boot.test.autoconfigure.restdocs.RestDocsTestExecutionListener, org.springframework.boot.test.autoconfigure.web.client.MockRestServiceServerResetTestExecutionListener, org.springframework.boot.test.autoconfigure.web.servlet.MockMvcPrintOnlyOnFailureTestExecutionListener, org.springframework.boot.test.autoconfigure.web.servlet.WebDriverTestExecutionListener, org.springframework.boot.test.mock.mockito.MockitoTestExecutionListener, org.springframework.boot.test.mock.mockito.ResetMocksTestExecutionListener, org.springframework.test.context.web.ServletTestExecutionListener, org.springframework.test.context.support.DirtiesContextBeforeModesTestExecutionListener, org.springframework.test.context.support.DependencyInjectionTestExecutionListener, org.springframework.test.context.support.DirtiesContextTestExecutionListener, org.springframework.test.context.transaction.TransactionalTestExecutionListener, org.springframework.test.context.jdbc.SqlScriptsTestExecutionListener]
2018-08-28 15:52:32.979  INFO 15672 --- [    Test worker] .b.t.c.SpringBootTestContextBootstrapper : Using TestExecutionListeners: [org.springframework.test.context.web.ServletTestExecutionListener@4e1d7a68, org.springframework.test.context.support.DirtiesContextBeforeModesTestExecutionListener@7777a1b9, org.springframework.boot.test.mock.mockito.MockitoTestExecutionListener@76468c3c, org.springframework.boot.test.autoconfigure.SpringBootDependencyInjectionTestExecutionListener@5c78c791, org.springframework.test.context.support.DirtiesContextTestExecutionListener@7993384c, org.springframework.test.context.transaction.TransactionalTestExecutionListener@332324ae, org.springframework.test.context.jdbc.SqlScriptsTestExecutionListener@7146799a, org.springframework.boot.test.autoconfigure.restdocs.RestDocsTestExecutionListener@6b986c6c, org.springframework.boot.test.autoconfigure.web.client.MockRestServiceServerResetTestExecutionListener@b29680b, org.springframework.boot.test.autoconfigure.web.servlet.MockMvcPrintOnlyOnFailureTestExecutionListener@21852b94, org.springframework.boot.test.autoconfigure.web.servlet.WebDriverTestExecutionListener@63cd0c97, org.springframework.boot.test.mock.mockito.ResetMocksTestExecutionListener@4b9ee78e]

  .   ____          _            __ _ _
 /\\ / ___'_ __ _ _(_)_ __  __ _ \ \ \ \
( ( )\___ | '_ | '_| | '_ \/ _` | \ \ \ \
 \\/  ___)| |_)| | | | | || (_| |  ) ) ) )
  '  |____| .__|_| |_|_| |_\__, | / / / /
 =========|_|==============|___/=/_/_/_/
 :: Spring Boot ::             (v2.1.0.M1)

2018-08-28 15:52:33.035  INFO 15672 --- [    Test worker] c.c.c.e.j.h.t.TestReglaDiaHabil          : Starting TestReglaDiaHabil on JULIAN-HENAO with PID 15672 (started by julian.henao in C:\Users\julian.henao\workspace\adnjulianhenao)
2018-08-28 15:52:33.036  INFO 15672 --- [    Test worker] c.c.c.e.j.h.t.TestReglaDiaHabil          : No active profile set, falling back to default profiles: default
2018-08-28 15:52:33.580  INFO 15672 --- [    Test worker] trationDelegate$BeanPostProcessorChecker : Bean 'org.springframework.transaction.annotation.ProxyTransactionManagementConfiguration' of type [org.springframework.transaction.annotation.ProxyTransactionManagementConfiguration$$EnhancerBySpringCGLIB$$4c255b87] is not eligible for getting processed by all BeanPostProcessors (for example: not eligible for auto-proxying)
2018-08-28 15:52:33.596  INFO 15672 --- [    Test worker] trationDelegate$BeanPostProcessorChecker : Bean 'org.springframework.hateoas.config.HateoasConfiguration' of type [org.springframework.hateoas.config.HateoasConfiguration$$EnhancerBySpringCGLIB$$cba5a8b9] is not eligible for getting processed by all BeanPostProcessors (for example: not eligible for auto-proxying)
2018-08-28 15:52:33.700  INFO 15672 --- [    Test worker] com.zaxxer.hikari.HikariDataSource       : HikariPool-3 - Starting...
2018-08-28 15:52:33.701  INFO 15672 --- [    Test worker] com.zaxxer.hikari.HikariDataSource       : HikariPool-3 - Start completed.
2018-08-28 15:52:33.748  INFO 15672 --- [    Test worker] o.hibernate.jpa.internal.util.LogHelper  : HHH000204: Processing PersistenceUnitInfo [
	name: default
	...]
2018-08-28 15:52:33.772  INFO 15672 --- [    Test worker] org.hibernate.dialect.Dialect            : HHH000400: Using dialect: org.hibernate.dialect.H2Dialect
2018-08-28 15:52:33.844  INFO 15672 --- [    Test worker] o.h.t.schema.internal.SchemaCreatorImpl  : HHH000476: Executing import script 'ScriptSourceInputFromUrl(file:/C:/Users/julian.henao/workspace/adnjulianhenao/build/resources/main/import.sql)'
2018-08-28 15:52:33.848  INFO 15672 --- [    Test worker] j.LocalContainerEntityManagerFactoryBean : Initialized JPA EntityManagerFactory for persistence unit 'default'
2018-08-28 15:52:34.759  WARN 15672 --- [    Test worker] aWebConfiguration$JpaWebMvcConfiguration : spring.jpa.open-in-view is enabled by default. Therefore, database queries may be performed during view rendering. Explicitly configure spring.jpa.open-in-view to disable this warning
2018-08-28 15:52:35.201  INFO 15672 --- [    Test worker] c.c.c.e.j.h.t.TestReglaDiaHabil          : Started TestReglaDiaHabil in 2.219 seconds (JVM running for 30.259)
]]></system-out>
  <system-err><![CDATA[]]></system-err>
</testsuite>
