<?xml version="1.0" encoding="UTF-8"?>
<testsuite name="co.com.ceiba.estacionamiento.julian.henao.testUnit.SalidaVehiculo.TestCalcularHorasParqueadero" tests="2" skipped="0" failures="0" errors="0" timestamp="2018-10-04T18:47:13" hostname="JULIAN-HENAO" time="0.016">
  <properties/>
  <testcase name="HorasCalculadasV1" classname="co.com.ceiba.estacionamiento.julian.henao.testUnit.SalidaVehiculo.TestCalcularHorasParqueadero" time="0.007"/>
  <testcase name="HorasCalculadasV2" classname="co.com.ceiba.estacionamiento.julian.henao.testUnit.SalidaVehiculo.TestCalcularHorasParqueadero" time="0.008"/>
  <system-out><![CDATA[2018-10-04 13:47:13.808  INFO 9108 --- [    Test worker] .b.t.c.SpringBootTestContextBootstrapper : Neither @ContextConfiguration nor @ContextHierarchy found for test class [co.com.ceiba.estacionamiento.julian.henao.testUnit.SalidaVehiculo.TestCalcularHorasParqueadero], using SpringBootContextLoader
2018-10-04 13:47:13.809  INFO 9108 --- [    Test worker] o.s.t.c.support.AbstractContextLoader    : Could not detect default resource locations for test class [co.com.ceiba.estacionamiento.julian.henao.testUnit.SalidaVehiculo.TestCalcularHorasParqueadero]: no resource found for suffixes {-context.xml, Context.groovy}.
2018-10-04 13:47:13.809  INFO 9108 --- [    Test worker] t.c.s.AnnotationConfigContextLoaderUtils : Could not detect default configuration classes for test class [co.com.ceiba.estacionamiento.julian.henao.testUnit.SalidaVehiculo.TestCalcularHorasParqueadero]: TestCalcularHorasParqueadero does not declare any static, non-private, non-final, nested classes annotated with @Configuration.
2018-10-04 13:47:13.822  INFO 9108 --- [    Test worker] .b.t.c.SpringBootTestContextBootstrapper : Found @SpringBootConfiguration co.com.ceiba.estacionamiento.julian.henao.AdnJulianHenaoApplication for test class co.com.ceiba.estacionamiento.julian.henao.testUnit.SalidaVehiculo.TestCalcularHorasParqueadero
2018-10-04 13:47:13.825  INFO 9108 --- [    Test worker] .b.t.c.SpringBootTestContextBootstrapper : Loaded default TestExecutionListener class names from location [META-INF/spring.factories]: [org.springframework.boot.test.autoconfigure.restdocs.RestDocsTestExecutionListener, org.springframework.boot.test.autoconfigure.web.client.MockRestServiceServerResetTestExecutionListener, org.springframework.boot.test.autoconfigure.web.servlet.MockMvcPrintOnlyOnFailureTestExecutionListener, org.springframework.boot.test.autoconfigure.web.servlet.WebDriverTestExecutionListener, org.springframework.boot.test.mock.mockito.MockitoTestExecutionListener, org.springframework.boot.test.mock.mockito.ResetMocksTestExecutionListener, org.springframework.test.context.web.ServletTestExecutionListener, org.springframework.test.context.support.DirtiesContextBeforeModesTestExecutionListener, org.springframework.test.context.support.DependencyInjectionTestExecutionListener, org.springframework.test.context.support.DirtiesContextTestExecutionListener, org.springframework.test.context.transaction.TransactionalTestExecutionListener, org.springframework.test.context.jdbc.SqlScriptsTestExecutionListener]
2018-10-04 13:47:13.826  INFO 9108 --- [    Test worker] .b.t.c.SpringBootTestContextBootstrapper : Using TestExecutionListeners: [org.springframework.test.context.web.ServletTestExecutionListener@69bec6a8, org.springframework.test.context.support.DirtiesContextBeforeModesTestExecutionListener@5b86cd05, org.springframework.boot.test.mock.mockito.MockitoTestExecutionListener@762ee095, org.springframework.boot.test.autoconfigure.SpringBootDependencyInjectionTestExecutionListener@224971ea, org.springframework.test.context.support.DirtiesContextTestExecutionListener@3ddd688d, org.springframework.test.context.transaction.TransactionalTestExecutionListener@505e74d6, org.springframework.test.context.jdbc.SqlScriptsTestExecutionListener@51750c00, org.springframework.boot.test.autoconfigure.restdocs.RestDocsTestExecutionListener@385af1e5, org.springframework.boot.test.autoconfigure.web.client.MockRestServiceServerResetTestExecutionListener@6e956f63, org.springframework.boot.test.autoconfigure.web.servlet.MockMvcPrintOnlyOnFailureTestExecutionListener@4d4e5ea3, org.springframework.boot.test.autoconfigure.web.servlet.WebDriverTestExecutionListener@34224e06, org.springframework.boot.test.mock.mockito.ResetMocksTestExecutionListener@5b1844be]
]]></system-out>
  <system-err><![CDATA[]]></system-err>
</testsuite>
