<?xml version="1.0" encoding="UTF-8"?>
<testsuite name="co.com.ceiba.estacionamiento.julian.henao.testUnitarioSalidaVehiculo.TestReglaPlacaExiste" tests="2" skipped="0" failures="0" errors="0" timestamp="2018-08-22T21:37:21" hostname="JULIAN-HENAO" time="0.01">
  <properties/>
  <testcase name="ReglaPlacaIngresadaNOExiste" classname="co.com.ceiba.estacionamiento.julian.henao.testUnitarioSalidaVehiculo.TestReglaPlacaExiste" time="0.004"/>
  <testcase name="ReglaConCilindrajeMENOR500Moto" classname="co.com.ceiba.estacionamiento.julian.henao.testUnitarioSalidaVehiculo.TestReglaPlacaExiste" time="0.005"/>
  <system-out><![CDATA[2018-08-22 16:37:20.147  INFO 10572 --- [    Test worker] .b.t.c.SpringBootTestContextBootstrapper : Neither @ContextConfiguration nor @ContextHierarchy found for test class [co.com.ceiba.estacionamiento.julian.henao.testUnitarioSalidaVehiculo.TestReglaPlacaExiste], using SpringBootContextLoader
2018-08-22 16:37:20.148  INFO 10572 --- [    Test worker] o.s.t.c.support.AbstractContextLoader    : Could not detect default resource locations for test class [co.com.ceiba.estacionamiento.julian.henao.testUnitarioSalidaVehiculo.TestReglaPlacaExiste]: no resource found for suffixes {-context.xml, Context.groovy}.
2018-08-22 16:37:20.148  INFO 10572 --- [    Test worker] t.c.s.AnnotationConfigContextLoaderUtils : Could not detect default configuration classes for test class [co.com.ceiba.estacionamiento.julian.henao.testUnitarioSalidaVehiculo.TestReglaPlacaExiste]: TestReglaPlacaExiste does not declare any static, non-private, non-final, nested classes annotated with @Configuration.
2018-08-22 16:37:20.149  INFO 10572 --- [    Test worker] .b.t.c.SpringBootTestContextBootstrapper : Found @SpringBootConfiguration co.com.ceiba.estacionamiento.julian.henao.AdnJulianHenaoApplication for test class co.com.ceiba.estacionamiento.julian.henao.testUnitarioSalidaVehiculo.TestReglaPlacaExiste
2018-08-22 16:37:20.150  INFO 10572 --- [    Test worker] .b.t.c.SpringBootTestContextBootstrapper : Loaded default TestExecutionListener class names from location [META-INF/spring.factories]: [org.springframework.boot.test.autoconfigure.restdocs.RestDocsTestExecutionListener, org.springframework.boot.test.autoconfigure.web.client.MockRestServiceServerResetTestExecutionListener, org.springframework.boot.test.autoconfigure.web.servlet.MockMvcPrintOnlyOnFailureTestExecutionListener, org.springframework.boot.test.autoconfigure.web.servlet.WebDriverTestExecutionListener, org.springframework.boot.test.mock.mockito.MockitoTestExecutionListener, org.springframework.boot.test.mock.mockito.ResetMocksTestExecutionListener, org.springframework.test.context.web.ServletTestExecutionListener, org.springframework.test.context.support.DirtiesContextBeforeModesTestExecutionListener, org.springframework.test.context.support.DependencyInjectionTestExecutionListener, org.springframework.test.context.support.DirtiesContextTestExecutionListener, org.springframework.test.context.transaction.TransactionalTestExecutionListener, org.springframework.test.context.jdbc.SqlScriptsTestExecutionListener]
2018-08-22 16:37:20.151  INFO 10572 --- [    Test worker] .b.t.c.SpringBootTestContextBootstrapper : Using TestExecutionListeners: [org.springframework.test.context.web.ServletTestExecutionListener@34b33448, org.springframework.test.context.support.DirtiesContextBeforeModesTestExecutionListener@29cc0f33, org.springframework.boot.test.mock.mockito.MockitoTestExecutionListener@39e8c53a, org.springframework.boot.test.autoconfigure.SpringBootDependencyInjectionTestExecutionListener@7d68a31f, org.springframework.test.context.support.DirtiesContextTestExecutionListener@50d4d98e, org.springframework.test.context.transaction.TransactionalTestExecutionListener@19a8f130, org.springframework.test.context.jdbc.SqlScriptsTestExecutionListener@6616362a, org.springframework.boot.test.autoconfigure.restdocs.RestDocsTestExecutionListener@5ede01ac, org.springframework.boot.test.autoconfigure.web.client.MockRestServiceServerResetTestExecutionListener@2830bb50, org.springframework.boot.test.autoconfigure.web.servlet.MockMvcPrintOnlyOnFailureTestExecutionListener@76cffe17, org.springframework.boot.test.autoconfigure.web.servlet.WebDriverTestExecutionListener@213f3182, org.springframework.boot.test.mock.mockito.ResetMocksTestExecutionListener@f428768]

  .   ____          _            __ _ _
 /\\ / ___'_ __ _ _(_)_ __  __ _ \ \ \ \
( ( )\___ | '_ | '_| | '_ \/ _` | \ \ \ \
 \\/  ___)| |_)| | | | | || (_| |  ) ) ) )
  '  |____| .__|_| |_|_| |_\__, | / / / /
 =========|_|==============|___/=/_/_/_/
 :: Spring Boot ::             (v2.1.0.M1)

2018-08-22 16:37:20.178  INFO 10572 --- [    Test worker] c.c.c.e.j.h.t.TestReglaPlacaExiste       : Starting TestReglaPlacaExiste on JULIAN-HENAO with PID 10572 (started by julian.henao in C:\Users\julian.henao\workspace\adnjulianhenao)
2018-08-22 16:37:20.179  INFO 10572 --- [    Test worker] c.c.c.e.j.h.t.TestReglaPlacaExiste       : No active profile set, falling back to default profiles: default
2018-08-22 16:37:20.556  INFO 10572 --- [    Test worker] trationDelegate$BeanPostProcessorChecker : Bean 'org.springframework.transaction.annotation.ProxyTransactionManagementConfiguration' of type [org.springframework.transaction.annotation.ProxyTransactionManagementConfiguration$$EnhancerBySpringCGLIB$$e9eaf24b] is not eligible for getting processed by all BeanPostProcessors (for example: not eligible for auto-proxying)
2018-08-22 16:37:20.569  INFO 10572 --- [    Test worker] trationDelegate$BeanPostProcessorChecker : Bean 'org.springframework.hateoas.config.HateoasConfiguration' of type [org.springframework.hateoas.config.HateoasConfiguration$$EnhancerBySpringCGLIB$$696b3f7d] is not eligible for getting processed by all BeanPostProcessors (for example: not eligible for auto-proxying)
2018-08-22 16:37:20.642  INFO 10572 --- [    Test worker] com.zaxxer.hikari.HikariDataSource       : HikariPool-7 - Starting...
2018-08-22 16:37:20.643  INFO 10572 --- [    Test worker] com.zaxxer.hikari.HikariDataSource       : HikariPool-7 - Start completed.
2018-08-22 16:37:20.673  INFO 10572 --- [    Test worker] o.hibernate.jpa.internal.util.LogHelper  : HHH000204: Processing PersistenceUnitInfo [
	name: default
	...]
2018-08-22 16:37:20.689  INFO 10572 --- [    Test worker] org.hibernate.dialect.Dialect            : HHH000400: Using dialect: org.hibernate.dialect.H2Dialect
2018-08-22 16:37:20.845  INFO 10572 --- [    Test worker] o.h.t.schema.internal.SchemaCreatorImpl  : HHH000476: Executing import script 'org.hibernate.tool.schema.internal.exec.ScriptSourceInputNonExistentImpl@4bfcbc05'
2018-08-22 16:37:20.846  INFO 10572 --- [    Test worker] j.LocalContainerEntityManagerFactoryBean : Initialized JPA EntityManagerFactory for persistence unit 'default'
2018-08-22 16:37:21.432  WARN 10572 --- [    Test worker] aWebConfiguration$JpaWebMvcConfiguration : spring.jpa.open-in-view is enabled by default. Therefore, database queries may be performed during view rendering. Explicitly configure spring.jpa.open-in-view to disable this warning
2018-08-22 16:37:21.709  INFO 10572 --- [    Test worker] c.c.c.e.j.h.t.TestReglaPlacaExiste       : Started TestReglaPlacaExiste in 1.556 seconds (JVM running for 35.01)
]]></system-out>
  <system-err><![CDATA[]]></system-err>
</testsuite>
