<?xml version="1.0" encoding="UTF-8"?>
<testsuite name="co.com.ceiba.estacionamiento.julian.henao.unitTest.SalidaVehiculo.TestCalcularHorasParqueadero" tests="2" skipped="0" failures="0" errors="0" timestamp="2018-10-11T21:25:56" hostname="JULIAN-HENAO" time="0.013">
  <properties/>
  <testcase name="HorasCalculadasV1" classname="co.com.ceiba.estacionamiento.julian.henao.unitTest.SalidaVehiculo.TestCalcularHorasParqueadero" time="0.007"/>
  <testcase name="HorasCalculadasV2" classname="co.com.ceiba.estacionamiento.julian.henao.unitTest.SalidaVehiculo.TestCalcularHorasParqueadero" time="0.005"/>
  <system-out><![CDATA[2018-10-11 16:25:56.474  INFO 13996 --- [    Test worker] .b.t.c.SpringBootTestContextBootstrapper : Neither @ContextConfiguration nor @ContextHierarchy found for test class [co.com.ceiba.estacionamiento.julian.henao.unitTest.SalidaVehiculo.TestCalcularHorasParqueadero], using SpringBootContextLoader
2018-10-11 16:25:56.478  INFO 13996 --- [    Test worker] o.s.t.c.support.AbstractContextLoader    : Could not detect default resource locations for test class [co.com.ceiba.estacionamiento.julian.henao.unitTest.SalidaVehiculo.TestCalcularHorasParqueadero]: no resource found for suffixes {-context.xml, Context.groovy}.
2018-10-11 16:25:56.479  INFO 13996 --- [    Test worker] t.c.s.AnnotationConfigContextLoaderUtils : Could not detect default configuration classes for test class [co.com.ceiba.estacionamiento.julian.henao.unitTest.SalidaVehiculo.TestCalcularHorasParqueadero]: TestCalcularHorasParqueadero does not declare any static, non-private, non-final, nested classes annotated with @Configuration.
2018-10-11 16:25:56.494  INFO 13996 --- [    Test worker] .b.t.c.SpringBootTestContextBootstrapper : Found @SpringBootConfiguration co.com.ceiba.estacionamiento.julian.henao.AdnJulianHenaoApplication for test class co.com.ceiba.estacionamiento.julian.henao.unitTest.SalidaVehiculo.TestCalcularHorasParqueadero
2018-10-11 16:25:56.497  INFO 13996 --- [    Test worker] .b.t.c.SpringBootTestContextBootstrapper : Loaded default TestExecutionListener class names from location [META-INF/spring.factories]: [org.springframework.boot.test.autoconfigure.restdocs.RestDocsTestExecutionListener, org.springframework.boot.test.autoconfigure.web.client.MockRestServiceServerResetTestExecutionListener, org.springframework.boot.test.autoconfigure.web.servlet.MockMvcPrintOnlyOnFailureTestExecutionListener, org.springframework.boot.test.autoconfigure.web.servlet.WebDriverTestExecutionListener, org.springframework.boot.test.mock.mockito.MockitoTestExecutionListener, org.springframework.boot.test.mock.mockito.ResetMocksTestExecutionListener, org.springframework.test.context.web.ServletTestExecutionListener, org.springframework.test.context.support.DirtiesContextBeforeModesTestExecutionListener, org.springframework.test.context.support.DependencyInjectionTestExecutionListener, org.springframework.test.context.support.DirtiesContextTestExecutionListener, org.springframework.test.context.transaction.TransactionalTestExecutionListener, org.springframework.test.context.jdbc.SqlScriptsTestExecutionListener]
2018-10-11 16:25:56.497  INFO 13996 --- [    Test worker] .b.t.c.SpringBootTestContextBootstrapper : Using TestExecutionListeners: [org.springframework.test.context.web.ServletTestExecutionListener@5165e1be, org.springframework.test.context.support.DirtiesContextBeforeModesTestExecutionListener@26e4b4af, org.springframework.boot.test.mock.mockito.MockitoTestExecutionListener@7d946abd, org.springframework.boot.test.autoconfigure.SpringBootDependencyInjectionTestExecutionListener@6b53eb60, org.springframework.test.context.support.DirtiesContextTestExecutionListener@15458fa5, org.springframework.test.context.transaction.TransactionalTestExecutionListener@1607106e, org.springframework.test.context.jdbc.SqlScriptsTestExecutionListener@48984191, org.springframework.boot.test.autoconfigure.restdocs.RestDocsTestExecutionListener@3ce4bb09, org.springframework.boot.test.autoconfigure.web.client.MockRestServiceServerResetTestExecutionListener@5653397, org.springframework.boot.test.autoconfigure.web.servlet.MockMvcPrintOnlyOnFailureTestExecutionListener@2b4fd735, org.springframework.boot.test.autoconfigure.web.servlet.WebDriverTestExecutionListener@21d19f04, org.springframework.boot.test.mock.mockito.ResetMocksTestExecutionListener@387444c4]
]]></system-out>
  <system-err><![CDATA[]]></system-err>
</testsuite>
