<?xml version="1.0" encoding="UTF-8"?>
<testsuite name="co.com.ceiba.estacionamiento.julian.henao.testIntegracionConsultaServicios.TestParqueaderoEspacioDisponible" tests="3" skipped="0" failures="0" errors="0" timestamp="2018-08-23T22:58:23" hostname="JULIAN-HENAO" time="0.855">
  <properties/>
  <testcase name="crearTipoVehiculoExitoso" classname="co.com.ceiba.estacionamiento.julian.henao.testIntegracionConsultaServicios.TestParqueaderoEspacioDisponible" time="0.7"/>
  <testcase name="crearTipoVehiculoNulo" classname="co.com.ceiba.estacionamiento.julian.henao.testIntegracionConsultaServicios.TestParqueaderoEspacioDisponible" time="0.089"/>
  <testcase name="obtenerEspacios" classname="co.com.ceiba.estacionamiento.julian.henao.testIntegracionConsultaServicios.TestParqueaderoEspacioDisponible" time="0.064"/>
  <system-out><![CDATA[2018-08-23 17:58:19.963  INFO 14144 --- [    Test worker] .b.t.c.SpringBootTestContextBootstrapper : Neither @ContextConfiguration nor @ContextHierarchy found for test class [co.com.ceiba.estacionamiento.julian.henao.testIntegracionConsultaServicios.TestParqueaderoEspacioDisponible], using SpringBootContextLoader
2018-08-23 17:58:19.964  INFO 14144 --- [    Test worker] o.s.t.c.support.AbstractContextLoader    : Could not detect default resource locations for test class [co.com.ceiba.estacionamiento.julian.henao.testIntegracionConsultaServicios.TestParqueaderoEspacioDisponible]: no resource found for suffixes {-context.xml, Context.groovy}.
2018-08-23 17:58:19.965  INFO 14144 --- [    Test worker] t.c.s.AnnotationConfigContextLoaderUtils : Could not detect default configuration classes for test class [co.com.ceiba.estacionamiento.julian.henao.testIntegracionConsultaServicios.TestParqueaderoEspacioDisponible]: TestParqueaderoEspacioDisponible does not declare any static, non-private, non-final, nested classes annotated with @Configuration.
2018-08-23 17:58:19.978  INFO 14144 --- [    Test worker] .b.t.c.SpringBootTestContextBootstrapper : Found @SpringBootConfiguration co.com.ceiba.estacionamiento.julian.henao.AdnJulianHenaoApplication for test class co.com.ceiba.estacionamiento.julian.henao.testIntegracionConsultaServicios.TestParqueaderoEspacioDisponible
2018-08-23 17:58:19.979  INFO 14144 --- [    Test worker] .b.t.c.SpringBootTestContextBootstrapper : Loaded default TestExecutionListener class names from location [META-INF/spring.factories]: [org.springframework.boot.test.autoconfigure.restdocs.RestDocsTestExecutionListener, org.springframework.boot.test.autoconfigure.web.client.MockRestServiceServerResetTestExecutionListener, org.springframework.boot.test.autoconfigure.web.servlet.MockMvcPrintOnlyOnFailureTestExecutionListener, org.springframework.boot.test.autoconfigure.web.servlet.WebDriverTestExecutionListener, org.springframework.boot.test.mock.mockito.MockitoTestExecutionListener, org.springframework.boot.test.mock.mockito.ResetMocksTestExecutionListener, org.springframework.test.context.web.ServletTestExecutionListener, org.springframework.test.context.support.DirtiesContextBeforeModesTestExecutionListener, org.springframework.test.context.support.DependencyInjectionTestExecutionListener, org.springframework.test.context.support.DirtiesContextTestExecutionListener, org.springframework.test.context.transaction.TransactionalTestExecutionListener, org.springframework.test.context.jdbc.SqlScriptsTestExecutionListener]
2018-08-23 17:58:19.980  INFO 14144 --- [    Test worker] .b.t.c.SpringBootTestContextBootstrapper : Using TestExecutionListeners: [org.springframework.test.context.web.ServletTestExecutionListener@60c20037, org.springframework.test.context.support.DirtiesContextBeforeModesTestExecutionListener@4138f51d, org.springframework.boot.test.mock.mockito.MockitoTestExecutionListener@54847981, org.springframework.boot.test.autoconfigure.SpringBootDependencyInjectionTestExecutionListener@4d86a610, org.springframework.test.context.support.DirtiesContextTestExecutionListener@3d35c42f, org.springframework.test.context.transaction.TransactionalTestExecutionListener@3b235e89, org.springframework.test.context.jdbc.SqlScriptsTestExecutionListener@4c1c601d, org.springframework.boot.test.autoconfigure.restdocs.RestDocsTestExecutionListener@3452f9a8, org.springframework.boot.test.autoconfigure.web.client.MockRestServiceServerResetTestExecutionListener@275547b1, org.springframework.boot.test.autoconfigure.web.servlet.MockMvcPrintOnlyOnFailureTestExecutionListener@6a392c4, org.springframework.boot.test.autoconfigure.web.servlet.WebDriverTestExecutionListener@29101685, org.springframework.boot.test.mock.mockito.ResetMocksTestExecutionListener@aac35b6]

  .   ____          _            __ _ _
 /\\ / ___'_ __ _ _(_)_ __  __ _ \ \ \ \
( ( )\___ | '_ | '_| | '_ \/ _` | \ \ \ \
 \\/  ___)| |_)| | | | | || (_| |  ) ) ) )
  '  |____| .__|_| |_|_| |_\__, | / / / /
 =========|_|==============|___/=/_/_/_/
 :: Spring Boot ::             (v2.1.0.M1)

2018-08-23 17:58:20.021  INFO 14144 --- [    Test worker] e.j.h.t.TestParqueaderoEspacioDisponible : Starting TestParqueaderoEspacioDisponible on JULIAN-HENAO with PID 14144 (started by julian.henao in C:\Users\julian.henao\workspace\adnjulianhenao)
2018-08-23 17:58:20.022  INFO 14144 --- [    Test worker] e.j.h.t.TestParqueaderoEspacioDisponible : No active profile set, falling back to default profiles: default
2018-08-23 17:58:20.667  INFO 14144 --- [    Test worker] trationDelegate$BeanPostProcessorChecker : Bean 'org.springframework.transaction.annotation.ProxyTransactionManagementConfiguration' of type [org.springframework.transaction.annotation.ProxyTransactionManagementConfiguration$$EnhancerBySpringCGLIB$$bc39c7a1] is not eligible for getting processed by all BeanPostProcessors (for example: not eligible for auto-proxying)
2018-08-23 17:58:20.685  INFO 14144 --- [    Test worker] trationDelegate$BeanPostProcessorChecker : Bean 'org.springframework.hateoas.config.HateoasConfiguration' of type [org.springframework.hateoas.config.HateoasConfiguration$$EnhancerBySpringCGLIB$$3bba14d3] is not eligible for getting processed by all BeanPostProcessors (for example: not eligible for auto-proxying)
2018-08-23 17:58:20.876  INFO 14144 --- [    Test worker] o.s.b.w.embedded.tomcat.TomcatWebServer  : Tomcat initialized with port(s): 0 (http)
2018-08-23 17:58:20.878  INFO 14144 --- [    Test worker] o.apache.catalina.core.StandardService   : Starting service [Tomcat]
2018-08-23 17:58:20.879  INFO 14144 --- [    Test worker] org.apache.catalina.core.StandardEngine  : Starting Servlet Engine: Apache Tomcat/9.0.10
2018-08-23 17:58:20.906  INFO 14144 --- [    Test worker] o.a.c.c.C.[Tomcat-2].[localhost].[/]     : Initializing Spring embedded WebApplicationContext
2018-08-23 17:58:20.907  INFO 14144 --- [    Test worker] o.s.web.context.ContextLoader            : Root WebApplicationContext: initialization completed in 882 ms
2018-08-23 17:58:21.093  INFO 14144 --- [    Test worker] o.s.b.w.servlet.ServletRegistrationBean  : Servlet dispatcherServlet mapped to [/]
2018-08-23 17:58:21.094  INFO 14144 --- [    Test worker] o.s.b.w.servlet.ServletRegistrationBean  : Servlet webServlet mapped to [/h2/*]
2018-08-23 17:58:21.096  INFO 14144 --- [    Test worker] o.s.b.w.servlet.FilterRegistrationBean   : Mapping filter: 'characterEncodingFilter' to: [/*]
2018-08-23 17:58:21.096  INFO 14144 --- [    Test worker] o.s.b.w.servlet.FilterRegistrationBean   : Mapping filter: 'hiddenHttpMethodFilter' to: [/*]
2018-08-23 17:58:21.096  INFO 14144 --- [    Test worker] o.s.b.w.servlet.FilterRegistrationBean   : Mapping filter: 'httpPutFormContentFilter' to: [/*]
2018-08-23 17:58:21.097  INFO 14144 --- [    Test worker] o.s.b.w.servlet.FilterRegistrationBean   : Mapping filter: 'requestContextFilter' to: [/*]
2018-08-23 17:58:21.227  INFO 14144 --- [    Test worker] com.zaxxer.hikari.HikariDataSource       : HikariPool-1 - Starting...
2018-08-23 17:58:21.341  INFO 14144 --- [    Test worker] com.zaxxer.hikari.HikariDataSource       : HikariPool-1 - Start completed.
2018-08-23 17:58:21.413  INFO 14144 --- [    Test worker] o.hibernate.jpa.internal.util.LogHelper  : HHH000204: Processing PersistenceUnitInfo [
	name: default
	...]
2018-08-23 17:58:21.440  INFO 14144 --- [    Test worker] org.hibernate.dialect.Dialect            : HHH000400: Using dialect: org.hibernate.dialect.H2Dialect
2018-08-23 17:58:21.575  INFO 14144 --- [    Test worker] o.h.t.schema.internal.SchemaCreatorImpl  : HHH000476: Executing import script 'ScriptSourceInputFromUrl(file:/C:/Users/julian.henao/workspace/adnjulianhenao/build/resources/main/import.sql)'
2018-08-23 17:58:21.584  INFO 14144 --- [    Test worker] j.LocalContainerEntityManagerFactoryBean : Initialized JPA EntityManagerFactory for persistence unit 'default'
2018-08-23 17:58:22.574  WARN 14144 --- [    Test worker] aWebConfiguration$JpaWebMvcConfiguration : spring.jpa.open-in-view is enabled by default. Therefore, database queries may be performed during view rendering. Explicitly configure spring.jpa.open-in-view to disable this warning
2018-08-23 17:58:23.101  INFO 14144 --- [    Test worker] o.s.b.w.embedded.tomcat.TomcatWebServer  : Tomcat started on port(s): 52943 (http) with context path ''
2018-08-23 17:58:23.102  INFO 14144 --- [    Test worker] e.j.h.t.TestParqueaderoEspacioDisponible : Started TestParqueaderoEspacioDisponible in 3.119 seconds (JVM running for 24.095)
2018-08-23 17:58:23.463  INFO 14144 --- [o-auto-3-exec-1] o.a.c.c.C.[Tomcat-2].[localhost].[/]     : Initializing Spring DispatcherServlet 'dispatcherServlet'
2018-08-23 17:58:23.464  INFO 14144 --- [o-auto-3-exec-1] o.s.web.servlet.DispatcherServlet        : Initializing Servlet 'dispatcherServlet'
2018-08-23 17:58:23.505  INFO 14144 --- [o-auto-3-exec-1] o.s.web.servlet.DispatcherServlet        : Completed initialization in 41 ms
2018-08-23 17:58:23.936  INFO 14144 --- [o-auto-3-exec-3] o.h.h.i.QueryTranslatorFactoryInitiator  : HHH000397: Using ASTQueryTranslatorFactory
]]></system-out>
  <system-err><![CDATA[]]></system-err>
</testsuite>
