<?xml version="1.0" encoding="UTF-8"?>
<testsuite name="co.com.ceiba.estacionamiento.julian.henao.unitTest.SalidaVehiculo.TestReglaPlacaExiste" tests="2" skipped="0" failures="0" errors="0" timestamp="2018-10-16T22:57:51" hostname="JULIAN-HENAO" time="0.011">
  <properties/>
  <testcase name="ReglaPlacaIngresadaNOExiste" classname="co.com.ceiba.estacionamiento.julian.henao.unitTest.SalidaVehiculo.TestReglaPlacaExiste" time="0.005"/>
  <testcase name="ReglaConCilindrajeMENOR500Moto" classname="co.com.ceiba.estacionamiento.julian.henao.unitTest.SalidaVehiculo.TestReglaPlacaExiste" time="0.004"/>
  <system-out><![CDATA[2018-10-16 17:57:49.132  INFO 6468 --- [    Test worker] .b.t.c.SpringBootTestContextBootstrapper : Neither @ContextConfiguration nor @ContextHierarchy found for test class [co.com.ceiba.estacionamiento.julian.henao.unitTest.SalidaVehiculo.TestReglaPlacaExiste], using SpringBootContextLoader
2018-10-16 17:57:49.134  INFO 6468 --- [    Test worker] o.s.t.c.support.AbstractContextLoader    : Could not detect default resource locations for test class [co.com.ceiba.estacionamiento.julian.henao.unitTest.SalidaVehiculo.TestReglaPlacaExiste]: no resource found for suffixes {-context.xml, Context.groovy}.
2018-10-16 17:57:49.134  INFO 6468 --- [    Test worker] t.c.s.AnnotationConfigContextLoaderUtils : Could not detect default configuration classes for test class [co.com.ceiba.estacionamiento.julian.henao.unitTest.SalidaVehiculo.TestReglaPlacaExiste]: TestReglaPlacaExiste does not declare any static, non-private, non-final, nested classes annotated with @Configuration.
2018-10-16 17:57:49.136  INFO 6468 --- [    Test worker] .b.t.c.SpringBootTestContextBootstrapper : Found @SpringBootConfiguration co.com.ceiba.estacionamiento.julian.henao.AdnJulianHenaoApplication for test class co.com.ceiba.estacionamiento.julian.henao.unitTest.SalidaVehiculo.TestReglaPlacaExiste
2018-10-16 17:57:49.138  INFO 6468 --- [    Test worker] .b.t.c.SpringBootTestContextBootstrapper : Loaded default TestExecutionListener class names from location [META-INF/spring.factories]: [org.springframework.boot.test.autoconfigure.restdocs.RestDocsTestExecutionListener, org.springframework.boot.test.autoconfigure.web.client.MockRestServiceServerResetTestExecutionListener, org.springframework.boot.test.autoconfigure.web.servlet.MockMvcPrintOnlyOnFailureTestExecutionListener, org.springframework.boot.test.autoconfigure.web.servlet.WebDriverTestExecutionListener, org.springframework.boot.test.mock.mockito.MockitoTestExecutionListener, org.springframework.boot.test.mock.mockito.ResetMocksTestExecutionListener, org.springframework.test.context.web.ServletTestExecutionListener, org.springframework.test.context.support.DirtiesContextBeforeModesTestExecutionListener, org.springframework.test.context.support.DependencyInjectionTestExecutionListener, org.springframework.test.context.support.DirtiesContextTestExecutionListener, org.springframework.test.context.transaction.TransactionalTestExecutionListener, org.springframework.test.context.jdbc.SqlScriptsTestExecutionListener]
2018-10-16 17:57:49.139  INFO 6468 --- [    Test worker] .b.t.c.SpringBootTestContextBootstrapper : Using TestExecutionListeners: [org.springframework.test.context.web.ServletTestExecutionListener@2ec51c4e, org.springframework.test.context.support.DirtiesContextBeforeModesTestExecutionListener@4e4a5448, org.springframework.boot.test.mock.mockito.MockitoTestExecutionListener@30ee5881, org.springframework.boot.test.autoconfigure.SpringBootDependencyInjectionTestExecutionListener@453670fe, org.springframework.test.context.support.DirtiesContextTestExecutionListener@4397337a, org.springframework.test.context.transaction.TransactionalTestExecutionListener@5f63d754, org.springframework.test.context.jdbc.SqlScriptsTestExecutionListener@1d0bb669, org.springframework.boot.test.autoconfigure.restdocs.RestDocsTestExecutionListener@6b4c94b6, org.springframework.boot.test.autoconfigure.web.client.MockRestServiceServerResetTestExecutionListener@113a7646, org.springframework.boot.test.autoconfigure.web.servlet.MockMvcPrintOnlyOnFailureTestExecutionListener@5022da42, org.springframework.boot.test.autoconfigure.web.servlet.WebDriverTestExecutionListener@105a86d1, org.springframework.boot.test.mock.mockito.ResetMocksTestExecutionListener@1fbc4948]

  .   ____          _            __ _ _
 /\\ / ___'_ __ _ _(_)_ __  __ _ \ \ \ \
( ( )\___ | '_ | '_| | '_ \/ _` | \ \ \ \
 \\/  ___)| |_)| | | | | || (_| |  ) ) ) )
  '  |____| .__|_| |_|_| |_\__, | / / / /
 =========|_|==============|___/=/_/_/_/
 :: Spring Boot ::             (v2.1.0.M1)

2018-10-16 17:57:49.168  INFO 6468 --- [    Test worker] c.c.c.e.j.h.u.S.TestReglaPlacaExiste     : Starting TestReglaPlacaExiste on JULIAN-HENAO with PID 6468 (started by julian.henao in C:\Users\julian.henao\workspace\adnjulianhenao)
2018-10-16 17:57:49.169  INFO 6468 --- [    Test worker] c.c.c.e.j.h.u.S.TestReglaPlacaExiste     : No active profile set, falling back to default profiles: default
2018-10-16 17:57:49.709  INFO 6468 --- [    Test worker] trationDelegate$BeanPostProcessorChecker : Bean 'org.springframework.transaction.annotation.ProxyTransactionManagementConfiguration' of type [org.springframework.transaction.annotation.ProxyTransactionManagementConfiguration$$EnhancerBySpringCGLIB$$c5204f4d] is not eligible for getting processed by all BeanPostProcessors (for example: not eligible for auto-proxying)
2018-10-16 17:57:49.734  INFO 6468 --- [    Test worker] trationDelegate$BeanPostProcessorChecker : Bean 'org.springframework.hateoas.config.HateoasConfiguration' of type [org.springframework.hateoas.config.HateoasConfiguration$$EnhancerBySpringCGLIB$$44a09c7f] is not eligible for getting processed by all BeanPostProcessors (for example: not eligible for auto-proxying)
2018-10-16 17:57:49.847  INFO 6468 --- [    Test worker] com.zaxxer.hikari.HikariDataSource       : HikariPool-6 - Starting...
2018-10-16 17:57:49.848  INFO 6468 --- [    Test worker] com.zaxxer.hikari.HikariDataSource       : HikariPool-6 - Start completed.
2018-10-16 17:57:49.897  INFO 6468 --- [    Test worker] o.hibernate.jpa.internal.util.LogHelper  : HHH000204: Processing PersistenceUnitInfo [
	name: default
	...]
2018-10-16 17:57:49.925  INFO 6468 --- [    Test worker] org.hibernate.dialect.Dialect            : HHH000400: Using dialect: org.hibernate.dialect.H2Dialect
2018-10-16 17:57:50.012  INFO 6468 --- [    Test worker] o.h.t.schema.internal.SchemaCreatorImpl  : HHH000476: Executing import script 'ScriptSourceInputFromUrl(file:/C:/Users/julian.henao/workspace/adnjulianhenao/build/resources/main/import.sql)'
2018-10-16 17:57:50.017  INFO 6468 --- [    Test worker] j.LocalContainerEntityManagerFactoryBean : Initialized JPA EntityManagerFactory for persistence unit 'default'
2018-10-16 17:57:50.757  WARN 6468 --- [    Test worker] aWebConfiguration$JpaWebMvcConfiguration : spring.jpa.open-in-view is enabled by default. Therefore, database queries may be performed during view rendering. Explicitly configure spring.jpa.open-in-view to disable this warning
2018-10-16 17:57:50.872  INFO 6468 --- [    Test worker] o.s.b.a.w.s.WelcomePageHandlerMapping    : Adding welcome page: class path resource [static/index.html]
2018-10-16 17:57:51.157  INFO 6468 --- [    Test worker] c.c.c.e.j.h.u.S.TestReglaPlacaExiste     : Started TestReglaPlacaExiste in 2.016 seconds (JVM running for 29.543)
]]></system-out>
  <system-err><![CDATA[]]></system-err>
</testsuite>
