<?xml version="1.0" encoding="UTF-8"?>
<testsuite name="co.com.ceiba.estacionamiento.julian.henao.testUnit.EntradaVehiculo.TestReglaTipoVehiculo" tests="3" skipped="0" failures="0" errors="0" timestamp="2018-09-20T13:42:42" hostname="JULIAN-HENAO" time="0.02">
  <properties/>
  <testcase name="ReglaEntradaTipoVehiculoDiferenteNOPuedeEntrar" classname="co.com.ceiba.estacionamiento.julian.henao.testUnit.EntradaVehiculo.TestReglaTipoVehiculo" time="0.005"/>
  <testcase name="ReglaEntradaTipoVehiculoMotoPuedeEntrar" classname="co.com.ceiba.estacionamiento.julian.henao.testUnit.EntradaVehiculo.TestReglaTipoVehiculo" time="0.005"/>
  <testcase name="ReglaEntradaTipoVehiculoAutoPuedeEntrar" classname="co.com.ceiba.estacionamiento.julian.henao.testUnit.EntradaVehiculo.TestReglaTipoVehiculo" time="0.006"/>
  <system-out><![CDATA[2018-09-20 08:42:39.631  INFO 17836 --- [    Test worker] .b.t.c.SpringBootTestContextBootstrapper : Neither @ContextConfiguration nor @ContextHierarchy found for test class [co.com.ceiba.estacionamiento.julian.henao.testUnit.EntradaVehiculo.TestReglaTipoVehiculo], using SpringBootContextLoader
2018-09-20 08:42:39.633  INFO 17836 --- [    Test worker] o.s.t.c.support.AbstractContextLoader    : Could not detect default resource locations for test class [co.com.ceiba.estacionamiento.julian.henao.testUnit.EntradaVehiculo.TestReglaTipoVehiculo]: no resource found for suffixes {-context.xml, Context.groovy}.
2018-09-20 08:42:39.634  INFO 17836 --- [    Test worker] t.c.s.AnnotationConfigContextLoaderUtils : Could not detect default configuration classes for test class [co.com.ceiba.estacionamiento.julian.henao.testUnit.EntradaVehiculo.TestReglaTipoVehiculo]: TestReglaTipoVehiculo does not declare any static, non-private, non-final, nested classes annotated with @Configuration.
2018-09-20 08:42:39.638  INFO 17836 --- [    Test worker] .b.t.c.SpringBootTestContextBootstrapper : Found @SpringBootConfiguration co.com.ceiba.estacionamiento.julian.henao.AdnJulianHenaoApplication for test class co.com.ceiba.estacionamiento.julian.henao.testUnit.EntradaVehiculo.TestReglaTipoVehiculo
2018-09-20 08:42:39.640  INFO 17836 --- [    Test worker] .b.t.c.SpringBootTestContextBootstrapper : Loaded default TestExecutionListener class names from location [META-INF/spring.factories]: [org.springframework.boot.test.autoconfigure.restdocs.RestDocsTestExecutionListener, org.springframework.boot.test.autoconfigure.web.client.MockRestServiceServerResetTestExecutionListener, org.springframework.boot.test.autoconfigure.web.servlet.MockMvcPrintOnlyOnFailureTestExecutionListener, org.springframework.boot.test.autoconfigure.web.servlet.WebDriverTestExecutionListener, org.springframework.boot.test.mock.mockito.MockitoTestExecutionListener, org.springframework.boot.test.mock.mockito.ResetMocksTestExecutionListener, org.springframework.test.context.web.ServletTestExecutionListener, org.springframework.test.context.support.DirtiesContextBeforeModesTestExecutionListener, org.springframework.test.context.support.DependencyInjectionTestExecutionListener, org.springframework.test.context.support.DirtiesContextTestExecutionListener, org.springframework.test.context.transaction.TransactionalTestExecutionListener, org.springframework.test.context.jdbc.SqlScriptsTestExecutionListener]
2018-09-20 08:42:39.643  INFO 17836 --- [    Test worker] .b.t.c.SpringBootTestContextBootstrapper : Using TestExecutionListeners: [org.springframework.test.context.web.ServletTestExecutionListener@4ca2b1ba, org.springframework.test.context.support.DirtiesContextBeforeModesTestExecutionListener@6809a705, org.springframework.boot.test.mock.mockito.MockitoTestExecutionListener@791a735c, org.springframework.boot.test.autoconfigure.SpringBootDependencyInjectionTestExecutionListener@35d5f061, org.springframework.test.context.support.DirtiesContextTestExecutionListener@6ca3a800, org.springframework.test.context.transaction.TransactionalTestExecutionListener@49b70b1e, org.springframework.test.context.jdbc.SqlScriptsTestExecutionListener@639d01e7, org.springframework.boot.test.autoconfigure.restdocs.RestDocsTestExecutionListener@79d1a30d, org.springframework.boot.test.autoconfigure.web.client.MockRestServiceServerResetTestExecutionListener@8c3e79f, org.springframework.boot.test.autoconfigure.web.servlet.MockMvcPrintOnlyOnFailureTestExecutionListener@795de262, org.springframework.boot.test.autoconfigure.web.servlet.WebDriverTestExecutionListener@72445697, org.springframework.boot.test.mock.mockito.ResetMocksTestExecutionListener@6795a19]

  .   ____          _            __ _ _
 /\\ / ___'_ __ _ _(_)_ __  __ _ \ \ \ \
( ( )\___ | '_ | '_| | '_ \/ _` | \ \ \ \
 \\/  ___)| |_)| | | | | || (_| |  ) ) ) )
  '  |____| .__|_| |_|_| |_\__, | / / / /
 =========|_|==============|___/=/_/_/_/
 :: Spring Boot ::             (v2.1.0.M1)

2018-09-20 08:42:39.692  INFO 17836 --- [    Test worker] c.c.c.e.j.h.t.E.TestReglaTipoVehiculo    : Starting TestReglaTipoVehiculo on JULIAN-HENAO with PID 17836 (started by julian.henao in C:\Users\julian.henao\workspace\adnjulianhenao)
2018-09-20 08:42:39.693  INFO 17836 --- [    Test worker] c.c.c.e.j.h.t.E.TestReglaTipoVehiculo    : No active profile set, falling back to default profiles: default
2018-09-20 08:42:40.352  INFO 17836 --- [    Test worker] trationDelegate$BeanPostProcessorChecker : Bean 'org.springframework.transaction.annotation.ProxyTransactionManagementConfiguration' of type [org.springframework.transaction.annotation.ProxyTransactionManagementConfiguration$$EnhancerBySpringCGLIB$$910e8e8] is not eligible for getting processed by all BeanPostProcessors (for example: not eligible for auto-proxying)
2018-09-20 08:42:40.378  INFO 17836 --- [    Test worker] trationDelegate$BeanPostProcessorChecker : Bean 'org.springframework.hateoas.config.HateoasConfiguration' of type [org.springframework.hateoas.config.HateoasConfiguration$$EnhancerBySpringCGLIB$$8891361a] is not eligible for getting processed by all BeanPostProcessors (for example: not eligible for auto-proxying)
2018-09-20 08:42:40.513  INFO 17836 --- [    Test worker] com.zaxxer.hikari.HikariDataSource       : HikariPool-4 - Starting...
2018-09-20 08:42:40.514  INFO 17836 --- [    Test worker] com.zaxxer.hikari.HikariDataSource       : HikariPool-4 - Start completed.
2018-09-20 08:42:40.574  INFO 17836 --- [    Test worker] o.hibernate.jpa.internal.util.LogHelper  : HHH000204: Processing PersistenceUnitInfo [
	name: default
	...]
2018-09-20 08:42:40.613  INFO 17836 --- [    Test worker] org.hibernate.dialect.Dialect            : HHH000400: Using dialect: org.hibernate.dialect.H2Dialect
2018-09-20 08:42:40.725  INFO 17836 --- [    Test worker] o.h.t.schema.internal.SchemaCreatorImpl  : HHH000476: Executing import script 'ScriptSourceInputFromUrl(file:/C:/Users/julian.henao/workspace/adnjulianhenao/build/resources/main/import.sql)'
2018-09-20 08:42:40.732  INFO 17836 --- [    Test worker] j.LocalContainerEntityManagerFactoryBean : Initialized JPA EntityManagerFactory for persistence unit 'default'
2018-09-20 08:42:41.769  WARN 17836 --- [    Test worker] aWebConfiguration$JpaWebMvcConfiguration : spring.jpa.open-in-view is enabled by default. Therefore, database queries may be performed during view rendering. Explicitly configure spring.jpa.open-in-view to disable this warning
2018-09-20 08:42:42.239  INFO 17836 --- [    Test worker] c.c.c.e.j.h.t.E.TestReglaTipoVehiculo    : Started TestReglaTipoVehiculo in 2.59 seconds (JVM running for 24.912)
]]></system-out>
  <system-err><![CDATA[]]></system-err>
</testsuite>
