<?xml version="1.0" encoding="UTF-8"?>
<testsuite name="co.com.ceiba.estacionamiento.julian.henao.testUnit.EntradaVehiculo.TestReglaVehiculoSinSalirVuelveAEntrar" tests="2" skipped="0" failures="0" errors="0" timestamp="2018-10-04T21:20:19" hostname="JULIAN-HENAO" time="0.022">
  <properties/>
  <testcase name="ReglaVehiculoSINRegistrarPuedeEntrar" classname="co.com.ceiba.estacionamiento.julian.henao.testUnit.EntradaVehiculo.TestReglaVehiculoSinSalirVuelveAEntrar" time="0.015"/>
  <testcase name="ReglaVehiculoRegistradoNoPuedeVolverAEntrar" classname="co.com.ceiba.estacionamiento.julian.henao.testUnit.EntradaVehiculo.TestReglaVehiculoSinSalirVuelveAEntrar" time="0.005"/>
  <system-out><![CDATA[2018-10-04 16:20:16.997  INFO 10100 --- [    Test worker] .b.t.c.SpringBootTestContextBootstrapper : Neither @ContextConfiguration nor @ContextHierarchy found for test class [co.com.ceiba.estacionamiento.julian.henao.testUnit.EntradaVehiculo.TestReglaVehiculoSinSalirVuelveAEntrar], using SpringBootContextLoader
2018-10-04 16:20:16.999  INFO 10100 --- [    Test worker] o.s.t.c.support.AbstractContextLoader    : Could not detect default resource locations for test class [co.com.ceiba.estacionamiento.julian.henao.testUnit.EntradaVehiculo.TestReglaVehiculoSinSalirVuelveAEntrar]: no resource found for suffixes {-context.xml, Context.groovy}.
2018-10-04 16:20:17.000  INFO 10100 --- [    Test worker] t.c.s.AnnotationConfigContextLoaderUtils : Could not detect default configuration classes for test class [co.com.ceiba.estacionamiento.julian.henao.testUnit.EntradaVehiculo.TestReglaVehiculoSinSalirVuelveAEntrar]: TestReglaVehiculoSinSalirVuelveAEntrar does not declare any static, non-private, non-final, nested classes annotated with @Configuration.
2018-10-04 16:20:17.005  INFO 10100 --- [    Test worker] .b.t.c.SpringBootTestContextBootstrapper : Found @SpringBootConfiguration co.com.ceiba.estacionamiento.julian.henao.AdnJulianHenaoApplication for test class co.com.ceiba.estacionamiento.julian.henao.testUnit.EntradaVehiculo.TestReglaVehiculoSinSalirVuelveAEntrar
2018-10-04 16:20:17.008  INFO 10100 --- [    Test worker] .b.t.c.SpringBootTestContextBootstrapper : Loaded default TestExecutionListener class names from location [META-INF/spring.factories]: [org.springframework.boot.test.autoconfigure.restdocs.RestDocsTestExecutionListener, org.springframework.boot.test.autoconfigure.web.client.MockRestServiceServerResetTestExecutionListener, org.springframework.boot.test.autoconfigure.web.servlet.MockMvcPrintOnlyOnFailureTestExecutionListener, org.springframework.boot.test.autoconfigure.web.servlet.WebDriverTestExecutionListener, org.springframework.boot.test.mock.mockito.MockitoTestExecutionListener, org.springframework.boot.test.mock.mockito.ResetMocksTestExecutionListener, org.springframework.test.context.web.ServletTestExecutionListener, org.springframework.test.context.support.DirtiesContextBeforeModesTestExecutionListener, org.springframework.test.context.support.DependencyInjectionTestExecutionListener, org.springframework.test.context.support.DirtiesContextTestExecutionListener, org.springframework.test.context.transaction.TransactionalTestExecutionListener, org.springframework.test.context.jdbc.SqlScriptsTestExecutionListener]
2018-10-04 16:20:17.009  INFO 10100 --- [    Test worker] .b.t.c.SpringBootTestContextBootstrapper : Using TestExecutionListeners: [org.springframework.test.context.web.ServletTestExecutionListener@31b0fa46, org.springframework.test.context.support.DirtiesContextBeforeModesTestExecutionListener@324686a0, org.springframework.boot.test.mock.mockito.MockitoTestExecutionListener@7ca58d3f, org.springframework.boot.test.autoconfigure.SpringBootDependencyInjectionTestExecutionListener@777ff70e, org.springframework.test.context.support.DirtiesContextTestExecutionListener@41ab416d, org.springframework.test.context.transaction.TransactionalTestExecutionListener@47debc7e, org.springframework.test.context.jdbc.SqlScriptsTestExecutionListener@17420dcf, org.springframework.boot.test.autoconfigure.restdocs.RestDocsTestExecutionListener@1f8d4fae, org.springframework.boot.test.autoconfigure.web.client.MockRestServiceServerResetTestExecutionListener@436c51b, org.springframework.boot.test.autoconfigure.web.servlet.MockMvcPrintOnlyOnFailureTestExecutionListener@36b9b4af, org.springframework.boot.test.autoconfigure.web.servlet.WebDriverTestExecutionListener@3192fbc2, org.springframework.boot.test.mock.mockito.ResetMocksTestExecutionListener@44172261]

  .   ____          _            __ _ _
 /\\ / ___'_ __ _ _(_)_ __  __ _ \ \ \ \
( ( )\___ | '_ | '_| | '_ \/ _` | \ \ \ \
 \\/  ___)| |_)| | | | | || (_| |  ) ) ) )
  '  |____| .__|_| |_|_| |_\__, | / / / /
 =========|_|==============|___/=/_/_/_/
 :: Spring Boot ::             (v2.1.0.M1)

2018-10-04 16:20:17.062  INFO 10100 --- [    Test worker] E.TestReglaVehiculoSinSalirVuelveAEntrar : Starting TestReglaVehiculoSinSalirVuelveAEntrar on JULIAN-HENAO with PID 10100 (started by julian.henao in C:\Users\julian.henao\workspace\adnjulianhenao)
2018-10-04 16:20:17.063  INFO 10100 --- [    Test worker] E.TestReglaVehiculoSinSalirVuelveAEntrar : No active profile set, falling back to default profiles: default
2018-10-04 16:20:17.705  INFO 10100 --- [    Test worker] trationDelegate$BeanPostProcessorChecker : Bean 'org.springframework.transaction.annotation.ProxyTransactionManagementConfiguration' of type [org.springframework.transaction.annotation.ProxyTransactionManagementConfiguration$$EnhancerBySpringCGLIB$$910e8e8] is not eligible for getting processed by all BeanPostProcessors (for example: not eligible for auto-proxying)
2018-10-04 16:20:17.730  INFO 10100 --- [    Test worker] trationDelegate$BeanPostProcessorChecker : Bean 'org.springframework.hateoas.config.HateoasConfiguration' of type [org.springframework.hateoas.config.HateoasConfiguration$$EnhancerBySpringCGLIB$$8891361a] is not eligible for getting processed by all BeanPostProcessors (for example: not eligible for auto-proxying)
2018-10-04 16:20:17.857  INFO 10100 --- [    Test worker] com.zaxxer.hikari.HikariDataSource       : HikariPool-5 - Starting...
2018-10-04 16:20:17.859  INFO 10100 --- [    Test worker] com.zaxxer.hikari.HikariDataSource       : HikariPool-5 - Start completed.
2018-10-04 16:20:17.912  INFO 10100 --- [    Test worker] o.hibernate.jpa.internal.util.LogHelper  : HHH000204: Processing PersistenceUnitInfo [
	name: default
	...]
2018-10-04 16:20:17.939  INFO 10100 --- [    Test worker] org.hibernate.dialect.Dialect            : HHH000400: Using dialect: org.hibernate.dialect.H2Dialect
2018-10-04 16:20:18.034  INFO 10100 --- [    Test worker] o.h.t.schema.internal.SchemaCreatorImpl  : HHH000476: Executing import script 'ScriptSourceInputFromUrl(file:/C:/Users/julian.henao/workspace/adnjulianhenao/build/resources/main/import.sql)'
2018-10-04 16:20:18.049  INFO 10100 --- [    Test worker] j.LocalContainerEntityManagerFactoryBean : Initialized JPA EntityManagerFactory for persistence unit 'default'
2018-10-04 16:20:18.990  WARN 10100 --- [    Test worker] aWebConfiguration$JpaWebMvcConfiguration : spring.jpa.open-in-view is enabled by default. Therefore, database queries may be performed during view rendering. Explicitly configure spring.jpa.open-in-view to disable this warning
2018-10-04 16:20:19.112  INFO 10100 --- [    Test worker] o.s.b.a.w.s.WelcomePageHandlerMapping    : Adding welcome page: class path resource [static/index.html]
2018-10-04 16:20:19.431  INFO 10100 --- [    Test worker] E.TestReglaVehiculoSinSalirVuelveAEntrar : Started TestReglaVehiculoSinSalirVuelveAEntrar in 2.419 seconds (JVM running for 24.592)
]]></system-out>
  <system-err><![CDATA[]]></system-err>
</testsuite>
