<?xml version="1.0" encoding="UTF-8"?>
<testsuite name="co.com.ceiba.estacionamiento.julian.henao.testUnitarioEntradaVehiculo.TestReglaTipoVehiculo" tests="3" skipped="0" failures="0" errors="0" timestamp="2018-08-22T21:37:18" hostname="JULIAN-HENAO" time="0.014">
  <properties/>
  <testcase name="ReglaEntradaTipoVehiculoDiferenteNOPuedeEntrar" classname="co.com.ceiba.estacionamiento.julian.henao.testUnitarioEntradaVehiculo.TestReglaTipoVehiculo" time="0.005"/>
  <testcase name="ReglaEntradaTipoVehiculoMotoPuedeEntrar" classname="co.com.ceiba.estacionamiento.julian.henao.testUnitarioEntradaVehiculo.TestReglaTipoVehiculo" time="0.003"/>
  <testcase name="ReglaEntradaTipoVehiculoAutoPuedeEntrar" classname="co.com.ceiba.estacionamiento.julian.henao.testUnitarioEntradaVehiculo.TestReglaTipoVehiculo" time="0.003"/>
  <system-out><![CDATA[2018-08-22 16:37:16.172  INFO 10572 --- [    Test worker] .b.t.c.SpringBootTestContextBootstrapper : Neither @ContextConfiguration nor @ContextHierarchy found for test class [co.com.ceiba.estacionamiento.julian.henao.testUnitarioEntradaVehiculo.TestReglaTipoVehiculo], using SpringBootContextLoader
2018-08-22 16:37:16.174  INFO 10572 --- [    Test worker] o.s.t.c.support.AbstractContextLoader    : Could not detect default resource locations for test class [co.com.ceiba.estacionamiento.julian.henao.testUnitarioEntradaVehiculo.TestReglaTipoVehiculo]: no resource found for suffixes {-context.xml, Context.groovy}.
2018-08-22 16:37:16.174  INFO 10572 --- [    Test worker] t.c.s.AnnotationConfigContextLoaderUtils : Could not detect default configuration classes for test class [co.com.ceiba.estacionamiento.julian.henao.testUnitarioEntradaVehiculo.TestReglaTipoVehiculo]: TestReglaTipoVehiculo does not declare any static, non-private, non-final, nested classes annotated with @Configuration.
2018-08-22 16:37:16.178  INFO 10572 --- [    Test worker] .b.t.c.SpringBootTestContextBootstrapper : Found @SpringBootConfiguration co.com.ceiba.estacionamiento.julian.henao.AdnJulianHenaoApplication for test class co.com.ceiba.estacionamiento.julian.henao.testUnitarioEntradaVehiculo.TestReglaTipoVehiculo
2018-08-22 16:37:16.180  INFO 10572 --- [    Test worker] .b.t.c.SpringBootTestContextBootstrapper : Loaded default TestExecutionListener class names from location [META-INF/spring.factories]: [org.springframework.boot.test.autoconfigure.restdocs.RestDocsTestExecutionListener, org.springframework.boot.test.autoconfigure.web.client.MockRestServiceServerResetTestExecutionListener, org.springframework.boot.test.autoconfigure.web.servlet.MockMvcPrintOnlyOnFailureTestExecutionListener, org.springframework.boot.test.autoconfigure.web.servlet.WebDriverTestExecutionListener, org.springframework.boot.test.mock.mockito.MockitoTestExecutionListener, org.springframework.boot.test.mock.mockito.ResetMocksTestExecutionListener, org.springframework.test.context.web.ServletTestExecutionListener, org.springframework.test.context.support.DirtiesContextBeforeModesTestExecutionListener, org.springframework.test.context.support.DependencyInjectionTestExecutionListener, org.springframework.test.context.support.DirtiesContextTestExecutionListener, org.springframework.test.context.transaction.TransactionalTestExecutionListener, org.springframework.test.context.jdbc.SqlScriptsTestExecutionListener]
2018-08-22 16:37:16.181  INFO 10572 --- [    Test worker] .b.t.c.SpringBootTestContextBootstrapper : Using TestExecutionListeners: [org.springframework.test.context.web.ServletTestExecutionListener@62eb9654, org.springframework.test.context.support.DirtiesContextBeforeModesTestExecutionListener@ebd8479, org.springframework.boot.test.mock.mockito.MockitoTestExecutionListener@4e0192fa, org.springframework.boot.test.autoconfigure.SpringBootDependencyInjectionTestExecutionListener@dae52fa, org.springframework.test.context.support.DirtiesContextTestExecutionListener@33493c2d, org.springframework.test.context.transaction.TransactionalTestExecutionListener@51b5f871, org.springframework.test.context.jdbc.SqlScriptsTestExecutionListener@13e136ff, org.springframework.boot.test.autoconfigure.restdocs.RestDocsTestExecutionListener@6ca78ffb, org.springframework.boot.test.autoconfigure.web.client.MockRestServiceServerResetTestExecutionListener@16f57e16, org.springframework.boot.test.autoconfigure.web.servlet.MockMvcPrintOnlyOnFailureTestExecutionListener@68fd6ac9, org.springframework.boot.test.autoconfigure.web.servlet.WebDriverTestExecutionListener@72b1efe7, org.springframework.boot.test.mock.mockito.ResetMocksTestExecutionListener@22397e1d]

  .   ____          _            __ _ _
 /\\ / ___'_ __ _ _(_)_ __  __ _ \ \ \ \
( ( )\___ | '_ | '_| | '_ \/ _` | \ \ \ \
 \\/  ___)| |_)| | | | | || (_| |  ) ) ) )
  '  |____| .__|_| |_|_| |_\__, | / / / /
 =========|_|==============|___/=/_/_/_/
 :: Spring Boot ::             (v2.1.0.M1)

2018-08-22 16:37:16.220  INFO 10572 --- [    Test worker] c.c.c.e.j.h.t.TestReglaTipoVehiculo      : Starting TestReglaTipoVehiculo on JULIAN-HENAO with PID 10572 (started by julian.henao in C:\Users\julian.henao\workspace\adnjulianhenao)
2018-08-22 16:37:16.220  INFO 10572 --- [    Test worker] c.c.c.e.j.h.t.TestReglaTipoVehiculo      : No active profile set, falling back to default profiles: default
2018-08-22 16:37:16.742  INFO 10572 --- [    Test worker] trationDelegate$BeanPostProcessorChecker : Bean 'org.springframework.transaction.annotation.ProxyTransactionManagementConfiguration' of type [org.springframework.transaction.annotation.ProxyTransactionManagementConfiguration$$EnhancerBySpringCGLIB$$e9eaf24b] is not eligible for getting processed by all BeanPostProcessors (for example: not eligible for auto-proxying)
2018-08-22 16:37:16.756  INFO 10572 --- [    Test worker] trationDelegate$BeanPostProcessorChecker : Bean 'org.springframework.hateoas.config.HateoasConfiguration' of type [org.springframework.hateoas.config.HateoasConfiguration$$EnhancerBySpringCGLIB$$696b3f7d] is not eligible for getting processed by all BeanPostProcessors (for example: not eligible for auto-proxying)
2018-08-22 16:37:16.862  INFO 10572 --- [    Test worker] com.zaxxer.hikari.HikariDataSource       : HikariPool-5 - Starting...
2018-08-22 16:37:16.864  INFO 10572 --- [    Test worker] com.zaxxer.hikari.HikariDataSource       : HikariPool-5 - Start completed.
2018-08-22 16:37:16.904  INFO 10572 --- [    Test worker] o.hibernate.jpa.internal.util.LogHelper  : HHH000204: Processing PersistenceUnitInfo [
	name: default
	...]
2018-08-22 16:37:16.922  INFO 10572 --- [    Test worker] org.hibernate.dialect.Dialect            : HHH000400: Using dialect: org.hibernate.dialect.H2Dialect
2018-08-22 16:37:17.000  INFO 10572 --- [    Test worker] o.h.t.schema.internal.SchemaCreatorImpl  : HHH000476: Executing import script 'org.hibernate.tool.schema.internal.exec.ScriptSourceInputNonExistentImpl@4bfcbc05'
2018-08-22 16:37:17.001  INFO 10572 --- [    Test worker] j.LocalContainerEntityManagerFactoryBean : Initialized JPA EntityManagerFactory for persistence unit 'default'
2018-08-22 16:37:17.808  WARN 10572 --- [    Test worker] aWebConfiguration$JpaWebMvcConfiguration : spring.jpa.open-in-view is enabled by default. Therefore, database queries may be performed during view rendering. Explicitly configure spring.jpa.open-in-view to disable this warning
2018-08-22 16:37:18.114  INFO 10572 --- [    Test worker] c.c.c.e.j.h.t.TestReglaTipoVehiculo      : Started TestReglaTipoVehiculo in 1.93 seconds (JVM running for 31.415)
]]></system-out>
  <system-err><![CDATA[]]></system-err>
</testsuite>
