<?xml version="1.0" encoding="UTF-8"?>
<testsuite name="co.com.ceiba.estacionamiento.julian.henao.testIntegration.ConsultaServicios.TestParqueaderoEspacioDisponible" tests="3" skipped="0" failures="0" errors="0" timestamp="2018-09-20T13:53:18" hostname="JULIAN-HENAO" time="2.364">
  <properties/>
  <testcase name="crearTipoVehiculoExitoso" classname="co.com.ceiba.estacionamiento.julian.henao.testIntegration.ConsultaServicios.TestParqueaderoEspacioDisponible" time="1.578"/>
  <testcase name="crearTipoVehiculoNulo" classname="co.com.ceiba.estacionamiento.julian.henao.testIntegration.ConsultaServicios.TestParqueaderoEspacioDisponible" time="0.096"/>
  <testcase name="obtenerEspacios" classname="co.com.ceiba.estacionamiento.julian.henao.testIntegration.ConsultaServicios.TestParqueaderoEspacioDisponible" time="0.688"/>
  <system-out><![CDATA[08:53:01.542 [Test worker] DEBUG org.springframework.test.context.junit4.SpringJUnit4ClassRunner - SpringJUnit4ClassRunner constructor called with [class co.com.ceiba.estacionamiento.julian.henao.testIntegration.ConsultaServicios.TestParqueaderoEspacioDisponible]
08:53:01.562 [Test worker] DEBUG org.springframework.test.context.BootstrapUtils - Instantiating CacheAwareContextLoaderDelegate from class [org.springframework.test.context.cache.DefaultCacheAwareContextLoaderDelegate]
08:53:01.588 [Test worker] DEBUG org.springframework.test.context.BootstrapUtils - Instantiating BootstrapContext using constructor [public org.springframework.test.context.support.DefaultBootstrapContext(java.lang.Class,org.springframework.test.context.CacheAwareContextLoaderDelegate)]
08:53:01.642 [Test worker] DEBUG org.springframework.test.context.BootstrapUtils - Instantiating TestContextBootstrapper for test class [co.com.ceiba.estacionamiento.julian.henao.testIntegration.ConsultaServicios.TestParqueaderoEspacioDisponible] from class [org.springframework.boot.test.context.SpringBootTestContextBootstrapper]
08:53:01.674 [Test worker] INFO org.springframework.boot.test.context.SpringBootTestContextBootstrapper - Neither @ContextConfiguration nor @ContextHierarchy found for test class [co.com.ceiba.estacionamiento.julian.henao.testIntegration.ConsultaServicios.TestParqueaderoEspacioDisponible], using SpringBootContextLoader
08:53:01.705 [Test worker] DEBUG org.springframework.test.context.support.AbstractContextLoader - Did not detect default resource location for test class [co.com.ceiba.estacionamiento.julian.henao.testIntegration.ConsultaServicios.TestParqueaderoEspacioDisponible]: class path resource [co/com/ceiba/estacionamiento/julian/henao/testIntegration/ConsultaServicios/TestParqueaderoEspacioDisponible-context.xml] does not exist
08:53:01.707 [Test worker] DEBUG org.springframework.test.context.support.AbstractContextLoader - Did not detect default resource location for test class [co.com.ceiba.estacionamiento.julian.henao.testIntegration.ConsultaServicios.TestParqueaderoEspacioDisponible]: class path resource [co/com/ceiba/estacionamiento/julian/henao/testIntegration/ConsultaServicios/TestParqueaderoEspacioDisponibleContext.groovy] does not exist
08:53:01.709 [Test worker] INFO org.springframework.test.context.support.AbstractContextLoader - Could not detect default resource locations for test class [co.com.ceiba.estacionamiento.julian.henao.testIntegration.ConsultaServicios.TestParqueaderoEspacioDisponible]: no resource found for suffixes {-context.xml, Context.groovy}.
08:53:01.712 [Test worker] INFO org.springframework.test.context.support.AnnotationConfigContextLoaderUtils - Could not detect default configuration classes for test class [co.com.ceiba.estacionamiento.julian.henao.testIntegration.ConsultaServicios.TestParqueaderoEspacioDisponible]: TestParqueaderoEspacioDisponible does not declare any static, non-private, non-final, nested classes annotated with @Configuration.
08:53:01.841 [Test worker] DEBUG org.springframework.test.context.support.ActiveProfilesUtils - Could not find an 'annotation declaring class' for annotation type [org.springframework.test.context.ActiveProfiles] and class [co.com.ceiba.estacionamiento.julian.henao.testIntegration.ConsultaServicios.TestParqueaderoEspacioDisponible]
08:53:02.086 [Test worker] DEBUG org.springframework.context.annotation.ClassPathScanningCandidateComponentProvider - Identified candidate component class: file [C:\Users\julian.henao\workspace\adnjulianhenao\build\classes\java\main\co\com\ceiba\estacionamiento\julian\henao\AdnJulianHenaoApplication.class]
08:53:02.091 [Test worker] INFO org.springframework.boot.test.context.SpringBootTestContextBootstrapper - Found @SpringBootConfiguration co.com.ceiba.estacionamiento.julian.henao.AdnJulianHenaoApplication for test class co.com.ceiba.estacionamiento.julian.henao.testIntegration.ConsultaServicios.TestParqueaderoEspacioDisponible
08:53:02.431 [Test worker] DEBUG org.springframework.boot.test.context.SpringBootTestContextBootstrapper - @TestExecutionListeners is not present for class [co.com.ceiba.estacionamiento.julian.henao.testIntegration.ConsultaServicios.TestParqueaderoEspacioDisponible]: using defaults.
08:53:02.433 [Test worker] INFO org.springframework.boot.test.context.SpringBootTestContextBootstrapper - Loaded default TestExecutionListener class names from location [META-INF/spring.factories]: [org.springframework.boot.test.autoconfigure.restdocs.RestDocsTestExecutionListener, org.springframework.boot.test.autoconfigure.web.client.MockRestServiceServerResetTestExecutionListener, org.springframework.boot.test.autoconfigure.web.servlet.MockMvcPrintOnlyOnFailureTestExecutionListener, org.springframework.boot.test.autoconfigure.web.servlet.WebDriverTestExecutionListener, org.springframework.boot.test.mock.mockito.MockitoTestExecutionListener, org.springframework.boot.test.mock.mockito.ResetMocksTestExecutionListener, org.springframework.test.context.web.ServletTestExecutionListener, org.springframework.test.context.support.DirtiesContextBeforeModesTestExecutionListener, org.springframework.test.context.support.DependencyInjectionTestExecutionListener, org.springframework.test.context.support.DirtiesContextTestExecutionListener, org.springframework.test.context.transaction.TransactionalTestExecutionListener, org.springframework.test.context.jdbc.SqlScriptsTestExecutionListener]
08:53:02.506 [Test worker] INFO org.springframework.boot.test.context.SpringBootTestContextBootstrapper - Using TestExecutionListeners: [org.springframework.test.context.web.ServletTestExecutionListener@523b1b38, org.springframework.test.context.support.DirtiesContextBeforeModesTestExecutionListener@45721a4f, org.springframework.boot.test.mock.mockito.MockitoTestExecutionListener@1a1f26d1, org.springframework.boot.test.autoconfigure.SpringBootDependencyInjectionTestExecutionListener@5bfa640d, org.springframework.test.context.support.DirtiesContextTestExecutionListener@51124691, org.springframework.test.context.transaction.TransactionalTestExecutionListener@4e79e9e, org.springframework.test.context.jdbc.SqlScriptsTestExecutionListener@672d097d, org.springframework.boot.test.autoconfigure.restdocs.RestDocsTestExecutionListener@6fffd399, org.springframework.boot.test.autoconfigure.web.client.MockRestServiceServerResetTestExecutionListener@2c9a3639, org.springframework.boot.test.autoconfigure.web.servlet.MockMvcPrintOnlyOnFailureTestExecutionListener@14314e5a, org.springframework.boot.test.autoconfigure.web.servlet.WebDriverTestExecutionListener@1b58db40, org.springframework.boot.test.mock.mockito.ResetMocksTestExecutionListener@aaab0a9]
08:53:02.513 [Test worker] DEBUG org.springframework.test.annotation.ProfileValueUtils - Retrieved @ProfileValueSourceConfiguration [null] for test class [co.com.ceiba.estacionamiento.julian.henao.testIntegration.ConsultaServicios.TestParqueaderoEspacioDisponible]
08:53:02.515 [Test worker] DEBUG org.springframework.test.annotation.ProfileValueUtils - Retrieved ProfileValueSource type [class org.springframework.test.annotation.SystemProfileValueSource] for class [co.com.ceiba.estacionamiento.julian.henao.testIntegration.ConsultaServicios.TestParqueaderoEspacioDisponible]
08:53:02.517 [Test worker] DEBUG org.springframework.test.annotation.ProfileValueUtils - Retrieved @ProfileValueSourceConfiguration [null] for test class [co.com.ceiba.estacionamiento.julian.henao.testIntegration.ConsultaServicios.TestParqueaderoEspacioDisponible]
08:53:02.517 [Test worker] DEBUG org.springframework.test.annotation.ProfileValueUtils - Retrieved ProfileValueSource type [class org.springframework.test.annotation.SystemProfileValueSource] for class [co.com.ceiba.estacionamiento.julian.henao.testIntegration.ConsultaServicios.TestParqueaderoEspacioDisponible]
08:53:02.529 [Test worker] DEBUG org.springframework.test.context.support.AbstractDirtiesContextTestExecutionListener - Before test class: context [DefaultTestContext@74176f80 testClass = TestParqueaderoEspacioDisponible, testInstance = [null], testMethod = [null], testException = [null], mergedContextConfiguration = [WebMergedContextConfiguration@7c274c7b testClass = TestParqueaderoEspacioDisponible, locations = '{}', classes = '{class co.com.ceiba.estacionamiento.julian.henao.AdnJulianHenaoApplication}', contextInitializerClasses = '[]', activeProfiles = '{}', propertySourceLocations = '{}', propertySourceProperties = '{org.springframework.boot.test.context.SpringBootTestContextBootstrapper=true, server.port=0}', contextCustomizers = set[org.springframework.boot.test.autoconfigure.properties.PropertyMappingContextCustomizer@0, org.springframework.boot.test.autoconfigure.web.servlet.WebDriverContextCustomizerFactory$Customizer@2435abbb, org.springframework.boot.test.context.filter.ExcludeFilterContextCustomizer@72a48a17, org.springframework.boot.test.json.DuplicateJsonObjectContextCustomizerFactory$DuplicateJsonObjectContextCustomizer@7c136074, org.springframework.boot.test.mock.mockito.MockitoContextCustomizer@0, org.springframework.boot.test.web.client.TestRestTemplateContextCustomizer@2a4469da], resourceBasePath = 'src/main/webapp', contextLoader = 'org.springframework.boot.test.context.SpringBootContextLoader', parent = [null]], attributes = map['org.springframework.test.context.web.ServletTestExecutionListener.activateListener' -> false]], class annotated with @DirtiesContext [false] with mode [null].
08:53:02.532 [Test worker] DEBUG org.springframework.test.annotation.ProfileValueUtils - Retrieved @ProfileValueSourceConfiguration [null] for test class [co.com.ceiba.estacionamiento.julian.henao.testIntegration.ConsultaServicios.TestParqueaderoEspacioDisponible]
08:53:02.533 [Test worker] DEBUG org.springframework.test.annotation.ProfileValueUtils - Retrieved ProfileValueSource type [class org.springframework.test.annotation.SystemProfileValueSource] for class [co.com.ceiba.estacionamiento.julian.henao.testIntegration.ConsultaServicios.TestParqueaderoEspacioDisponible]
08:53:02.552 [Test worker] DEBUG org.springframework.test.context.support.DependencyInjectionTestExecutionListener - Performing dependency injection for test context [[DefaultTestContext@74176f80 testClass = TestParqueaderoEspacioDisponible, testInstance = co.com.ceiba.estacionamiento.julian.henao.testIntegration.ConsultaServicios.TestParqueaderoEspacioDisponible@67dac909, testMethod = [null], testException = [null], mergedContextConfiguration = [WebMergedContextConfiguration@7c274c7b testClass = TestParqueaderoEspacioDisponible, locations = '{}', classes = '{class co.com.ceiba.estacionamiento.julian.henao.AdnJulianHenaoApplication}', contextInitializerClasses = '[]', activeProfiles = '{}', propertySourceLocations = '{}', propertySourceProperties = '{org.springframework.boot.test.context.SpringBootTestContextBootstrapper=true, server.port=0}', contextCustomizers = set[org.springframework.boot.test.autoconfigure.properties.PropertyMappingContextCustomizer@0, org.springframework.boot.test.autoconfigure.web.servlet.WebDriverContextCustomizerFactory$Customizer@2435abbb, org.springframework.boot.test.context.filter.ExcludeFilterContextCustomizer@72a48a17, org.springframework.boot.test.json.DuplicateJsonObjectContextCustomizerFactory$DuplicateJsonObjectContextCustomizer@7c136074, org.springframework.boot.test.mock.mockito.MockitoContextCustomizer@0, org.springframework.boot.test.web.client.TestRestTemplateContextCustomizer@2a4469da], resourceBasePath = 'src/main/webapp', contextLoader = 'org.springframework.boot.test.context.SpringBootContextLoader', parent = [null]], attributes = map['org.springframework.test.context.web.ServletTestExecutionListener.activateListener' -> false]]].
08:53:02.617 [Test worker] DEBUG org.springframework.test.context.support.TestPropertySourceUtils - Adding inlined properties to environment: {spring.jmx.enabled=false, org.springframework.boot.test.context.SpringBootTestContextBootstrapper=true, server.port=0}

  .   ____          _            __ _ _
 /\\ / ___'_ __ _ _(_)_ __  __ _ \ \ \ \
( ( )\___ | '_ | '_| | '_ \/ _` | \ \ \ \
 \\/  ___)| |_)| | | | | || (_| |  ) ) ) )
  '  |____| .__|_| |_|_| |_\__, | / / / /
 =========|_|==============|___/=/_/_/_/
 :: Spring Boot ::             (v2.1.0.M1)

2018-09-20 08:53:03.602  INFO 9116 --- [    Test worker] j.h.t.C.TestParqueaderoEspacioDisponible : Starting TestParqueaderoEspacioDisponible on JULIAN-HENAO with PID 9116 (started by julian.henao in C:\Users\julian.henao\workspace\adnjulianhenao)
2018-09-20 08:53:03.605  INFO 9116 --- [    Test worker] j.h.t.C.TestParqueaderoEspacioDisponible : No active profile set, falling back to default profiles: default
2018-09-20 08:53:07.839  INFO 9116 --- [    Test worker] trationDelegate$BeanPostProcessorChecker : Bean 'org.springframework.transaction.annotation.ProxyTransactionManagementConfiguration' of type [org.springframework.transaction.annotation.ProxyTransactionManagementConfiguration$$EnhancerBySpringCGLIB$$a9d78f9d] is not eligible for getting processed by all BeanPostProcessors (for example: not eligible for auto-proxying)
2018-09-20 08:53:07.931  INFO 9116 --- [    Test worker] trationDelegate$BeanPostProcessorChecker : Bean 'org.springframework.hateoas.config.HateoasConfiguration' of type [org.springframework.hateoas.config.HateoasConfiguration$$EnhancerBySpringCGLIB$$2957dccf] is not eligible for getting processed by all BeanPostProcessors (for example: not eligible for auto-proxying)
2018-09-20 08:53:08.969  INFO 9116 --- [    Test worker] o.s.b.w.embedded.tomcat.TomcatWebServer  : Tomcat initialized with port(s): 0 (http)
2018-09-20 08:53:09.028  INFO 9116 --- [    Test worker] o.apache.catalina.core.StandardService   : Starting service [Tomcat]
2018-09-20 08:53:09.030  INFO 9116 --- [    Test worker] org.apache.catalina.core.StandardEngine  : Starting Servlet Engine: Apache Tomcat/9.0.10
2018-09-20 08:53:09.049  INFO 9116 --- [    Test worker] o.a.catalina.core.AprLifecycleListener   : The APR based Apache Tomcat Native library which allows optimal performance in production environments was not found on the java.library.path: [C:\Program Files\Java\jdk1.8.0_181\bin;C:\Windows\Sun\Java\bin;C:\Windows\system32;C:\Windows;C:/Program Files/Java/jre1.8.0_181/bin/server;C:/Program Files/Java/jre1.8.0_181/bin;C:/Program Files/Java/jre1.8.0_181/lib/amd64;C:\Program Files (x86)\Common Files\Oracle\Java\javapath;C:\Oracle\product\11.1.0\client_1\bin;C:\Program Files\CollabNet\Subversion Client;C:\Windows\system32;C:\Windows;C:\Windows\System32\Wbem;C:\Windows\System32\WindowsPowerShell\v1.0\;C:\Windows\System32\OpenSSH\;C:\Program Files\TortoiseSVN\bin;C:\Program Files\Git\cmd;C:\Program Files\PuTTY\;C:\Program Files\nodejs\;C:\Program Files\Microsoft VS Code\bin;C:\Users\julian.henao\AppData\Local\Microsoft\WindowsApps;C:\Users\julian.henao\AppData\Roaming\npm;C:\Users\julian.henao\AppData\Local\Programs\MiKTeX 2.9\miktex\bin\x64\;C:\eclipse-jee-neon-3\eclipse;;.]
2018-09-20 08:53:09.397  INFO 9116 --- [    Test worker] o.a.c.c.C.[Tomcat].[localhost].[/]       : Initializing Spring embedded WebApplicationContext
2018-09-20 08:53:09.397  INFO 9116 --- [    Test worker] o.s.web.context.ContextLoader            : Root WebApplicationContext: initialization completed in 5702 ms
2018-09-20 08:53:09.652  INFO 9116 --- [    Test worker] o.s.b.w.servlet.ServletRegistrationBean  : Servlet dispatcherServlet mapped to [/]
2018-09-20 08:53:09.655  INFO 9116 --- [    Test worker] o.s.b.w.servlet.ServletRegistrationBean  : Servlet webServlet mapped to [/h2/*]
2018-09-20 08:53:09.661  INFO 9116 --- [    Test worker] o.s.b.w.servlet.FilterRegistrationBean   : Mapping filter: 'characterEncodingFilter' to: [/*]
2018-09-20 08:53:09.662  INFO 9116 --- [    Test worker] o.s.b.w.servlet.FilterRegistrationBean   : Mapping filter: 'hiddenHttpMethodFilter' to: [/*]
2018-09-20 08:53:09.662  INFO 9116 --- [    Test worker] o.s.b.w.servlet.FilterRegistrationBean   : Mapping filter: 'httpPutFormContentFilter' to: [/*]
2018-09-20 08:53:09.663  INFO 9116 --- [    Test worker] o.s.b.w.servlet.FilterRegistrationBean   : Mapping filter: 'requestContextFilter' to: [/*]
2018-09-20 08:53:10.049  INFO 9116 --- [    Test worker] com.zaxxer.hikari.HikariDataSource       : HikariPool-1 - Starting...
2018-09-20 08:53:10.890  INFO 9116 --- [    Test worker] com.zaxxer.hikari.HikariDataSource       : HikariPool-1 - Start completed.
2018-09-20 08:53:11.099  INFO 9116 --- [    Test worker] o.hibernate.jpa.internal.util.LogHelper  : HHH000204: Processing PersistenceUnitInfo [
	name: default
	...]
2018-09-20 08:53:11.353  INFO 9116 --- [    Test worker] org.hibernate.Version                    : HHH000412: Hibernate Core {5.3.3.Final}
2018-09-20 08:53:11.357  INFO 9116 --- [    Test worker] org.hibernate.cfg.Environment            : HHH000206: hibernate.properties not found
2018-09-20 08:53:11.595  INFO 9116 --- [    Test worker] o.hibernate.annotations.common.Version   : HCANN000001: Hibernate Commons Annotations {5.0.4.Final}
2018-09-20 08:53:12.074  INFO 9116 --- [    Test worker] org.hibernate.dialect.Dialect            : HHH000400: Using dialect: org.hibernate.dialect.H2Dialect
2018-09-20 08:53:13.866  INFO 9116 --- [    Test worker] o.h.t.schema.internal.SchemaCreatorImpl  : HHH000476: Executing import script 'ScriptSourceInputFromUrl(file:/C:/Users/julian.henao/workspace/adnjulianhenao/build/resources/main/import.sql)'
2018-09-20 08:53:13.898  INFO 9116 --- [    Test worker] j.LocalContainerEntityManagerFactoryBean : Initialized JPA EntityManagerFactory for persistence unit 'default'
2018-09-20 08:53:16.979  WARN 9116 --- [    Test worker] aWebConfiguration$JpaWebMvcConfiguration : spring.jpa.open-in-view is enabled by default. Therefore, database queries may be performed during view rendering. Explicitly configure spring.jpa.open-in-view to disable this warning
2018-09-20 08:53:18.122  INFO 9116 --- [    Test worker] o.s.b.w.embedded.tomcat.TomcatWebServer  : Tomcat started on port(s): 51966 (http) with context path ''
2018-09-20 08:53:18.145  INFO 9116 --- [    Test worker] j.h.t.C.TestParqueaderoEspacioDisponible : Started TestParqueaderoEspacioDisponible in 15.52 seconds (JVM running for 18.394)
2018-09-20 08:53:18.957  INFO 9116 --- [-auto-1-exec-10] o.a.c.c.C.[Tomcat].[localhost].[/]       : Initializing Spring DispatcherServlet 'dispatcherServlet'
2018-09-20 08:53:18.958  INFO 9116 --- [-auto-1-exec-10] o.s.web.servlet.DispatcherServlet        : Initializing Servlet 'dispatcherServlet'
2018-09-20 08:53:19.025  INFO 9116 --- [-auto-1-exec-10] o.s.web.servlet.DispatcherServlet        : Completed initialization in 66 ms
2018-09-20 08:53:19.974  INFO 9116 --- [o-auto-1-exec-8] o.h.h.i.QueryTranslatorFactoryInitiator  : HHH000397: Using ASTQueryTranslatorFactory
]]></system-out>
  <system-err><![CDATA[]]></system-err>
</testsuite>
