<?xml version="1.0" encoding="UTF-8"?>
<testsuite name="co.com.ceiba.estacionamiento.julian.henao.testUnit.EntradaVehiculo.TestReglaTipoVehiculo" tests="3" skipped="0" failures="0" errors="0" timestamp="2018-10-05T18:32:30" hostname="JULIAN-HENAO" time="0.027">
  <properties/>
  <testcase name="ReglaEntradaTipoVehiculoDiferenteNOPuedeEntrar" classname="co.com.ceiba.estacionamiento.julian.henao.testUnit.EntradaVehiculo.TestReglaTipoVehiculo" time="0.006"/>
  <testcase name="ReglaEntradaTipoVehiculoMotoPuedeEntrar" classname="co.com.ceiba.estacionamiento.julian.henao.testUnit.EntradaVehiculo.TestReglaTipoVehiculo" time="0.008"/>
  <testcase name="ReglaEntradaTipoVehiculoAutoPuedeEntrar" classname="co.com.ceiba.estacionamiento.julian.henao.testUnit.EntradaVehiculo.TestReglaTipoVehiculo" time="0.007"/>
  <system-out><![CDATA[2018-10-05 13:32:26.927  INFO 7496 --- [    Test worker] .b.t.c.SpringBootTestContextBootstrapper : Neither @ContextConfiguration nor @ContextHierarchy found for test class [co.com.ceiba.estacionamiento.julian.henao.testUnit.EntradaVehiculo.TestReglaTipoVehiculo], using SpringBootContextLoader
2018-10-05 13:32:26.931  INFO 7496 --- [    Test worker] o.s.t.c.support.AbstractContextLoader    : Could not detect default resource locations for test class [co.com.ceiba.estacionamiento.julian.henao.testUnit.EntradaVehiculo.TestReglaTipoVehiculo]: no resource found for suffixes {-context.xml, Context.groovy}.
2018-10-05 13:32:26.931  INFO 7496 --- [    Test worker] t.c.s.AnnotationConfigContextLoaderUtils : Could not detect default configuration classes for test class [co.com.ceiba.estacionamiento.julian.henao.testUnit.EntradaVehiculo.TestReglaTipoVehiculo]: TestReglaTipoVehiculo does not declare any static, non-private, non-final, nested classes annotated with @Configuration.
2018-10-05 13:32:26.935  INFO 7496 --- [    Test worker] .b.t.c.SpringBootTestContextBootstrapper : Found @SpringBootConfiguration co.com.ceiba.estacionamiento.julian.henao.AdnJulianHenaoApplication for test class co.com.ceiba.estacionamiento.julian.henao.testUnit.EntradaVehiculo.TestReglaTipoVehiculo
2018-10-05 13:32:26.938  INFO 7496 --- [    Test worker] .b.t.c.SpringBootTestContextBootstrapper : Loaded default TestExecutionListener class names from location [META-INF/spring.factories]: [org.springframework.boot.test.autoconfigure.restdocs.RestDocsTestExecutionListener, org.springframework.boot.test.autoconfigure.web.client.MockRestServiceServerResetTestExecutionListener, org.springframework.boot.test.autoconfigure.web.servlet.MockMvcPrintOnlyOnFailureTestExecutionListener, org.springframework.boot.test.autoconfigure.web.servlet.WebDriverTestExecutionListener, org.springframework.boot.test.mock.mockito.MockitoTestExecutionListener, org.springframework.boot.test.mock.mockito.ResetMocksTestExecutionListener, org.springframework.test.context.web.ServletTestExecutionListener, org.springframework.test.context.support.DirtiesContextBeforeModesTestExecutionListener, org.springframework.test.context.support.DependencyInjectionTestExecutionListener, org.springframework.test.context.support.DirtiesContextTestExecutionListener, org.springframework.test.context.transaction.TransactionalTestExecutionListener, org.springframework.test.context.jdbc.SqlScriptsTestExecutionListener]
2018-10-05 13:32:26.939  INFO 7496 --- [    Test worker] .b.t.c.SpringBootTestContextBootstrapper : Using TestExecutionListeners: [org.springframework.test.context.web.ServletTestExecutionListener@6d749bcc, org.springframework.test.context.support.DirtiesContextBeforeModesTestExecutionListener@9f4aafb, org.springframework.boot.test.mock.mockito.MockitoTestExecutionListener@6981932b, org.springframework.boot.test.autoconfigure.SpringBootDependencyInjectionTestExecutionListener@68b8fb71, org.springframework.test.context.support.DirtiesContextTestExecutionListener@21dba751, org.springframework.test.context.transaction.TransactionalTestExecutionListener@d5462e3, org.springframework.test.context.jdbc.SqlScriptsTestExecutionListener@6829a0a9, org.springframework.boot.test.autoconfigure.restdocs.RestDocsTestExecutionListener@47e5adae, org.springframework.boot.test.autoconfigure.web.client.MockRestServiceServerResetTestExecutionListener@3b786b2c, org.springframework.boot.test.autoconfigure.web.servlet.MockMvcPrintOnlyOnFailureTestExecutionListener@151555da, org.springframework.boot.test.autoconfigure.web.servlet.WebDriverTestExecutionListener@309c9339, org.springframework.boot.test.mock.mockito.ResetMocksTestExecutionListener@5a7ed059]

  .   ____          _            __ _ _
 /\\ / ___'_ __ _ _(_)_ __  __ _ \ \ \ \
( ( )\___ | '_ | '_| | '_ \/ _` | \ \ \ \
 \\/  ___)| |_)| | | | | || (_| |  ) ) ) )
  '  |____| .__|_| |_|_| |_\__, | / / / /
 =========|_|==============|___/=/_/_/_/
 :: Spring Boot ::             (v2.1.0.M1)

2018-10-05 13:32:26.992  INFO 7496 --- [    Test worker] c.c.c.e.j.h.t.E.TestReglaTipoVehiculo    : Starting TestReglaTipoVehiculo on JULIAN-HENAO with PID 7496 (started by julian.henao in C:\Users\julian.henao\workspace\adnjulianhenao)
2018-10-05 13:32:26.993  INFO 7496 --- [    Test worker] c.c.c.e.j.h.t.E.TestReglaTipoVehiculo    : No active profile set, falling back to default profiles: default
2018-10-05 13:32:28.110  INFO 7496 --- [    Test worker] trationDelegate$BeanPostProcessorChecker : Bean 'org.springframework.transaction.annotation.ProxyTransactionManagementConfiguration' of type [org.springframework.transaction.annotation.ProxyTransactionManagementConfiguration$$EnhancerBySpringCGLIB$$a7b88a11] is not eligible for getting processed by all BeanPostProcessors (for example: not eligible for auto-proxying)
2018-10-05 13:32:28.143  INFO 7496 --- [    Test worker] trationDelegate$BeanPostProcessorChecker : Bean 'org.springframework.hateoas.config.HateoasConfiguration' of type [org.springframework.hateoas.config.HateoasConfiguration$$EnhancerBySpringCGLIB$$2738d743] is not eligible for getting processed by all BeanPostProcessors (for example: not eligible for auto-proxying)
2018-10-05 13:32:28.324  INFO 7496 --- [    Test worker] com.zaxxer.hikari.HikariDataSource       : HikariPool-4 - Starting...
2018-10-05 13:32:28.326  INFO 7496 --- [    Test worker] com.zaxxer.hikari.HikariDataSource       : HikariPool-4 - Start completed.
2018-10-05 13:32:28.407  INFO 7496 --- [    Test worker] o.hibernate.jpa.internal.util.LogHelper  : HHH000204: Processing PersistenceUnitInfo [
	name: default
	...]
2018-10-05 13:32:28.459  INFO 7496 --- [    Test worker] org.hibernate.dialect.Dialect            : HHH000400: Using dialect: org.hibernate.dialect.H2Dialect
2018-10-05 13:32:28.618  INFO 7496 --- [    Test worker] o.h.t.schema.internal.SchemaCreatorImpl  : HHH000476: Executing import script 'ScriptSourceInputFromUrl(file:/C:/Users/julian.henao/workspace/adnjulianhenao/build/resources/main/import.sql)'
2018-10-05 13:32:28.634  INFO 7496 --- [    Test worker] j.LocalContainerEntityManagerFactoryBean : Initialized JPA EntityManagerFactory for persistence unit 'default'
2018-10-05 13:32:29.902  WARN 7496 --- [    Test worker] aWebConfiguration$JpaWebMvcConfiguration : spring.jpa.open-in-view is enabled by default. Therefore, database queries may be performed during view rendering. Explicitly configure spring.jpa.open-in-view to disable this warning
2018-10-05 13:32:30.077  INFO 7496 --- [    Test worker] o.s.b.a.w.s.WelcomePageHandlerMapping    : Adding welcome page: class path resource [static/index.html]
2018-10-05 13:32:30.551  INFO 7496 --- [    Test worker] c.c.c.e.j.h.t.E.TestReglaTipoVehiculo    : Started TestReglaTipoVehiculo in 3.608 seconds (JVM running for 36.332)
]]></system-out>
  <system-err><![CDATA[]]></system-err>
</testsuite>
