<?xml version="1.0" encoding="UTF-8"?>
<testsuite name="co.com.ceiba.estacionamiento.julian.henao.testIntegration.SalidaVehiculo.TestSalidaVehiculo" tests="4" skipped="0" failures="0" errors="0" timestamp="2018-09-20T13:53:31" hostname="JULIAN-HENAO" time="0.377">
  <properties/>
  <testcase name="ReglaConCilindrajeMayor500Moto" classname="co.com.ceiba.estacionamiento.julian.henao.testIntegration.SalidaVehiculo.TestSalidaVehiculo" time="0.177"/>
  <testcase name="ReglaConCilindrajeMENOR500Automovil" classname="co.com.ceiba.estacionamiento.julian.henao.testIntegration.SalidaVehiculo.TestSalidaVehiculo" time="0.074"/>
  <testcase name="ReglaConCilindrajeMENOR500Moto" classname="co.com.ceiba.estacionamiento.julian.henao.testIntegration.SalidaVehiculo.TestSalidaVehiculo" time="0.062"/>
  <testcase name="ReglaConCilindrajeMAYOR500Automovil" classname="co.com.ceiba.estacionamiento.julian.henao.testIntegration.SalidaVehiculo.TestSalidaVehiculo" time="0.055"/>
  <system-out><![CDATA[2018-09-20 08:53:26.878  INFO 9116 --- [    Test worker] .b.t.c.SpringBootTestContextBootstrapper : Neither @ContextConfiguration nor @ContextHierarchy found for test class [co.com.ceiba.estacionamiento.julian.henao.testIntegration.SalidaVehiculo.TestSalidaVehiculo], using SpringBootContextLoader
2018-09-20 08:53:26.880  INFO 9116 --- [    Test worker] o.s.t.c.support.AbstractContextLoader    : Could not detect default resource locations for test class [co.com.ceiba.estacionamiento.julian.henao.testIntegration.SalidaVehiculo.TestSalidaVehiculo]: no resource found for suffixes {-context.xml, Context.groovy}.
2018-09-20 08:53:26.882  INFO 9116 --- [    Test worker] t.c.s.AnnotationConfigContextLoaderUtils : Could not detect default configuration classes for test class [co.com.ceiba.estacionamiento.julian.henao.testIntegration.SalidaVehiculo.TestSalidaVehiculo]: TestSalidaVehiculo does not declare any static, non-private, non-final, nested classes annotated with @Configuration.
2018-09-20 08:53:26.894  INFO 9116 --- [    Test worker] .b.t.c.SpringBootTestContextBootstrapper : Found @SpringBootConfiguration co.com.ceiba.estacionamiento.julian.henao.AdnJulianHenaoApplication for test class co.com.ceiba.estacionamiento.julian.henao.testIntegration.SalidaVehiculo.TestSalidaVehiculo
2018-09-20 08:53:26.900  INFO 9116 --- [    Test worker] .b.t.c.SpringBootTestContextBootstrapper : Loaded default TestExecutionListener class names from location [META-INF/spring.factories]: [org.springframework.boot.test.autoconfigure.restdocs.RestDocsTestExecutionListener, org.springframework.boot.test.autoconfigure.web.client.MockRestServiceServerResetTestExecutionListener, org.springframework.boot.test.autoconfigure.web.servlet.MockMvcPrintOnlyOnFailureTestExecutionListener, org.springframework.boot.test.autoconfigure.web.servlet.WebDriverTestExecutionListener, org.springframework.boot.test.mock.mockito.MockitoTestExecutionListener, org.springframework.boot.test.mock.mockito.ResetMocksTestExecutionListener, org.springframework.test.context.web.ServletTestExecutionListener, org.springframework.test.context.support.DirtiesContextBeforeModesTestExecutionListener, org.springframework.test.context.support.DependencyInjectionTestExecutionListener, org.springframework.test.context.support.DirtiesContextTestExecutionListener, org.springframework.test.context.transaction.TransactionalTestExecutionListener, org.springframework.test.context.jdbc.SqlScriptsTestExecutionListener]
2018-09-20 08:53:26.903  INFO 9116 --- [    Test worker] .b.t.c.SpringBootTestContextBootstrapper : Using TestExecutionListeners: [org.springframework.test.context.web.ServletTestExecutionListener@6f57f825, org.springframework.test.context.support.DirtiesContextBeforeModesTestExecutionListener@99a6a0e, org.springframework.boot.test.mock.mockito.MockitoTestExecutionListener@35608ad8, org.springframework.boot.test.autoconfigure.SpringBootDependencyInjectionTestExecutionListener@47bf1add, org.springframework.test.context.support.DirtiesContextTestExecutionListener@17f954df, org.springframework.test.context.transaction.TransactionalTestExecutionListener@4d699634, org.springframework.test.context.jdbc.SqlScriptsTestExecutionListener@7c6ef30b, org.springframework.boot.test.autoconfigure.restdocs.RestDocsTestExecutionListener@43b877a9, org.springframework.boot.test.autoconfigure.web.client.MockRestServiceServerResetTestExecutionListener@1eba8cad, org.springframework.boot.test.autoconfigure.web.servlet.MockMvcPrintOnlyOnFailureTestExecutionListener@1fe36178, org.springframework.boot.test.autoconfigure.web.servlet.WebDriverTestExecutionListener@149e2f24, org.springframework.boot.test.mock.mockito.ResetMocksTestExecutionListener@141b1721]

  .   ____          _            __ _ _
 /\\ / ___'_ __ _ _(_)_ __  __ _ \ \ \ \
( ( )\___ | '_ | '_| | '_ \/ _` | \ \ \ \
 \\/  ___)| |_)| | | | | || (_| |  ) ) ) )
  '  |____| .__|_| |_|_| |_\__, | / / / /
 =========|_|==============|___/=/_/_/_/
 :: Spring Boot ::             (v2.1.0.M1)

2018-09-20 08:53:26.956  INFO 9116 --- [    Test worker] c.c.c.e.j.h.t.S.TestSalidaVehiculo       : Starting TestSalidaVehiculo on JULIAN-HENAO with PID 9116 (started by julian.henao in C:\Users\julian.henao\workspace\adnjulianhenao)
2018-09-20 08:53:26.957  INFO 9116 --- [    Test worker] c.c.c.e.j.h.t.S.TestSalidaVehiculo       : No active profile set, falling back to default profiles: default
2018-09-20 08:53:27.780  INFO 9116 --- [    Test worker] beddedDataSourceBeanFactoryPostProcessor : Replacing 'dataSource' DataSource bean with embedded version
2018-09-20 08:53:28.189  INFO 9116 --- [    Test worker] trationDelegate$BeanPostProcessorChecker : Bean 'org.springframework.transaction.annotation.ProxyTransactionManagementConfiguration' of type [org.springframework.transaction.annotation.ProxyTransactionManagementConfiguration$$EnhancerBySpringCGLIB$$a9d78f9d] is not eligible for getting processed by all BeanPostProcessors (for example: not eligible for auto-proxying)
2018-09-20 08:53:28.215  INFO 9116 --- [    Test worker] trationDelegate$BeanPostProcessorChecker : Bean 'org.springframework.hateoas.config.HateoasConfiguration' of type [org.springframework.hateoas.config.HateoasConfiguration$$EnhancerBySpringCGLIB$$2957dccf] is not eligible for getting processed by all BeanPostProcessors (for example: not eligible for auto-proxying)
2018-09-20 08:53:28.431  INFO 9116 --- [    Test worker] o.s.b.w.embedded.tomcat.TomcatWebServer  : Tomcat initialized with port(s): 0 (http)
2018-09-20 08:53:28.433  INFO 9116 --- [    Test worker] o.apache.catalina.core.StandardService   : Starting service [Tomcat]
2018-09-20 08:53:28.433  INFO 9116 --- [    Test worker] org.apache.catalina.core.StandardEngine  : Starting Servlet Engine: Apache Tomcat/9.0.10
2018-09-20 08:53:28.464  INFO 9116 --- [    Test worker] o.a.c.c.C.[Tomcat-2].[localhost].[/]     : Initializing Spring embedded WebApplicationContext
2018-09-20 08:53:28.464  INFO 9116 --- [    Test worker] o.s.web.context.ContextLoader            : Root WebApplicationContext: initialization completed in 1503 ms
2018-09-20 08:53:28.609  INFO 9116 --- [    Test worker] o.s.b.w.servlet.ServletRegistrationBean  : Servlet dispatcherServlet mapped to [/]
2018-09-20 08:53:28.609  INFO 9116 --- [    Test worker] o.s.b.w.servlet.ServletRegistrationBean  : Servlet webServlet mapped to [/h2/*]
2018-09-20 08:53:28.610  INFO 9116 --- [    Test worker] o.s.b.w.servlet.FilterRegistrationBean   : Mapping filter: 'characterEncodingFilter' to: [/*]
2018-09-20 08:53:28.610  INFO 9116 --- [    Test worker] o.s.b.w.servlet.FilterRegistrationBean   : Mapping filter: 'hiddenHttpMethodFilter' to: [/*]
2018-09-20 08:53:28.611  INFO 9116 --- [    Test worker] o.s.b.w.servlet.FilterRegistrationBean   : Mapping filter: 'httpPutFormContentFilter' to: [/*]
2018-09-20 08:53:28.611  INFO 9116 --- [    Test worker] o.s.b.w.servlet.FilterRegistrationBean   : Mapping filter: 'requestContextFilter' to: [/*]
2018-09-20 08:53:28.628  INFO 9116 --- [    Test worker] o.s.j.d.e.EmbeddedDatabaseFactory        : Starting embedded database: url='jdbc:h2:mem:7e4bb211-e295-4d4e-9f65-7b3aa46762f7;DB_CLOSE_DELAY=-1;DB_CLOSE_ON_EXIT=false', username='sa'
2018-09-20 08:53:28.768  INFO 9116 --- [    Test worker] o.hibernate.jpa.internal.util.LogHelper  : HHH000204: Processing PersistenceUnitInfo [
	name: default
	...]
2018-09-20 08:53:28.806  INFO 9116 --- [    Test worker] org.hibernate.dialect.Dialect            : HHH000400: Using dialect: org.hibernate.dialect.H2Dialect
2018-09-20 08:53:28.949  INFO 9116 --- [    Test worker] o.h.t.schema.internal.SchemaCreatorImpl  : HHH000476: Executing import script 'ScriptSourceInputFromUrl(file:/C:/Users/julian.henao/workspace/adnjulianhenao/build/resources/main/import.sql)'
2018-09-20 08:53:28.958  INFO 9116 --- [    Test worker] j.LocalContainerEntityManagerFactoryBean : Initialized JPA EntityManagerFactory for persistence unit 'default'
2018-09-20 08:53:30.459  WARN 9116 --- [    Test worker] aWebConfiguration$JpaWebMvcConfiguration : spring.jpa.open-in-view is enabled by default. Therefore, database queries may be performed during view rendering. Explicitly configure spring.jpa.open-in-view to disable this warning
2018-09-20 08:53:31.165  INFO 9116 --- [    Test worker] o.s.b.w.embedded.tomcat.TomcatWebServer  : Tomcat started on port(s): 51986 (http) with context path ''
2018-09-20 08:53:31.166  INFO 9116 --- [    Test worker] c.c.c.e.j.h.t.S.TestSalidaVehiculo       : Started TestSalidaVehiculo in 4.257 seconds (JVM running for 31.417)
2018-09-20 08:53:31.255  INFO 9116 --- [    Test worker] o.h.h.i.QueryTranslatorFactoryInitiator  : HHH000397: Using ASTQueryTranslatorFactory
]]></system-out>
  <system-err><![CDATA[]]></system-err>
</testsuite>
