<?xml version="1.0" encoding="UTF-8"?>
<testsuite name="co.com.ceiba.estacionamiento.julian.henao.testIntegracionSalidaVehiculo.TestSalidaVehiculo" tests="4" skipped="0" failures="0" errors="0" timestamp="2018-08-22T21:37:09" hostname="JULIAN-HENAO" time="0.319">
  <properties/>
  <testcase name="ReglaConCilindrajeMayor500Moto" classname="co.com.ceiba.estacionamiento.julian.henao.testIntegracionSalidaVehiculo.TestSalidaVehiculo" time="0.132"/>
  <testcase name="ReglaConCilindrajeMENOR500Automovil" classname="co.com.ceiba.estacionamiento.julian.henao.testIntegracionSalidaVehiculo.TestSalidaVehiculo" time="0.059"/>
  <testcase name="ReglaConCilindrajeMENOR500Moto" classname="co.com.ceiba.estacionamiento.julian.henao.testIntegracionSalidaVehiculo.TestSalidaVehiculo" time="0.067"/>
  <testcase name="ReglaConCilindrajeMAYOR500Automovil" classname="co.com.ceiba.estacionamiento.julian.henao.testIntegracionSalidaVehiculo.TestSalidaVehiculo" time="0.055"/>
  <system-out><![CDATA[2018-08-22 16:37:06.515  INFO 10572 --- [    Test worker] .b.t.c.SpringBootTestContextBootstrapper : Neither @ContextConfiguration nor @ContextHierarchy found for test class [co.com.ceiba.estacionamiento.julian.henao.testIntegracionSalidaVehiculo.TestSalidaVehiculo], using SpringBootContextLoader
2018-08-22 16:37:06.516  INFO 10572 --- [    Test worker] o.s.t.c.support.AbstractContextLoader    : Could not detect default resource locations for test class [co.com.ceiba.estacionamiento.julian.henao.testIntegracionSalidaVehiculo.TestSalidaVehiculo]: no resource found for suffixes {-context.xml, Context.groovy}.
2018-08-22 16:37:06.517  INFO 10572 --- [    Test worker] t.c.s.AnnotationConfigContextLoaderUtils : Could not detect default configuration classes for test class [co.com.ceiba.estacionamiento.julian.henao.testIntegracionSalidaVehiculo.TestSalidaVehiculo]: TestSalidaVehiculo does not declare any static, non-private, non-final, nested classes annotated with @Configuration.
2018-08-22 16:37:06.525  INFO 10572 --- [    Test worker] .b.t.c.SpringBootTestContextBootstrapper : Found @SpringBootConfiguration co.com.ceiba.estacionamiento.julian.henao.AdnJulianHenaoApplication for test class co.com.ceiba.estacionamiento.julian.henao.testIntegracionSalidaVehiculo.TestSalidaVehiculo
2018-08-22 16:37:06.527  INFO 10572 --- [    Test worker] .b.t.c.SpringBootTestContextBootstrapper : Loaded default TestExecutionListener class names from location [META-INF/spring.factories]: [org.springframework.boot.test.autoconfigure.restdocs.RestDocsTestExecutionListener, org.springframework.boot.test.autoconfigure.web.client.MockRestServiceServerResetTestExecutionListener, org.springframework.boot.test.autoconfigure.web.servlet.MockMvcPrintOnlyOnFailureTestExecutionListener, org.springframework.boot.test.autoconfigure.web.servlet.WebDriverTestExecutionListener, org.springframework.boot.test.mock.mockito.MockitoTestExecutionListener, org.springframework.boot.test.mock.mockito.ResetMocksTestExecutionListener, org.springframework.test.context.web.ServletTestExecutionListener, org.springframework.test.context.support.DirtiesContextBeforeModesTestExecutionListener, org.springframework.test.context.support.DependencyInjectionTestExecutionListener, org.springframework.test.context.support.DirtiesContextTestExecutionListener, org.springframework.test.context.transaction.TransactionalTestExecutionListener, org.springframework.test.context.jdbc.SqlScriptsTestExecutionListener]
2018-08-22 16:37:06.528  INFO 10572 --- [    Test worker] .b.t.c.SpringBootTestContextBootstrapper : Using TestExecutionListeners: [org.springframework.test.context.web.ServletTestExecutionListener@72856806, org.springframework.test.context.support.DirtiesContextBeforeModesTestExecutionListener@46785227, org.springframework.boot.test.mock.mockito.MockitoTestExecutionListener@799e68ee, org.springframework.boot.test.autoconfigure.SpringBootDependencyInjectionTestExecutionListener@5100f64, org.springframework.test.context.support.DirtiesContextTestExecutionListener@5c8c8298, org.springframework.test.context.transaction.TransactionalTestExecutionListener@58611a44, org.springframework.test.context.jdbc.SqlScriptsTestExecutionListener@5232c0be, org.springframework.boot.test.autoconfigure.restdocs.RestDocsTestExecutionListener@575c8eb3, org.springframework.boot.test.autoconfigure.web.client.MockRestServiceServerResetTestExecutionListener@6f7c5e82, org.springframework.boot.test.autoconfigure.web.servlet.MockMvcPrintOnlyOnFailureTestExecutionListener@3f1fca13, org.springframework.boot.test.autoconfigure.web.servlet.WebDriverTestExecutionListener@7becca7e, org.springframework.boot.test.mock.mockito.ResetMocksTestExecutionListener@4876eaa6]

  .   ____          _            __ _ _
 /\\ / ___'_ __ _ _(_)_ __  __ _ \ \ \ \
( ( )\___ | '_ | '_| | '_ \/ _` | \ \ \ \
 \\/  ___)| |_)| | | | | || (_| |  ) ) ) )
  '  |____| .__|_| |_|_| |_\__, | / / / /
 =========|_|==============|___/=/_/_/_/
 :: Spring Boot ::             (v2.1.0.M1)

2018-08-22 16:37:06.578  INFO 10572 --- [    Test worker] c.c.c.e.j.h.t.TestSalidaVehiculo         : Starting TestSalidaVehiculo on JULIAN-HENAO with PID 10572 (started by julian.henao in C:\Users\julian.henao\workspace\adnjulianhenao)
2018-08-22 16:37:06.579  INFO 10572 --- [    Test worker] c.c.c.e.j.h.t.TestSalidaVehiculo         : No active profile set, falling back to default profiles: default
2018-08-22 16:37:07.115  INFO 10572 --- [    Test worker] beddedDataSourceBeanFactoryPostProcessor : Replacing 'dataSource' DataSource bean with embedded version
2018-08-22 16:37:07.351  INFO 10572 --- [    Test worker] trationDelegate$BeanPostProcessorChecker : Bean 'org.springframework.transaction.annotation.ProxyTransactionManagementConfiguration' of type [org.springframework.transaction.annotation.ProxyTransactionManagementConfiguration$$EnhancerBySpringCGLIB$$e9eaf24b] is not eligible for getting processed by all BeanPostProcessors (for example: not eligible for auto-proxying)
2018-08-22 16:37:07.370  INFO 10572 --- [    Test worker] trationDelegate$BeanPostProcessorChecker : Bean 'org.springframework.hateoas.config.HateoasConfiguration' of type [org.springframework.hateoas.config.HateoasConfiguration$$EnhancerBySpringCGLIB$$696b3f7d] is not eligible for getting processed by all BeanPostProcessors (for example: not eligible for auto-proxying)
2018-08-22 16:37:07.559  INFO 10572 --- [    Test worker] o.s.b.w.embedded.tomcat.TomcatWebServer  : Tomcat initialized with port(s): 0 (http)
2018-08-22 16:37:07.561  INFO 10572 --- [    Test worker] o.apache.catalina.core.StandardService   : Starting service [Tomcat]
2018-08-22 16:37:07.561  INFO 10572 --- [    Test worker] org.apache.catalina.core.StandardEngine  : Starting Servlet Engine: Apache Tomcat/9.0.10
2018-08-22 16:37:07.587  INFO 10572 --- [    Test worker] o.a.c.c.C.[Tomcat-2].[localhost].[/]     : Initializing Spring embedded WebApplicationContext
2018-08-22 16:37:07.587  INFO 10572 --- [    Test worker] o.s.web.context.ContextLoader            : Root WebApplicationContext: initialization completed in 1004 ms
2018-08-22 16:37:07.695  INFO 10572 --- [    Test worker] o.s.b.w.servlet.ServletRegistrationBean  : Servlet dispatcherServlet mapped to [/]
2018-08-22 16:37:07.696  INFO 10572 --- [    Test worker] o.s.b.w.servlet.ServletRegistrationBean  : Servlet webServlet mapped to [/h2/*]
2018-08-22 16:37:07.696  INFO 10572 --- [    Test worker] o.s.b.w.servlet.FilterRegistrationBean   : Mapping filter: 'characterEncodingFilter' to: [/*]
2018-08-22 16:37:07.697  INFO 10572 --- [    Test worker] o.s.b.w.servlet.FilterRegistrationBean   : Mapping filter: 'hiddenHttpMethodFilter' to: [/*]
2018-08-22 16:37:07.697  INFO 10572 --- [    Test worker] o.s.b.w.servlet.FilterRegistrationBean   : Mapping filter: 'httpPutFormContentFilter' to: [/*]
2018-08-22 16:37:07.697  INFO 10572 --- [    Test worker] o.s.b.w.servlet.FilterRegistrationBean   : Mapping filter: 'requestContextFilter' to: [/*]
2018-08-22 16:37:07.711  INFO 10572 --- [    Test worker] o.s.j.d.e.EmbeddedDatabaseFactory        : Starting embedded database: url='jdbc:h2:mem:2a62cb5c-8006-4a66-b771-d032f58cf3d0;DB_CLOSE_DELAY=-1;DB_CLOSE_ON_EXIT=false', username='sa'
2018-08-22 16:37:07.831  INFO 10572 --- [    Test worker] o.hibernate.jpa.internal.util.LogHelper  : HHH000204: Processing PersistenceUnitInfo [
	name: default
	...]
2018-08-22 16:37:07.850  INFO 10572 --- [    Test worker] org.hibernate.dialect.Dialect            : HHH000400: Using dialect: org.hibernate.dialect.H2Dialect
2018-08-22 16:37:07.947  INFO 10572 --- [    Test worker] o.h.t.schema.internal.SchemaCreatorImpl  : HHH000476: Executing import script 'org.hibernate.tool.schema.internal.exec.ScriptSourceInputNonExistentImpl@4bfcbc05'
2018-08-22 16:37:07.948  INFO 10572 --- [    Test worker] j.LocalContainerEntityManagerFactoryBean : Initialized JPA EntityManagerFactory for persistence unit 'default'
2018-08-22 16:37:08.736  WARN 10572 --- [    Test worker] aWebConfiguration$JpaWebMvcConfiguration : spring.jpa.open-in-view is enabled by default. Therefore, database queries may be performed during view rendering. Explicitly configure spring.jpa.open-in-view to disable this warning
2018-08-22 16:37:09.163  INFO 10572 --- [    Test worker] o.s.b.w.embedded.tomcat.TomcatWebServer  : Tomcat started on port(s): 53664 (http) with context path ''
2018-08-22 16:37:09.165  INFO 10572 --- [    Test worker] c.c.c.e.j.h.t.TestSalidaVehiculo         : Started TestSalidaVehiculo in 2.631 seconds (JVM running for 22.466)
2018-08-22 16:37:09.223  INFO 10572 --- [    Test worker] o.h.h.i.QueryTranslatorFactoryInitiator  : HHH000397: Using ASTQueryTranslatorFactory
]]></system-out>
  <system-err><![CDATA[]]></system-err>
</testsuite>
