<?xml version="1.0" encoding="UTF-8"?>
<testsuite name="co.com.ceiba.estacionamiento.julian.henao.testUnit.EntradaVehiculo.TestReglaVehiculoSinSalirVuelveAEntrar" tests="2" skipped="0" failures="0" errors="0" timestamp="2018-10-05T12:58:02" hostname="JULIAN-HENAO" time="0.032">
  <properties/>
  <testcase name="ReglaVehiculoSINRegistrarPuedeEntrar" classname="co.com.ceiba.estacionamiento.julian.henao.testUnit.EntradaVehiculo.TestReglaVehiculoSinSalirVuelveAEntrar" time="0.022"/>
  <testcase name="ReglaVehiculoRegistradoNoPuedeVolverAEntrar" classname="co.com.ceiba.estacionamiento.julian.henao.testUnit.EntradaVehiculo.TestReglaVehiculoSinSalirVuelveAEntrar" time="0.008"/>
  <system-out><![CDATA[2018-10-05 07:57:59.411  INFO 11932 --- [    Test worker] .b.t.c.SpringBootTestContextBootstrapper : Neither @ContextConfiguration nor @ContextHierarchy found for test class [co.com.ceiba.estacionamiento.julian.henao.testUnit.EntradaVehiculo.TestReglaVehiculoSinSalirVuelveAEntrar], using SpringBootContextLoader
2018-10-05 07:57:59.412  INFO 11932 --- [    Test worker] o.s.t.c.support.AbstractContextLoader    : Could not detect default resource locations for test class [co.com.ceiba.estacionamiento.julian.henao.testUnit.EntradaVehiculo.TestReglaVehiculoSinSalirVuelveAEntrar]: no resource found for suffixes {-context.xml, Context.groovy}.
2018-10-05 07:57:59.413  INFO 11932 --- [    Test worker] t.c.s.AnnotationConfigContextLoaderUtils : Could not detect default configuration classes for test class [co.com.ceiba.estacionamiento.julian.henao.testUnit.EntradaVehiculo.TestReglaVehiculoSinSalirVuelveAEntrar]: TestReglaVehiculoSinSalirVuelveAEntrar does not declare any static, non-private, non-final, nested classes annotated with @Configuration.
2018-10-05 07:57:59.423  INFO 11932 --- [    Test worker] .b.t.c.SpringBootTestContextBootstrapper : Found @SpringBootConfiguration co.com.ceiba.estacionamiento.julian.henao.AdnJulianHenaoApplication for test class co.com.ceiba.estacionamiento.julian.henao.testUnit.EntradaVehiculo.TestReglaVehiculoSinSalirVuelveAEntrar
2018-10-05 07:57:59.426  INFO 11932 --- [    Test worker] .b.t.c.SpringBootTestContextBootstrapper : Loaded default TestExecutionListener class names from location [META-INF/spring.factories]: [org.springframework.boot.test.autoconfigure.restdocs.RestDocsTestExecutionListener, org.springframework.boot.test.autoconfigure.web.client.MockRestServiceServerResetTestExecutionListener, org.springframework.boot.test.autoconfigure.web.servlet.MockMvcPrintOnlyOnFailureTestExecutionListener, org.springframework.boot.test.autoconfigure.web.servlet.WebDriverTestExecutionListener, org.springframework.boot.test.mock.mockito.MockitoTestExecutionListener, org.springframework.boot.test.mock.mockito.ResetMocksTestExecutionListener, org.springframework.test.context.web.ServletTestExecutionListener, org.springframework.test.context.support.DirtiesContextBeforeModesTestExecutionListener, org.springframework.test.context.support.DependencyInjectionTestExecutionListener, org.springframework.test.context.support.DirtiesContextTestExecutionListener, org.springframework.test.context.transaction.TransactionalTestExecutionListener, org.springframework.test.context.jdbc.SqlScriptsTestExecutionListener]
2018-10-05 07:57:59.427  INFO 11932 --- [    Test worker] .b.t.c.SpringBootTestContextBootstrapper : Using TestExecutionListeners: [org.springframework.test.context.web.ServletTestExecutionListener@3a2360a8, org.springframework.test.context.support.DirtiesContextBeforeModesTestExecutionListener@52a1bda0, org.springframework.boot.test.mock.mockito.MockitoTestExecutionListener@77c24842, org.springframework.boot.test.autoconfigure.SpringBootDependencyInjectionTestExecutionListener@15762d4e, org.springframework.test.context.support.DirtiesContextTestExecutionListener@34f13968, org.springframework.test.context.transaction.TransactionalTestExecutionListener@6be2ceeb, org.springframework.test.context.jdbc.SqlScriptsTestExecutionListener@e071b8d, org.springframework.boot.test.autoconfigure.restdocs.RestDocsTestExecutionListener@2a3f5b5e, org.springframework.boot.test.autoconfigure.web.client.MockRestServiceServerResetTestExecutionListener@17b81d08, org.springframework.boot.test.autoconfigure.web.servlet.MockMvcPrintOnlyOnFailureTestExecutionListener@6a500c82, org.springframework.boot.test.autoconfigure.web.servlet.WebDriverTestExecutionListener@5cbdb936, org.springframework.boot.test.mock.mockito.ResetMocksTestExecutionListener@c88ec54]

  .   ____          _            __ _ _
 /\\ / ___'_ __ _ _(_)_ __  __ _ \ \ \ \
( ( )\___ | '_ | '_| | '_ \/ _` | \ \ \ \
 \\/  ___)| |_)| | | | | || (_| |  ) ) ) )
  '  |____| .__|_| |_|_| |_\__, | / / / /
 =========|_|==============|___/=/_/_/_/
 :: Spring Boot ::             (v2.1.0.M1)

2018-10-05 07:57:59.499  INFO 11932 --- [    Test worker] E.TestReglaVehiculoSinSalirVuelveAEntrar : Starting TestReglaVehiculoSinSalirVuelveAEntrar on JULIAN-HENAO with PID 11932 (started by julian.henao in C:\Users\julian.henao\workspace\adnjulianhenao)
2018-10-05 07:57:59.502  INFO 11932 --- [    Test worker] E.TestReglaVehiculoSinSalirVuelveAEntrar : No active profile set, falling back to default profiles: default
2018-10-05 07:58:00.356  INFO 11932 --- [    Test worker] trationDelegate$BeanPostProcessorChecker : Bean 'org.springframework.transaction.annotation.ProxyTransactionManagementConfiguration' of type [org.springframework.transaction.annotation.ProxyTransactionManagementConfiguration$$EnhancerBySpringCGLIB$$910e8e8] is not eligible for getting processed by all BeanPostProcessors (for example: not eligible for auto-proxying)
2018-10-05 07:58:00.380  INFO 11932 --- [    Test worker] trationDelegate$BeanPostProcessorChecker : Bean 'org.springframework.hateoas.config.HateoasConfiguration' of type [org.springframework.hateoas.config.HateoasConfiguration$$EnhancerBySpringCGLIB$$8891361a] is not eligible for getting processed by all BeanPostProcessors (for example: not eligible for auto-proxying)
2018-10-05 07:58:00.529  INFO 11932 --- [    Test worker] com.zaxxer.hikari.HikariDataSource       : HikariPool-5 - Starting...
2018-10-05 07:58:00.532  INFO 11932 --- [    Test worker] com.zaxxer.hikari.HikariDataSource       : HikariPool-5 - Start completed.
2018-10-05 07:58:00.597  INFO 11932 --- [    Test worker] o.hibernate.jpa.internal.util.LogHelper  : HHH000204: Processing PersistenceUnitInfo [
	name: default
	...]
2018-10-05 07:58:00.625  INFO 11932 --- [    Test worker] org.hibernate.dialect.Dialect            : HHH000400: Using dialect: org.hibernate.dialect.H2Dialect
2018-10-05 07:58:00.721  INFO 11932 --- [    Test worker] o.h.t.schema.internal.SchemaCreatorImpl  : HHH000476: Executing import script 'ScriptSourceInputFromUrl(file:/C:/Users/julian.henao/workspace/adnjulianhenao/build/resources/main/import.sql)'
2018-10-05 07:58:00.728  INFO 11932 --- [    Test worker] j.LocalContainerEntityManagerFactoryBean : Initialized JPA EntityManagerFactory for persistence unit 'default'
2018-10-05 07:58:01.720  WARN 11932 --- [    Test worker] aWebConfiguration$JpaWebMvcConfiguration : spring.jpa.open-in-view is enabled by default. Therefore, database queries may be performed during view rendering. Explicitly configure spring.jpa.open-in-view to disable this warning
2018-10-05 07:58:01.853  INFO 11932 --- [    Test worker] o.s.b.a.w.s.WelcomePageHandlerMapping    : Adding welcome page: class path resource [static/index.html]
2018-10-05 07:58:02.184  INFO 11932 --- [    Test worker] E.TestReglaVehiculoSinSalirVuelveAEntrar : Started TestReglaVehiculoSinSalirVuelveAEntrar in 2.75 seconds (JVM running for 31.34)
]]></system-out>
  <system-err><![CDATA[]]></system-err>
</testsuite>
