<?xml version="1.0" encoding="UTF-8"?>
<testsuite name="co.com.ceiba.estacionamiento.julian.henao.testIntegracionSalidaVehiculo.TestReglaPlacayRegistroCoinciden" tests="2" skipped="0" failures="0" errors="0" timestamp="2018-08-28T20:52:26" hostname="JULIAN-HENAO" time="0.073">
  <properties/>
  <testcase name="ReglaRegistroNOExiste" classname="co.com.ceiba.estacionamiento.julian.henao.testIntegracionSalidaVehiculo.TestReglaPlacayRegistroCoinciden" time="0.052"/>
  <testcase name="ReglaRegistroExiste" classname="co.com.ceiba.estacionamiento.julian.henao.testIntegracionSalidaVehiculo.TestReglaPlacayRegistroCoinciden" time="0.02"/>
  <system-out><![CDATA[2018-08-28 15:52:26.926  INFO 15672 --- [    Test worker] .b.t.c.SpringBootTestContextBootstrapper : Neither @ContextConfiguration nor @ContextHierarchy found for test class [co.com.ceiba.estacionamiento.julian.henao.testIntegracionSalidaVehiculo.TestReglaPlacayRegistroCoinciden], using SpringBootContextLoader
2018-08-28 15:52:26.927  INFO 15672 --- [    Test worker] o.s.t.c.support.AbstractContextLoader    : Could not detect default resource locations for test class [co.com.ceiba.estacionamiento.julian.henao.testIntegracionSalidaVehiculo.TestReglaPlacayRegistroCoinciden]: no resource found for suffixes {-context.xml, Context.groovy}.
2018-08-28 15:52:26.928  INFO 15672 --- [    Test worker] t.c.s.AnnotationConfigContextLoaderUtils : Could not detect default configuration classes for test class [co.com.ceiba.estacionamiento.julian.henao.testIntegracionSalidaVehiculo.TestReglaPlacayRegistroCoinciden]: TestReglaPlacayRegistroCoinciden does not declare any static, non-private, non-final, nested classes annotated with @Configuration.
2018-08-28 15:52:26.945  INFO 15672 --- [    Test worker] .b.t.c.SpringBootTestContextBootstrapper : Found @SpringBootConfiguration co.com.ceiba.estacionamiento.julian.henao.AdnJulianHenaoApplication for test class co.com.ceiba.estacionamiento.julian.henao.testIntegracionSalidaVehiculo.TestReglaPlacayRegistroCoinciden
2018-08-28 15:52:26.946  INFO 15672 --- [    Test worker] .b.t.c.SpringBootTestContextBootstrapper : Loaded default TestExecutionListener class names from location [META-INF/spring.factories]: [org.springframework.boot.test.autoconfigure.restdocs.RestDocsTestExecutionListener, org.springframework.boot.test.autoconfigure.web.client.MockRestServiceServerResetTestExecutionListener, org.springframework.boot.test.autoconfigure.web.servlet.MockMvcPrintOnlyOnFailureTestExecutionListener, org.springframework.boot.test.autoconfigure.web.servlet.WebDriverTestExecutionListener, org.springframework.boot.test.mock.mockito.MockitoTestExecutionListener, org.springframework.boot.test.mock.mockito.ResetMocksTestExecutionListener, org.springframework.test.context.web.ServletTestExecutionListener, org.springframework.test.context.support.DirtiesContextBeforeModesTestExecutionListener, org.springframework.test.context.support.DependencyInjectionTestExecutionListener, org.springframework.test.context.support.DirtiesContextTestExecutionListener, org.springframework.test.context.transaction.TransactionalTestExecutionListener, org.springframework.test.context.jdbc.SqlScriptsTestExecutionListener]
2018-08-28 15:52:26.947  INFO 15672 --- [    Test worker] .b.t.c.SpringBootTestContextBootstrapper : Using TestExecutionListeners: [org.springframework.test.context.web.ServletTestExecutionListener@3e562e8b, org.springframework.test.context.support.DirtiesContextBeforeModesTestExecutionListener@772f3b19, org.springframework.boot.test.mock.mockito.MockitoTestExecutionListener@63b2809b, org.springframework.boot.test.autoconfigure.SpringBootDependencyInjectionTestExecutionListener@61e8fe83, org.springframework.test.context.support.DirtiesContextTestExecutionListener@6ec5a643, org.springframework.test.context.transaction.TransactionalTestExecutionListener@603caf71, org.springframework.test.context.jdbc.SqlScriptsTestExecutionListener@177d4db5, org.springframework.boot.test.autoconfigure.restdocs.RestDocsTestExecutionListener@3147a53f, org.springframework.boot.test.autoconfigure.web.client.MockRestServiceServerResetTestExecutionListener@72f3faea, org.springframework.boot.test.autoconfigure.web.servlet.MockMvcPrintOnlyOnFailureTestExecutionListener@773184e2, org.springframework.boot.test.autoconfigure.web.servlet.WebDriverTestExecutionListener@a5c7f54, org.springframework.boot.test.mock.mockito.ResetMocksTestExecutionListener@6be4d7d]
]]></system-out>
  <system-err><![CDATA[]]></system-err>
</testsuite>
