<?xml version="1.0" encoding="UTF-8"?>
<testsuite name="co.com.ceiba.estacionamiento.julian.henao.testIntegracionConsultaServicios.TestVehiculo" tests="3" skipped="0" failures="0" errors="0" timestamp="2018-08-24T16:04:32" hostname="JULIAN-HENAO" time="0.222">
  <properties/>
  <testcase name="crearVehiculoExitoso" classname="co.com.ceiba.estacionamiento.julian.henao.testIntegracionConsultaServicios.TestVehiculo" time="0.169"/>
  <testcase name="crearVehiculoNulo" classname="co.com.ceiba.estacionamiento.julian.henao.testIntegracionConsultaServicios.TestVehiculo" time="0.02"/>
  <testcase name="obtenerVehiculos" classname="co.com.ceiba.estacionamiento.julian.henao.testIntegracionConsultaServicios.TestVehiculo" time="0.031"/>
  <system-out><![CDATA[2018-08-24 11:04:32.480  INFO 12712 --- [    Test worker] .b.t.c.SpringBootTestContextBootstrapper : Neither @ContextConfiguration nor @ContextHierarchy found for test class [co.com.ceiba.estacionamiento.julian.henao.testIntegracionConsultaServicios.TestVehiculo], using SpringBootContextLoader
2018-08-24 11:04:32.481  INFO 12712 --- [    Test worker] o.s.t.c.support.AbstractContextLoader    : Could not detect default resource locations for test class [co.com.ceiba.estacionamiento.julian.henao.testIntegracionConsultaServicios.TestVehiculo]: no resource found for suffixes {-context.xml, Context.groovy}.
2018-08-24 11:04:32.481  INFO 12712 --- [    Test worker] t.c.s.AnnotationConfigContextLoaderUtils : Could not detect default configuration classes for test class [co.com.ceiba.estacionamiento.julian.henao.testIntegracionConsultaServicios.TestVehiculo]: TestVehiculo does not declare any static, non-private, non-final, nested classes annotated with @Configuration.
2018-08-24 11:04:32.484  INFO 12712 --- [    Test worker] .b.t.c.SpringBootTestContextBootstrapper : Found @SpringBootConfiguration co.com.ceiba.estacionamiento.julian.henao.AdnJulianHenaoApplication for test class co.com.ceiba.estacionamiento.julian.henao.testIntegracionConsultaServicios.TestVehiculo
2018-08-24 11:04:32.486  INFO 12712 --- [    Test worker] .b.t.c.SpringBootTestContextBootstrapper : Loaded default TestExecutionListener class names from location [META-INF/spring.factories]: [org.springframework.boot.test.autoconfigure.restdocs.RestDocsTestExecutionListener, org.springframework.boot.test.autoconfigure.web.client.MockRestServiceServerResetTestExecutionListener, org.springframework.boot.test.autoconfigure.web.servlet.MockMvcPrintOnlyOnFailureTestExecutionListener, org.springframework.boot.test.autoconfigure.web.servlet.WebDriverTestExecutionListener, org.springframework.boot.test.mock.mockito.MockitoTestExecutionListener, org.springframework.boot.test.mock.mockito.ResetMocksTestExecutionListener, org.springframework.test.context.web.ServletTestExecutionListener, org.springframework.test.context.support.DirtiesContextBeforeModesTestExecutionListener, org.springframework.test.context.support.DependencyInjectionTestExecutionListener, org.springframework.test.context.support.DirtiesContextTestExecutionListener, org.springframework.test.context.transaction.TransactionalTestExecutionListener, org.springframework.test.context.jdbc.SqlScriptsTestExecutionListener]
2018-08-24 11:04:32.486  INFO 12712 --- [    Test worker] .b.t.c.SpringBootTestContextBootstrapper : Using TestExecutionListeners: [org.springframework.test.context.web.ServletTestExecutionListener@503f827f, org.springframework.test.context.support.DirtiesContextBeforeModesTestExecutionListener@140aaf4e, org.springframework.boot.test.mock.mockito.MockitoTestExecutionListener@158e2075, org.springframework.boot.test.autoconfigure.SpringBootDependencyInjectionTestExecutionListener@5e104fc6, org.springframework.test.context.support.DirtiesContextTestExecutionListener@72901201, org.springframework.test.context.transaction.TransactionalTestExecutionListener@33a1a3c2, org.springframework.test.context.jdbc.SqlScriptsTestExecutionListener@57c8b04b, org.springframework.boot.test.autoconfigure.restdocs.RestDocsTestExecutionListener@b7aab0b, org.springframework.boot.test.autoconfigure.web.client.MockRestServiceServerResetTestExecutionListener@7908a07f, org.springframework.boot.test.autoconfigure.web.servlet.MockMvcPrintOnlyOnFailureTestExecutionListener@4709b32f, org.springframework.boot.test.autoconfigure.web.servlet.WebDriverTestExecutionListener@5551196d, org.springframework.boot.test.mock.mockito.ResetMocksTestExecutionListener@b2dc23f]
]]></system-out>
  <system-err><![CDATA[]]></system-err>
</testsuite>
