<?xml version="1.0" encoding="UTF-8"?>
<testsuite name="co.com.ceiba.estacionamiento.julian.henao.testUnit.SalidaVehiculo.TestReglaPlacaExiste" tests="2" skipped="0" failures="0" errors="0" timestamp="2018-10-05T15:40:09" hostname="JULIAN-HENAO" time="0.015">
  <properties/>
  <testcase name="ReglaPlacaIngresadaNOExiste" classname="co.com.ceiba.estacionamiento.julian.henao.testUnit.SalidaVehiculo.TestReglaPlacaExiste" time="0.006"/>
  <testcase name="ReglaConCilindrajeMENOR500Moto" classname="co.com.ceiba.estacionamiento.julian.henao.testUnit.SalidaVehiculo.TestReglaPlacaExiste" time="0.007"/>
  <system-out><![CDATA[2018-10-05 10:40:07.239  INFO 13552 --- [    Test worker] .b.t.c.SpringBootTestContextBootstrapper : Neither @ContextConfiguration nor @ContextHierarchy found for test class [co.com.ceiba.estacionamiento.julian.henao.testUnit.SalidaVehiculo.TestReglaPlacaExiste], using SpringBootContextLoader
2018-10-05 10:40:07.241  INFO 13552 --- [    Test worker] o.s.t.c.support.AbstractContextLoader    : Could not detect default resource locations for test class [co.com.ceiba.estacionamiento.julian.henao.testUnit.SalidaVehiculo.TestReglaPlacaExiste]: no resource found for suffixes {-context.xml, Context.groovy}.
2018-10-05 10:40:07.242  INFO 13552 --- [    Test worker] t.c.s.AnnotationConfigContextLoaderUtils : Could not detect default configuration classes for test class [co.com.ceiba.estacionamiento.julian.henao.testUnit.SalidaVehiculo.TestReglaPlacaExiste]: TestReglaPlacaExiste does not declare any static, non-private, non-final, nested classes annotated with @Configuration.
2018-10-05 10:40:07.244  INFO 13552 --- [    Test worker] .b.t.c.SpringBootTestContextBootstrapper : Found @SpringBootConfiguration co.com.ceiba.estacionamiento.julian.henao.AdnJulianHenaoApplication for test class co.com.ceiba.estacionamiento.julian.henao.testUnit.SalidaVehiculo.TestReglaPlacaExiste
2018-10-05 10:40:07.248  INFO 13552 --- [    Test worker] .b.t.c.SpringBootTestContextBootstrapper : Loaded default TestExecutionListener class names from location [META-INF/spring.factories]: [org.springframework.boot.test.autoconfigure.restdocs.RestDocsTestExecutionListener, org.springframework.boot.test.autoconfigure.web.client.MockRestServiceServerResetTestExecutionListener, org.springframework.boot.test.autoconfigure.web.servlet.MockMvcPrintOnlyOnFailureTestExecutionListener, org.springframework.boot.test.autoconfigure.web.servlet.WebDriverTestExecutionListener, org.springframework.boot.test.mock.mockito.MockitoTestExecutionListener, org.springframework.boot.test.mock.mockito.ResetMocksTestExecutionListener, org.springframework.test.context.web.ServletTestExecutionListener, org.springframework.test.context.support.DirtiesContextBeforeModesTestExecutionListener, org.springframework.test.context.support.DependencyInjectionTestExecutionListener, org.springframework.test.context.support.DirtiesContextTestExecutionListener, org.springframework.test.context.transaction.TransactionalTestExecutionListener, org.springframework.test.context.jdbc.SqlScriptsTestExecutionListener]
2018-10-05 10:40:07.249  INFO 13552 --- [    Test worker] .b.t.c.SpringBootTestContextBootstrapper : Using TestExecutionListeners: [org.springframework.test.context.web.ServletTestExecutionListener@6761f752, org.springframework.test.context.support.DirtiesContextBeforeModesTestExecutionListener@1d403ed0, org.springframework.boot.test.mock.mockito.MockitoTestExecutionListener@260fac7e, org.springframework.boot.test.autoconfigure.SpringBootDependencyInjectionTestExecutionListener@3effbd14, org.springframework.test.context.support.DirtiesContextTestExecutionListener@56cc06fe, org.springframework.test.context.transaction.TransactionalTestExecutionListener@4a661449, org.springframework.test.context.jdbc.SqlScriptsTestExecutionListener@11d13d27, org.springframework.boot.test.autoconfigure.restdocs.RestDocsTestExecutionListener@52053514, org.springframework.boot.test.autoconfigure.web.client.MockRestServiceServerResetTestExecutionListener@6448225c, org.springframework.boot.test.autoconfigure.web.servlet.MockMvcPrintOnlyOnFailureTestExecutionListener@1e76b6c0, org.springframework.boot.test.autoconfigure.web.servlet.WebDriverTestExecutionListener@6d6982c, org.springframework.boot.test.mock.mockito.ResetMocksTestExecutionListener@7d80a077]

  .   ____          _            __ _ _
 /\\ / ___'_ __ _ _(_)_ __  __ _ \ \ \ \
( ( )\___ | '_ | '_| | '_ \/ _` | \ \ \ \
 \\/  ___)| |_)| | | | | || (_| |  ) ) ) )
  '  |____| .__|_| |_|_| |_\__, | / / / /
 =========|_|==============|___/=/_/_/_/
 :: Spring Boot ::             (v2.1.0.M1)

2018-10-05 10:40:07.295  INFO 13552 --- [    Test worker] c.c.c.e.j.h.t.S.TestReglaPlacaExiste     : Starting TestReglaPlacaExiste on JULIAN-HENAO with PID 13552 (started by julian.henao in C:\Users\julian.henao\workspace\adnjulianhenao)
2018-10-05 10:40:07.296  INFO 13552 --- [    Test worker] c.c.c.e.j.h.t.S.TestReglaPlacaExiste     : No active profile set, falling back to default profiles: default
2018-10-05 10:40:07.821  INFO 13552 --- [    Test worker] trationDelegate$BeanPostProcessorChecker : Bean 'org.springframework.transaction.annotation.ProxyTransactionManagementConfiguration' of type [org.springframework.transaction.annotation.ProxyTransactionManagementConfiguration$$EnhancerBySpringCGLIB$$dc01c345] is not eligible for getting processed by all BeanPostProcessors (for example: not eligible for auto-proxying)
2018-10-05 10:40:07.840  INFO 13552 --- [    Test worker] trationDelegate$BeanPostProcessorChecker : Bean 'org.springframework.hateoas.config.HateoasConfiguration' of type [org.springframework.hateoas.config.HateoasConfiguration$$EnhancerBySpringCGLIB$$5b821077] is not eligible for getting processed by all BeanPostProcessors (for example: not eligible for auto-proxying)
2018-10-05 10:40:07.943  INFO 13552 --- [    Test worker] com.zaxxer.hikari.HikariDataSource       : HikariPool-6 - Starting...
2018-10-05 10:40:07.945  INFO 13552 --- [    Test worker] com.zaxxer.hikari.HikariDataSource       : HikariPool-6 - Start completed.
2018-10-05 10:40:07.991  INFO 13552 --- [    Test worker] o.hibernate.jpa.internal.util.LogHelper  : HHH000204: Processing PersistenceUnitInfo [
	name: default
	...]
2018-10-05 10:40:08.018  INFO 13552 --- [    Test worker] org.hibernate.dialect.Dialect            : HHH000400: Using dialect: org.hibernate.dialect.H2Dialect
2018-10-05 10:40:08.097  INFO 13552 --- [    Test worker] o.h.t.schema.internal.SchemaCreatorImpl  : HHH000476: Executing import script 'ScriptSourceInputFromUrl(file:/C:/Users/julian.henao/workspace/adnjulianhenao/build/resources/main/import.sql)'
2018-10-05 10:40:08.103  INFO 13552 --- [    Test worker] j.LocalContainerEntityManagerFactoryBean : Initialized JPA EntityManagerFactory for persistence unit 'default'
2018-10-05 10:40:08.970  WARN 13552 --- [    Test worker] aWebConfiguration$JpaWebMvcConfiguration : spring.jpa.open-in-view is enabled by default. Therefore, database queries may be performed during view rendering. Explicitly configure spring.jpa.open-in-view to disable this warning
2018-10-05 10:40:09.100  INFO 13552 --- [    Test worker] o.s.b.a.w.s.WelcomePageHandlerMapping    : Adding welcome page: class path resource [static/index.html]
2018-10-05 10:40:09.417  INFO 13552 --- [    Test worker] c.c.c.e.j.h.t.S.TestReglaPlacaExiste     : Started TestReglaPlacaExiste in 2.166 seconds (JVM running for 28.781)
]]></system-out>
  <system-err><![CDATA[]]></system-err>
</testsuite>
