<?xml version="1.0" encoding="UTF-8"?>
<testsuite name="co.com.ceiba.estacionamiento.julian.henao.testUnit.EntradaVehiculo.TestReglaCilindrajeMoto" tests="3" skipped="0" failures="0" errors="0" timestamp="2018-10-03T15:56:46" hostname="JULIAN-HENAO" time="0.455">
  <properties/>
  <testcase name="ReglaEntradaAutoCilindrajeCero" classname="co.com.ceiba.estacionamiento.julian.henao.testUnit.EntradaVehiculo.TestReglaCilindrajeMoto" time="0.406"/>
  <testcase name="ReglaEntradaMotoCilindrajeMayoraCero" classname="co.com.ceiba.estacionamiento.julian.henao.testUnit.EntradaVehiculo.TestReglaCilindrajeMoto" time="0.008"/>
  <testcase name="ReglaEntradaMotoCilindrajeCero" classname="co.com.ceiba.estacionamiento.julian.henao.testUnit.EntradaVehiculo.TestReglaCilindrajeMoto" time="0.033"/>
  <system-out><![CDATA[10:56:30.162 [Test worker] DEBUG org.springframework.test.context.junit4.SpringJUnit4ClassRunner - SpringJUnit4ClassRunner constructor called with [class co.com.ceiba.estacionamiento.julian.henao.testUnit.EntradaVehiculo.TestReglaCilindrajeMoto]
10:56:30.195 [Test worker] DEBUG org.springframework.test.context.BootstrapUtils - Instantiating CacheAwareContextLoaderDelegate from class [org.springframework.test.context.cache.DefaultCacheAwareContextLoaderDelegate]
10:56:30.229 [Test worker] DEBUG org.springframework.test.context.BootstrapUtils - Instantiating BootstrapContext using constructor [public org.springframework.test.context.support.DefaultBootstrapContext(java.lang.Class,org.springframework.test.context.CacheAwareContextLoaderDelegate)]
10:56:30.289 [Test worker] DEBUG org.springframework.test.context.BootstrapUtils - Instantiating TestContextBootstrapper for test class [co.com.ceiba.estacionamiento.julian.henao.testUnit.EntradaVehiculo.TestReglaCilindrajeMoto] from class [org.springframework.boot.test.context.SpringBootTestContextBootstrapper]
10:56:30.343 [Test worker] INFO org.springframework.boot.test.context.SpringBootTestContextBootstrapper - Neither @ContextConfiguration nor @ContextHierarchy found for test class [co.com.ceiba.estacionamiento.julian.henao.testUnit.EntradaVehiculo.TestReglaCilindrajeMoto], using SpringBootContextLoader
10:56:30.354 [Test worker] DEBUG org.springframework.test.context.support.AbstractContextLoader - Did not detect default resource location for test class [co.com.ceiba.estacionamiento.julian.henao.testUnit.EntradaVehiculo.TestReglaCilindrajeMoto]: class path resource [co/com/ceiba/estacionamiento/julian/henao/testUnit/EntradaVehiculo/TestReglaCilindrajeMoto-context.xml] does not exist
10:56:30.356 [Test worker] DEBUG org.springframework.test.context.support.AbstractContextLoader - Did not detect default resource location for test class [co.com.ceiba.estacionamiento.julian.henao.testUnit.EntradaVehiculo.TestReglaCilindrajeMoto]: class path resource [co/com/ceiba/estacionamiento/julian/henao/testUnit/EntradaVehiculo/TestReglaCilindrajeMotoContext.groovy] does not exist
10:56:30.358 [Test worker] INFO org.springframework.test.context.support.AbstractContextLoader - Could not detect default resource locations for test class [co.com.ceiba.estacionamiento.julian.henao.testUnit.EntradaVehiculo.TestReglaCilindrajeMoto]: no resource found for suffixes {-context.xml, Context.groovy}.
10:56:30.360 [Test worker] INFO org.springframework.test.context.support.AnnotationConfigContextLoaderUtils - Could not detect default configuration classes for test class [co.com.ceiba.estacionamiento.julian.henao.testUnit.EntradaVehiculo.TestReglaCilindrajeMoto]: TestReglaCilindrajeMoto does not declare any static, non-private, non-final, nested classes annotated with @Configuration.
10:56:30.488 [Test worker] DEBUG org.springframework.test.context.support.ActiveProfilesUtils - Could not find an 'annotation declaring class' for annotation type [org.springframework.test.context.ActiveProfiles] and class [co.com.ceiba.estacionamiento.julian.henao.testUnit.EntradaVehiculo.TestReglaCilindrajeMoto]
10:56:30.766 [Test worker] DEBUG org.springframework.context.annotation.ClassPathScanningCandidateComponentProvider - Identified candidate component class: file [C:\Users\julian.henao\workspace\adnjulianhenao\build\classes\java\main\co\com\ceiba\estacionamiento\julian\henao\AdnJulianHenaoApplication.class]
10:56:30.773 [Test worker] INFO org.springframework.boot.test.context.SpringBootTestContextBootstrapper - Found @SpringBootConfiguration co.com.ceiba.estacionamiento.julian.henao.AdnJulianHenaoApplication for test class co.com.ceiba.estacionamiento.julian.henao.testUnit.EntradaVehiculo.TestReglaCilindrajeMoto
10:56:31.203 [Test worker] DEBUG org.springframework.boot.test.context.SpringBootTestContextBootstrapper - @TestExecutionListeners is not present for class [co.com.ceiba.estacionamiento.julian.henao.testUnit.EntradaVehiculo.TestReglaCilindrajeMoto]: using defaults.
10:56:31.206 [Test worker] INFO org.springframework.boot.test.context.SpringBootTestContextBootstrapper - Loaded default TestExecutionListener class names from location [META-INF/spring.factories]: [org.springframework.boot.test.autoconfigure.restdocs.RestDocsTestExecutionListener, org.springframework.boot.test.autoconfigure.web.client.MockRestServiceServerResetTestExecutionListener, org.springframework.boot.test.autoconfigure.web.servlet.MockMvcPrintOnlyOnFailureTestExecutionListener, org.springframework.boot.test.autoconfigure.web.servlet.WebDriverTestExecutionListener, org.springframework.boot.test.mock.mockito.MockitoTestExecutionListener, org.springframework.boot.test.mock.mockito.ResetMocksTestExecutionListener, org.springframework.test.context.web.ServletTestExecutionListener, org.springframework.test.context.support.DirtiesContextBeforeModesTestExecutionListener, org.springframework.test.context.support.DependencyInjectionTestExecutionListener, org.springframework.test.context.support.DirtiesContextTestExecutionListener, org.springframework.test.context.transaction.TransactionalTestExecutionListener, org.springframework.test.context.jdbc.SqlScriptsTestExecutionListener]
10:56:31.255 [Test worker] INFO org.springframework.boot.test.context.SpringBootTestContextBootstrapper - Using TestExecutionListeners: [org.springframework.test.context.web.ServletTestExecutionListener@4cb8edc1, org.springframework.test.context.support.DirtiesContextBeforeModesTestExecutionListener@9e31845, org.springframework.boot.test.mock.mockito.MockitoTestExecutionListener@93042cb, org.springframework.boot.test.autoconfigure.SpringBootDependencyInjectionTestExecutionListener@26e8f827, org.springframework.test.context.support.DirtiesContextTestExecutionListener@2db5cfde, org.springframework.test.context.transaction.TransactionalTestExecutionListener@3c05cb1d, org.springframework.test.context.jdbc.SqlScriptsTestExecutionListener@37a8f04c, org.springframework.boot.test.autoconfigure.restdocs.RestDocsTestExecutionListener@56e00f5e, org.springframework.boot.test.autoconfigure.web.client.MockRestServiceServerResetTestExecutionListener@5528e163, org.springframework.boot.test.autoconfigure.web.servlet.MockMvcPrintOnlyOnFailureTestExecutionListener@476785f8, org.springframework.boot.test.autoconfigure.web.servlet.WebDriverTestExecutionListener@37bd27c8, org.springframework.boot.test.mock.mockito.ResetMocksTestExecutionListener@61f1449e]
10:56:31.262 [Test worker] DEBUG org.springframework.test.annotation.ProfileValueUtils - Retrieved @ProfileValueSourceConfiguration [null] for test class [co.com.ceiba.estacionamiento.julian.henao.testUnit.EntradaVehiculo.TestReglaCilindrajeMoto]
10:56:31.263 [Test worker] DEBUG org.springframework.test.annotation.ProfileValueUtils - Retrieved ProfileValueSource type [class org.springframework.test.annotation.SystemProfileValueSource] for class [co.com.ceiba.estacionamiento.julian.henao.testUnit.EntradaVehiculo.TestReglaCilindrajeMoto]
10:56:31.265 [Test worker] DEBUG org.springframework.test.annotation.ProfileValueUtils - Retrieved @ProfileValueSourceConfiguration [null] for test class [co.com.ceiba.estacionamiento.julian.henao.testUnit.EntradaVehiculo.TestReglaCilindrajeMoto]
10:56:31.265 [Test worker] DEBUG org.springframework.test.annotation.ProfileValueUtils - Retrieved ProfileValueSource type [class org.springframework.test.annotation.SystemProfileValueSource] for class [co.com.ceiba.estacionamiento.julian.henao.testUnit.EntradaVehiculo.TestReglaCilindrajeMoto]
10:56:31.276 [Test worker] DEBUG org.springframework.test.context.support.AbstractDirtiesContextTestExecutionListener - Before test class: context [DefaultTestContext@5f177303 testClass = TestReglaCilindrajeMoto, testInstance = [null], testMethod = [null], testException = [null], mergedContextConfiguration = [WebMergedContextConfiguration@2bc03dc5 testClass = TestReglaCilindrajeMoto, locations = '{}', classes = '{class co.com.ceiba.estacionamiento.julian.henao.AdnJulianHenaoApplication}', contextInitializerClasses = '[]', activeProfiles = '{}', propertySourceLocations = '{}', propertySourceProperties = '{org.springframework.boot.test.context.SpringBootTestContextBootstrapper=true}', contextCustomizers = set[org.springframework.boot.test.autoconfigure.properties.PropertyMappingContextCustomizer@0, org.springframework.boot.test.autoconfigure.web.servlet.WebDriverContextCustomizerFactory$Customizer@6ae6cfe6, org.springframework.boot.test.context.filter.ExcludeFilterContextCustomizer@4054f9ee, org.springframework.boot.test.json.DuplicateJsonObjectContextCustomizerFactory$DuplicateJsonObjectContextCustomizer@1ac0784c, org.springframework.boot.test.mock.mockito.MockitoContextCustomizer@0, org.springframework.boot.test.web.client.TestRestTemplateContextCustomizer@73adfb74], resourceBasePath = 'src/main/webapp', contextLoader = 'org.springframework.boot.test.context.SpringBootContextLoader', parent = [null]], attributes = map['org.springframework.test.context.web.ServletTestExecutionListener.activateListener' -> true]], class annotated with @DirtiesContext [false] with mode [null].
10:56:31.278 [Test worker] DEBUG org.springframework.test.annotation.ProfileValueUtils - Retrieved @ProfileValueSourceConfiguration [null] for test class [co.com.ceiba.estacionamiento.julian.henao.testUnit.EntradaVehiculo.TestReglaCilindrajeMoto]
10:56:31.279 [Test worker] DEBUG org.springframework.test.annotation.ProfileValueUtils - Retrieved ProfileValueSource type [class org.springframework.test.annotation.SystemProfileValueSource] for class [co.com.ceiba.estacionamiento.julian.henao.testUnit.EntradaVehiculo.TestReglaCilindrajeMoto]
10:56:31.373 [Test worker] DEBUG org.springframework.test.context.support.TestPropertySourceUtils - Adding inlined properties to environment: {spring.jmx.enabled=false, org.springframework.boot.test.context.SpringBootTestContextBootstrapper=true, server.port=-1}

  .   ____          _            __ _ _
 /\\ / ___'_ __ _ _(_)_ __  __ _ \ \ \ \
( ( )\___ | '_ | '_| | '_ \/ _` | \ \ \ \
 \\/  ___)| |_)| | | | | || (_| |  ) ) ) )
  '  |____| .__|_| |_|_| |_\__, | / / / /
 =========|_|==============|___/=/_/_/_/
 :: Spring Boot ::             (v2.1.0.M1)

2018-10-03 10:56:32.175  INFO 6716 --- [    Test worker] c.c.c.e.j.h.t.E.TestReglaCilindrajeMoto  : Starting TestReglaCilindrajeMoto on JULIAN-HENAO with PID 6716 (started by julian.henao in C:\Users\julian.henao\workspace\adnjulianhenao)
2018-10-03 10:56:32.178  INFO 6716 --- [    Test worker] c.c.c.e.j.h.t.E.TestReglaCilindrajeMoto  : No active profile set, falling back to default profiles: default
2018-10-03 10:56:36.815  INFO 6716 --- [    Test worker] trationDelegate$BeanPostProcessorChecker : Bean 'org.springframework.transaction.annotation.ProxyTransactionManagementConfiguration' of type [org.springframework.transaction.annotation.ProxyTransactionManagementConfiguration$$EnhancerBySpringCGLIB$$64de89dc] is not eligible for getting processed by all BeanPostProcessors (for example: not eligible for auto-proxying)
2018-10-03 10:56:36.897  INFO 6716 --- [    Test worker] trationDelegate$BeanPostProcessorChecker : Bean 'org.springframework.hateoas.config.HateoasConfiguration' of type [org.springframework.hateoas.config.HateoasConfiguration$$EnhancerBySpringCGLIB$$e45ed70e] is not eligible for getting processed by all BeanPostProcessors (for example: not eligible for auto-proxying)
2018-10-03 10:56:37.383  INFO 6716 --- [    Test worker] com.zaxxer.hikari.HikariDataSource       : HikariPool-1 - Starting...
2018-10-03 10:56:38.000  INFO 6716 --- [    Test worker] com.zaxxer.hikari.HikariDataSource       : HikariPool-1 - Start completed.
2018-10-03 10:56:38.333  INFO 6716 --- [    Test worker] o.hibernate.jpa.internal.util.LogHelper  : HHH000204: Processing PersistenceUnitInfo [
	name: default
	...]
2018-10-03 10:56:38.595  INFO 6716 --- [    Test worker] org.hibernate.Version                    : HHH000412: Hibernate Core {5.3.3.Final}
2018-10-03 10:56:38.618  INFO 6716 --- [    Test worker] org.hibernate.cfg.Environment            : HHH000206: hibernate.properties not found
2018-10-03 10:56:38.960  INFO 6716 --- [    Test worker] o.hibernate.annotations.common.Version   : HCANN000001: Hibernate Commons Annotations {5.0.4.Final}
2018-10-03 10:56:39.497  INFO 6716 --- [    Test worker] org.hibernate.dialect.Dialect            : HHH000400: Using dialect: org.hibernate.dialect.H2Dialect
2018-10-03 10:56:41.407  INFO 6716 --- [    Test worker] o.h.t.schema.internal.SchemaCreatorImpl  : HHH000476: Executing import script 'ScriptSourceInputFromUrl(file:/C:/Users/julian.henao/workspace/adnjulianhenao/build/resources/main/import.sql)'
2018-10-03 10:56:41.445  INFO 6716 --- [    Test worker] j.LocalContainerEntityManagerFactoryBean : Initialized JPA EntityManagerFactory for persistence unit 'default'
2018-10-03 10:56:45.593  WARN 6716 --- [    Test worker] aWebConfiguration$JpaWebMvcConfiguration : spring.jpa.open-in-view is enabled by default. Therefore, database queries may be performed during view rendering. Explicitly configure spring.jpa.open-in-view to disable this warning
2018-10-03 10:56:46.867  INFO 6716 --- [    Test worker] c.c.c.e.j.h.t.E.TestReglaCilindrajeMoto  : Started TestReglaCilindrajeMoto in 15.466 seconds (JVM running for 18.781)
]]></system-out>
  <system-err><![CDATA[]]></system-err>
</testsuite>
