<?xml version="1.0" encoding="UTF-8"?>
<testsuite name="co.com.ceiba.estacionamiento.julian.henao.testUnit.SalidaVehiculo.TestCalcularHorasParqueadero" tests="2" skipped="0" failures="0" errors="0" timestamp="2018-09-20T13:42:44" hostname="JULIAN-HENAO" time="0.012">
  <properties/>
  <testcase name="HorasCalculadasV1" classname="co.com.ceiba.estacionamiento.julian.henao.testUnit.SalidaVehiculo.TestCalcularHorasParqueadero" time="0.006"/>
  <testcase name="HorasCalculadasV2" classname="co.com.ceiba.estacionamiento.julian.henao.testUnit.SalidaVehiculo.TestCalcularHorasParqueadero" time="0.005"/>
  <system-out><![CDATA[2018-09-20 08:42:44.910  INFO 17836 --- [    Test worker] .b.t.c.SpringBootTestContextBootstrapper : Neither @ContextConfiguration nor @ContextHierarchy found for test class [co.com.ceiba.estacionamiento.julian.henao.testUnit.SalidaVehiculo.TestCalcularHorasParqueadero], using SpringBootContextLoader
2018-09-20 08:42:44.912  INFO 17836 --- [    Test worker] o.s.t.c.support.AbstractContextLoader    : Could not detect default resource locations for test class [co.com.ceiba.estacionamiento.julian.henao.testUnit.SalidaVehiculo.TestCalcularHorasParqueadero]: no resource found for suffixes {-context.xml, Context.groovy}.
2018-09-20 08:42:44.913  INFO 17836 --- [    Test worker] t.c.s.AnnotationConfigContextLoaderUtils : Could not detect default configuration classes for test class [co.com.ceiba.estacionamiento.julian.henao.testUnit.SalidaVehiculo.TestCalcularHorasParqueadero]: TestCalcularHorasParqueadero does not declare any static, non-private, non-final, nested classes annotated with @Configuration.
2018-09-20 08:42:44.928  INFO 17836 --- [    Test worker] .b.t.c.SpringBootTestContextBootstrapper : Found @SpringBootConfiguration co.com.ceiba.estacionamiento.julian.henao.AdnJulianHenaoApplication for test class co.com.ceiba.estacionamiento.julian.henao.testUnit.SalidaVehiculo.TestCalcularHorasParqueadero
2018-09-20 08:42:44.930  INFO 17836 --- [    Test worker] .b.t.c.SpringBootTestContextBootstrapper : Loaded default TestExecutionListener class names from location [META-INF/spring.factories]: [org.springframework.boot.test.autoconfigure.restdocs.RestDocsTestExecutionListener, org.springframework.boot.test.autoconfigure.web.client.MockRestServiceServerResetTestExecutionListener, org.springframework.boot.test.autoconfigure.web.servlet.MockMvcPrintOnlyOnFailureTestExecutionListener, org.springframework.boot.test.autoconfigure.web.servlet.WebDriverTestExecutionListener, org.springframework.boot.test.mock.mockito.MockitoTestExecutionListener, org.springframework.boot.test.mock.mockito.ResetMocksTestExecutionListener, org.springframework.test.context.web.ServletTestExecutionListener, org.springframework.test.context.support.DirtiesContextBeforeModesTestExecutionListener, org.springframework.test.context.support.DependencyInjectionTestExecutionListener, org.springframework.test.context.support.DirtiesContextTestExecutionListener, org.springframework.test.context.transaction.TransactionalTestExecutionListener, org.springframework.test.context.jdbc.SqlScriptsTestExecutionListener]
2018-09-20 08:42:44.931  INFO 17836 --- [    Test worker] .b.t.c.SpringBootTestContextBootstrapper : Using TestExecutionListeners: [org.springframework.test.context.web.ServletTestExecutionListener@49d3eed4, org.springframework.test.context.support.DirtiesContextBeforeModesTestExecutionListener@64d6a151, org.springframework.boot.test.mock.mockito.MockitoTestExecutionListener@69fa36d9, org.springframework.boot.test.autoconfigure.SpringBootDependencyInjectionTestExecutionListener@226f012f, org.springframework.test.context.support.DirtiesContextTestExecutionListener@741ceef8, org.springframework.test.context.transaction.TransactionalTestExecutionListener@25910503, org.springframework.test.context.jdbc.SqlScriptsTestExecutionListener@1d65a396, org.springframework.boot.test.autoconfigure.restdocs.RestDocsTestExecutionListener@4759bf6c, org.springframework.boot.test.autoconfigure.web.client.MockRestServiceServerResetTestExecutionListener@5421f251, org.springframework.boot.test.autoconfigure.web.servlet.MockMvcPrintOnlyOnFailureTestExecutionListener@79b55ccb, org.springframework.boot.test.autoconfigure.web.servlet.WebDriverTestExecutionListener@49fc3978, org.springframework.boot.test.mock.mockito.ResetMocksTestExecutionListener@43d44df4]
]]></system-out>
  <system-err><![CDATA[]]></system-err>
</testsuite>
