<?xml version="1.0" encoding="UTF-8"?>
<testsuite name="co.com.ceiba.estacionamiento.julian.henao.testIntegration.ConsultaServicios.TestVehiculo" tests="3" skipped="0" failures="0" errors="0" timestamp="2018-09-20T13:53:21" hostname="JULIAN-HENAO" time="0.203">
  <properties/>
  <testcase name="crearVehiculoExitoso" classname="co.com.ceiba.estacionamiento.julian.henao.testIntegration.ConsultaServicios.TestVehiculo" time="0.154"/>
  <testcase name="crearVehiculoNulo" classname="co.com.ceiba.estacionamiento.julian.henao.testIntegration.ConsultaServicios.TestVehiculo" time="0.016"/>
  <testcase name="obtenerVehiculos" classname="co.com.ceiba.estacionamiento.julian.henao.testIntegration.ConsultaServicios.TestVehiculo" time="0.032"/>
  <system-out><![CDATA[2018-09-20 08:53:21.013  INFO 9116 --- [    Test worker] .b.t.c.SpringBootTestContextBootstrapper : Neither @ContextConfiguration nor @ContextHierarchy found for test class [co.com.ceiba.estacionamiento.julian.henao.testIntegration.ConsultaServicios.TestVehiculo], using SpringBootContextLoader
2018-09-20 08:53:21.014  INFO 9116 --- [    Test worker] o.s.t.c.support.AbstractContextLoader    : Could not detect default resource locations for test class [co.com.ceiba.estacionamiento.julian.henao.testIntegration.ConsultaServicios.TestVehiculo]: no resource found for suffixes {-context.xml, Context.groovy}.
2018-09-20 08:53:21.014  INFO 9116 --- [    Test worker] t.c.s.AnnotationConfigContextLoaderUtils : Could not detect default configuration classes for test class [co.com.ceiba.estacionamiento.julian.henao.testIntegration.ConsultaServicios.TestVehiculo]: TestVehiculo does not declare any static, non-private, non-final, nested classes annotated with @Configuration.
2018-09-20 08:53:21.017  INFO 9116 --- [    Test worker] .b.t.c.SpringBootTestContextBootstrapper : Found @SpringBootConfiguration co.com.ceiba.estacionamiento.julian.henao.AdnJulianHenaoApplication for test class co.com.ceiba.estacionamiento.julian.henao.testIntegration.ConsultaServicios.TestVehiculo
2018-09-20 08:53:21.019  INFO 9116 --- [    Test worker] .b.t.c.SpringBootTestContextBootstrapper : Loaded default TestExecutionListener class names from location [META-INF/spring.factories]: [org.springframework.boot.test.autoconfigure.restdocs.RestDocsTestExecutionListener, org.springframework.boot.test.autoconfigure.web.client.MockRestServiceServerResetTestExecutionListener, org.springframework.boot.test.autoconfigure.web.servlet.MockMvcPrintOnlyOnFailureTestExecutionListener, org.springframework.boot.test.autoconfigure.web.servlet.WebDriverTestExecutionListener, org.springframework.boot.test.mock.mockito.MockitoTestExecutionListener, org.springframework.boot.test.mock.mockito.ResetMocksTestExecutionListener, org.springframework.test.context.web.ServletTestExecutionListener, org.springframework.test.context.support.DirtiesContextBeforeModesTestExecutionListener, org.springframework.test.context.support.DependencyInjectionTestExecutionListener, org.springframework.test.context.support.DirtiesContextTestExecutionListener, org.springframework.test.context.transaction.TransactionalTestExecutionListener, org.springframework.test.context.jdbc.SqlScriptsTestExecutionListener]
2018-09-20 08:53:21.020  INFO 9116 --- [    Test worker] .b.t.c.SpringBootTestContextBootstrapper : Using TestExecutionListeners: [org.springframework.test.context.web.ServletTestExecutionListener@328f4c88, org.springframework.test.context.support.DirtiesContextBeforeModesTestExecutionListener@6234bcff, org.springframework.boot.test.mock.mockito.MockitoTestExecutionListener@32255141, org.springframework.boot.test.autoconfigure.SpringBootDependencyInjectionTestExecutionListener@56e343a7, org.springframework.test.context.support.DirtiesContextTestExecutionListener@1e40beff, org.springframework.test.context.transaction.TransactionalTestExecutionListener@59543a8c, org.springframework.test.context.jdbc.SqlScriptsTestExecutionListener@41e3c7be, org.springframework.boot.test.autoconfigure.restdocs.RestDocsTestExecutionListener@dd14a5e, org.springframework.boot.test.autoconfigure.web.client.MockRestServiceServerResetTestExecutionListener@16fdaa5d, org.springframework.boot.test.autoconfigure.web.servlet.MockMvcPrintOnlyOnFailureTestExecutionListener@6e857254, org.springframework.boot.test.autoconfigure.web.servlet.WebDriverTestExecutionListener@3104860d, org.springframework.boot.test.mock.mockito.ResetMocksTestExecutionListener@3680a9c9]
]]></system-out>
  <system-err><![CDATA[]]></system-err>
</testsuite>
