<?xml version="1.0" encoding="UTF-8"?>
<testsuite name="co.com.ceiba.estacionamiento.julian.henao.testIntegracionSalidaVehiculo.TestReglaPlacayRegistroCoinciden" tests="2" skipped="0" failures="0" errors="0" timestamp="2018-08-22T19:52:43" hostname="JULIAN-HENAO" time="0.054">
  <properties/>
  <testcase name="ReglaRegistroNOExiste" classname="co.com.ceiba.estacionamiento.julian.henao.testIntegracionSalidaVehiculo.TestReglaPlacayRegistroCoinciden" time="0.033"/>
  <testcase name="ReglaRegistroExiste" classname="co.com.ceiba.estacionamiento.julian.henao.testIntegracionSalidaVehiculo.TestReglaPlacayRegistroCoinciden" time="0.02"/>
  <system-out><![CDATA[2018-08-22 14:52:43.371  INFO 7648 --- [    Test worker] .b.t.c.SpringBootTestContextBootstrapper : Neither @ContextConfiguration nor @ContextHierarchy found for test class [co.com.ceiba.estacionamiento.julian.henao.testIntegracionSalidaVehiculo.TestReglaPlacayRegistroCoinciden], using SpringBootContextLoader
2018-08-22 14:52:43.374  INFO 7648 --- [    Test worker] o.s.t.c.support.AbstractContextLoader    : Could not detect default resource locations for test class [co.com.ceiba.estacionamiento.julian.henao.testIntegracionSalidaVehiculo.TestReglaPlacayRegistroCoinciden]: no resource found for suffixes {-context.xml, Context.groovy}.
2018-08-22 14:52:43.375  INFO 7648 --- [    Test worker] t.c.s.AnnotationConfigContextLoaderUtils : Could not detect default configuration classes for test class [co.com.ceiba.estacionamiento.julian.henao.testIntegracionSalidaVehiculo.TestReglaPlacayRegistroCoinciden]: TestReglaPlacayRegistroCoinciden does not declare any static, non-private, non-final, nested classes annotated with @Configuration.
2018-08-22 14:52:43.390  INFO 7648 --- [    Test worker] .b.t.c.SpringBootTestContextBootstrapper : Found @SpringBootConfiguration co.com.ceiba.estacionamiento.julian.henao.AdnJulianHenaoApplication for test class co.com.ceiba.estacionamiento.julian.henao.testIntegracionSalidaVehiculo.TestReglaPlacayRegistroCoinciden
2018-08-22 14:52:43.393  INFO 7648 --- [    Test worker] .b.t.c.SpringBootTestContextBootstrapper : Loaded default TestExecutionListener class names from location [META-INF/spring.factories]: [org.springframework.boot.test.autoconfigure.restdocs.RestDocsTestExecutionListener, org.springframework.boot.test.autoconfigure.web.client.MockRestServiceServerResetTestExecutionListener, org.springframework.boot.test.autoconfigure.web.servlet.MockMvcPrintOnlyOnFailureTestExecutionListener, org.springframework.boot.test.autoconfigure.web.servlet.WebDriverTestExecutionListener, org.springframework.boot.test.mock.mockito.MockitoTestExecutionListener, org.springframework.boot.test.mock.mockito.ResetMocksTestExecutionListener, org.springframework.test.context.web.ServletTestExecutionListener, org.springframework.test.context.support.DirtiesContextBeforeModesTestExecutionListener, org.springframework.test.context.support.DependencyInjectionTestExecutionListener, org.springframework.test.context.support.DirtiesContextTestExecutionListener, org.springframework.test.context.transaction.TransactionalTestExecutionListener, org.springframework.test.context.jdbc.SqlScriptsTestExecutionListener]
2018-08-22 14:52:43.393  INFO 7648 --- [    Test worker] .b.t.c.SpringBootTestContextBootstrapper : Using TestExecutionListeners: [org.springframework.test.context.web.ServletTestExecutionListener@51de3b9d, org.springframework.test.context.support.DirtiesContextBeforeModesTestExecutionListener@7f6bad10, org.springframework.boot.test.mock.mockito.MockitoTestExecutionListener@274ac7f9, org.springframework.boot.test.autoconfigure.SpringBootDependencyInjectionTestExecutionListener@6e546ca6, org.springframework.test.context.support.DirtiesContextTestExecutionListener@4ef6a022, org.springframework.test.context.transaction.TransactionalTestExecutionListener@6c5787c1, org.springframework.test.context.jdbc.SqlScriptsTestExecutionListener@1dd3e0bd, org.springframework.boot.test.autoconfigure.restdocs.RestDocsTestExecutionListener@50af8efd, org.springframework.boot.test.autoconfigure.web.client.MockRestServiceServerResetTestExecutionListener@2ba3c37a, org.springframework.boot.test.autoconfigure.web.servlet.MockMvcPrintOnlyOnFailureTestExecutionListener@7b9a3040, org.springframework.boot.test.autoconfigure.web.servlet.WebDriverTestExecutionListener@79cef186, org.springframework.boot.test.mock.mockito.ResetMocksTestExecutionListener@553a4024]
]]></system-out>
  <system-err><![CDATA[]]></system-err>
</testsuite>
