<?xml version="1.0" encoding="UTF-8"?>
<testsuite name="co.com.ceiba.estacionamiento.julian.henao.testUnit.EntradaVehiculo.TestReglaDiaHabil" tests="6" skipped="0" failures="0" errors="0" timestamp="2018-10-04T21:20:11" hostname="JULIAN-HENAO" time="0.07">
  <properties/>
  <testcase name="ReglaEntradaVehiculoPlacaAPuedeEntrarDomingo" classname="co.com.ceiba.estacionamiento.julian.henao.testUnit.EntradaVehiculo.TestReglaDiaHabil" time="0.029"/>
  <testcase name="ReglaEntradaVehiculoPlacaYDiaDiferente" classname="co.com.ceiba.estacionamiento.julian.henao.testUnit.EntradaVehiculo.TestReglaDiaHabil" time="0.005"/>
  <testcase name="ReglaEntradaVehiculoPlacaAPuedeEntrarLunes" classname="co.com.ceiba.estacionamiento.julian.henao.testUnit.EntradaVehiculo.TestReglaDiaHabil" time="0.006"/>
  <testcase name="ReglaEntradaVehiculoPlacaDiferenteDeASiPuedeEntrarLunes" classname="co.com.ceiba.estacionamiento.julian.henao.testUnit.EntradaVehiculo.TestReglaDiaHabil" time="0.006"/>
  <testcase name="ReglaEntradaVehiculoPlacaANOPuedeEntrarDiaDiferente" classname="co.com.ceiba.estacionamiento.julian.henao.testUnit.EntradaVehiculo.TestReglaDiaHabil" time="0.005"/>
  <testcase name="ReglaEntradaVehiculoPlacaDiferenteDeASiPuedeEntrarDomingo" classname="co.com.ceiba.estacionamiento.julian.henao.testUnit.EntradaVehiculo.TestReglaDiaHabil" time="0.008"/>
  <system-out><![CDATA[2018-10-04 16:20:09.127  INFO 10100 --- [    Test worker] .b.t.c.SpringBootTestContextBootstrapper : Neither @ContextConfiguration nor @ContextHierarchy found for test class [co.com.ceiba.estacionamiento.julian.henao.testUnit.EntradaVehiculo.TestReglaDiaHabil], using SpringBootContextLoader
2018-10-04 16:20:09.129  INFO 10100 --- [    Test worker] o.s.t.c.support.AbstractContextLoader    : Could not detect default resource locations for test class [co.com.ceiba.estacionamiento.julian.henao.testUnit.EntradaVehiculo.TestReglaDiaHabil]: no resource found for suffixes {-context.xml, Context.groovy}.
2018-10-04 16:20:09.129  INFO 10100 --- [    Test worker] t.c.s.AnnotationConfigContextLoaderUtils : Could not detect default configuration classes for test class [co.com.ceiba.estacionamiento.julian.henao.testUnit.EntradaVehiculo.TestReglaDiaHabil]: TestReglaDiaHabil does not declare any static, non-private, non-final, nested classes annotated with @Configuration.
2018-10-04 16:20:09.136  INFO 10100 --- [    Test worker] .b.t.c.SpringBootTestContextBootstrapper : Found @SpringBootConfiguration co.com.ceiba.estacionamiento.julian.henao.AdnJulianHenaoApplication for test class co.com.ceiba.estacionamiento.julian.henao.testUnit.EntradaVehiculo.TestReglaDiaHabil
2018-10-04 16:20:09.139  INFO 10100 --- [    Test worker] .b.t.c.SpringBootTestContextBootstrapper : Loaded default TestExecutionListener class names from location [META-INF/spring.factories]: [org.springframework.boot.test.autoconfigure.restdocs.RestDocsTestExecutionListener, org.springframework.boot.test.autoconfigure.web.client.MockRestServiceServerResetTestExecutionListener, org.springframework.boot.test.autoconfigure.web.servlet.MockMvcPrintOnlyOnFailureTestExecutionListener, org.springframework.boot.test.autoconfigure.web.servlet.WebDriverTestExecutionListener, org.springframework.boot.test.mock.mockito.MockitoTestExecutionListener, org.springframework.boot.test.mock.mockito.ResetMocksTestExecutionListener, org.springframework.test.context.web.ServletTestExecutionListener, org.springframework.test.context.support.DirtiesContextBeforeModesTestExecutionListener, org.springframework.test.context.support.DependencyInjectionTestExecutionListener, org.springframework.test.context.support.DirtiesContextTestExecutionListener, org.springframework.test.context.transaction.TransactionalTestExecutionListener, org.springframework.test.context.jdbc.SqlScriptsTestExecutionListener]
2018-10-04 16:20:09.141  INFO 10100 --- [    Test worker] .b.t.c.SpringBootTestContextBootstrapper : Using TestExecutionListeners: [org.springframework.test.context.web.ServletTestExecutionListener@2b408b2e, org.springframework.test.context.support.DirtiesContextBeforeModesTestExecutionListener@5a2171a0, org.springframework.boot.test.mock.mockito.MockitoTestExecutionListener@506013bc, org.springframework.boot.test.autoconfigure.SpringBootDependencyInjectionTestExecutionListener@69380e2b, org.springframework.test.context.support.DirtiesContextTestExecutionListener@460ee1d9, org.springframework.test.context.transaction.TransactionalTestExecutionListener@17f334c9, org.springframework.test.context.jdbc.SqlScriptsTestExecutionListener@475e3878, org.springframework.boot.test.autoconfigure.restdocs.RestDocsTestExecutionListener@6ebe2fee, org.springframework.boot.test.autoconfigure.web.client.MockRestServiceServerResetTestExecutionListener@5f8f1bc9, org.springframework.boot.test.autoconfigure.web.servlet.MockMvcPrintOnlyOnFailureTestExecutionListener@5154298d, org.springframework.boot.test.autoconfigure.web.servlet.WebDriverTestExecutionListener@677f4627, org.springframework.boot.test.mock.mockito.ResetMocksTestExecutionListener@78a1c479]

  .   ____          _            __ _ _
 /\\ / ___'_ __ _ _(_)_ __  __ _ \ \ \ \
( ( )\___ | '_ | '_| | '_ \/ _` | \ \ \ \
 \\/  ___)| |_)| | | | | || (_| |  ) ) ) )
  '  |____| .__|_| |_|_| |_\__, | / / / /
 =========|_|==============|___/=/_/_/_/
 :: Spring Boot ::             (v2.1.0.M1)

2018-10-04 16:20:09.188  INFO 10100 --- [    Test worker] c.c.c.e.j.h.t.E.TestReglaDiaHabil        : Starting TestReglaDiaHabil on JULIAN-HENAO with PID 10100 (started by julian.henao in C:\Users\julian.henao\workspace\adnjulianhenao)
2018-10-04 16:20:09.188  INFO 10100 --- [    Test worker] c.c.c.e.j.h.t.E.TestReglaDiaHabil        : No active profile set, falling back to default profiles: default
2018-10-04 16:20:09.985  INFO 10100 --- [    Test worker] trationDelegate$BeanPostProcessorChecker : Bean 'org.springframework.transaction.annotation.ProxyTransactionManagementConfiguration' of type [org.springframework.transaction.annotation.ProxyTransactionManagementConfiguration$$EnhancerBySpringCGLIB$$910e8e8] is not eligible for getting processed by all BeanPostProcessors (for example: not eligible for auto-proxying)
2018-10-04 16:20:10.007  INFO 10100 --- [    Test worker] trationDelegate$BeanPostProcessorChecker : Bean 'org.springframework.hateoas.config.HateoasConfiguration' of type [org.springframework.hateoas.config.HateoasConfiguration$$EnhancerBySpringCGLIB$$8891361a] is not eligible for getting processed by all BeanPostProcessors (for example: not eligible for auto-proxying)
2018-10-04 16:20:10.159  INFO 10100 --- [    Test worker] com.zaxxer.hikari.HikariDataSource       : HikariPool-2 - Starting...
2018-10-04 16:20:10.161  INFO 10100 --- [    Test worker] com.zaxxer.hikari.HikariDataSource       : HikariPool-2 - Start completed.
2018-10-04 16:20:10.216  INFO 10100 --- [    Test worker] o.hibernate.jpa.internal.util.LogHelper  : HHH000204: Processing PersistenceUnitInfo [
	name: default
	...]
2018-10-04 16:20:10.242  INFO 10100 --- [    Test worker] org.hibernate.dialect.Dialect            : HHH000400: Using dialect: org.hibernate.dialect.H2Dialect
2018-10-04 16:20:10.365  INFO 10100 --- [    Test worker] o.h.t.schema.internal.SchemaCreatorImpl  : HHH000476: Executing import script 'ScriptSourceInputFromUrl(file:/C:/Users/julian.henao/workspace/adnjulianhenao/build/resources/main/import.sql)'
2018-10-04 16:20:10.375  INFO 10100 --- [    Test worker] j.LocalContainerEntityManagerFactoryBean : Initialized JPA EntityManagerFactory for persistence unit 'default'
2018-10-04 16:20:11.454  WARN 10100 --- [    Test worker] aWebConfiguration$JpaWebMvcConfiguration : spring.jpa.open-in-view is enabled by default. Therefore, database queries may be performed during view rendering. Explicitly configure spring.jpa.open-in-view to disable this warning
2018-10-04 16:20:11.610  INFO 10100 --- [    Test worker] o.s.b.a.w.s.WelcomePageHandlerMapping    : Adding welcome page: class path resource [static/index.html]
2018-10-04 16:20:11.972  INFO 10100 --- [    Test worker] c.c.c.e.j.h.t.E.TestReglaDiaHabil        : Started TestReglaDiaHabil in 2.825 seconds (JVM running for 17.132)
]]></system-out>
  <system-err><![CDATA[]]></system-err>
</testsuite>
