<?xml version="1.0" encoding="UTF-8"?>
<testsuite name="co.com.ceiba.estacionamiento.julian.henao.testUnitarioEntradaVehiculo.TestReglaDisponibilidadEspacio" tests="2" skipped="0" failures="0" errors="0" timestamp="2018-08-24T16:04:46" hostname="JULIAN-HENAO" time="0.014">
  <properties/>
  <testcase name="ReglaNOHayDisponibilidadEspacioParaVehiculo" classname="co.com.ceiba.estacionamiento.julian.henao.testUnitarioEntradaVehiculo.TestReglaDisponibilidadEspacio" time="0.007"/>
  <testcase name="ReglaSIHayDisponibilidadEspacioParaVehiculo" classname="co.com.ceiba.estacionamiento.julian.henao.testUnitarioEntradaVehiculo.TestReglaDisponibilidadEspacio" time="0.005"/>
  <system-out><![CDATA[2018-08-24 11:04:44.338  INFO 12712 --- [    Test worker] .b.t.c.SpringBootTestContextBootstrapper : Neither @ContextConfiguration nor @ContextHierarchy found for test class [co.com.ceiba.estacionamiento.julian.henao.testUnitarioEntradaVehiculo.TestReglaDisponibilidadEspacio], using SpringBootContextLoader
2018-08-24 11:04:44.339  INFO 12712 --- [    Test worker] o.s.t.c.support.AbstractContextLoader    : Could not detect default resource locations for test class [co.com.ceiba.estacionamiento.julian.henao.testUnitarioEntradaVehiculo.TestReglaDisponibilidadEspacio]: no resource found for suffixes {-context.xml, Context.groovy}.
2018-08-24 11:04:44.340  INFO 12712 --- [    Test worker] t.c.s.AnnotationConfigContextLoaderUtils : Could not detect default configuration classes for test class [co.com.ceiba.estacionamiento.julian.henao.testUnitarioEntradaVehiculo.TestReglaDisponibilidadEspacio]: TestReglaDisponibilidadEspacio does not declare any static, non-private, non-final, nested classes annotated with @Configuration.
2018-08-24 11:04:44.343  INFO 12712 --- [    Test worker] .b.t.c.SpringBootTestContextBootstrapper : Found @SpringBootConfiguration co.com.ceiba.estacionamiento.julian.henao.AdnJulianHenaoApplication for test class co.com.ceiba.estacionamiento.julian.henao.testUnitarioEntradaVehiculo.TestReglaDisponibilidadEspacio
2018-08-24 11:04:44.345  INFO 12712 --- [    Test worker] .b.t.c.SpringBootTestContextBootstrapper : Loaded default TestExecutionListener class names from location [META-INF/spring.factories]: [org.springframework.boot.test.autoconfigure.restdocs.RestDocsTestExecutionListener, org.springframework.boot.test.autoconfigure.web.client.MockRestServiceServerResetTestExecutionListener, org.springframework.boot.test.autoconfigure.web.servlet.MockMvcPrintOnlyOnFailureTestExecutionListener, org.springframework.boot.test.autoconfigure.web.servlet.WebDriverTestExecutionListener, org.springframework.boot.test.mock.mockito.MockitoTestExecutionListener, org.springframework.boot.test.mock.mockito.ResetMocksTestExecutionListener, org.springframework.test.context.web.ServletTestExecutionListener, org.springframework.test.context.support.DirtiesContextBeforeModesTestExecutionListener, org.springframework.test.context.support.DependencyInjectionTestExecutionListener, org.springframework.test.context.support.DirtiesContextTestExecutionListener, org.springframework.test.context.transaction.TransactionalTestExecutionListener, org.springframework.test.context.jdbc.SqlScriptsTestExecutionListener]
2018-08-24 11:04:44.345  INFO 12712 --- [    Test worker] .b.t.c.SpringBootTestContextBootstrapper : Using TestExecutionListeners: [org.springframework.test.context.web.ServletTestExecutionListener@1b471316, org.springframework.test.context.support.DirtiesContextBeforeModesTestExecutionListener@6610655a, org.springframework.boot.test.mock.mockito.MockitoTestExecutionListener@77dba0cc, org.springframework.boot.test.autoconfigure.SpringBootDependencyInjectionTestExecutionListener@34b9308c, org.springframework.test.context.support.DirtiesContextTestExecutionListener@17455aae, org.springframework.test.context.transaction.TransactionalTestExecutionListener@721ac7a9, org.springframework.test.context.jdbc.SqlScriptsTestExecutionListener@586dc4e6, org.springframework.boot.test.autoconfigure.restdocs.RestDocsTestExecutionListener@252da237, org.springframework.boot.test.autoconfigure.web.client.MockRestServiceServerResetTestExecutionListener@18001c16, org.springframework.boot.test.autoconfigure.web.servlet.MockMvcPrintOnlyOnFailureTestExecutionListener@3c03a730, org.springframework.boot.test.autoconfigure.web.servlet.WebDriverTestExecutionListener@a7f0ea2, org.springframework.boot.test.mock.mockito.ResetMocksTestExecutionListener@420b39c0]

  .   ____          _            __ _ _
 /\\ / ___'_ __ _ _(_)_ __  __ _ \ \ \ \
( ( )\___ | '_ | '_| | '_ \/ _` | \ \ \ \
 \\/  ___)| |_)| | | | | || (_| |  ) ) ) )
  '  |____| .__|_| |_|_| |_\__, | / / / /
 =========|_|==============|___/=/_/_/_/
 :: Spring Boot ::             (v2.1.0.M1)

2018-08-24 11:04:44.382  INFO 12712 --- [    Test worker] c.e.j.h.t.TestReglaDisponibilidadEspacio : Starting TestReglaDisponibilidadEspacio on JULIAN-HENAO with PID 12712 (started by julian.henao in C:\Users\julian.henao\workspace\adnjulianhenao)
2018-08-24 11:04:44.382  INFO 12712 --- [    Test worker] c.e.j.h.t.TestReglaDisponibilidadEspacio : No active profile set, falling back to default profiles: default
2018-08-24 11:04:45.071  INFO 12712 --- [    Test worker] trationDelegate$BeanPostProcessorChecker : Bean 'org.springframework.transaction.annotation.ProxyTransactionManagementConfiguration' of type [org.springframework.transaction.annotation.ProxyTransactionManagementConfiguration$$EnhancerBySpringCGLIB$$c243abf1] is not eligible for getting processed by all BeanPostProcessors (for example: not eligible for auto-proxying)
2018-08-24 11:04:45.094  INFO 12712 --- [    Test worker] trationDelegate$BeanPostProcessorChecker : Bean 'org.springframework.hateoas.config.HateoasConfiguration' of type [org.springframework.hateoas.config.HateoasConfiguration$$EnhancerBySpringCGLIB$$41c3f923] is not eligible for getting processed by all BeanPostProcessors (for example: not eligible for auto-proxying)
2018-08-24 11:04:45.218  INFO 12712 --- [    Test worker] com.zaxxer.hikari.HikariDataSource       : HikariPool-4 - Starting...
2018-08-24 11:04:45.220  INFO 12712 --- [    Test worker] com.zaxxer.hikari.HikariDataSource       : HikariPool-4 - Start completed.
2018-08-24 11:04:45.273  INFO 12712 --- [    Test worker] o.hibernate.jpa.internal.util.LogHelper  : HHH000204: Processing PersistenceUnitInfo [
	name: default
	...]
2018-08-24 11:04:45.303  INFO 12712 --- [    Test worker] org.hibernate.dialect.Dialect            : HHH000400: Using dialect: org.hibernate.dialect.H2Dialect
2018-08-24 11:04:45.507  INFO 12712 --- [    Test worker] o.h.t.schema.internal.SchemaCreatorImpl  : HHH000476: Executing import script 'ScriptSourceInputFromUrl(file:/C:/Users/julian.henao/workspace/adnjulianhenao/build/resources/main/import.sql)'
2018-08-24 11:04:45.516  INFO 12712 --- [    Test worker] j.LocalContainerEntityManagerFactoryBean : Initialized JPA EntityManagerFactory for persistence unit 'default'
2018-08-24 11:04:46.333  WARN 12712 --- [    Test worker] aWebConfiguration$JpaWebMvcConfiguration : spring.jpa.open-in-view is enabled by default. Therefore, database queries may be performed during view rendering. Explicitly configure spring.jpa.open-in-view to disable this warning
2018-08-24 11:04:46.653  INFO 12712 --- [    Test worker] c.e.j.h.t.TestReglaDisponibilidadEspacio : Started TestReglaDisponibilidadEspacio in 2.304 seconds (JVM running for 32.039)
]]></system-out>
  <system-err><![CDATA[]]></system-err>
</testsuite>
