<?xml version="1.0" encoding="UTF-8"?>
<testsuite name="co.com.ceiba.estacionamiento.julian.henao.testIntegracionSalidaVehiculo.TestSalidaVehiculo" tests="4" skipped="0" failures="0" errors="0" timestamp="2018-08-24T16:04:39" hostname="JULIAN-HENAO" time="0.262">
  <properties/>
  <testcase name="ReglaConCilindrajeMayor500Moto" classname="co.com.ceiba.estacionamiento.julian.henao.testIntegracionSalidaVehiculo.TestSalidaVehiculo" time="0.1"/>
  <testcase name="ReglaConCilindrajeMENOR500Automovil" classname="co.com.ceiba.estacionamiento.julian.henao.testIntegracionSalidaVehiculo.TestSalidaVehiculo" time="0.059"/>
  <testcase name="ReglaConCilindrajeMENOR500Moto" classname="co.com.ceiba.estacionamiento.julian.henao.testIntegracionSalidaVehiculo.TestSalidaVehiculo" time="0.05"/>
  <testcase name="ReglaConCilindrajeMAYOR500Automovil" classname="co.com.ceiba.estacionamiento.julian.henao.testIntegracionSalidaVehiculo.TestSalidaVehiculo" time="0.047"/>
  <system-out><![CDATA[2018-08-24 11:04:36.497  INFO 12712 --- [    Test worker] .b.t.c.SpringBootTestContextBootstrapper : Neither @ContextConfiguration nor @ContextHierarchy found for test class [co.com.ceiba.estacionamiento.julian.henao.testIntegracionSalidaVehiculo.TestSalidaVehiculo], using SpringBootContextLoader
2018-08-24 11:04:36.498  INFO 12712 --- [    Test worker] o.s.t.c.support.AbstractContextLoader    : Could not detect default resource locations for test class [co.com.ceiba.estacionamiento.julian.henao.testIntegracionSalidaVehiculo.TestSalidaVehiculo]: no resource found for suffixes {-context.xml, Context.groovy}.
2018-08-24 11:04:36.498  INFO 12712 --- [    Test worker] t.c.s.AnnotationConfigContextLoaderUtils : Could not detect default configuration classes for test class [co.com.ceiba.estacionamiento.julian.henao.testIntegracionSalidaVehiculo.TestSalidaVehiculo]: TestSalidaVehiculo does not declare any static, non-private, non-final, nested classes annotated with @Configuration.
2018-08-24 11:04:36.504  INFO 12712 --- [    Test worker] .b.t.c.SpringBootTestContextBootstrapper : Found @SpringBootConfiguration co.com.ceiba.estacionamiento.julian.henao.AdnJulianHenaoApplication for test class co.com.ceiba.estacionamiento.julian.henao.testIntegracionSalidaVehiculo.TestSalidaVehiculo
2018-08-24 11:04:36.506  INFO 12712 --- [    Test worker] .b.t.c.SpringBootTestContextBootstrapper : Loaded default TestExecutionListener class names from location [META-INF/spring.factories]: [org.springframework.boot.test.autoconfigure.restdocs.RestDocsTestExecutionListener, org.springframework.boot.test.autoconfigure.web.client.MockRestServiceServerResetTestExecutionListener, org.springframework.boot.test.autoconfigure.web.servlet.MockMvcPrintOnlyOnFailureTestExecutionListener, org.springframework.boot.test.autoconfigure.web.servlet.WebDriverTestExecutionListener, org.springframework.boot.test.mock.mockito.MockitoTestExecutionListener, org.springframework.boot.test.mock.mockito.ResetMocksTestExecutionListener, org.springframework.test.context.web.ServletTestExecutionListener, org.springframework.test.context.support.DirtiesContextBeforeModesTestExecutionListener, org.springframework.test.context.support.DependencyInjectionTestExecutionListener, org.springframework.test.context.support.DirtiesContextTestExecutionListener, org.springframework.test.context.transaction.TransactionalTestExecutionListener, org.springframework.test.context.jdbc.SqlScriptsTestExecutionListener]
2018-08-24 11:04:36.507  INFO 12712 --- [    Test worker] .b.t.c.SpringBootTestContextBootstrapper : Using TestExecutionListeners: [org.springframework.test.context.web.ServletTestExecutionListener@206ebe37, org.springframework.test.context.support.DirtiesContextBeforeModesTestExecutionListener@2d457cdd, org.springframework.boot.test.mock.mockito.MockitoTestExecutionListener@5a66bfbe, org.springframework.boot.test.autoconfigure.SpringBootDependencyInjectionTestExecutionListener@55d4b55, org.springframework.test.context.support.DirtiesContextTestExecutionListener@5017d2cf, org.springframework.test.context.transaction.TransactionalTestExecutionListener@56b2ff84, org.springframework.test.context.jdbc.SqlScriptsTestExecutionListener@39c631a3, org.springframework.boot.test.autoconfigure.restdocs.RestDocsTestExecutionListener@562ed22d, org.springframework.boot.test.autoconfigure.web.client.MockRestServiceServerResetTestExecutionListener@38c1e38d, org.springframework.boot.test.autoconfigure.web.servlet.MockMvcPrintOnlyOnFailureTestExecutionListener@79ce65ce, org.springframework.boot.test.autoconfigure.web.servlet.WebDriverTestExecutionListener@718d187d, org.springframework.boot.test.mock.mockito.ResetMocksTestExecutionListener@519203db]

  .   ____          _            __ _ _
 /\\ / ___'_ __ _ _(_)_ __  __ _ \ \ \ \
( ( )\___ | '_ | '_| | '_ \/ _` | \ \ \ \
 \\/  ___)| |_)| | | | | || (_| |  ) ) ) )
  '  |____| .__|_| |_|_| |_\__, | / / / /
 =========|_|==============|___/=/_/_/_/
 :: Spring Boot ::             (v2.1.0.M1)

2018-08-24 11:04:36.557  INFO 12712 --- [    Test worker] c.c.c.e.j.h.t.TestSalidaVehiculo         : Starting TestSalidaVehiculo on JULIAN-HENAO with PID 12712 (started by julian.henao in C:\Users\julian.henao\workspace\adnjulianhenao)
2018-08-24 11:04:36.560  INFO 12712 --- [    Test worker] c.c.c.e.j.h.t.TestSalidaVehiculo         : No active profile set, falling back to default profiles: default
2018-08-24 11:04:37.287  INFO 12712 --- [    Test worker] beddedDataSourceBeanFactoryPostProcessor : Replacing 'dataSource' DataSource bean with embedded version
2018-08-24 11:04:37.629  INFO 12712 --- [    Test worker] trationDelegate$BeanPostProcessorChecker : Bean 'org.springframework.transaction.annotation.ProxyTransactionManagementConfiguration' of type [org.springframework.transaction.annotation.ProxyTransactionManagementConfiguration$$EnhancerBySpringCGLIB$$c243abf1] is not eligible for getting processed by all BeanPostProcessors (for example: not eligible for auto-proxying)
2018-08-24 11:04:37.645  INFO 12712 --- [    Test worker] trationDelegate$BeanPostProcessorChecker : Bean 'org.springframework.hateoas.config.HateoasConfiguration' of type [org.springframework.hateoas.config.HateoasConfiguration$$EnhancerBySpringCGLIB$$41c3f923] is not eligible for getting processed by all BeanPostProcessors (for example: not eligible for auto-proxying)
2018-08-24 11:04:37.814  INFO 12712 --- [    Test worker] o.s.b.w.embedded.tomcat.TomcatWebServer  : Tomcat initialized with port(s): 0 (http)
2018-08-24 11:04:37.816  INFO 12712 --- [    Test worker] o.apache.catalina.core.StandardService   : Starting service [Tomcat]
2018-08-24 11:04:37.817  INFO 12712 --- [    Test worker] org.apache.catalina.core.StandardEngine  : Starting Servlet Engine: Apache Tomcat/9.0.10
2018-08-24 11:04:37.856  INFO 12712 --- [    Test worker] o.a.c.c.C.[Tomcat-2].[localhost].[/]     : Initializing Spring embedded WebApplicationContext
2018-08-24 11:04:37.856  INFO 12712 --- [    Test worker] o.s.web.context.ContextLoader            : Root WebApplicationContext: initialization completed in 1290 ms
2018-08-24 11:04:37.984  INFO 12712 --- [    Test worker] o.s.b.w.servlet.ServletRegistrationBean  : Servlet dispatcherServlet mapped to [/]
2018-08-24 11:04:37.984  INFO 12712 --- [    Test worker] o.s.b.w.servlet.ServletRegistrationBean  : Servlet webServlet mapped to [/h2/*]
2018-08-24 11:04:37.985  INFO 12712 --- [    Test worker] o.s.b.w.servlet.FilterRegistrationBean   : Mapping filter: 'characterEncodingFilter' to: [/*]
2018-08-24 11:04:37.986  INFO 12712 --- [    Test worker] o.s.b.w.servlet.FilterRegistrationBean   : Mapping filter: 'hiddenHttpMethodFilter' to: [/*]
2018-08-24 11:04:37.986  INFO 12712 --- [    Test worker] o.s.b.w.servlet.FilterRegistrationBean   : Mapping filter: 'httpPutFormContentFilter' to: [/*]
2018-08-24 11:04:37.986  INFO 12712 --- [    Test worker] o.s.b.w.servlet.FilterRegistrationBean   : Mapping filter: 'requestContextFilter' to: [/*]
2018-08-24 11:04:38.004  INFO 12712 --- [    Test worker] o.s.j.d.e.EmbeddedDatabaseFactory        : Starting embedded database: url='jdbc:h2:mem:46058799-7b33-4720-a3b4-5ed9b15fce50;DB_CLOSE_DELAY=-1;DB_CLOSE_ON_EXIT=false', username='sa'
2018-08-24 11:04:38.127  INFO 12712 --- [    Test worker] o.hibernate.jpa.internal.util.LogHelper  : HHH000204: Processing PersistenceUnitInfo [
	name: default
	...]
2018-08-24 11:04:38.158  INFO 12712 --- [    Test worker] org.hibernate.dialect.Dialect            : HHH000400: Using dialect: org.hibernate.dialect.H2Dialect
2018-08-24 11:04:38.250  INFO 12712 --- [    Test worker] o.h.t.schema.internal.SchemaCreatorImpl  : HHH000476: Executing import script 'ScriptSourceInputFromUrl(file:/C:/Users/julian.henao/workspace/adnjulianhenao/build/resources/main/import.sql)'
2018-08-24 11:04:38.264  INFO 12712 --- [    Test worker] j.LocalContainerEntityManagerFactoryBean : Initialized JPA EntityManagerFactory for persistence unit 'default'
2018-08-24 11:04:38.995  WARN 12712 --- [    Test worker] aWebConfiguration$JpaWebMvcConfiguration : spring.jpa.open-in-view is enabled by default. Therefore, database queries may be performed during view rendering. Explicitly configure spring.jpa.open-in-view to disable this warning
2018-08-24 11:04:39.505  INFO 12712 --- [    Test worker] o.s.b.w.embedded.tomcat.TomcatWebServer  : Tomcat started on port(s): 55066 (http) with context path ''
2018-08-24 11:04:39.506  INFO 12712 --- [    Test worker] c.c.c.e.j.h.t.TestSalidaVehiculo         : Started TestSalidaVehiculo in 2.993 seconds (JVM running for 24.892)
2018-08-24 11:04:39.541  INFO 12712 --- [    Test worker] o.h.h.i.QueryTranslatorFactoryInitiator  : HHH000397: Using ASTQueryTranslatorFactory
]]></system-out>
  <system-err><![CDATA[]]></system-err>
</testsuite>
