<?xml version="1.0" encoding="UTF-8"?>
<testsuite name="co.com.ceiba.estacionamiento.julian.henao.testUnit.EntradaVehiculo.TestReglaIngresaPlaca" tests="2" skipped="0" failures="0" errors="0" timestamp="2018-09-20T17:27:37" hostname="JULIAN-HENAO" time="0.013">
  <properties/>
  <testcase name="ReglaEntradaPlacaObligatoriaAuto" classname="co.com.ceiba.estacionamiento.julian.henao.testUnit.EntradaVehiculo.TestReglaIngresaPlaca" time="0.007"/>
  <testcase name="ReglaEntradaPlacaObligatoriaMoto" classname="co.com.ceiba.estacionamiento.julian.henao.testUnit.EntradaVehiculo.TestReglaIngresaPlaca" time="0.005"/>
  <system-out><![CDATA[2018-09-20 12:27:37.537  INFO 10656 --- [    Test worker] .b.t.c.SpringBootTestContextBootstrapper : Neither @ContextConfiguration nor @ContextHierarchy found for test class [co.com.ceiba.estacionamiento.julian.henao.testUnit.EntradaVehiculo.TestReglaIngresaPlaca], using SpringBootContextLoader
2018-09-20 12:27:37.538  INFO 10656 --- [    Test worker] o.s.t.c.support.AbstractContextLoader    : Could not detect default resource locations for test class [co.com.ceiba.estacionamiento.julian.henao.testUnit.EntradaVehiculo.TestReglaIngresaPlaca]: no resource found for suffixes {-context.xml, Context.groovy}.
2018-09-20 12:27:37.538  INFO 10656 --- [    Test worker] t.c.s.AnnotationConfigContextLoaderUtils : Could not detect default configuration classes for test class [co.com.ceiba.estacionamiento.julian.henao.testUnit.EntradaVehiculo.TestReglaIngresaPlaca]: TestReglaIngresaPlaca does not declare any static, non-private, non-final, nested classes annotated with @Configuration.
2018-09-20 12:27:37.541  INFO 10656 --- [    Test worker] .b.t.c.SpringBootTestContextBootstrapper : Found @SpringBootConfiguration co.com.ceiba.estacionamiento.julian.henao.AdnJulianHenaoApplication for test class co.com.ceiba.estacionamiento.julian.henao.testUnit.EntradaVehiculo.TestReglaIngresaPlaca
2018-09-20 12:27:37.543  INFO 10656 --- [    Test worker] .b.t.c.SpringBootTestContextBootstrapper : Loaded default TestExecutionListener class names from location [META-INF/spring.factories]: [org.springframework.boot.test.autoconfigure.restdocs.RestDocsTestExecutionListener, org.springframework.boot.test.autoconfigure.web.client.MockRestServiceServerResetTestExecutionListener, org.springframework.boot.test.autoconfigure.web.servlet.MockMvcPrintOnlyOnFailureTestExecutionListener, org.springframework.boot.test.autoconfigure.web.servlet.WebDriverTestExecutionListener, org.springframework.boot.test.mock.mockito.MockitoTestExecutionListener, org.springframework.boot.test.mock.mockito.ResetMocksTestExecutionListener, org.springframework.test.context.web.ServletTestExecutionListener, org.springframework.test.context.support.DirtiesContextBeforeModesTestExecutionListener, org.springframework.test.context.support.DependencyInjectionTestExecutionListener, org.springframework.test.context.support.DirtiesContextTestExecutionListener, org.springframework.test.context.transaction.TransactionalTestExecutionListener, org.springframework.test.context.jdbc.SqlScriptsTestExecutionListener]
2018-09-20 12:27:37.545  INFO 10656 --- [    Test worker] .b.t.c.SpringBootTestContextBootstrapper : Using TestExecutionListeners: [org.springframework.test.context.web.ServletTestExecutionListener@6b1c153c, org.springframework.test.context.support.DirtiesContextBeforeModesTestExecutionListener@22abb541, org.springframework.boot.test.mock.mockito.MockitoTestExecutionListener@303ae3f4, org.springframework.boot.test.autoconfigure.SpringBootDependencyInjectionTestExecutionListener@1d98cc93, org.springframework.test.context.support.DirtiesContextTestExecutionListener@16268fe9, org.springframework.test.context.transaction.TransactionalTestExecutionListener@695831d1, org.springframework.test.context.jdbc.SqlScriptsTestExecutionListener@e1a5a4d, org.springframework.boot.test.autoconfigure.restdocs.RestDocsTestExecutionListener@553df349, org.springframework.boot.test.autoconfigure.web.client.MockRestServiceServerResetTestExecutionListener@774677c0, org.springframework.boot.test.autoconfigure.web.servlet.MockMvcPrintOnlyOnFailureTestExecutionListener@5f380640, org.springframework.boot.test.autoconfigure.web.servlet.WebDriverTestExecutionListener@32cf7d8, org.springframework.boot.test.mock.mockito.ResetMocksTestExecutionListener@39b1fb4f]
]]></system-out>
  <system-err><![CDATA[]]></system-err>
</testsuite>
