<?xml version="1.0" encoding="UTF-8"?>
<testsuite name="co.com.ceiba.estacionamiento.julian.henao.testIntegracionConsultaServicios.TestParqueaderoRegistro" tests="3" skipped="0" failures="0" errors="0" timestamp="2018-08-23T22:58:23" hostname="JULIAN-HENAO" time="0.104">
  <properties/>
  <testcase name="RealizaConsultaRegistros" classname="co.com.ceiba.estacionamiento.julian.henao.testIntegracionConsultaServicios.TestParqueaderoRegistro" time="0.022"/>
  <testcase name="crearRegistroNulo" classname="co.com.ceiba.estacionamiento.julian.henao.testIntegracionConsultaServicios.TestParqueaderoRegistro" time="0.022"/>
  <testcase name="obtenerRegistro" classname="co.com.ceiba.estacionamiento.julian.henao.testIntegracionConsultaServicios.TestParqueaderoRegistro" time="0.058"/>
  <system-out><![CDATA[2018-08-23 17:58:23.970  INFO 14144 --- [    Test worker] .b.t.c.SpringBootTestContextBootstrapper : Neither @ContextConfiguration nor @ContextHierarchy found for test class [co.com.ceiba.estacionamiento.julian.henao.testIntegracionConsultaServicios.TestParqueaderoRegistro], using SpringBootContextLoader
2018-08-23 17:58:23.971  INFO 14144 --- [    Test worker] o.s.t.c.support.AbstractContextLoader    : Could not detect default resource locations for test class [co.com.ceiba.estacionamiento.julian.henao.testIntegracionConsultaServicios.TestParqueaderoRegistro]: no resource found for suffixes {-context.xml, Context.groovy}.
2018-08-23 17:58:23.972  INFO 14144 --- [    Test worker] t.c.s.AnnotationConfigContextLoaderUtils : Could not detect default configuration classes for test class [co.com.ceiba.estacionamiento.julian.henao.testIntegracionConsultaServicios.TestParqueaderoRegistro]: TestParqueaderoRegistro does not declare any static, non-private, non-final, nested classes annotated with @Configuration.
2018-08-23 17:58:23.975  INFO 14144 --- [    Test worker] .b.t.c.SpringBootTestContextBootstrapper : Found @SpringBootConfiguration co.com.ceiba.estacionamiento.julian.henao.AdnJulianHenaoApplication for test class co.com.ceiba.estacionamiento.julian.henao.testIntegracionConsultaServicios.TestParqueaderoRegistro
2018-08-23 17:58:23.977  INFO 14144 --- [    Test worker] .b.t.c.SpringBootTestContextBootstrapper : Loaded default TestExecutionListener class names from location [META-INF/spring.factories]: [org.springframework.boot.test.autoconfigure.restdocs.RestDocsTestExecutionListener, org.springframework.boot.test.autoconfigure.web.client.MockRestServiceServerResetTestExecutionListener, org.springframework.boot.test.autoconfigure.web.servlet.MockMvcPrintOnlyOnFailureTestExecutionListener, org.springframework.boot.test.autoconfigure.web.servlet.WebDriverTestExecutionListener, org.springframework.boot.test.mock.mockito.MockitoTestExecutionListener, org.springframework.boot.test.mock.mockito.ResetMocksTestExecutionListener, org.springframework.test.context.web.ServletTestExecutionListener, org.springframework.test.context.support.DirtiesContextBeforeModesTestExecutionListener, org.springframework.test.context.support.DependencyInjectionTestExecutionListener, org.springframework.test.context.support.DirtiesContextTestExecutionListener, org.springframework.test.context.transaction.TransactionalTestExecutionListener, org.springframework.test.context.jdbc.SqlScriptsTestExecutionListener]
2018-08-23 17:58:23.977  INFO 14144 --- [    Test worker] .b.t.c.SpringBootTestContextBootstrapper : Using TestExecutionListeners: [org.springframework.test.context.web.ServletTestExecutionListener@6b178ba4, org.springframework.test.context.support.DirtiesContextBeforeModesTestExecutionListener@338c8819, org.springframework.boot.test.mock.mockito.MockitoTestExecutionListener@4956a7a6, org.springframework.boot.test.autoconfigure.SpringBootDependencyInjectionTestExecutionListener@48b7da36, org.springframework.test.context.support.DirtiesContextTestExecutionListener@1f2a322f, org.springframework.test.context.transaction.TransactionalTestExecutionListener@4831ad93, org.springframework.test.context.jdbc.SqlScriptsTestExecutionListener@34a658a4, org.springframework.boot.test.autoconfigure.restdocs.RestDocsTestExecutionListener@4236426c, org.springframework.boot.test.autoconfigure.web.client.MockRestServiceServerResetTestExecutionListener@c43bb4f, org.springframework.boot.test.autoconfigure.web.servlet.MockMvcPrintOnlyOnFailureTestExecutionListener@49dbc261, org.springframework.boot.test.autoconfigure.web.servlet.WebDriverTestExecutionListener@4f3ed086, org.springframework.boot.test.mock.mockito.ResetMocksTestExecutionListener@3febce2f]
]]></system-out>
  <system-err><![CDATA[]]></system-err>
</testsuite>
