<?xml version="1.0" encoding="UTF-8"?>
<testsuite name="co.com.ceiba.estacionamiento.julian.henao.testUnitarioEntradaVehiculo.TestReglaDiaHabil" tests="6" skipped="0" failures="0" errors="0" timestamp="2018-08-22T19:52:52" hostname="JULIAN-HENAO" time="0.038">
  <properties/>
  <testcase name="ReglaEntradaVehiculoPlacaANoPuedeEntrarDomingo" classname="co.com.ceiba.estacionamiento.julian.henao.testUnitarioEntradaVehiculo.TestReglaDiaHabil" time="0.006"/>
  <testcase name="ReglaEntradaVehiculoPlacaYDiaDiferente" classname="co.com.ceiba.estacionamiento.julian.henao.testUnitarioEntradaVehiculo.TestReglaDiaHabil" time="0.004"/>
  <testcase name="ReglaEntradaVehiculoPlacaDiferenteDeASiPuedeEntrarLunes" classname="co.com.ceiba.estacionamiento.julian.henao.testUnitarioEntradaVehiculo.TestReglaDiaHabil" time="0.004"/>
  <testcase name="ReglaEntradaVehiculoPlacaANoPuedeEntrarLunes" classname="co.com.ceiba.estacionamiento.julian.henao.testUnitarioEntradaVehiculo.TestReglaDiaHabil" time="0.006"/>
  <testcase name="ReglaEntradaVehiculoPlacaDiferenteDeASiPuedeEntrarDomingo" classname="co.com.ceiba.estacionamiento.julian.henao.testUnitarioEntradaVehiculo.TestReglaDiaHabil" time="0.005"/>
  <testcase name="ReglaEntradaVehiculoPlacaADiaDiferente" classname="co.com.ceiba.estacionamiento.julian.henao.testUnitarioEntradaVehiculo.TestReglaDiaHabil" time="0.004"/>
  <system-out><![CDATA[2018-08-22 14:52:50.037  INFO 7648 --- [    Test worker] .b.t.c.SpringBootTestContextBootstrapper : Neither @ContextConfiguration nor @ContextHierarchy found for test class [co.com.ceiba.estacionamiento.julian.henao.testUnitarioEntradaVehiculo.TestReglaDiaHabil], using SpringBootContextLoader
2018-08-22 14:52:50.038  INFO 7648 --- [    Test worker] o.s.t.c.support.AbstractContextLoader    : Could not detect default resource locations for test class [co.com.ceiba.estacionamiento.julian.henao.testUnitarioEntradaVehiculo.TestReglaDiaHabil]: no resource found for suffixes {-context.xml, Context.groovy}.
2018-08-22 14:52:50.038  INFO 7648 --- [    Test worker] t.c.s.AnnotationConfigContextLoaderUtils : Could not detect default configuration classes for test class [co.com.ceiba.estacionamiento.julian.henao.testUnitarioEntradaVehiculo.TestReglaDiaHabil]: TestReglaDiaHabil does not declare any static, non-private, non-final, nested classes annotated with @Configuration.
2018-08-22 14:52:50.042  INFO 7648 --- [    Test worker] .b.t.c.SpringBootTestContextBootstrapper : Found @SpringBootConfiguration co.com.ceiba.estacionamiento.julian.henao.AdnJulianHenaoApplication for test class co.com.ceiba.estacionamiento.julian.henao.testUnitarioEntradaVehiculo.TestReglaDiaHabil
2018-08-22 14:52:50.047  INFO 7648 --- [    Test worker] .b.t.c.SpringBootTestContextBootstrapper : Loaded default TestExecutionListener class names from location [META-INF/spring.factories]: [org.springframework.boot.test.autoconfigure.restdocs.RestDocsTestExecutionListener, org.springframework.boot.test.autoconfigure.web.client.MockRestServiceServerResetTestExecutionListener, org.springframework.boot.test.autoconfigure.web.servlet.MockMvcPrintOnlyOnFailureTestExecutionListener, org.springframework.boot.test.autoconfigure.web.servlet.WebDriverTestExecutionListener, org.springframework.boot.test.mock.mockito.MockitoTestExecutionListener, org.springframework.boot.test.mock.mockito.ResetMocksTestExecutionListener, org.springframework.test.context.web.ServletTestExecutionListener, org.springframework.test.context.support.DirtiesContextBeforeModesTestExecutionListener, org.springframework.test.context.support.DependencyInjectionTestExecutionListener, org.springframework.test.context.support.DirtiesContextTestExecutionListener, org.springframework.test.context.transaction.TransactionalTestExecutionListener, org.springframework.test.context.jdbc.SqlScriptsTestExecutionListener]
2018-08-22 14:52:50.048  INFO 7648 --- [    Test worker] .b.t.c.SpringBootTestContextBootstrapper : Using TestExecutionListeners: [org.springframework.test.context.web.ServletTestExecutionListener@4a874e46, org.springframework.test.context.support.DirtiesContextBeforeModesTestExecutionListener@705a0d22, org.springframework.boot.test.mock.mockito.MockitoTestExecutionListener@202bf16c, org.springframework.boot.test.autoconfigure.SpringBootDependencyInjectionTestExecutionListener@6d0495ca, org.springframework.test.context.support.DirtiesContextTestExecutionListener@1d011352, org.springframework.test.context.transaction.TransactionalTestExecutionListener@3d922ecd, org.springframework.test.context.jdbc.SqlScriptsTestExecutionListener@42cd1882, org.springframework.boot.test.autoconfigure.restdocs.RestDocsTestExecutionListener@b2e6fd4, org.springframework.boot.test.autoconfigure.web.client.MockRestServiceServerResetTestExecutionListener@1e206660, org.springframework.boot.test.autoconfigure.web.servlet.MockMvcPrintOnlyOnFailureTestExecutionListener@3268c72f, org.springframework.boot.test.autoconfigure.web.servlet.WebDriverTestExecutionListener@18cbd0e8, org.springframework.boot.test.mock.mockito.ResetMocksTestExecutionListener@60634cea]

  .   ____          _            __ _ _
 /\\ / ___'_ __ _ _(_)_ __  __ _ \ \ \ \
( ( )\___ | '_ | '_| | '_ \/ _` | \ \ \ \
 \\/  ___)| |_)| | | | | || (_| |  ) ) ) )
  '  |____| .__|_| |_|_| |_\__, | / / / /
 =========|_|==============|___/=/_/_/_/
 :: Spring Boot ::             (v2.1.0.M1)

2018-08-22 14:52:50.092  INFO 7648 --- [    Test worker] c.c.c.e.j.h.t.TestReglaDiaHabil          : Starting TestReglaDiaHabil on JULIAN-HENAO with PID 7648 (started by julian.henao in C:\Users\julian.henao\workspace\adnjulianhenao)
2018-08-22 14:52:50.092  INFO 7648 --- [    Test worker] c.c.c.e.j.h.t.TestReglaDiaHabil          : No active profile set, falling back to default profiles: default
2018-08-22 14:52:50.970  INFO 7648 --- [    Test worker] trationDelegate$BeanPostProcessorChecker : Bean 'org.springframework.transaction.annotation.ProxyTransactionManagementConfiguration' of type [org.springframework.transaction.annotation.ProxyTransactionManagementConfiguration$$EnhancerBySpringCGLIB$$9f750a15] is not eligible for getting processed by all BeanPostProcessors (for example: not eligible for auto-proxying)
2018-08-22 14:52:50.986  INFO 7648 --- [    Test worker] trationDelegate$BeanPostProcessorChecker : Bean 'org.springframework.hateoas.config.HateoasConfiguration' of type [org.springframework.hateoas.config.HateoasConfiguration$$EnhancerBySpringCGLIB$$1ef55747] is not eligible for getting processed by all BeanPostProcessors (for example: not eligible for auto-proxying)
2018-08-22 14:52:51.102  INFO 7648 --- [    Test worker] com.zaxxer.hikari.HikariDataSource       : HikariPool-2 - Starting...
2018-08-22 14:52:51.106  INFO 7648 --- [    Test worker] com.zaxxer.hikari.HikariDataSource       : HikariPool-2 - Start completed.
2018-08-22 14:52:51.171  INFO 7648 --- [    Test worker] o.hibernate.jpa.internal.util.LogHelper  : HHH000204: Processing PersistenceUnitInfo [
	name: default
	...]
2018-08-22 14:52:51.194  INFO 7648 --- [    Test worker] org.hibernate.dialect.Dialect            : HHH000400: Using dialect: org.hibernate.dialect.H2Dialect
2018-08-22 14:52:51.321  INFO 7648 --- [    Test worker] o.h.t.schema.internal.SchemaCreatorImpl  : HHH000476: Executing import script 'org.hibernate.tool.schema.internal.exec.ScriptSourceInputNonExistentImpl@3462da57'
2018-08-22 14:52:51.322  INFO 7648 --- [    Test worker] j.LocalContainerEntityManagerFactoryBean : Initialized JPA EntityManagerFactory for persistence unit 'default'
2018-08-22 14:52:52.331  WARN 7648 --- [    Test worker] aWebConfiguration$JpaWebMvcConfiguration : spring.jpa.open-in-view is enabled by default. Therefore, database queries may be performed during view rendering. Explicitly configure spring.jpa.open-in-view to disable this warning
2018-08-22 14:52:52.829  INFO 7648 --- [    Test worker] c.c.c.e.j.h.t.TestReglaDiaHabil          : Started TestReglaDiaHabil in 2.778 seconds (JVM running for 27.444)
]]></system-out>
  <system-err><![CDATA[]]></system-err>
</testsuite>
