<?xml version="1.0" encoding="UTF-8"?>
<testsuite name="co.com.ceiba.estacionamiento.julian.henao.testUnit.EntradaVehiculo.TestReglaCilindrajeMoto" tests="3" skipped="0" failures="0" errors="0" timestamp="2018-09-20T17:57:32" hostname="JULIAN-HENAO" time="0.135">
  <properties/>
  <testcase name="ReglaEntradaAutoCilindrajeCero" classname="co.com.ceiba.estacionamiento.julian.henao.testUnit.EntradaVehiculo.TestReglaCilindrajeMoto" time="0.103"/>
  <testcase name="ReglaEntradaMotoCilindrajeMayoraCero" classname="co.com.ceiba.estacionamiento.julian.henao.testUnit.EntradaVehiculo.TestReglaCilindrajeMoto" time="0.01"/>
  <testcase name="ReglaEntradaMotoCilindrajeCero" classname="co.com.ceiba.estacionamiento.julian.henao.testUnit.EntradaVehiculo.TestReglaCilindrajeMoto" time="0.02"/>
  <system-out><![CDATA[12:57:20.168 [Test worker] DEBUG org.springframework.test.context.junit4.SpringJUnit4ClassRunner - SpringJUnit4ClassRunner constructor called with [class co.com.ceiba.estacionamiento.julian.henao.testUnit.EntradaVehiculo.TestReglaCilindrajeMoto]
12:57:20.196 [Test worker] DEBUG org.springframework.test.context.BootstrapUtils - Instantiating CacheAwareContextLoaderDelegate from class [org.springframework.test.context.cache.DefaultCacheAwareContextLoaderDelegate]
12:57:20.218 [Test worker] DEBUG org.springframework.test.context.BootstrapUtils - Instantiating BootstrapContext using constructor [public org.springframework.test.context.support.DefaultBootstrapContext(java.lang.Class,org.springframework.test.context.CacheAwareContextLoaderDelegate)]
12:57:20.286 [Test worker] DEBUG org.springframework.test.context.BootstrapUtils - Instantiating TestContextBootstrapper for test class [co.com.ceiba.estacionamiento.julian.henao.testUnit.EntradaVehiculo.TestReglaCilindrajeMoto] from class [org.springframework.boot.test.context.SpringBootTestContextBootstrapper]
12:57:20.321 [Test worker] INFO org.springframework.boot.test.context.SpringBootTestContextBootstrapper - Neither @ContextConfiguration nor @ContextHierarchy found for test class [co.com.ceiba.estacionamiento.julian.henao.testUnit.EntradaVehiculo.TestReglaCilindrajeMoto], using SpringBootContextLoader
12:57:20.329 [Test worker] DEBUG org.springframework.test.context.support.AbstractContextLoader - Did not detect default resource location for test class [co.com.ceiba.estacionamiento.julian.henao.testUnit.EntradaVehiculo.TestReglaCilindrajeMoto]: class path resource [co/com/ceiba/estacionamiento/julian/henao/testUnit/EntradaVehiculo/TestReglaCilindrajeMoto-context.xml] does not exist
12:57:20.330 [Test worker] DEBUG org.springframework.test.context.support.AbstractContextLoader - Did not detect default resource location for test class [co.com.ceiba.estacionamiento.julian.henao.testUnit.EntradaVehiculo.TestReglaCilindrajeMoto]: class path resource [co/com/ceiba/estacionamiento/julian/henao/testUnit/EntradaVehiculo/TestReglaCilindrajeMotoContext.groovy] does not exist
12:57:20.330 [Test worker] INFO org.springframework.test.context.support.AbstractContextLoader - Could not detect default resource locations for test class [co.com.ceiba.estacionamiento.julian.henao.testUnit.EntradaVehiculo.TestReglaCilindrajeMoto]: no resource found for suffixes {-context.xml, Context.groovy}.
12:57:20.332 [Test worker] INFO org.springframework.test.context.support.AnnotationConfigContextLoaderUtils - Could not detect default configuration classes for test class [co.com.ceiba.estacionamiento.julian.henao.testUnit.EntradaVehiculo.TestReglaCilindrajeMoto]: TestReglaCilindrajeMoto does not declare any static, non-private, non-final, nested classes annotated with @Configuration.
12:57:20.434 [Test worker] DEBUG org.springframework.test.context.support.ActiveProfilesUtils - Could not find an 'annotation declaring class' for annotation type [org.springframework.test.context.ActiveProfiles] and class [co.com.ceiba.estacionamiento.julian.henao.testUnit.EntradaVehiculo.TestReglaCilindrajeMoto]
12:57:20.653 [Test worker] DEBUG org.springframework.context.annotation.ClassPathScanningCandidateComponentProvider - Identified candidate component class: file [C:\Users\julian.henao\workspace\adnjulianhenao\build\classes\java\main\co\com\ceiba\estacionamiento\julian\henao\AdnJulianHenaoApplication.class]
12:57:20.656 [Test worker] INFO org.springframework.boot.test.context.SpringBootTestContextBootstrapper - Found @SpringBootConfiguration co.com.ceiba.estacionamiento.julian.henao.AdnJulianHenaoApplication for test class co.com.ceiba.estacionamiento.julian.henao.testUnit.EntradaVehiculo.TestReglaCilindrajeMoto
12:57:20.946 [Test worker] DEBUG org.springframework.boot.test.context.SpringBootTestContextBootstrapper - @TestExecutionListeners is not present for class [co.com.ceiba.estacionamiento.julian.henao.testUnit.EntradaVehiculo.TestReglaCilindrajeMoto]: using defaults.
12:57:20.948 [Test worker] INFO org.springframework.boot.test.context.SpringBootTestContextBootstrapper - Loaded default TestExecutionListener class names from location [META-INF/spring.factories]: [org.springframework.boot.test.autoconfigure.restdocs.RestDocsTestExecutionListener, org.springframework.boot.test.autoconfigure.web.client.MockRestServiceServerResetTestExecutionListener, org.springframework.boot.test.autoconfigure.web.servlet.MockMvcPrintOnlyOnFailureTestExecutionListener, org.springframework.boot.test.autoconfigure.web.servlet.WebDriverTestExecutionListener, org.springframework.boot.test.mock.mockito.MockitoTestExecutionListener, org.springframework.boot.test.mock.mockito.ResetMocksTestExecutionListener, org.springframework.test.context.web.ServletTestExecutionListener, org.springframework.test.context.support.DirtiesContextBeforeModesTestExecutionListener, org.springframework.test.context.support.DependencyInjectionTestExecutionListener, org.springframework.test.context.support.DirtiesContextTestExecutionListener, org.springframework.test.context.transaction.TransactionalTestExecutionListener, org.springframework.test.context.jdbc.SqlScriptsTestExecutionListener]
12:57:21.006 [Test worker] INFO org.springframework.boot.test.context.SpringBootTestContextBootstrapper - Using TestExecutionListeners: [org.springframework.test.context.web.ServletTestExecutionListener@3d643266, org.springframework.test.context.support.DirtiesContextBeforeModesTestExecutionListener@bf8088c, org.springframework.boot.test.mock.mockito.MockitoTestExecutionListener@d6e544e, org.springframework.boot.test.autoconfigure.SpringBootDependencyInjectionTestExecutionListener@2db3fed7, org.springframework.test.context.support.DirtiesContextTestExecutionListener@31581e05, org.springframework.test.context.transaction.TransactionalTestExecutionListener@7a2fdcca, org.springframework.test.context.jdbc.SqlScriptsTestExecutionListener@59c3be5, org.springframework.boot.test.autoconfigure.restdocs.RestDocsTestExecutionListener@37eb38c7, org.springframework.boot.test.autoconfigure.web.client.MockRestServiceServerResetTestExecutionListener@4632a009, org.springframework.boot.test.autoconfigure.web.servlet.MockMvcPrintOnlyOnFailureTestExecutionListener@42ffed89, org.springframework.boot.test.autoconfigure.web.servlet.WebDriverTestExecutionListener@2658b520, org.springframework.boot.test.mock.mockito.ResetMocksTestExecutionListener@481b8c2c]
12:57:21.013 [Test worker] DEBUG org.springframework.test.annotation.ProfileValueUtils - Retrieved @ProfileValueSourceConfiguration [null] for test class [co.com.ceiba.estacionamiento.julian.henao.testUnit.EntradaVehiculo.TestReglaCilindrajeMoto]
12:57:21.015 [Test worker] DEBUG org.springframework.test.annotation.ProfileValueUtils - Retrieved ProfileValueSource type [class org.springframework.test.annotation.SystemProfileValueSource] for class [co.com.ceiba.estacionamiento.julian.henao.testUnit.EntradaVehiculo.TestReglaCilindrajeMoto]
12:57:21.017 [Test worker] DEBUG org.springframework.test.annotation.ProfileValueUtils - Retrieved @ProfileValueSourceConfiguration [null] for test class [co.com.ceiba.estacionamiento.julian.henao.testUnit.EntradaVehiculo.TestReglaCilindrajeMoto]
12:57:21.018 [Test worker] DEBUG org.springframework.test.annotation.ProfileValueUtils - Retrieved ProfileValueSource type [class org.springframework.test.annotation.SystemProfileValueSource] for class [co.com.ceiba.estacionamiento.julian.henao.testUnit.EntradaVehiculo.TestReglaCilindrajeMoto]
12:57:21.028 [Test worker] DEBUG org.springframework.test.context.support.AbstractDirtiesContextTestExecutionListener - Before test class: context [DefaultTestContext@765dd69b testClass = TestReglaCilindrajeMoto, testInstance = [null], testMethod = [null], testException = [null], mergedContextConfiguration = [WebMergedContextConfiguration@293e3d87 testClass = TestReglaCilindrajeMoto, locations = '{}', classes = '{class co.com.ceiba.estacionamiento.julian.henao.AdnJulianHenaoApplication}', contextInitializerClasses = '[]', activeProfiles = '{}', propertySourceLocations = '{}', propertySourceProperties = '{org.springframework.boot.test.context.SpringBootTestContextBootstrapper=true}', contextCustomizers = set[org.springframework.boot.test.autoconfigure.properties.PropertyMappingContextCustomizer@0, org.springframework.boot.test.autoconfigure.web.servlet.WebDriverContextCustomizerFactory$Customizer@262f45a5, org.springframework.boot.test.context.filter.ExcludeFilterContextCustomizer@259dc17b, org.springframework.boot.test.json.DuplicateJsonObjectContextCustomizerFactory$DuplicateJsonObjectContextCustomizer@5723e4e, org.springframework.boot.test.mock.mockito.MockitoContextCustomizer@0, org.springframework.boot.test.web.client.TestRestTemplateContextCustomizer@635776eb], resourceBasePath = 'src/main/webapp', contextLoader = 'org.springframework.boot.test.context.SpringBootContextLoader', parent = [null]], attributes = map['org.springframework.test.context.web.ServletTestExecutionListener.activateListener' -> true]], class annotated with @DirtiesContext [false] with mode [null].
12:57:21.030 [Test worker] DEBUG org.springframework.test.annotation.ProfileValueUtils - Retrieved @ProfileValueSourceConfiguration [null] for test class [co.com.ceiba.estacionamiento.julian.henao.testUnit.EntradaVehiculo.TestReglaCilindrajeMoto]
12:57:21.031 [Test worker] DEBUG org.springframework.test.annotation.ProfileValueUtils - Retrieved ProfileValueSource type [class org.springframework.test.annotation.SystemProfileValueSource] for class [co.com.ceiba.estacionamiento.julian.henao.testUnit.EntradaVehiculo.TestReglaCilindrajeMoto]
12:57:21.114 [Test worker] DEBUG org.springframework.test.context.support.TestPropertySourceUtils - Adding inlined properties to environment: {spring.jmx.enabled=false, org.springframework.boot.test.context.SpringBootTestContextBootstrapper=true, server.port=-1}

  .   ____          _            __ _ _
 /\\ / ___'_ __ _ _(_)_ __  __ _ \ \ \ \
( ( )\___ | '_ | '_| | '_ \/ _` | \ \ \ \
 \\/  ___)| |_)| | | | | || (_| |  ) ) ) )
  '  |____| .__|_| |_|_| |_\__, | / / / /
 =========|_|==============|___/=/_/_/_/
 :: Spring Boot ::             (v2.1.0.M1)

2018-09-20 12:57:21.770  INFO 14316 --- [    Test worker] c.c.c.e.j.h.t.E.TestReglaCilindrajeMoto  : Starting TestReglaCilindrajeMoto on JULIAN-HENAO with PID 14316 (started by julian.henao in C:\Users\julian.henao\workspace\adnjulianhenao)
2018-09-20 12:57:21.774  INFO 14316 --- [    Test worker] c.c.c.e.j.h.t.E.TestReglaCilindrajeMoto  : No active profile set, falling back to default profiles: default
2018-09-20 12:57:25.282  INFO 14316 --- [    Test worker] trationDelegate$BeanPostProcessorChecker : Bean 'org.springframework.transaction.annotation.ProxyTransactionManagementConfiguration' of type [org.springframework.transaction.annotation.ProxyTransactionManagementConfiguration$$EnhancerBySpringCGLIB$$b7a16dd6] is not eligible for getting processed by all BeanPostProcessors (for example: not eligible for auto-proxying)
2018-09-20 12:57:25.344  INFO 14316 --- [    Test worker] trationDelegate$BeanPostProcessorChecker : Bean 'org.springframework.hateoas.config.HateoasConfiguration' of type [org.springframework.hateoas.config.HateoasConfiguration$$EnhancerBySpringCGLIB$$3721bb08] is not eligible for getting processed by all BeanPostProcessors (for example: not eligible for auto-proxying)
2018-09-20 12:57:25.754  INFO 14316 --- [    Test worker] com.zaxxer.hikari.HikariDataSource       : HikariPool-1 - Starting...
2018-09-20 12:57:26.251  INFO 14316 --- [    Test worker] com.zaxxer.hikari.HikariDataSource       : HikariPool-1 - Start completed.
2018-09-20 12:57:26.449  INFO 14316 --- [    Test worker] o.hibernate.jpa.internal.util.LogHelper  : HHH000204: Processing PersistenceUnitInfo [
	name: default
	...]
2018-09-20 12:57:26.659  INFO 14316 --- [    Test worker] org.hibernate.Version                    : HHH000412: Hibernate Core {5.3.3.Final}
2018-09-20 12:57:26.664  INFO 14316 --- [    Test worker] org.hibernate.cfg.Environment            : HHH000206: hibernate.properties not found
2018-09-20 12:57:26.895  INFO 14316 --- [    Test worker] o.hibernate.annotations.common.Version   : HCANN000001: Hibernate Commons Annotations {5.0.4.Final}
2018-09-20 12:57:27.306  INFO 14316 --- [    Test worker] org.hibernate.dialect.Dialect            : HHH000400: Using dialect: org.hibernate.dialect.H2Dialect
2018-09-20 12:57:28.811  INFO 14316 --- [    Test worker] o.h.t.schema.internal.SchemaCreatorImpl  : HHH000476: Executing import script 'ScriptSourceInputFromUrl(file:/C:/Users/julian.henao/workspace/adnjulianhenao/build/resources/main/import.sql)'
2018-09-20 12:57:28.836  INFO 14316 --- [    Test worker] j.LocalContainerEntityManagerFactoryBean : Initialized JPA EntityManagerFactory for persistence unit 'default'
2018-09-20 12:57:31.582  WARN 14316 --- [    Test worker] aWebConfiguration$JpaWebMvcConfiguration : spring.jpa.open-in-view is enabled by default. Therefore, database queries may be performed during view rendering. Explicitly configure spring.jpa.open-in-view to disable this warning
2018-09-20 12:57:32.523  INFO 14316 --- [    Test worker] c.c.c.e.j.h.t.E.TestReglaCilindrajeMoto  : Started TestReglaCilindrajeMoto in 11.381 seconds (JVM running for 14.162)
]]></system-out>
  <system-err><![CDATA[]]></system-err>
</testsuite>
