<?xml version="1.0" encoding="UTF-8"?>
<testsuite name="co.com.ceiba.estacionamiento.julian.henao.testUnit.SalidaVehiculo.TestReglaPlacaExiste" tests="2" skipped="0" failures="0" errors="0" timestamp="2018-10-03T15:57:02" hostname="JULIAN-HENAO" time="0.018">
  <properties/>
  <testcase name="ReglaPlacaIngresadaNOExiste" classname="co.com.ceiba.estacionamiento.julian.henao.testUnit.SalidaVehiculo.TestReglaPlacaExiste" time="0.008"/>
  <testcase name="ReglaConCilindrajeMENOR500Moto" classname="co.com.ceiba.estacionamiento.julian.henao.testUnit.SalidaVehiculo.TestReglaPlacaExiste" time="0.008"/>
  <system-out><![CDATA[2018-10-03 10:56:59.677  INFO 6716 --- [    Test worker] .b.t.c.SpringBootTestContextBootstrapper : Neither @ContextConfiguration nor @ContextHierarchy found for test class [co.com.ceiba.estacionamiento.julian.henao.testUnit.SalidaVehiculo.TestReglaPlacaExiste], using SpringBootContextLoader
2018-10-03 10:56:59.679  INFO 6716 --- [    Test worker] o.s.t.c.support.AbstractContextLoader    : Could not detect default resource locations for test class [co.com.ceiba.estacionamiento.julian.henao.testUnit.SalidaVehiculo.TestReglaPlacaExiste]: no resource found for suffixes {-context.xml, Context.groovy}.
2018-10-03 10:56:59.679  INFO 6716 --- [    Test worker] t.c.s.AnnotationConfigContextLoaderUtils : Could not detect default configuration classes for test class [co.com.ceiba.estacionamiento.julian.henao.testUnit.SalidaVehiculo.TestReglaPlacaExiste]: TestReglaPlacaExiste does not declare any static, non-private, non-final, nested classes annotated with @Configuration.
2018-10-03 10:56:59.682  INFO 6716 --- [    Test worker] .b.t.c.SpringBootTestContextBootstrapper : Found @SpringBootConfiguration co.com.ceiba.estacionamiento.julian.henao.AdnJulianHenaoApplication for test class co.com.ceiba.estacionamiento.julian.henao.testUnit.SalidaVehiculo.TestReglaPlacaExiste
2018-10-03 10:56:59.686  INFO 6716 --- [    Test worker] .b.t.c.SpringBootTestContextBootstrapper : Loaded default TestExecutionListener class names from location [META-INF/spring.factories]: [org.springframework.boot.test.autoconfigure.restdocs.RestDocsTestExecutionListener, org.springframework.boot.test.autoconfigure.web.client.MockRestServiceServerResetTestExecutionListener, org.springframework.boot.test.autoconfigure.web.servlet.MockMvcPrintOnlyOnFailureTestExecutionListener, org.springframework.boot.test.autoconfigure.web.servlet.WebDriverTestExecutionListener, org.springframework.boot.test.mock.mockito.MockitoTestExecutionListener, org.springframework.boot.test.mock.mockito.ResetMocksTestExecutionListener, org.springframework.test.context.web.ServletTestExecutionListener, org.springframework.test.context.support.DirtiesContextBeforeModesTestExecutionListener, org.springframework.test.context.support.DependencyInjectionTestExecutionListener, org.springframework.test.context.support.DirtiesContextTestExecutionListener, org.springframework.test.context.transaction.TransactionalTestExecutionListener, org.springframework.test.context.jdbc.SqlScriptsTestExecutionListener]
2018-10-03 10:56:59.686  INFO 6716 --- [    Test worker] .b.t.c.SpringBootTestContextBootstrapper : Using TestExecutionListeners: [org.springframework.test.context.web.ServletTestExecutionListener@406fa3b6, org.springframework.test.context.support.DirtiesContextBeforeModesTestExecutionListener@57392788, org.springframework.boot.test.mock.mockito.MockitoTestExecutionListener@5e407570, org.springframework.boot.test.autoconfigure.SpringBootDependencyInjectionTestExecutionListener@57ba7bef, org.springframework.test.context.support.DirtiesContextTestExecutionListener@6a7510bd, org.springframework.test.context.transaction.TransactionalTestExecutionListener@74ee6f1c, org.springframework.test.context.jdbc.SqlScriptsTestExecutionListener@29d87f04, org.springframework.boot.test.autoconfigure.restdocs.RestDocsTestExecutionListener@2d390cd3, org.springframework.boot.test.autoconfigure.web.client.MockRestServiceServerResetTestExecutionListener@6f8b0131, org.springframework.boot.test.autoconfigure.web.servlet.MockMvcPrintOnlyOnFailureTestExecutionListener@681a1553, org.springframework.boot.test.autoconfigure.web.servlet.WebDriverTestExecutionListener@250670b, org.springframework.boot.test.mock.mockito.ResetMocksTestExecutionListener@67eaac06]

  .   ____          _            __ _ _
 /\\ / ___'_ __ _ _(_)_ __  __ _ \ \ \ \
( ( )\___ | '_ | '_| | '_ \/ _` | \ \ \ \
 \\/  ___)| |_)| | | | | || (_| |  ) ) ) )
  '  |____| .__|_| |_|_| |_\__, | / / / /
 =========|_|==============|___/=/_/_/_/
 :: Spring Boot ::             (v2.1.0.M1)

2018-10-03 10:56:59.745  INFO 6716 --- [    Test worker] c.c.c.e.j.h.t.S.TestReglaPlacaExiste     : Starting TestReglaPlacaExiste on JULIAN-HENAO with PID 6716 (started by julian.henao in C:\Users\julian.henao\workspace\adnjulianhenao)
2018-10-03 10:56:59.747  INFO 6716 --- [    Test worker] c.c.c.e.j.h.t.S.TestReglaPlacaExiste     : No active profile set, falling back to default profiles: default
2018-10-03 10:57:00.434  INFO 6716 --- [    Test worker] trationDelegate$BeanPostProcessorChecker : Bean 'org.springframework.transaction.annotation.ProxyTransactionManagementConfiguration' of type [org.springframework.transaction.annotation.ProxyTransactionManagementConfiguration$$EnhancerBySpringCGLIB$$64de89dc] is not eligible for getting processed by all BeanPostProcessors (for example: not eligible for auto-proxying)
2018-10-03 10:57:00.458  INFO 6716 --- [    Test worker] trationDelegate$BeanPostProcessorChecker : Bean 'org.springframework.hateoas.config.HateoasConfiguration' of type [org.springframework.hateoas.config.HateoasConfiguration$$EnhancerBySpringCGLIB$$e45ed70e] is not eligible for getting processed by all BeanPostProcessors (for example: not eligible for auto-proxying)
2018-10-03 10:57:00.567  INFO 6716 --- [    Test worker] com.zaxxer.hikari.HikariDataSource       : HikariPool-6 - Starting...
2018-10-03 10:57:00.569  INFO 6716 --- [    Test worker] com.zaxxer.hikari.HikariDataSource       : HikariPool-6 - Start completed.
2018-10-03 10:57:00.625  INFO 6716 --- [    Test worker] o.hibernate.jpa.internal.util.LogHelper  : HHH000204: Processing PersistenceUnitInfo [
	name: default
	...]
2018-10-03 10:57:00.651  INFO 6716 --- [    Test worker] org.hibernate.dialect.Dialect            : HHH000400: Using dialect: org.hibernate.dialect.H2Dialect
2018-10-03 10:57:00.752  INFO 6716 --- [    Test worker] o.h.t.schema.internal.SchemaCreatorImpl  : HHH000476: Executing import script 'ScriptSourceInputFromUrl(file:/C:/Users/julian.henao/workspace/adnjulianhenao/build/resources/main/import.sql)'
2018-10-03 10:57:00.757  INFO 6716 --- [    Test worker] j.LocalContainerEntityManagerFactoryBean : Initialized JPA EntityManagerFactory for persistence unit 'default'
2018-10-03 10:57:01.863  WARN 6716 --- [    Test worker] aWebConfiguration$JpaWebMvcConfiguration : spring.jpa.open-in-view is enabled by default. Therefore, database queries may be performed during view rendering. Explicitly configure spring.jpa.open-in-view to disable this warning
2018-10-03 10:57:02.380  INFO 6716 --- [    Test worker] c.c.c.e.j.h.t.S.TestReglaPlacaExiste     : Started TestReglaPlacaExiste in 2.691 seconds (JVM running for 34.295)
]]></system-out>
  <system-err><![CDATA[]]></system-err>
</testsuite>
