<?xml version="1.0" encoding="UTF-8"?>
<testsuite name="co.com.ceiba.estacionamiento.julian.henao.testIntegracionConsultaServicios.TestParqueaderoTarifa" tests="3" skipped="0" failures="0" errors="0" timestamp="2018-08-28T20:52:23" hostname="JULIAN-HENAO" time="0.275">
  <properties/>
  <testcase name="crearTarifaNulo" classname="co.com.ceiba.estacionamiento.julian.henao.testIntegracionConsultaServicios.TestParqueaderoTarifa" time="0.219"/>
  <testcase name="crearTarifaExitoso" classname="co.com.ceiba.estacionamiento.julian.henao.testIntegracionConsultaServicios.TestParqueaderoTarifa" time="0.025"/>
  <testcase name="obtenerTarifas" classname="co.com.ceiba.estacionamiento.julian.henao.testIntegracionConsultaServicios.TestParqueaderoTarifa" time="0.03"/>
  <system-out><![CDATA[2018-08-28 15:52:23.016  INFO 15672 --- [    Test worker] .b.t.c.SpringBootTestContextBootstrapper : Neither @ContextConfiguration nor @ContextHierarchy found for test class [co.com.ceiba.estacionamiento.julian.henao.testIntegracionConsultaServicios.TestParqueaderoTarifa], using SpringBootContextLoader
2018-08-28 15:52:23.017  INFO 15672 --- [    Test worker] o.s.t.c.support.AbstractContextLoader    : Could not detect default resource locations for test class [co.com.ceiba.estacionamiento.julian.henao.testIntegracionConsultaServicios.TestParqueaderoTarifa]: no resource found for suffixes {-context.xml, Context.groovy}.
2018-08-28 15:52:23.017  INFO 15672 --- [    Test worker] t.c.s.AnnotationConfigContextLoaderUtils : Could not detect default configuration classes for test class [co.com.ceiba.estacionamiento.julian.henao.testIntegracionConsultaServicios.TestParqueaderoTarifa]: TestParqueaderoTarifa does not declare any static, non-private, non-final, nested classes annotated with @Configuration.
2018-08-28 15:52:23.019  INFO 15672 --- [    Test worker] .b.t.c.SpringBootTestContextBootstrapper : Found @SpringBootConfiguration co.com.ceiba.estacionamiento.julian.henao.AdnJulianHenaoApplication for test class co.com.ceiba.estacionamiento.julian.henao.testIntegracionConsultaServicios.TestParqueaderoTarifa
2018-08-28 15:52:23.021  INFO 15672 --- [    Test worker] .b.t.c.SpringBootTestContextBootstrapper : Loaded default TestExecutionListener class names from location [META-INF/spring.factories]: [org.springframework.boot.test.autoconfigure.restdocs.RestDocsTestExecutionListener, org.springframework.boot.test.autoconfigure.web.client.MockRestServiceServerResetTestExecutionListener, org.springframework.boot.test.autoconfigure.web.servlet.MockMvcPrintOnlyOnFailureTestExecutionListener, org.springframework.boot.test.autoconfigure.web.servlet.WebDriverTestExecutionListener, org.springframework.boot.test.mock.mockito.MockitoTestExecutionListener, org.springframework.boot.test.mock.mockito.ResetMocksTestExecutionListener, org.springframework.test.context.web.ServletTestExecutionListener, org.springframework.test.context.support.DirtiesContextBeforeModesTestExecutionListener, org.springframework.test.context.support.DependencyInjectionTestExecutionListener, org.springframework.test.context.support.DirtiesContextTestExecutionListener, org.springframework.test.context.transaction.TransactionalTestExecutionListener, org.springframework.test.context.jdbc.SqlScriptsTestExecutionListener]
2018-08-28 15:52:23.021  INFO 15672 --- [    Test worker] .b.t.c.SpringBootTestContextBootstrapper : Using TestExecutionListeners: [org.springframework.test.context.web.ServletTestExecutionListener@7b38fa36, org.springframework.test.context.support.DirtiesContextBeforeModesTestExecutionListener@71ae3a2e, org.springframework.boot.test.mock.mockito.MockitoTestExecutionListener@76cabebf, org.springframework.boot.test.autoconfigure.SpringBootDependencyInjectionTestExecutionListener@4c1486a0, org.springframework.test.context.support.DirtiesContextTestExecutionListener@70c12c5e, org.springframework.test.context.transaction.TransactionalTestExecutionListener@70be1722, org.springframework.test.context.jdbc.SqlScriptsTestExecutionListener@532260cc, org.springframework.boot.test.autoconfigure.restdocs.RestDocsTestExecutionListener@3bebdd8e, org.springframework.boot.test.autoconfigure.web.client.MockRestServiceServerResetTestExecutionListener@4231a571, org.springframework.boot.test.autoconfigure.web.servlet.MockMvcPrintOnlyOnFailureTestExecutionListener@42b6ad12, org.springframework.boot.test.autoconfigure.web.servlet.WebDriverTestExecutionListener@2529188, org.springframework.boot.test.mock.mockito.ResetMocksTestExecutionListener@67303be1]
]]></system-out>
  <system-err><![CDATA[]]></system-err>
</testsuite>
