<?xml version="1.0" encoding="UTF-8"?>
<testsuite name="co.com.ceiba.estacionamiento.julian.henao.testUnitarioSalidaVehiculo.TestCalcularHorasParqueadero" tests="2" skipped="0" failures="0" errors="0" timestamp="2018-08-23T22:58:38" hostname="JULIAN-HENAO" time="0.008">
  <properties/>
  <testcase name="HorasCalculadasV1" classname="co.com.ceiba.estacionamiento.julian.henao.testUnitarioSalidaVehiculo.TestCalcularHorasParqueadero" time="0.004"/>
  <testcase name="HorasCalculadasV2" classname="co.com.ceiba.estacionamiento.julian.henao.testUnitarioSalidaVehiculo.TestCalcularHorasParqueadero" time="0.003"/>
  <system-out><![CDATA[2018-08-23 17:58:38.597  INFO 14144 --- [    Test worker] .b.t.c.SpringBootTestContextBootstrapper : Neither @ContextConfiguration nor @ContextHierarchy found for test class [co.com.ceiba.estacionamiento.julian.henao.testUnitarioSalidaVehiculo.TestCalcularHorasParqueadero], using SpringBootContextLoader
2018-08-23 17:58:38.599  INFO 14144 --- [    Test worker] o.s.t.c.support.AbstractContextLoader    : Could not detect default resource locations for test class [co.com.ceiba.estacionamiento.julian.henao.testUnitarioSalidaVehiculo.TestCalcularHorasParqueadero]: no resource found for suffixes {-context.xml, Context.groovy}.
2018-08-23 17:58:38.599  INFO 14144 --- [    Test worker] t.c.s.AnnotationConfigContextLoaderUtils : Could not detect default configuration classes for test class [co.com.ceiba.estacionamiento.julian.henao.testUnitarioSalidaVehiculo.TestCalcularHorasParqueadero]: TestCalcularHorasParqueadero does not declare any static, non-private, non-final, nested classes annotated with @Configuration.
2018-08-23 17:58:38.609  INFO 14144 --- [    Test worker] .b.t.c.SpringBootTestContextBootstrapper : Found @SpringBootConfiguration co.com.ceiba.estacionamiento.julian.henao.AdnJulianHenaoApplication for test class co.com.ceiba.estacionamiento.julian.henao.testUnitarioSalidaVehiculo.TestCalcularHorasParqueadero
2018-08-23 17:58:38.612  INFO 14144 --- [    Test worker] .b.t.c.SpringBootTestContextBootstrapper : Loaded default TestExecutionListener class names from location [META-INF/spring.factories]: [org.springframework.boot.test.autoconfigure.restdocs.RestDocsTestExecutionListener, org.springframework.boot.test.autoconfigure.web.client.MockRestServiceServerResetTestExecutionListener, org.springframework.boot.test.autoconfigure.web.servlet.MockMvcPrintOnlyOnFailureTestExecutionListener, org.springframework.boot.test.autoconfigure.web.servlet.WebDriverTestExecutionListener, org.springframework.boot.test.mock.mockito.MockitoTestExecutionListener, org.springframework.boot.test.mock.mockito.ResetMocksTestExecutionListener, org.springframework.test.context.web.ServletTestExecutionListener, org.springframework.test.context.support.DirtiesContextBeforeModesTestExecutionListener, org.springframework.test.context.support.DependencyInjectionTestExecutionListener, org.springframework.test.context.support.DirtiesContextTestExecutionListener, org.springframework.test.context.transaction.TransactionalTestExecutionListener, org.springframework.test.context.jdbc.SqlScriptsTestExecutionListener]
2018-08-23 17:58:38.612  INFO 14144 --- [    Test worker] .b.t.c.SpringBootTestContextBootstrapper : Using TestExecutionListeners: [org.springframework.test.context.web.ServletTestExecutionListener@2cce088e, org.springframework.test.context.support.DirtiesContextBeforeModesTestExecutionListener@4b14517b, org.springframework.boot.test.mock.mockito.MockitoTestExecutionListener@27c83f34, org.springframework.boot.test.autoconfigure.SpringBootDependencyInjectionTestExecutionListener@7daaa86e, org.springframework.test.context.support.DirtiesContextTestExecutionListener@217c552d, org.springframework.test.context.transaction.TransactionalTestExecutionListener@488a47f0, org.springframework.test.context.jdbc.SqlScriptsTestExecutionListener@2e5de04a, org.springframework.boot.test.autoconfigure.restdocs.RestDocsTestExecutionListener@69cc437, org.springframework.boot.test.autoconfigure.web.client.MockRestServiceServerResetTestExecutionListener@458a3cf4, org.springframework.boot.test.autoconfigure.web.servlet.MockMvcPrintOnlyOnFailureTestExecutionListener@5f254672, org.springframework.boot.test.autoconfigure.web.servlet.WebDriverTestExecutionListener@1e3ba26c, org.springframework.boot.test.mock.mockito.ResetMocksTestExecutionListener@7ee660e0]
]]></system-out>
  <system-err><![CDATA[]]></system-err>
</testsuite>
