<?xml version="1.0" encoding="UTF-8"?>
<testsuite name="co.com.ceiba.estacionamiento.julian.henao.testUnitarioEntradaVehiculo.TestReglaDiaHabil" tests="6" skipped="0" failures="0" errors="0" timestamp="2018-08-24T16:04:44" hostname="JULIAN-HENAO" time="0.029">
  <properties/>
  <testcase name="ReglaEntradaVehiculoPlacaAPuedeEntrarDomingo" classname="co.com.ceiba.estacionamiento.julian.henao.testUnitarioEntradaVehiculo.TestReglaDiaHabil" time="0.003"/>
  <testcase name="ReglaEntradaVehiculoPlacaYDiaDiferente" classname="co.com.ceiba.estacionamiento.julian.henao.testUnitarioEntradaVehiculo.TestReglaDiaHabil" time="0.003"/>
  <testcase name="ReglaEntradaVehiculoPlacaAPuedeEntrarLunes" classname="co.com.ceiba.estacionamiento.julian.henao.testUnitarioEntradaVehiculo.TestReglaDiaHabil" time="0.004"/>
  <testcase name="ReglaEntradaVehiculoPlacaDiferenteDeASiPuedeEntrarLunes" classname="co.com.ceiba.estacionamiento.julian.henao.testUnitarioEntradaVehiculo.TestReglaDiaHabil" time="0.004"/>
  <testcase name="ReglaEntradaVehiculoPlacaANOPuedeEntrarDiaDiferente" classname="co.com.ceiba.estacionamiento.julian.henao.testUnitarioEntradaVehiculo.TestReglaDiaHabil" time="0.004"/>
  <testcase name="ReglaEntradaVehiculoPlacaDiferenteDeASiPuedeEntrarDomingo" classname="co.com.ceiba.estacionamiento.julian.henao.testUnitarioEntradaVehiculo.TestReglaDiaHabil" time="0.004"/>
  <system-out><![CDATA[2018-08-24 11:04:42.084  INFO 12712 --- [    Test worker] .b.t.c.SpringBootTestContextBootstrapper : Neither @ContextConfiguration nor @ContextHierarchy found for test class [co.com.ceiba.estacionamiento.julian.henao.testUnitarioEntradaVehiculo.TestReglaDiaHabil], using SpringBootContextLoader
2018-08-24 11:04:42.086  INFO 12712 --- [    Test worker] o.s.t.c.support.AbstractContextLoader    : Could not detect default resource locations for test class [co.com.ceiba.estacionamiento.julian.henao.testUnitarioEntradaVehiculo.TestReglaDiaHabil]: no resource found for suffixes {-context.xml, Context.groovy}.
2018-08-24 11:04:42.086  INFO 12712 --- [    Test worker] t.c.s.AnnotationConfigContextLoaderUtils : Could not detect default configuration classes for test class [co.com.ceiba.estacionamiento.julian.henao.testUnitarioEntradaVehiculo.TestReglaDiaHabil]: TestReglaDiaHabil does not declare any static, non-private, non-final, nested classes annotated with @Configuration.
2018-08-24 11:04:42.089  INFO 12712 --- [    Test worker] .b.t.c.SpringBootTestContextBootstrapper : Found @SpringBootConfiguration co.com.ceiba.estacionamiento.julian.henao.AdnJulianHenaoApplication for test class co.com.ceiba.estacionamiento.julian.henao.testUnitarioEntradaVehiculo.TestReglaDiaHabil
2018-08-24 11:04:42.092  INFO 12712 --- [    Test worker] .b.t.c.SpringBootTestContextBootstrapper : Loaded default TestExecutionListener class names from location [META-INF/spring.factories]: [org.springframework.boot.test.autoconfigure.restdocs.RestDocsTestExecutionListener, org.springframework.boot.test.autoconfigure.web.client.MockRestServiceServerResetTestExecutionListener, org.springframework.boot.test.autoconfigure.web.servlet.MockMvcPrintOnlyOnFailureTestExecutionListener, org.springframework.boot.test.autoconfigure.web.servlet.WebDriverTestExecutionListener, org.springframework.boot.test.mock.mockito.MockitoTestExecutionListener, org.springframework.boot.test.mock.mockito.ResetMocksTestExecutionListener, org.springframework.test.context.web.ServletTestExecutionListener, org.springframework.test.context.support.DirtiesContextBeforeModesTestExecutionListener, org.springframework.test.context.support.DependencyInjectionTestExecutionListener, org.springframework.test.context.support.DirtiesContextTestExecutionListener, org.springframework.test.context.transaction.TransactionalTestExecutionListener, org.springframework.test.context.jdbc.SqlScriptsTestExecutionListener]
2018-08-24 11:04:42.092  INFO 12712 --- [    Test worker] .b.t.c.SpringBootTestContextBootstrapper : Using TestExecutionListeners: [org.springframework.test.context.web.ServletTestExecutionListener@30c82d02, org.springframework.test.context.support.DirtiesContextBeforeModesTestExecutionListener@7fee4809, org.springframework.boot.test.mock.mockito.MockitoTestExecutionListener@40afeeeb, org.springframework.boot.test.autoconfigure.SpringBootDependencyInjectionTestExecutionListener@62d4d4e0, org.springframework.test.context.support.DirtiesContextTestExecutionListener@13855585, org.springframework.test.context.transaction.TransactionalTestExecutionListener@1ea6f9fc, org.springframework.test.context.jdbc.SqlScriptsTestExecutionListener@21418475, org.springframework.boot.test.autoconfigure.restdocs.RestDocsTestExecutionListener@65763769, org.springframework.boot.test.autoconfigure.web.client.MockRestServiceServerResetTestExecutionListener@5c667f3f, org.springframework.boot.test.autoconfigure.web.servlet.MockMvcPrintOnlyOnFailureTestExecutionListener@75a61456, org.springframework.boot.test.autoconfigure.web.servlet.WebDriverTestExecutionListener@586954bb, org.springframework.boot.test.mock.mockito.ResetMocksTestExecutionListener@cf0fda0]

  .   ____          _            __ _ _
 /\\ / ___'_ __ _ _(_)_ __  __ _ \ \ \ \
( ( )\___ | '_ | '_| | '_ \/ _` | \ \ \ \
 \\/  ___)| |_)| | | | | || (_| |  ) ) ) )
  '  |____| .__|_| |_|_| |_\__, | / / / /
 =========|_|==============|___/=/_/_/_/
 :: Spring Boot ::             (v2.1.0.M1)

2018-08-24 11:04:42.192  INFO 12712 --- [    Test worker] c.c.c.e.j.h.t.TestReglaDiaHabil          : Starting TestReglaDiaHabil on JULIAN-HENAO with PID 12712 (started by julian.henao in C:\Users\julian.henao\workspace\adnjulianhenao)
2018-08-24 11:04:42.193  INFO 12712 --- [    Test worker] c.c.c.e.j.h.t.TestReglaDiaHabil          : No active profile set, falling back to default profiles: default
2018-08-24 11:04:42.792  INFO 12712 --- [    Test worker] trationDelegate$BeanPostProcessorChecker : Bean 'org.springframework.transaction.annotation.ProxyTransactionManagementConfiguration' of type [org.springframework.transaction.annotation.ProxyTransactionManagementConfiguration$$EnhancerBySpringCGLIB$$c243abf1] is not eligible for getting processed by all BeanPostProcessors (for example: not eligible for auto-proxying)
2018-08-24 11:04:42.816  INFO 12712 --- [    Test worker] trationDelegate$BeanPostProcessorChecker : Bean 'org.springframework.hateoas.config.HateoasConfiguration' of type [org.springframework.hateoas.config.HateoasConfiguration$$EnhancerBySpringCGLIB$$41c3f923] is not eligible for getting processed by all BeanPostProcessors (for example: not eligible for auto-proxying)
2018-08-24 11:04:42.915  INFO 12712 --- [    Test worker] com.zaxxer.hikari.HikariDataSource       : HikariPool-3 - Starting...
2018-08-24 11:04:42.917  INFO 12712 --- [    Test worker] com.zaxxer.hikari.HikariDataSource       : HikariPool-3 - Start completed.
2018-08-24 11:04:42.962  INFO 12712 --- [    Test worker] o.hibernate.jpa.internal.util.LogHelper  : HHH000204: Processing PersistenceUnitInfo [
	name: default
	...]
2018-08-24 11:04:42.987  INFO 12712 --- [    Test worker] org.hibernate.dialect.Dialect            : HHH000400: Using dialect: org.hibernate.dialect.H2Dialect
2018-08-24 11:04:43.073  INFO 12712 --- [    Test worker] o.h.t.schema.internal.SchemaCreatorImpl  : HHH000476: Executing import script 'ScriptSourceInputFromUrl(file:/C:/Users/julian.henao/workspace/adnjulianhenao/build/resources/main/import.sql)'
2018-08-24 11:04:43.077  INFO 12712 --- [    Test worker] j.LocalContainerEntityManagerFactoryBean : Initialized JPA EntityManagerFactory for persistence unit 'default'
2018-08-24 11:04:43.859  WARN 12712 --- [    Test worker] aWebConfiguration$JpaWebMvcConfiguration : spring.jpa.open-in-view is enabled by default. Therefore, database queries may be performed during view rendering. Explicitly configure spring.jpa.open-in-view to disable this warning
2018-08-24 11:04:44.301  INFO 12712 --- [    Test worker] c.c.c.e.j.h.t.TestReglaDiaHabil          : Started TestReglaDiaHabil in 2.207 seconds (JVM running for 29.688)
]]></system-out>
  <system-err><![CDATA[]]></system-err>
</testsuite>
