<?xml version="1.0" encoding="UTF-8"?>
<testsuite name="co.com.ceiba.estacionamiento.julian.henao.testUnit.SalidaVehiculo.TestCalcularHorasParqueadero" tests="2" skipped="0" failures="0" errors="0" timestamp="2018-10-05T18:32:33" hostname="JULIAN-HENAO" time="0.016">
  <properties/>
  <testcase name="HorasCalculadasV1" classname="co.com.ceiba.estacionamiento.julian.henao.testUnit.SalidaVehiculo.TestCalcularHorasParqueadero" time="0.007"/>
  <testcase name="HorasCalculadasV2" classname="co.com.ceiba.estacionamiento.julian.henao.testUnit.SalidaVehiculo.TestCalcularHorasParqueadero" time="0.008"/>
  <system-out><![CDATA[2018-10-05 13:32:33.801  INFO 7496 --- [    Test worker] .b.t.c.SpringBootTestContextBootstrapper : Neither @ContextConfiguration nor @ContextHierarchy found for test class [co.com.ceiba.estacionamiento.julian.henao.testUnit.SalidaVehiculo.TestCalcularHorasParqueadero], using SpringBootContextLoader
2018-10-05 13:32:33.803  INFO 7496 --- [    Test worker] o.s.t.c.support.AbstractContextLoader    : Could not detect default resource locations for test class [co.com.ceiba.estacionamiento.julian.henao.testUnit.SalidaVehiculo.TestCalcularHorasParqueadero]: no resource found for suffixes {-context.xml, Context.groovy}.
2018-10-05 13:32:33.803  INFO 7496 --- [    Test worker] t.c.s.AnnotationConfigContextLoaderUtils : Could not detect default configuration classes for test class [co.com.ceiba.estacionamiento.julian.henao.testUnit.SalidaVehiculo.TestCalcularHorasParqueadero]: TestCalcularHorasParqueadero does not declare any static, non-private, non-final, nested classes annotated with @Configuration.
2018-10-05 13:32:33.819  INFO 7496 --- [    Test worker] .b.t.c.SpringBootTestContextBootstrapper : Found @SpringBootConfiguration co.com.ceiba.estacionamiento.julian.henao.AdnJulianHenaoApplication for test class co.com.ceiba.estacionamiento.julian.henao.testUnit.SalidaVehiculo.TestCalcularHorasParqueadero
2018-10-05 13:32:33.823  INFO 7496 --- [    Test worker] .b.t.c.SpringBootTestContextBootstrapper : Loaded default TestExecutionListener class names from location [META-INF/spring.factories]: [org.springframework.boot.test.autoconfigure.restdocs.RestDocsTestExecutionListener, org.springframework.boot.test.autoconfigure.web.client.MockRestServiceServerResetTestExecutionListener, org.springframework.boot.test.autoconfigure.web.servlet.MockMvcPrintOnlyOnFailureTestExecutionListener, org.springframework.boot.test.autoconfigure.web.servlet.WebDriverTestExecutionListener, org.springframework.boot.test.mock.mockito.MockitoTestExecutionListener, org.springframework.boot.test.mock.mockito.ResetMocksTestExecutionListener, org.springframework.test.context.web.ServletTestExecutionListener, org.springframework.test.context.support.DirtiesContextBeforeModesTestExecutionListener, org.springframework.test.context.support.DependencyInjectionTestExecutionListener, org.springframework.test.context.support.DirtiesContextTestExecutionListener, org.springframework.test.context.transaction.TransactionalTestExecutionListener, org.springframework.test.context.jdbc.SqlScriptsTestExecutionListener]
2018-10-05 13:32:33.824  INFO 7496 --- [    Test worker] .b.t.c.SpringBootTestContextBootstrapper : Using TestExecutionListeners: [org.springframework.test.context.web.ServletTestExecutionListener@5fa5ee02, org.springframework.test.context.support.DirtiesContextBeforeModesTestExecutionListener@2267774b, org.springframework.boot.test.mock.mockito.MockitoTestExecutionListener@6128de03, org.springframework.boot.test.autoconfigure.SpringBootDependencyInjectionTestExecutionListener@b0fb92b, org.springframework.test.context.support.DirtiesContextTestExecutionListener@7b2a83b6, org.springframework.test.context.transaction.TransactionalTestExecutionListener@626e7eb7, org.springframework.test.context.jdbc.SqlScriptsTestExecutionListener@45917c3f, org.springframework.boot.test.autoconfigure.restdocs.RestDocsTestExecutionListener@33a14347, org.springframework.boot.test.autoconfigure.web.client.MockRestServiceServerResetTestExecutionListener@1cb941b6, org.springframework.boot.test.autoconfigure.web.servlet.MockMvcPrintOnlyOnFailureTestExecutionListener@db31f50, org.springframework.boot.test.autoconfigure.web.servlet.WebDriverTestExecutionListener@438dfa5d, org.springframework.boot.test.mock.mockito.ResetMocksTestExecutionListener@7a0f2210]
]]></system-out>
  <system-err><![CDATA[]]></system-err>
</testsuite>
