<?xml version="1.0" encoding="UTF-8"?>
<testsuite name="co.com.ceiba.estacionamiento.julian.henao.testUnit.SalidaVehiculo.TestReglaPlacaExiste" tests="2" skipped="0" failures="0" errors="0" timestamp="2018-10-05T18:32:37" hostname="JULIAN-HENAO" time="0.018">
  <properties/>
  <testcase name="ReglaPlacaIngresadaNOExiste" classname="co.com.ceiba.estacionamiento.julian.henao.testUnit.SalidaVehiculo.TestReglaPlacaExiste" time="0.007"/>
  <testcase name="ReglaConCilindrajeMENOR500Moto" classname="co.com.ceiba.estacionamiento.julian.henao.testUnit.SalidaVehiculo.TestReglaPlacaExiste" time="0.008"/>
  <system-out><![CDATA[2018-10-05 13:32:33.848  INFO 7496 --- [    Test worker] .b.t.c.SpringBootTestContextBootstrapper : Neither @ContextConfiguration nor @ContextHierarchy found for test class [co.com.ceiba.estacionamiento.julian.henao.testUnit.SalidaVehiculo.TestReglaPlacaExiste], using SpringBootContextLoader
2018-10-05 13:32:33.850  INFO 7496 --- [    Test worker] o.s.t.c.support.AbstractContextLoader    : Could not detect default resource locations for test class [co.com.ceiba.estacionamiento.julian.henao.testUnit.SalidaVehiculo.TestReglaPlacaExiste]: no resource found for suffixes {-context.xml, Context.groovy}.
2018-10-05 13:32:33.851  INFO 7496 --- [    Test worker] t.c.s.AnnotationConfigContextLoaderUtils : Could not detect default configuration classes for test class [co.com.ceiba.estacionamiento.julian.henao.testUnit.SalidaVehiculo.TestReglaPlacaExiste]: TestReglaPlacaExiste does not declare any static, non-private, non-final, nested classes annotated with @Configuration.
2018-10-05 13:32:33.854  INFO 7496 --- [    Test worker] .b.t.c.SpringBootTestContextBootstrapper : Found @SpringBootConfiguration co.com.ceiba.estacionamiento.julian.henao.AdnJulianHenaoApplication for test class co.com.ceiba.estacionamiento.julian.henao.testUnit.SalidaVehiculo.TestReglaPlacaExiste
2018-10-05 13:32:33.859  INFO 7496 --- [    Test worker] .b.t.c.SpringBootTestContextBootstrapper : Loaded default TestExecutionListener class names from location [META-INF/spring.factories]: [org.springframework.boot.test.autoconfigure.restdocs.RestDocsTestExecutionListener, org.springframework.boot.test.autoconfigure.web.client.MockRestServiceServerResetTestExecutionListener, org.springframework.boot.test.autoconfigure.web.servlet.MockMvcPrintOnlyOnFailureTestExecutionListener, org.springframework.boot.test.autoconfigure.web.servlet.WebDriverTestExecutionListener, org.springframework.boot.test.mock.mockito.MockitoTestExecutionListener, org.springframework.boot.test.mock.mockito.ResetMocksTestExecutionListener, org.springframework.test.context.web.ServletTestExecutionListener, org.springframework.test.context.support.DirtiesContextBeforeModesTestExecutionListener, org.springframework.test.context.support.DependencyInjectionTestExecutionListener, org.springframework.test.context.support.DirtiesContextTestExecutionListener, org.springframework.test.context.transaction.TransactionalTestExecutionListener, org.springframework.test.context.jdbc.SqlScriptsTestExecutionListener]
2018-10-05 13:32:33.860  INFO 7496 --- [    Test worker] .b.t.c.SpringBootTestContextBootstrapper : Using TestExecutionListeners: [org.springframework.test.context.web.ServletTestExecutionListener@21a57349, org.springframework.test.context.support.DirtiesContextBeforeModesTestExecutionListener@3ad188d0, org.springframework.boot.test.mock.mockito.MockitoTestExecutionListener@2c551575, org.springframework.boot.test.autoconfigure.SpringBootDependencyInjectionTestExecutionListener@490a4314, org.springframework.test.context.support.DirtiesContextTestExecutionListener@433f4e47, org.springframework.test.context.transaction.TransactionalTestExecutionListener@759ed9f8, org.springframework.test.context.jdbc.SqlScriptsTestExecutionListener@71649483, org.springframework.boot.test.autoconfigure.restdocs.RestDocsTestExecutionListener@6a6d6b58, org.springframework.boot.test.autoconfigure.web.client.MockRestServiceServerResetTestExecutionListener@53995d24, org.springframework.boot.test.autoconfigure.web.servlet.MockMvcPrintOnlyOnFailureTestExecutionListener@504b0fb6, org.springframework.boot.test.autoconfigure.web.servlet.WebDriverTestExecutionListener@5de49b0, org.springframework.boot.test.mock.mockito.ResetMocksTestExecutionListener@4e8d5f8]

  .   ____          _            __ _ _
 /\\ / ___'_ __ _ _(_)_ __  __ _ \ \ \ \
( ( )\___ | '_ | '_| | '_ \/ _` | \ \ \ \
 \\/  ___)| |_)| | | | | || (_| |  ) ) ) )
  '  |____| .__|_| |_|_| |_\__, | / / / /
 =========|_|==============|___/=/_/_/_/
 :: Spring Boot ::             (v2.1.0.M1)

2018-10-05 13:32:33.933  INFO 7496 --- [    Test worker] c.c.c.e.j.h.t.S.TestReglaPlacaExiste     : Starting TestReglaPlacaExiste on JULIAN-HENAO with PID 7496 (started by julian.henao in C:\Users\julian.henao\workspace\adnjulianhenao)
2018-10-05 13:32:33.936  INFO 7496 --- [    Test worker] c.c.c.e.j.h.t.S.TestReglaPlacaExiste     : No active profile set, falling back to default profiles: default
2018-10-05 13:32:34.664  INFO 7496 --- [    Test worker] trationDelegate$BeanPostProcessorChecker : Bean 'org.springframework.transaction.annotation.ProxyTransactionManagementConfiguration' of type [org.springframework.transaction.annotation.ProxyTransactionManagementConfiguration$$EnhancerBySpringCGLIB$$a7b88a11] is not eligible for getting processed by all BeanPostProcessors (for example: not eligible for auto-proxying)
2018-10-05 13:32:34.697  INFO 7496 --- [    Test worker] trationDelegate$BeanPostProcessorChecker : Bean 'org.springframework.hateoas.config.HateoasConfiguration' of type [org.springframework.hateoas.config.HateoasConfiguration$$EnhancerBySpringCGLIB$$2738d743] is not eligible for getting processed by all BeanPostProcessors (for example: not eligible for auto-proxying)
2018-10-05 13:32:34.925  INFO 7496 --- [    Test worker] com.zaxxer.hikari.HikariDataSource       : HikariPool-6 - Starting...
2018-10-05 13:32:34.927  INFO 7496 --- [    Test worker] com.zaxxer.hikari.HikariDataSource       : HikariPool-6 - Start completed.
2018-10-05 13:32:35.002  INFO 7496 --- [    Test worker] o.hibernate.jpa.internal.util.LogHelper  : HHH000204: Processing PersistenceUnitInfo [
	name: default
	...]
2018-10-05 13:32:35.040  INFO 7496 --- [    Test worker] org.hibernate.dialect.Dialect            : HHH000400: Using dialect: org.hibernate.dialect.H2Dialect
2018-10-05 13:32:35.130  INFO 7496 --- [    Test worker] o.h.t.schema.internal.SchemaCreatorImpl  : HHH000476: Executing import script 'ScriptSourceInputFromUrl(file:/C:/Users/julian.henao/workspace/adnjulianhenao/build/resources/main/import.sql)'
2018-10-05 13:32:35.136  INFO 7496 --- [    Test worker] j.LocalContainerEntityManagerFactoryBean : Initialized JPA EntityManagerFactory for persistence unit 'default'
2018-10-05 13:32:36.261  WARN 7496 --- [    Test worker] aWebConfiguration$JpaWebMvcConfiguration : spring.jpa.open-in-view is enabled by default. Therefore, database queries may be performed during view rendering. Explicitly configure spring.jpa.open-in-view to disable this warning
2018-10-05 13:32:36.453  INFO 7496 --- [    Test worker] o.s.b.a.w.s.WelcomePageHandlerMapping    : Adding welcome page: class path resource [static/index.html]
2018-10-05 13:32:37.017  INFO 7496 --- [    Test worker] c.c.c.e.j.h.t.S.TestReglaPlacaExiste     : Started TestReglaPlacaExiste in 3.153 seconds (JVM running for 42.791)
]]></system-out>
  <system-err><![CDATA[]]></system-err>
</testsuite>
