<?xml version="1.0" encoding="UTF-8"?>
<testsuite name="co.com.ceiba.estacionamiento.julian.henao.testUnit.EntradaVehiculo.TestReglaIngresaPlaca" tests="2" skipped="0" failures="0" errors="0" timestamp="2018-09-20T17:57:38" hostname="JULIAN-HENAO" time="0.012">
  <properties/>
  <testcase name="ReglaEntradaPlacaObligatoriaAuto" classname="co.com.ceiba.estacionamiento.julian.henao.testUnit.EntradaVehiculo.TestReglaIngresaPlaca" time="0.006"/>
  <testcase name="ReglaEntradaPlacaObligatoriaMoto" classname="co.com.ceiba.estacionamiento.julian.henao.testUnit.EntradaVehiculo.TestReglaIngresaPlaca" time="0.004"/>
  <system-out><![CDATA[2018-09-20 12:57:38.415  INFO 14316 --- [    Test worker] .b.t.c.SpringBootTestContextBootstrapper : Neither @ContextConfiguration nor @ContextHierarchy found for test class [co.com.ceiba.estacionamiento.julian.henao.testUnit.EntradaVehiculo.TestReglaIngresaPlaca], using SpringBootContextLoader
2018-09-20 12:57:38.417  INFO 14316 --- [    Test worker] o.s.t.c.support.AbstractContextLoader    : Could not detect default resource locations for test class [co.com.ceiba.estacionamiento.julian.henao.testUnit.EntradaVehiculo.TestReglaIngresaPlaca]: no resource found for suffixes {-context.xml, Context.groovy}.
2018-09-20 12:57:38.418  INFO 14316 --- [    Test worker] t.c.s.AnnotationConfigContextLoaderUtils : Could not detect default configuration classes for test class [co.com.ceiba.estacionamiento.julian.henao.testUnit.EntradaVehiculo.TestReglaIngresaPlaca]: TestReglaIngresaPlaca does not declare any static, non-private, non-final, nested classes annotated with @Configuration.
2018-09-20 12:57:38.420  INFO 14316 --- [    Test worker] .b.t.c.SpringBootTestContextBootstrapper : Found @SpringBootConfiguration co.com.ceiba.estacionamiento.julian.henao.AdnJulianHenaoApplication for test class co.com.ceiba.estacionamiento.julian.henao.testUnit.EntradaVehiculo.TestReglaIngresaPlaca
2018-09-20 12:57:38.423  INFO 14316 --- [    Test worker] .b.t.c.SpringBootTestContextBootstrapper : Loaded default TestExecutionListener class names from location [META-INF/spring.factories]: [org.springframework.boot.test.autoconfigure.restdocs.RestDocsTestExecutionListener, org.springframework.boot.test.autoconfigure.web.client.MockRestServiceServerResetTestExecutionListener, org.springframework.boot.test.autoconfigure.web.servlet.MockMvcPrintOnlyOnFailureTestExecutionListener, org.springframework.boot.test.autoconfigure.web.servlet.WebDriverTestExecutionListener, org.springframework.boot.test.mock.mockito.MockitoTestExecutionListener, org.springframework.boot.test.mock.mockito.ResetMocksTestExecutionListener, org.springframework.test.context.web.ServletTestExecutionListener, org.springframework.test.context.support.DirtiesContextBeforeModesTestExecutionListener, org.springframework.test.context.support.DependencyInjectionTestExecutionListener, org.springframework.test.context.support.DirtiesContextTestExecutionListener, org.springframework.test.context.transaction.TransactionalTestExecutionListener, org.springframework.test.context.jdbc.SqlScriptsTestExecutionListener]
2018-09-20 12:57:38.424  INFO 14316 --- [    Test worker] .b.t.c.SpringBootTestContextBootstrapper : Using TestExecutionListeners: [org.springframework.test.context.web.ServletTestExecutionListener@432323ab, org.springframework.test.context.support.DirtiesContextBeforeModesTestExecutionListener@43d84aa, org.springframework.boot.test.mock.mockito.MockitoTestExecutionListener@76238cd6, org.springframework.boot.test.autoconfigure.SpringBootDependencyInjectionTestExecutionListener@23bcb0c4, org.springframework.test.context.support.DirtiesContextTestExecutionListener@79d8e163, org.springframework.test.context.transaction.TransactionalTestExecutionListener@11a83226, org.springframework.test.context.jdbc.SqlScriptsTestExecutionListener@7b0759f9, org.springframework.boot.test.autoconfigure.restdocs.RestDocsTestExecutionListener@3d7bfccd, org.springframework.boot.test.autoconfigure.web.client.MockRestServiceServerResetTestExecutionListener@396d1f8, org.springframework.boot.test.autoconfigure.web.servlet.MockMvcPrintOnlyOnFailureTestExecutionListener@537feaae, org.springframework.boot.test.autoconfigure.web.servlet.WebDriverTestExecutionListener@12f6a9a9, org.springframework.boot.test.mock.mockito.ResetMocksTestExecutionListener@7089b2ae]
]]></system-out>
  <system-err><![CDATA[]]></system-err>
</testsuite>
