<?xml version="1.0" encoding="UTF-8"?>
<testsuite name="co.com.ceiba.estacionamiento.julian.henao.testIntegracionSalidaVehiculo.TestReglaPlacayRegistroCoinciden" tests="2" skipped="0" failures="0" errors="0" timestamp="2018-08-22T21:37:06" hostname="JULIAN-HENAO" time="0.048">
  <properties/>
  <testcase name="ReglaRegistroNOExiste" classname="co.com.ceiba.estacionamiento.julian.henao.testIntegracionSalidaVehiculo.TestReglaPlacayRegistroCoinciden" time="0.022"/>
  <testcase name="ReglaRegistroExiste" classname="co.com.ceiba.estacionamiento.julian.henao.testIntegracionSalidaVehiculo.TestReglaPlacayRegistroCoinciden" time="0.025"/>
  <system-out><![CDATA[2018-08-22 16:37:06.435  INFO 10572 --- [    Test worker] .b.t.c.SpringBootTestContextBootstrapper : Neither @ContextConfiguration nor @ContextHierarchy found for test class [co.com.ceiba.estacionamiento.julian.henao.testIntegracionSalidaVehiculo.TestReglaPlacayRegistroCoinciden], using SpringBootContextLoader
2018-08-22 16:37:06.437  INFO 10572 --- [    Test worker] o.s.t.c.support.AbstractContextLoader    : Could not detect default resource locations for test class [co.com.ceiba.estacionamiento.julian.henao.testIntegracionSalidaVehiculo.TestReglaPlacayRegistroCoinciden]: no resource found for suffixes {-context.xml, Context.groovy}.
2018-08-22 16:37:06.437  INFO 10572 --- [    Test worker] t.c.s.AnnotationConfigContextLoaderUtils : Could not detect default configuration classes for test class [co.com.ceiba.estacionamiento.julian.henao.testIntegracionSalidaVehiculo.TestReglaPlacayRegistroCoinciden]: TestReglaPlacayRegistroCoinciden does not declare any static, non-private, non-final, nested classes annotated with @Configuration.
2018-08-22 16:37:06.450  INFO 10572 --- [    Test worker] .b.t.c.SpringBootTestContextBootstrapper : Found @SpringBootConfiguration co.com.ceiba.estacionamiento.julian.henao.AdnJulianHenaoApplication for test class co.com.ceiba.estacionamiento.julian.henao.testIntegracionSalidaVehiculo.TestReglaPlacayRegistroCoinciden
2018-08-22 16:37:06.452  INFO 10572 --- [    Test worker] .b.t.c.SpringBootTestContextBootstrapper : Loaded default TestExecutionListener class names from location [META-INF/spring.factories]: [org.springframework.boot.test.autoconfigure.restdocs.RestDocsTestExecutionListener, org.springframework.boot.test.autoconfigure.web.client.MockRestServiceServerResetTestExecutionListener, org.springframework.boot.test.autoconfigure.web.servlet.MockMvcPrintOnlyOnFailureTestExecutionListener, org.springframework.boot.test.autoconfigure.web.servlet.WebDriverTestExecutionListener, org.springframework.boot.test.mock.mockito.MockitoTestExecutionListener, org.springframework.boot.test.mock.mockito.ResetMocksTestExecutionListener, org.springframework.test.context.web.ServletTestExecutionListener, org.springframework.test.context.support.DirtiesContextBeforeModesTestExecutionListener, org.springframework.test.context.support.DependencyInjectionTestExecutionListener, org.springframework.test.context.support.DirtiesContextTestExecutionListener, org.springframework.test.context.transaction.TransactionalTestExecutionListener, org.springframework.test.context.jdbc.SqlScriptsTestExecutionListener]
2018-08-22 16:37:06.453  INFO 10572 --- [    Test worker] .b.t.c.SpringBootTestContextBootstrapper : Using TestExecutionListeners: [org.springframework.test.context.web.ServletTestExecutionListener@5ad37380, org.springframework.test.context.support.DirtiesContextBeforeModesTestExecutionListener@19e6a4d9, org.springframework.boot.test.mock.mockito.MockitoTestExecutionListener@57edb9d2, org.springframework.boot.test.autoconfigure.SpringBootDependencyInjectionTestExecutionListener@4c424fbd, org.springframework.test.context.support.DirtiesContextTestExecutionListener@d4c6ac6, org.springframework.test.context.transaction.TransactionalTestExecutionListener@21a0d7da, org.springframework.test.context.jdbc.SqlScriptsTestExecutionListener@1b39c915, org.springframework.boot.test.autoconfigure.restdocs.RestDocsTestExecutionListener@45d85268, org.springframework.boot.test.autoconfigure.web.client.MockRestServiceServerResetTestExecutionListener@2b2c0a4f, org.springframework.boot.test.autoconfigure.web.servlet.MockMvcPrintOnlyOnFailureTestExecutionListener@c9516f7, org.springframework.boot.test.autoconfigure.web.servlet.WebDriverTestExecutionListener@59311711, org.springframework.boot.test.mock.mockito.ResetMocksTestExecutionListener@5e7d454d]
]]></system-out>
  <system-err><![CDATA[]]></system-err>
</testsuite>
