<?xml version="1.0" encoding="UTF-8"?>
<testsuite name="co.com.ceiba.estacionamiento.julian.henao.testUnitarioSalidaVehiculo.TestCalcularHorasParqueadero" tests="2" skipped="0" failures="0" errors="0" timestamp="2018-08-24T16:04:50" hostname="JULIAN-HENAO" time="0.007">
  <properties/>
  <testcase name="HorasCalculadasV1" classname="co.com.ceiba.estacionamiento.julian.henao.testUnitarioSalidaVehiculo.TestCalcularHorasParqueadero" time="0.003"/>
  <testcase name="HorasCalculadasV2" classname="co.com.ceiba.estacionamiento.julian.henao.testUnitarioSalidaVehiculo.TestCalcularHorasParqueadero" time="0.004"/>
  <system-out><![CDATA[2018-08-24 11:04:50.169  INFO 12712 --- [    Test worker] .b.t.c.SpringBootTestContextBootstrapper : Neither @ContextConfiguration nor @ContextHierarchy found for test class [co.com.ceiba.estacionamiento.julian.henao.testUnitarioSalidaVehiculo.TestCalcularHorasParqueadero], using SpringBootContextLoader
2018-08-24 11:04:50.170  INFO 12712 --- [    Test worker] o.s.t.c.support.AbstractContextLoader    : Could not detect default resource locations for test class [co.com.ceiba.estacionamiento.julian.henao.testUnitarioSalidaVehiculo.TestCalcularHorasParqueadero]: no resource found for suffixes {-context.xml, Context.groovy}.
2018-08-24 11:04:50.170  INFO 12712 --- [    Test worker] t.c.s.AnnotationConfigContextLoaderUtils : Could not detect default configuration classes for test class [co.com.ceiba.estacionamiento.julian.henao.testUnitarioSalidaVehiculo.TestCalcularHorasParqueadero]: TestCalcularHorasParqueadero does not declare any static, non-private, non-final, nested classes annotated with @Configuration.
2018-08-24 11:04:50.176  INFO 12712 --- [    Test worker] .b.t.c.SpringBootTestContextBootstrapper : Found @SpringBootConfiguration co.com.ceiba.estacionamiento.julian.henao.AdnJulianHenaoApplication for test class co.com.ceiba.estacionamiento.julian.henao.testUnitarioSalidaVehiculo.TestCalcularHorasParqueadero
2018-08-24 11:04:50.177  INFO 12712 --- [    Test worker] .b.t.c.SpringBootTestContextBootstrapper : Loaded default TestExecutionListener class names from location [META-INF/spring.factories]: [org.springframework.boot.test.autoconfigure.restdocs.RestDocsTestExecutionListener, org.springframework.boot.test.autoconfigure.web.client.MockRestServiceServerResetTestExecutionListener, org.springframework.boot.test.autoconfigure.web.servlet.MockMvcPrintOnlyOnFailureTestExecutionListener, org.springframework.boot.test.autoconfigure.web.servlet.WebDriverTestExecutionListener, org.springframework.boot.test.mock.mockito.MockitoTestExecutionListener, org.springframework.boot.test.mock.mockito.ResetMocksTestExecutionListener, org.springframework.test.context.web.ServletTestExecutionListener, org.springframework.test.context.support.DirtiesContextBeforeModesTestExecutionListener, org.springframework.test.context.support.DependencyInjectionTestExecutionListener, org.springframework.test.context.support.DirtiesContextTestExecutionListener, org.springframework.test.context.transaction.TransactionalTestExecutionListener, org.springframework.test.context.jdbc.SqlScriptsTestExecutionListener]
2018-08-24 11:04:50.178  INFO 12712 --- [    Test worker] .b.t.c.SpringBootTestContextBootstrapper : Using TestExecutionListeners: [org.springframework.test.context.web.ServletTestExecutionListener@30578442, org.springframework.test.context.support.DirtiesContextBeforeModesTestExecutionListener@51345190, org.springframework.boot.test.mock.mockito.MockitoTestExecutionListener@4e92464b, org.springframework.boot.test.autoconfigure.SpringBootDependencyInjectionTestExecutionListener@1b09933d, org.springframework.test.context.support.DirtiesContextTestExecutionListener@1770718a, org.springframework.test.context.transaction.TransactionalTestExecutionListener@64bb1a25, org.springframework.test.context.jdbc.SqlScriptsTestExecutionListener@3847a8e7, org.springframework.boot.test.autoconfigure.restdocs.RestDocsTestExecutionListener@6f8044a9, org.springframework.boot.test.autoconfigure.web.client.MockRestServiceServerResetTestExecutionListener@7be894f2, org.springframework.boot.test.autoconfigure.web.servlet.MockMvcPrintOnlyOnFailureTestExecutionListener@473ed398, org.springframework.boot.test.autoconfigure.web.servlet.WebDriverTestExecutionListener@423b4b08, org.springframework.boot.test.mock.mockito.ResetMocksTestExecutionListener@2ff3eaea]
]]></system-out>
  <system-err><![CDATA[]]></system-err>
</testsuite>
