<?xml version="1.0" encoding="UTF-8"?>
<testsuite name="co.com.ceiba.estacionamiento.julian.henao.testIntegration.ConsultaServicios.TestParqueaderoRegistro" tests="3" skipped="0" failures="0" errors="0" timestamp="2018-09-20T13:53:20" hostname="JULIAN-HENAO" time="0.209">
  <properties/>
  <testcase name="RealizaConsultaRegistros" classname="co.com.ceiba.estacionamiento.julian.henao.testIntegration.ConsultaServicios.TestParqueaderoRegistro" time="0.107"/>
  <testcase name="crearRegistroNulo" classname="co.com.ceiba.estacionamiento.julian.henao.testIntegration.ConsultaServicios.TestParqueaderoRegistro" time="0.044"/>
  <testcase name="obtenerRegistro" classname="co.com.ceiba.estacionamiento.julian.henao.testIntegration.ConsultaServicios.TestParqueaderoRegistro" time="0.053"/>
  <system-out><![CDATA[2018-09-20 08:53:20.540  INFO 9116 --- [    Test worker] .b.t.c.SpringBootTestContextBootstrapper : Neither @ContextConfiguration nor @ContextHierarchy found for test class [co.com.ceiba.estacionamiento.julian.henao.testIntegration.ConsultaServicios.TestParqueaderoRegistro], using SpringBootContextLoader
2018-09-20 08:53:20.541  INFO 9116 --- [    Test worker] o.s.t.c.support.AbstractContextLoader    : Could not detect default resource locations for test class [co.com.ceiba.estacionamiento.julian.henao.testIntegration.ConsultaServicios.TestParqueaderoRegistro]: no resource found for suffixes {-context.xml, Context.groovy}.
2018-09-20 08:53:20.542  INFO 9116 --- [    Test worker] t.c.s.AnnotationConfigContextLoaderUtils : Could not detect default configuration classes for test class [co.com.ceiba.estacionamiento.julian.henao.testIntegration.ConsultaServicios.TestParqueaderoRegistro]: TestParqueaderoRegistro does not declare any static, non-private, non-final, nested classes annotated with @Configuration.
2018-09-20 08:53:20.545  INFO 9116 --- [    Test worker] .b.t.c.SpringBootTestContextBootstrapper : Found @SpringBootConfiguration co.com.ceiba.estacionamiento.julian.henao.AdnJulianHenaoApplication for test class co.com.ceiba.estacionamiento.julian.henao.testIntegration.ConsultaServicios.TestParqueaderoRegistro
2018-09-20 08:53:20.548  INFO 9116 --- [    Test worker] .b.t.c.SpringBootTestContextBootstrapper : Loaded default TestExecutionListener class names from location [META-INF/spring.factories]: [org.springframework.boot.test.autoconfigure.restdocs.RestDocsTestExecutionListener, org.springframework.boot.test.autoconfigure.web.client.MockRestServiceServerResetTestExecutionListener, org.springframework.boot.test.autoconfigure.web.servlet.MockMvcPrintOnlyOnFailureTestExecutionListener, org.springframework.boot.test.autoconfigure.web.servlet.WebDriverTestExecutionListener, org.springframework.boot.test.mock.mockito.MockitoTestExecutionListener, org.springframework.boot.test.mock.mockito.ResetMocksTestExecutionListener, org.springframework.test.context.web.ServletTestExecutionListener, org.springframework.test.context.support.DirtiesContextBeforeModesTestExecutionListener, org.springframework.test.context.support.DependencyInjectionTestExecutionListener, org.springframework.test.context.support.DirtiesContextTestExecutionListener, org.springframework.test.context.transaction.TransactionalTestExecutionListener, org.springframework.test.context.jdbc.SqlScriptsTestExecutionListener]
2018-09-20 08:53:20.548  INFO 9116 --- [    Test worker] .b.t.c.SpringBootTestContextBootstrapper : Using TestExecutionListeners: [org.springframework.test.context.web.ServletTestExecutionListener@50569008, org.springframework.test.context.support.DirtiesContextBeforeModesTestExecutionListener@7e6a9341, org.springframework.boot.test.mock.mockito.MockitoTestExecutionListener@7ae21f5b, org.springframework.boot.test.autoconfigure.SpringBootDependencyInjectionTestExecutionListener@6d83dd6a, org.springframework.test.context.support.DirtiesContextTestExecutionListener@931c602, org.springframework.test.context.transaction.TransactionalTestExecutionListener@23ebbcfe, org.springframework.test.context.jdbc.SqlScriptsTestExecutionListener@4999771f, org.springframework.boot.test.autoconfigure.restdocs.RestDocsTestExecutionListener@3a028bcb, org.springframework.boot.test.autoconfigure.web.client.MockRestServiceServerResetTestExecutionListener@3d045b5f, org.springframework.boot.test.autoconfigure.web.servlet.MockMvcPrintOnlyOnFailureTestExecutionListener@43f61c4d, org.springframework.boot.test.autoconfigure.web.servlet.WebDriverTestExecutionListener@41d5aaa3, org.springframework.boot.test.mock.mockito.ResetMocksTestExecutionListener@6fa73d81]
]]></system-out>
  <system-err><![CDATA[]]></system-err>
</testsuite>
