<?xml version="1.0" encoding="UTF-8"?>
<testsuite name="co.com.ceiba.estacionamiento.julian.henao.testUnitarioEntradaVehiculo.TestReglaTipoVehiculo" tests="3" skipped="0" failures="0" errors="0" timestamp="2018-08-22T19:52:58" hostname="JULIAN-HENAO" time="0.021">
  <properties/>
  <testcase name="ReglaEntradaTipoVehiculoDiferenteNOPuedeEntrar" classname="co.com.ceiba.estacionamiento.julian.henao.testUnitarioEntradaVehiculo.TestReglaTipoVehiculo" time="0.006"/>
  <testcase name="ReglaEntradaTipoVehiculoMotoPuedeEntrar" classname="co.com.ceiba.estacionamiento.julian.henao.testUnitarioEntradaVehiculo.TestReglaTipoVehiculo" time="0.006"/>
  <testcase name="ReglaEntradaTipoVehiculoAutoPuedeEntrar" classname="co.com.ceiba.estacionamiento.julian.henao.testUnitarioEntradaVehiculo.TestReglaTipoVehiculo" time="0.005"/>
  <system-out><![CDATA[2018-08-22 14:52:56.015  INFO 7648 --- [    Test worker] .b.t.c.SpringBootTestContextBootstrapper : Neither @ContextConfiguration nor @ContextHierarchy found for test class [co.com.ceiba.estacionamiento.julian.henao.testUnitarioEntradaVehiculo.TestReglaTipoVehiculo], using SpringBootContextLoader
2018-08-22 14:52:56.018  INFO 7648 --- [    Test worker] o.s.t.c.support.AbstractContextLoader    : Could not detect default resource locations for test class [co.com.ceiba.estacionamiento.julian.henao.testUnitarioEntradaVehiculo.TestReglaTipoVehiculo]: no resource found for suffixes {-context.xml, Context.groovy}.
2018-08-22 14:52:56.018  INFO 7648 --- [    Test worker] t.c.s.AnnotationConfigContextLoaderUtils : Could not detect default configuration classes for test class [co.com.ceiba.estacionamiento.julian.henao.testUnitarioEntradaVehiculo.TestReglaTipoVehiculo]: TestReglaTipoVehiculo does not declare any static, non-private, non-final, nested classes annotated with @Configuration.
2018-08-22 14:52:56.025  INFO 7648 --- [    Test worker] .b.t.c.SpringBootTestContextBootstrapper : Found @SpringBootConfiguration co.com.ceiba.estacionamiento.julian.henao.AdnJulianHenaoApplication for test class co.com.ceiba.estacionamiento.julian.henao.testUnitarioEntradaVehiculo.TestReglaTipoVehiculo
2018-08-22 14:52:56.028  INFO 7648 --- [    Test worker] .b.t.c.SpringBootTestContextBootstrapper : Loaded default TestExecutionListener class names from location [META-INF/spring.factories]: [org.springframework.boot.test.autoconfigure.restdocs.RestDocsTestExecutionListener, org.springframework.boot.test.autoconfigure.web.client.MockRestServiceServerResetTestExecutionListener, org.springframework.boot.test.autoconfigure.web.servlet.MockMvcPrintOnlyOnFailureTestExecutionListener, org.springframework.boot.test.autoconfigure.web.servlet.WebDriverTestExecutionListener, org.springframework.boot.test.mock.mockito.MockitoTestExecutionListener, org.springframework.boot.test.mock.mockito.ResetMocksTestExecutionListener, org.springframework.test.context.web.ServletTestExecutionListener, org.springframework.test.context.support.DirtiesContextBeforeModesTestExecutionListener, org.springframework.test.context.support.DependencyInjectionTestExecutionListener, org.springframework.test.context.support.DirtiesContextTestExecutionListener, org.springframework.test.context.transaction.TransactionalTestExecutionListener, org.springframework.test.context.jdbc.SqlScriptsTestExecutionListener]
2018-08-22 14:52:56.029  INFO 7648 --- [    Test worker] .b.t.c.SpringBootTestContextBootstrapper : Using TestExecutionListeners: [org.springframework.test.context.web.ServletTestExecutionListener@1bc753d8, org.springframework.test.context.support.DirtiesContextBeforeModesTestExecutionListener@4814c4e9, org.springframework.boot.test.mock.mockito.MockitoTestExecutionListener@4acc02f3, org.springframework.boot.test.autoconfigure.SpringBootDependencyInjectionTestExecutionListener@e0edbff, org.springframework.test.context.support.DirtiesContextTestExecutionListener@2f760075, org.springframework.test.context.transaction.TransactionalTestExecutionListener@412baafe, org.springframework.test.context.jdbc.SqlScriptsTestExecutionListener@6bdaf3b2, org.springframework.boot.test.autoconfigure.restdocs.RestDocsTestExecutionListener@13f31c15, org.springframework.boot.test.autoconfigure.web.client.MockRestServiceServerResetTestExecutionListener@c99c3b6, org.springframework.boot.test.autoconfigure.web.servlet.MockMvcPrintOnlyOnFailureTestExecutionListener@1079e481, org.springframework.boot.test.autoconfigure.web.servlet.WebDriverTestExecutionListener@2c02d25f, org.springframework.boot.test.mock.mockito.ResetMocksTestExecutionListener@279a607e]

  .   ____          _            __ _ _
 /\\ / ___'_ __ _ _(_)_ __  __ _ \ \ \ \
( ( )\___ | '_ | '_| | '_ \/ _` | \ \ \ \
 \\/  ___)| |_)| | | | | || (_| |  ) ) ) )
  '  |____| .__|_| |_|_| |_\__, | / / / /
 =========|_|==============|___/=/_/_/_/
 :: Spring Boot ::             (v2.1.0.M1)

2018-08-22 14:52:56.074  INFO 7648 --- [    Test worker] c.c.c.e.j.h.t.TestReglaTipoVehiculo      : Starting TestReglaTipoVehiculo on JULIAN-HENAO with PID 7648 (started by julian.henao in C:\Users\julian.henao\workspace\adnjulianhenao)
2018-08-22 14:52:56.075  INFO 7648 --- [    Test worker] c.c.c.e.j.h.t.TestReglaTipoVehiculo      : No active profile set, falling back to default profiles: default
2018-08-22 14:52:56.689  INFO 7648 --- [    Test worker] trationDelegate$BeanPostProcessorChecker : Bean 'org.springframework.transaction.annotation.ProxyTransactionManagementConfiguration' of type [org.springframework.transaction.annotation.ProxyTransactionManagementConfiguration$$EnhancerBySpringCGLIB$$9f750a15] is not eligible for getting processed by all BeanPostProcessors (for example: not eligible for auto-proxying)
2018-08-22 14:52:56.714  INFO 7648 --- [    Test worker] trationDelegate$BeanPostProcessorChecker : Bean 'org.springframework.hateoas.config.HateoasConfiguration' of type [org.springframework.hateoas.config.HateoasConfiguration$$EnhancerBySpringCGLIB$$1ef55747] is not eligible for getting processed by all BeanPostProcessors (for example: not eligible for auto-proxying)
2018-08-22 14:52:56.822  INFO 7648 --- [    Test worker] com.zaxxer.hikari.HikariDataSource       : HikariPool-4 - Starting...
2018-08-22 14:52:56.824  INFO 7648 --- [    Test worker] com.zaxxer.hikari.HikariDataSource       : HikariPool-4 - Start completed.
2018-08-22 14:52:56.872  INFO 7648 --- [    Test worker] o.hibernate.jpa.internal.util.LogHelper  : HHH000204: Processing PersistenceUnitInfo [
	name: default
	...]
2018-08-22 14:52:56.894  INFO 7648 --- [    Test worker] org.hibernate.dialect.Dialect            : HHH000400: Using dialect: org.hibernate.dialect.H2Dialect
2018-08-22 14:52:56.977  INFO 7648 --- [    Test worker] o.h.t.schema.internal.SchemaCreatorImpl  : HHH000476: Executing import script 'org.hibernate.tool.schema.internal.exec.ScriptSourceInputNonExistentImpl@3462da57'
2018-08-22 14:52:56.979  INFO 7648 --- [    Test worker] j.LocalContainerEntityManagerFactoryBean : Initialized JPA EntityManagerFactory for persistence unit 'default'
2018-08-22 14:52:57.873  WARN 7648 --- [    Test worker] aWebConfiguration$JpaWebMvcConfiguration : spring.jpa.open-in-view is enabled by default. Therefore, database queries may be performed during view rendering. Explicitly configure spring.jpa.open-in-view to disable this warning
2018-08-22 14:52:58.328  INFO 7648 --- [    Test worker] c.c.c.e.j.h.t.TestReglaTipoVehiculo      : Started TestReglaTipoVehiculo in 2.295 seconds (JVM running for 32.943)
]]></system-out>
  <system-err><![CDATA[]]></system-err>
</testsuite>
