<?xml version="1.0" encoding="UTF-8"?>
<testsuite name="co.com.ceiba.estacionamiento.julian.henao.testUnit.SalidaVehiculo.TestReglaPlacaExiste" tests="2" skipped="0" failures="0" errors="0" timestamp="2018-10-05T12:58:04" hostname="JULIAN-HENAO" time="0.013">
  <properties/>
  <testcase name="ReglaPlacaIngresadaNOExiste" classname="co.com.ceiba.estacionamiento.julian.henao.testUnit.SalidaVehiculo.TestReglaPlacaExiste" time="0.005"/>
  <testcase name="ReglaConCilindrajeMENOR500Moto" classname="co.com.ceiba.estacionamiento.julian.henao.testUnit.SalidaVehiculo.TestReglaPlacaExiste" time="0.005"/>
  <system-out><![CDATA[2018-10-05 07:58:02.269  INFO 11932 --- [    Test worker] .b.t.c.SpringBootTestContextBootstrapper : Neither @ContextConfiguration nor @ContextHierarchy found for test class [co.com.ceiba.estacionamiento.julian.henao.testUnit.SalidaVehiculo.TestReglaPlacaExiste], using SpringBootContextLoader
2018-10-05 07:58:02.271  INFO 11932 --- [    Test worker] o.s.t.c.support.AbstractContextLoader    : Could not detect default resource locations for test class [co.com.ceiba.estacionamiento.julian.henao.testUnit.SalidaVehiculo.TestReglaPlacaExiste]: no resource found for suffixes {-context.xml, Context.groovy}.
2018-10-05 07:58:02.272  INFO 11932 --- [    Test worker] t.c.s.AnnotationConfigContextLoaderUtils : Could not detect default configuration classes for test class [co.com.ceiba.estacionamiento.julian.henao.testUnit.SalidaVehiculo.TestReglaPlacaExiste]: TestReglaPlacaExiste does not declare any static, non-private, non-final, nested classes annotated with @Configuration.
2018-10-05 07:58:02.274  INFO 11932 --- [    Test worker] .b.t.c.SpringBootTestContextBootstrapper : Found @SpringBootConfiguration co.com.ceiba.estacionamiento.julian.henao.AdnJulianHenaoApplication for test class co.com.ceiba.estacionamiento.julian.henao.testUnit.SalidaVehiculo.TestReglaPlacaExiste
2018-10-05 07:58:02.277  INFO 11932 --- [    Test worker] .b.t.c.SpringBootTestContextBootstrapper : Loaded default TestExecutionListener class names from location [META-INF/spring.factories]: [org.springframework.boot.test.autoconfigure.restdocs.RestDocsTestExecutionListener, org.springframework.boot.test.autoconfigure.web.client.MockRestServiceServerResetTestExecutionListener, org.springframework.boot.test.autoconfigure.web.servlet.MockMvcPrintOnlyOnFailureTestExecutionListener, org.springframework.boot.test.autoconfigure.web.servlet.WebDriverTestExecutionListener, org.springframework.boot.test.mock.mockito.MockitoTestExecutionListener, org.springframework.boot.test.mock.mockito.ResetMocksTestExecutionListener, org.springframework.test.context.web.ServletTestExecutionListener, org.springframework.test.context.support.DirtiesContextBeforeModesTestExecutionListener, org.springframework.test.context.support.DependencyInjectionTestExecutionListener, org.springframework.test.context.support.DirtiesContextTestExecutionListener, org.springframework.test.context.transaction.TransactionalTestExecutionListener, org.springframework.test.context.jdbc.SqlScriptsTestExecutionListener]
2018-10-05 07:58:02.278  INFO 11932 --- [    Test worker] .b.t.c.SpringBootTestContextBootstrapper : Using TestExecutionListeners: [org.springframework.test.context.web.ServletTestExecutionListener@105e8db1, org.springframework.test.context.support.DirtiesContextBeforeModesTestExecutionListener@5072df6e, org.springframework.boot.test.mock.mockito.MockitoTestExecutionListener@7e602a6, org.springframework.boot.test.autoconfigure.SpringBootDependencyInjectionTestExecutionListener@4dc8c0ad, org.springframework.test.context.support.DirtiesContextTestExecutionListener@299fefa0, org.springframework.test.context.transaction.TransactionalTestExecutionListener@6f50dc52, org.springframework.test.context.jdbc.SqlScriptsTestExecutionListener@5814002c, org.springframework.boot.test.autoconfigure.restdocs.RestDocsTestExecutionListener@53526e2b, org.springframework.boot.test.autoconfigure.web.client.MockRestServiceServerResetTestExecutionListener@5e6790e, org.springframework.boot.test.autoconfigure.web.servlet.MockMvcPrintOnlyOnFailureTestExecutionListener@6c3d97ac, org.springframework.boot.test.autoconfigure.web.servlet.WebDriverTestExecutionListener@14d0ff67, org.springframework.boot.test.mock.mockito.ResetMocksTestExecutionListener@54b3e8e0]

  .   ____          _            __ _ _
 /\\ / ___'_ __ _ _(_)_ __  __ _ \ \ \ \
( ( )\___ | '_ | '_| | '_ \/ _` | \ \ \ \
 \\/  ___)| |_)| | | | | || (_| |  ) ) ) )
  '  |____| .__|_| |_|_| |_\__, | / / / /
 =========|_|==============|___/=/_/_/_/
 :: Spring Boot ::             (v2.1.0.M1)

2018-10-05 07:58:02.323  INFO 11932 --- [    Test worker] c.c.c.e.j.h.t.S.TestReglaPlacaExiste     : Starting TestReglaPlacaExiste on JULIAN-HENAO with PID 11932 (started by julian.henao in C:\Users\julian.henao\workspace\adnjulianhenao)
2018-10-05 07:58:02.325  INFO 11932 --- [    Test worker] c.c.c.e.j.h.t.S.TestReglaPlacaExiste     : No active profile set, falling back to default profiles: default
2018-10-05 07:58:02.876  INFO 11932 --- [    Test worker] trationDelegate$BeanPostProcessorChecker : Bean 'org.springframework.transaction.annotation.ProxyTransactionManagementConfiguration' of type [org.springframework.transaction.annotation.ProxyTransactionManagementConfiguration$$EnhancerBySpringCGLIB$$910e8e8] is not eligible for getting processed by all BeanPostProcessors (for example: not eligible for auto-proxying)
2018-10-05 07:58:02.896  INFO 11932 --- [    Test worker] trationDelegate$BeanPostProcessorChecker : Bean 'org.springframework.hateoas.config.HateoasConfiguration' of type [org.springframework.hateoas.config.HateoasConfiguration$$EnhancerBySpringCGLIB$$8891361a] is not eligible for getting processed by all BeanPostProcessors (for example: not eligible for auto-proxying)
2018-10-05 07:58:03.014  INFO 11932 --- [    Test worker] com.zaxxer.hikari.HikariDataSource       : HikariPool-6 - Starting...
2018-10-05 07:58:03.015  INFO 11932 --- [    Test worker] com.zaxxer.hikari.HikariDataSource       : HikariPool-6 - Start completed.
2018-10-05 07:58:03.062  INFO 11932 --- [    Test worker] o.hibernate.jpa.internal.util.LogHelper  : HHH000204: Processing PersistenceUnitInfo [
	name: default
	...]
2018-10-05 07:58:03.088  INFO 11932 --- [    Test worker] org.hibernate.dialect.Dialect            : HHH000400: Using dialect: org.hibernate.dialect.H2Dialect
2018-10-05 07:58:03.176  INFO 11932 --- [    Test worker] o.h.t.schema.internal.SchemaCreatorImpl  : HHH000476: Executing import script 'ScriptSourceInputFromUrl(file:/C:/Users/julian.henao/workspace/adnjulianhenao/build/resources/main/import.sql)'
2018-10-05 07:58:03.182  INFO 11932 --- [    Test worker] j.LocalContainerEntityManagerFactoryBean : Initialized JPA EntityManagerFactory for persistence unit 'default'
2018-10-05 07:58:04.100  WARN 11932 --- [    Test worker] aWebConfiguration$JpaWebMvcConfiguration : spring.jpa.open-in-view is enabled by default. Therefore, database queries may be performed during view rendering. Explicitly configure spring.jpa.open-in-view to disable this warning
2018-10-05 07:58:04.228  INFO 11932 --- [    Test worker] o.s.b.a.w.s.WelcomePageHandlerMapping    : Adding welcome page: class path resource [static/index.html]
2018-10-05 07:58:04.507  INFO 11932 --- [    Test worker] c.c.c.e.j.h.t.S.TestReglaPlacaExiste     : Started TestReglaPlacaExiste in 2.226 seconds (JVM running for 33.662)
]]></system-out>
  <system-err><![CDATA[]]></system-err>
</testsuite>
