<?xml version="1.0" encoding="UTF-8"?>
<testsuite name="co.com.ceiba.estacionamiento.julian.henao.testUnitarioEntradaVehiculo.TestReglaDiaHabil" tests="6" skipped="0" failures="0" errors="0" timestamp="2018-08-23T22:58:30" hostname="JULIAN-HENAO" time="0.14">
  <properties/>
  <testcase name="ReglaEntradaVehiculoPlacaANoPuedeEntrarDomingo" classname="co.com.ceiba.estacionamiento.julian.henao.testUnitarioEntradaVehiculo.TestReglaDiaHabil" time="0.007"/>
  <testcase name="ReglaEntradaVehiculoPlacaYDiaDiferente" classname="co.com.ceiba.estacionamiento.julian.henao.testUnitarioEntradaVehiculo.TestReglaDiaHabil" time="0.058"/>
  <testcase name="ReglaEntradaVehiculoPlacaDiferenteDeASiPuedeEntrarLunes" classname="co.com.ceiba.estacionamiento.julian.henao.testUnitarioEntradaVehiculo.TestReglaDiaHabil" time="0.006"/>
  <testcase name="ReglaEntradaVehiculoPlacaANoPuedeEntrarLunes" classname="co.com.ceiba.estacionamiento.julian.henao.testUnitarioEntradaVehiculo.TestReglaDiaHabil" time="0.015"/>
  <testcase name="ReglaEntradaVehiculoPlacaDiferenteDeASiPuedeEntrarDomingo" classname="co.com.ceiba.estacionamiento.julian.henao.testUnitarioEntradaVehiculo.TestReglaDiaHabil" time="0.029"/>
  <testcase name="ReglaEntradaVehiculoPlacaADiaDiferente" classname="co.com.ceiba.estacionamiento.julian.henao.testUnitarioEntradaVehiculo.TestReglaDiaHabil" time="0.008"/>
  <system-out><![CDATA[2018-08-23 17:58:27.589  INFO 14144 --- [    Test worker] .b.t.c.SpringBootTestContextBootstrapper : Neither @ContextConfiguration nor @ContextHierarchy found for test class [co.com.ceiba.estacionamiento.julian.henao.testUnitarioEntradaVehiculo.TestReglaDiaHabil], using SpringBootContextLoader
2018-08-23 17:58:27.590  INFO 14144 --- [    Test worker] o.s.t.c.support.AbstractContextLoader    : Could not detect default resource locations for test class [co.com.ceiba.estacionamiento.julian.henao.testUnitarioEntradaVehiculo.TestReglaDiaHabil]: no resource found for suffixes {-context.xml, Context.groovy}.
2018-08-23 17:58:27.591  INFO 14144 --- [    Test worker] t.c.s.AnnotationConfigContextLoaderUtils : Could not detect default configuration classes for test class [co.com.ceiba.estacionamiento.julian.henao.testUnitarioEntradaVehiculo.TestReglaDiaHabil]: TestReglaDiaHabil does not declare any static, non-private, non-final, nested classes annotated with @Configuration.
2018-08-23 17:58:27.595  INFO 14144 --- [    Test worker] .b.t.c.SpringBootTestContextBootstrapper : Found @SpringBootConfiguration co.com.ceiba.estacionamiento.julian.henao.AdnJulianHenaoApplication for test class co.com.ceiba.estacionamiento.julian.henao.testUnitarioEntradaVehiculo.TestReglaDiaHabil
2018-08-23 17:58:27.598  INFO 14144 --- [    Test worker] .b.t.c.SpringBootTestContextBootstrapper : Loaded default TestExecutionListener class names from location [META-INF/spring.factories]: [org.springframework.boot.test.autoconfigure.restdocs.RestDocsTestExecutionListener, org.springframework.boot.test.autoconfigure.web.client.MockRestServiceServerResetTestExecutionListener, org.springframework.boot.test.autoconfigure.web.servlet.MockMvcPrintOnlyOnFailureTestExecutionListener, org.springframework.boot.test.autoconfigure.web.servlet.WebDriverTestExecutionListener, org.springframework.boot.test.mock.mockito.MockitoTestExecutionListener, org.springframework.boot.test.mock.mockito.ResetMocksTestExecutionListener, org.springframework.test.context.web.ServletTestExecutionListener, org.springframework.test.context.support.DirtiesContextBeforeModesTestExecutionListener, org.springframework.test.context.support.DependencyInjectionTestExecutionListener, org.springframework.test.context.support.DirtiesContextTestExecutionListener, org.springframework.test.context.transaction.TransactionalTestExecutionListener, org.springframework.test.context.jdbc.SqlScriptsTestExecutionListener]
2018-08-23 17:58:27.600  INFO 14144 --- [    Test worker] .b.t.c.SpringBootTestContextBootstrapper : Using TestExecutionListeners: [org.springframework.test.context.web.ServletTestExecutionListener@1e02a1a7, org.springframework.test.context.support.DirtiesContextBeforeModesTestExecutionListener@2200a797, org.springframework.boot.test.mock.mockito.MockitoTestExecutionListener@25c9b6a, org.springframework.boot.test.autoconfigure.SpringBootDependencyInjectionTestExecutionListener@df65395, org.springframework.test.context.support.DirtiesContextTestExecutionListener@672d415, org.springframework.test.context.transaction.TransactionalTestExecutionListener@21e9f753, org.springframework.test.context.jdbc.SqlScriptsTestExecutionListener@4708afcf, org.springframework.boot.test.autoconfigure.restdocs.RestDocsTestExecutionListener@785d2640, org.springframework.boot.test.autoconfigure.web.client.MockRestServiceServerResetTestExecutionListener@681f9722, org.springframework.boot.test.autoconfigure.web.servlet.MockMvcPrintOnlyOnFailureTestExecutionListener@6a2a61d, org.springframework.boot.test.autoconfigure.web.servlet.WebDriverTestExecutionListener@45617d1, org.springframework.boot.test.mock.mockito.ResetMocksTestExecutionListener@15285e3d]

  .   ____          _            __ _ _
 /\\ / ___'_ __ _ _(_)_ __  __ _ \ \ \ \
( ( )\___ | '_ | '_| | '_ \/ _` | \ \ \ \
 \\/  ___)| |_)| | | | | || (_| |  ) ) ) )
  '  |____| .__|_| |_|_| |_\__, | / / / /
 =========|_|==============|___/=/_/_/_/
 :: Spring Boot ::             (v2.1.0.M1)

2018-08-23 17:58:27.655  INFO 14144 --- [    Test worker] c.c.c.e.j.h.t.TestReglaDiaHabil          : Starting TestReglaDiaHabil on JULIAN-HENAO with PID 14144 (started by julian.henao in C:\Users\julian.henao\workspace\adnjulianhenao)
2018-08-23 17:58:27.656  INFO 14144 --- [    Test worker] c.c.c.e.j.h.t.TestReglaDiaHabil          : No active profile set, falling back to default profiles: default
2018-08-23 17:58:28.333  INFO 14144 --- [    Test worker] trationDelegate$BeanPostProcessorChecker : Bean 'org.springframework.transaction.annotation.ProxyTransactionManagementConfiguration' of type [org.springframework.transaction.annotation.ProxyTransactionManagementConfiguration$$EnhancerBySpringCGLIB$$bc39c7a1] is not eligible for getting processed by all BeanPostProcessors (for example: not eligible for auto-proxying)
2018-08-23 17:58:28.357  INFO 14144 --- [    Test worker] trationDelegate$BeanPostProcessorChecker : Bean 'org.springframework.hateoas.config.HateoasConfiguration' of type [org.springframework.hateoas.config.HateoasConfiguration$$EnhancerBySpringCGLIB$$3bba14d3] is not eligible for getting processed by all BeanPostProcessors (for example: not eligible for auto-proxying)
2018-08-23 17:58:28.501  INFO 14144 --- [    Test worker] com.zaxxer.hikari.HikariDataSource       : HikariPool-3 - Starting...
2018-08-23 17:58:28.506  INFO 14144 --- [    Test worker] com.zaxxer.hikari.HikariDataSource       : HikariPool-3 - Start completed.
2018-08-23 17:58:28.557  INFO 14144 --- [    Test worker] o.hibernate.jpa.internal.util.LogHelper  : HHH000204: Processing PersistenceUnitInfo [
	name: default
	...]
2018-08-23 17:58:28.591  INFO 14144 --- [    Test worker] org.hibernate.dialect.Dialect            : HHH000400: Using dialect: org.hibernate.dialect.H2Dialect
2018-08-23 17:58:28.682  INFO 14144 --- [    Test worker] o.h.t.schema.internal.SchemaCreatorImpl  : HHH000476: Executing import script 'ScriptSourceInputFromUrl(file:/C:/Users/julian.henao/workspace/adnjulianhenao/build/resources/main/import.sql)'
2018-08-23 17:58:28.687  INFO 14144 --- [    Test worker] j.LocalContainerEntityManagerFactoryBean : Initialized JPA EntityManagerFactory for persistence unit 'default'
2018-08-23 17:58:29.847  WARN 14144 --- [    Test worker] aWebConfiguration$JpaWebMvcConfiguration : spring.jpa.open-in-view is enabled by default. Therefore, database queries may be performed during view rendering. Explicitly configure spring.jpa.open-in-view to disable this warning
2018-08-23 17:58:30.720  INFO 14144 --- [    Test worker] c.c.c.e.j.h.t.TestReglaDiaHabil          : Started TestReglaDiaHabil in 3.118 seconds (JVM running for 31.712)
]]></system-out>
  <system-err><![CDATA[]]></system-err>
</testsuite>
