<?xml version="1.0" encoding="UTF-8"?>
<testsuite name="co.com.ceiba.estacionamiento.julian.henao.testIntegracionSalidaVehiculo.TestReglaPlacayRegistroCoinciden" tests="2" skipped="0" failures="0" errors="0" timestamp="2018-08-23T22:58:24" hostname="JULIAN-HENAO" time="0.041">
  <properties/>
  <testcase name="ReglaRegistroNOExiste" classname="co.com.ceiba.estacionamiento.julian.henao.testIntegracionSalidaVehiculo.TestReglaPlacayRegistroCoinciden" time="0.021"/>
  <testcase name="ReglaRegistroExiste" classname="co.com.ceiba.estacionamiento.julian.henao.testIntegracionSalidaVehiculo.TestReglaPlacayRegistroCoinciden" time="0.019"/>
  <system-out><![CDATA[2018-08-23 17:58:24.582  INFO 14144 --- [    Test worker] .b.t.c.SpringBootTestContextBootstrapper : Neither @ContextConfiguration nor @ContextHierarchy found for test class [co.com.ceiba.estacionamiento.julian.henao.testIntegracionSalidaVehiculo.TestReglaPlacayRegistroCoinciden], using SpringBootContextLoader
2018-08-23 17:58:24.584  INFO 14144 --- [    Test worker] o.s.t.c.support.AbstractContextLoader    : Could not detect default resource locations for test class [co.com.ceiba.estacionamiento.julian.henao.testIntegracionSalidaVehiculo.TestReglaPlacayRegistroCoinciden]: no resource found for suffixes {-context.xml, Context.groovy}.
2018-08-23 17:58:24.584  INFO 14144 --- [    Test worker] t.c.s.AnnotationConfigContextLoaderUtils : Could not detect default configuration classes for test class [co.com.ceiba.estacionamiento.julian.henao.testIntegracionSalidaVehiculo.TestReglaPlacayRegistroCoinciden]: TestReglaPlacayRegistroCoinciden does not declare any static, non-private, non-final, nested classes annotated with @Configuration.
2018-08-23 17:58:24.593  INFO 14144 --- [    Test worker] .b.t.c.SpringBootTestContextBootstrapper : Found @SpringBootConfiguration co.com.ceiba.estacionamiento.julian.henao.AdnJulianHenaoApplication for test class co.com.ceiba.estacionamiento.julian.henao.testIntegracionSalidaVehiculo.TestReglaPlacayRegistroCoinciden
2018-08-23 17:58:24.597  INFO 14144 --- [    Test worker] .b.t.c.SpringBootTestContextBootstrapper : Loaded default TestExecutionListener class names from location [META-INF/spring.factories]: [org.springframework.boot.test.autoconfigure.restdocs.RestDocsTestExecutionListener, org.springframework.boot.test.autoconfigure.web.client.MockRestServiceServerResetTestExecutionListener, org.springframework.boot.test.autoconfigure.web.servlet.MockMvcPrintOnlyOnFailureTestExecutionListener, org.springframework.boot.test.autoconfigure.web.servlet.WebDriverTestExecutionListener, org.springframework.boot.test.mock.mockito.MockitoTestExecutionListener, org.springframework.boot.test.mock.mockito.ResetMocksTestExecutionListener, org.springframework.test.context.web.ServletTestExecutionListener, org.springframework.test.context.support.DirtiesContextBeforeModesTestExecutionListener, org.springframework.test.context.support.DependencyInjectionTestExecutionListener, org.springframework.test.context.support.DirtiesContextTestExecutionListener, org.springframework.test.context.transaction.TransactionalTestExecutionListener, org.springframework.test.context.jdbc.SqlScriptsTestExecutionListener]
2018-08-23 17:58:24.599  INFO 14144 --- [    Test worker] .b.t.c.SpringBootTestContextBootstrapper : Using TestExecutionListeners: [org.springframework.test.context.web.ServletTestExecutionListener@7c2a3d78, org.springframework.test.context.support.DirtiesContextBeforeModesTestExecutionListener@4993bb6d, org.springframework.boot.test.mock.mockito.MockitoTestExecutionListener@6e54c18d, org.springframework.boot.test.autoconfigure.SpringBootDependencyInjectionTestExecutionListener@54764167, org.springframework.test.context.support.DirtiesContextTestExecutionListener@799a676c, org.springframework.test.context.transaction.TransactionalTestExecutionListener@2d06e3e1, org.springframework.test.context.jdbc.SqlScriptsTestExecutionListener@65961765, org.springframework.boot.test.autoconfigure.restdocs.RestDocsTestExecutionListener@38d0fc9, org.springframework.boot.test.autoconfigure.web.client.MockRestServiceServerResetTestExecutionListener@2906b9d3, org.springframework.boot.test.autoconfigure.web.servlet.MockMvcPrintOnlyOnFailureTestExecutionListener@33055ef9, org.springframework.boot.test.autoconfigure.web.servlet.WebDriverTestExecutionListener@667d5ac3, org.springframework.boot.test.mock.mockito.ResetMocksTestExecutionListener@d65f282]
]]></system-out>
  <system-err><![CDATA[]]></system-err>
</testsuite>
