<?xml version="1.0" encoding="UTF-8"?>
<testsuite name="co.com.ceiba.estacionamiento.julian.henao.testIntegracionSalidaVehiculo.TestSalidaVehiculo" tests="4" skipped="0" failures="0" errors="0" timestamp="2018-08-23T22:58:19" hostname="JULIAN-HENAO" time="0.366">
  <properties/>
  <testcase name="ReglaConCilindrajeMayor500Moto" classname="co.com.ceiba.estacionamiento.julian.henao.testIntegracionSalidaVehiculo.TestSalidaVehiculo" time="0.149"/>
  <testcase name="ReglaConCilindrajeMENOR500Automovil" classname="co.com.ceiba.estacionamiento.julian.henao.testIntegracionSalidaVehiculo.TestSalidaVehiculo" time="0.072"/>
  <testcase name="ReglaConCilindrajeMENOR500Moto" classname="co.com.ceiba.estacionamiento.julian.henao.testIntegracionSalidaVehiculo.TestSalidaVehiculo" time="0.075"/>
  <testcase name="ReglaConCilindrajeMAYOR500Automovil" classname="co.com.ceiba.estacionamiento.julian.henao.testIntegracionSalidaVehiculo.TestSalidaVehiculo" time="0.063"/>
  <system-out><![CDATA[2018-08-23 17:58:16.597  INFO 14144 --- [    Test worker] .b.t.c.SpringBootTestContextBootstrapper : Neither @ContextConfiguration nor @ContextHierarchy found for test class [co.com.ceiba.estacionamiento.julian.henao.testIntegracionSalidaVehiculo.TestSalidaVehiculo], using SpringBootContextLoader
2018-08-23 17:58:16.599  INFO 14144 --- [    Test worker] o.s.t.c.support.AbstractContextLoader    : Could not detect default resource locations for test class [co.com.ceiba.estacionamiento.julian.henao.testIntegracionSalidaVehiculo.TestSalidaVehiculo]: no resource found for suffixes {-context.xml, Context.groovy}.
2018-08-23 17:58:16.599  INFO 14144 --- [    Test worker] t.c.s.AnnotationConfigContextLoaderUtils : Could not detect default configuration classes for test class [co.com.ceiba.estacionamiento.julian.henao.testIntegracionSalidaVehiculo.TestSalidaVehiculo]: TestSalidaVehiculo does not declare any static, non-private, non-final, nested classes annotated with @Configuration.
2018-08-23 17:58:16.619  INFO 14144 --- [    Test worker] .b.t.c.SpringBootTestContextBootstrapper : Found @SpringBootConfiguration co.com.ceiba.estacionamiento.julian.henao.AdnJulianHenaoApplication for test class co.com.ceiba.estacionamiento.julian.henao.testIntegracionSalidaVehiculo.TestSalidaVehiculo
2018-08-23 17:58:16.621  INFO 14144 --- [    Test worker] .b.t.c.SpringBootTestContextBootstrapper : Loaded default TestExecutionListener class names from location [META-INF/spring.factories]: [org.springframework.boot.test.autoconfigure.restdocs.RestDocsTestExecutionListener, org.springframework.boot.test.autoconfigure.web.client.MockRestServiceServerResetTestExecutionListener, org.springframework.boot.test.autoconfigure.web.servlet.MockMvcPrintOnlyOnFailureTestExecutionListener, org.springframework.boot.test.autoconfigure.web.servlet.WebDriverTestExecutionListener, org.springframework.boot.test.mock.mockito.MockitoTestExecutionListener, org.springframework.boot.test.mock.mockito.ResetMocksTestExecutionListener, org.springframework.test.context.web.ServletTestExecutionListener, org.springframework.test.context.support.DirtiesContextBeforeModesTestExecutionListener, org.springframework.test.context.support.DependencyInjectionTestExecutionListener, org.springframework.test.context.support.DirtiesContextTestExecutionListener, org.springframework.test.context.transaction.TransactionalTestExecutionListener, org.springframework.test.context.jdbc.SqlScriptsTestExecutionListener]
2018-08-23 17:58:16.622  INFO 14144 --- [    Test worker] .b.t.c.SpringBootTestContextBootstrapper : Using TestExecutionListeners: [org.springframework.test.context.web.ServletTestExecutionListener@bfb9976, org.springframework.test.context.support.DirtiesContextBeforeModesTestExecutionListener@75b7794e, org.springframework.boot.test.mock.mockito.MockitoTestExecutionListener@225c3969, org.springframework.boot.test.autoconfigure.SpringBootDependencyInjectionTestExecutionListener@6a1c8db2, org.springframework.test.context.support.DirtiesContextTestExecutionListener@3d7b89ae, org.springframework.test.context.transaction.TransactionalTestExecutionListener@7348ea46, org.springframework.test.context.jdbc.SqlScriptsTestExecutionListener@309c1237, org.springframework.boot.test.autoconfigure.restdocs.RestDocsTestExecutionListener@3ee3688b, org.springframework.boot.test.autoconfigure.web.client.MockRestServiceServerResetTestExecutionListener@5fb4b000, org.springframework.boot.test.autoconfigure.web.servlet.MockMvcPrintOnlyOnFailureTestExecutionListener@6b1a6b6a, org.springframework.boot.test.autoconfigure.web.servlet.WebDriverTestExecutionListener@3b47c194, org.springframework.boot.test.mock.mockito.ResetMocksTestExecutionListener@1e455147]

  .   ____          _            __ _ _
 /\\ / ___'_ __ _ _(_)_ __  __ _ \ \ \ \
( ( )\___ | '_ | '_| | '_ \/ _` | \ \ \ \
 \\/  ___)| |_)| | | | | || (_| |  ) ) ) )
  '  |____| .__|_| |_|_| |_\__, | / / / /
 =========|_|==============|___/=/_/_/_/
 :: Spring Boot ::             (v2.1.0.M1)

2018-08-23 17:58:16.677  INFO 14144 --- [    Test worker] c.c.c.e.j.h.t.TestSalidaVehiculo         : Starting TestSalidaVehiculo on JULIAN-HENAO with PID 14144 (started by julian.henao in C:\Users\julian.henao\workspace\adnjulianhenao)
2018-08-23 17:58:16.678  INFO 14144 --- [    Test worker] c.c.c.e.j.h.t.TestSalidaVehiculo         : No active profile set, falling back to default profiles: default
2018-08-23 17:58:17.301  INFO 14144 --- [    Test worker] beddedDataSourceBeanFactoryPostProcessor : Replacing 'dataSource' DataSource bean with embedded version
2018-08-23 17:58:17.554  INFO 14144 --- [    Test worker] trationDelegate$BeanPostProcessorChecker : Bean 'org.springframework.transaction.annotation.ProxyTransactionManagementConfiguration' of type [org.springframework.transaction.annotation.ProxyTransactionManagementConfiguration$$EnhancerBySpringCGLIB$$bc39c7a1] is not eligible for getting processed by all BeanPostProcessors (for example: not eligible for auto-proxying)
2018-08-23 17:58:17.585  INFO 14144 --- [    Test worker] trationDelegate$BeanPostProcessorChecker : Bean 'org.springframework.hateoas.config.HateoasConfiguration' of type [org.springframework.hateoas.config.HateoasConfiguration$$EnhancerBySpringCGLIB$$3bba14d3] is not eligible for getting processed by all BeanPostProcessors (for example: not eligible for auto-proxying)
2018-08-23 17:58:17.754  INFO 14144 --- [    Test worker] o.s.b.w.embedded.tomcat.TomcatWebServer  : Tomcat initialized with port(s): 0 (http)
2018-08-23 17:58:17.758  INFO 14144 --- [    Test worker] o.apache.catalina.core.StandardService   : Starting service [Tomcat]
2018-08-23 17:58:17.759  INFO 14144 --- [    Test worker] org.apache.catalina.core.StandardEngine  : Starting Servlet Engine: Apache Tomcat/9.0.10
2018-08-23 17:58:17.797  INFO 14144 --- [    Test worker] o.a.c.c.C.[Tomcat-1].[localhost].[/]     : Initializing Spring embedded WebApplicationContext
2018-08-23 17:58:17.801  INFO 14144 --- [    Test worker] o.s.web.context.ContextLoader            : Root WebApplicationContext: initialization completed in 1119 ms
2018-08-23 17:58:17.913  INFO 14144 --- [    Test worker] o.s.b.w.servlet.ServletRegistrationBean  : Servlet dispatcherServlet mapped to [/]
2018-08-23 17:58:17.914  INFO 14144 --- [    Test worker] o.s.b.w.servlet.ServletRegistrationBean  : Servlet webServlet mapped to [/h2/*]
2018-08-23 17:58:17.915  INFO 14144 --- [    Test worker] o.s.b.w.servlet.FilterRegistrationBean   : Mapping filter: 'characterEncodingFilter' to: [/*]
2018-08-23 17:58:17.916  INFO 14144 --- [    Test worker] o.s.b.w.servlet.FilterRegistrationBean   : Mapping filter: 'hiddenHttpMethodFilter' to: [/*]
2018-08-23 17:58:17.916  INFO 14144 --- [    Test worker] o.s.b.w.servlet.FilterRegistrationBean   : Mapping filter: 'httpPutFormContentFilter' to: [/*]
2018-08-23 17:58:17.916  INFO 14144 --- [    Test worker] o.s.b.w.servlet.FilterRegistrationBean   : Mapping filter: 'requestContextFilter' to: [/*]
2018-08-23 17:58:17.933  INFO 14144 --- [    Test worker] o.s.j.d.e.EmbeddedDatabaseFactory        : Starting embedded database: url='jdbc:h2:mem:80e142a4-2e51-4061-8ab4-6a000b6f2de4;DB_CLOSE_DELAY=-1;DB_CLOSE_ON_EXIT=false', username='sa'
2018-08-23 17:58:18.049  INFO 14144 --- [    Test worker] o.hibernate.jpa.internal.util.LogHelper  : HHH000204: Processing PersistenceUnitInfo [
	name: default
	...]
2018-08-23 17:58:18.077  INFO 14144 --- [    Test worker] org.hibernate.dialect.Dialect            : HHH000400: Using dialect: org.hibernate.dialect.H2Dialect
2018-08-23 17:58:18.177  INFO 14144 --- [    Test worker] o.h.t.schema.internal.SchemaCreatorImpl  : HHH000476: Executing import script 'ScriptSourceInputFromUrl(file:/C:/Users/julian.henao/workspace/adnjulianhenao/build/resources/main/import.sql)'
2018-08-23 17:58:18.182  INFO 14144 --- [    Test worker] j.LocalContainerEntityManagerFactoryBean : Initialized JPA EntityManagerFactory for persistence unit 'default'
2018-08-23 17:58:19.103  WARN 14144 --- [    Test worker] aWebConfiguration$JpaWebMvcConfiguration : spring.jpa.open-in-view is enabled by default. Therefore, database queries may be performed during view rendering. Explicitly configure spring.jpa.open-in-view to disable this warning
2018-08-23 17:58:19.580  INFO 14144 --- [    Test worker] o.s.b.w.embedded.tomcat.TomcatWebServer  : Tomcat started on port(s): 52936 (http) with context path ''
2018-08-23 17:58:19.582  INFO 14144 --- [    Test worker] c.c.c.e.j.h.t.TestSalidaVehiculo         : Started TestSalidaVehiculo in 2.953 seconds (JVM running for 20.574)
2018-08-23 17:58:19.640  INFO 14144 --- [    Test worker] o.h.h.i.QueryTranslatorFactoryInitiator  : HHH000397: Using ASTQueryTranslatorFactory
]]></system-out>
  <system-err><![CDATA[]]></system-err>
</testsuite>
