<?xml version="1.0" encoding="UTF-8"?>
<testsuite name="co.com.ceiba.estacionamiento.julian.henao.testUnitarioEntradaVehiculo.TestReglaTipoVehiculo" tests="3" skipped="0" failures="0" errors="0" timestamp="2018-08-24T16:04:48" hostname="JULIAN-HENAO" time="0.021">
  <properties/>
  <testcase name="ReglaEntradaTipoVehiculoDiferenteNOPuedeEntrar" classname="co.com.ceiba.estacionamiento.julian.henao.testUnitarioEntradaVehiculo.TestReglaTipoVehiculo" time="0.005"/>
  <testcase name="ReglaEntradaTipoVehiculoMotoPuedeEntrar" classname="co.com.ceiba.estacionamiento.julian.henao.testUnitarioEntradaVehiculo.TestReglaTipoVehiculo" time="0.006"/>
  <testcase name="ReglaEntradaTipoVehiculoAutoPuedeEntrar" classname="co.com.ceiba.estacionamiento.julian.henao.testUnitarioEntradaVehiculo.TestReglaTipoVehiculo" time="0.007"/>
  <system-out><![CDATA[2018-08-24 11:04:46.700  INFO 12712 --- [    Test worker] .b.t.c.SpringBootTestContextBootstrapper : Neither @ContextConfiguration nor @ContextHierarchy found for test class [co.com.ceiba.estacionamiento.julian.henao.testUnitarioEntradaVehiculo.TestReglaTipoVehiculo], using SpringBootContextLoader
2018-08-24 11:04:46.701  INFO 12712 --- [    Test worker] o.s.t.c.support.AbstractContextLoader    : Could not detect default resource locations for test class [co.com.ceiba.estacionamiento.julian.henao.testUnitarioEntradaVehiculo.TestReglaTipoVehiculo]: no resource found for suffixes {-context.xml, Context.groovy}.
2018-08-24 11:04:46.701  INFO 12712 --- [    Test worker] t.c.s.AnnotationConfigContextLoaderUtils : Could not detect default configuration classes for test class [co.com.ceiba.estacionamiento.julian.henao.testUnitarioEntradaVehiculo.TestReglaTipoVehiculo]: TestReglaTipoVehiculo does not declare any static, non-private, non-final, nested classes annotated with @Configuration.
2018-08-24 11:04:46.704  INFO 12712 --- [    Test worker] .b.t.c.SpringBootTestContextBootstrapper : Found @SpringBootConfiguration co.com.ceiba.estacionamiento.julian.henao.AdnJulianHenaoApplication for test class co.com.ceiba.estacionamiento.julian.henao.testUnitarioEntradaVehiculo.TestReglaTipoVehiculo
2018-08-24 11:04:46.705  INFO 12712 --- [    Test worker] .b.t.c.SpringBootTestContextBootstrapper : Loaded default TestExecutionListener class names from location [META-INF/spring.factories]: [org.springframework.boot.test.autoconfigure.restdocs.RestDocsTestExecutionListener, org.springframework.boot.test.autoconfigure.web.client.MockRestServiceServerResetTestExecutionListener, org.springframework.boot.test.autoconfigure.web.servlet.MockMvcPrintOnlyOnFailureTestExecutionListener, org.springframework.boot.test.autoconfigure.web.servlet.WebDriverTestExecutionListener, org.springframework.boot.test.mock.mockito.MockitoTestExecutionListener, org.springframework.boot.test.mock.mockito.ResetMocksTestExecutionListener, org.springframework.test.context.web.ServletTestExecutionListener, org.springframework.test.context.support.DirtiesContextBeforeModesTestExecutionListener, org.springframework.test.context.support.DependencyInjectionTestExecutionListener, org.springframework.test.context.support.DirtiesContextTestExecutionListener, org.springframework.test.context.transaction.TransactionalTestExecutionListener, org.springframework.test.context.jdbc.SqlScriptsTestExecutionListener]
2018-08-24 11:04:46.705  INFO 12712 --- [    Test worker] .b.t.c.SpringBootTestContextBootstrapper : Using TestExecutionListeners: [org.springframework.test.context.web.ServletTestExecutionListener@1aa326cb, org.springframework.test.context.support.DirtiesContextBeforeModesTestExecutionListener@67158489, org.springframework.boot.test.mock.mockito.MockitoTestExecutionListener@3ce32e6e, org.springframework.boot.test.autoconfigure.SpringBootDependencyInjectionTestExecutionListener@6d6e2c98, org.springframework.test.context.support.DirtiesContextTestExecutionListener@6ef8ca80, org.springframework.test.context.transaction.TransactionalTestExecutionListener@25023a1a, org.springframework.test.context.jdbc.SqlScriptsTestExecutionListener@37e08a, org.springframework.boot.test.autoconfigure.restdocs.RestDocsTestExecutionListener@1c2106f8, org.springframework.boot.test.autoconfigure.web.client.MockRestServiceServerResetTestExecutionListener@34256336, org.springframework.boot.test.autoconfigure.web.servlet.MockMvcPrintOnlyOnFailureTestExecutionListener@434d42, org.springframework.boot.test.autoconfigure.web.servlet.WebDriverTestExecutionListener@3fcfce70, org.springframework.boot.test.mock.mockito.ResetMocksTestExecutionListener@2bcd09b7]

  .   ____          _            __ _ _
 /\\ / ___'_ __ _ _(_)_ __  __ _ \ \ \ \
( ( )\___ | '_ | '_| | '_ \/ _` | \ \ \ \
 \\/  ___)| |_)| | | | | || (_| |  ) ) ) )
  '  |____| .__|_| |_|_| |_\__, | / / / /
 =========|_|==============|___/=/_/_/_/
 :: Spring Boot ::             (v2.1.0.M1)

2018-08-24 11:04:46.732  INFO 12712 --- [    Test worker] c.c.c.e.j.h.t.TestReglaTipoVehiculo      : Starting TestReglaTipoVehiculo on JULIAN-HENAO with PID 12712 (started by julian.henao in C:\Users\julian.henao\workspace\adnjulianhenao)
2018-08-24 11:04:46.733  INFO 12712 --- [    Test worker] c.c.c.e.j.h.t.TestReglaTipoVehiculo      : No active profile set, falling back to default profiles: default
2018-08-24 11:04:47.223  INFO 12712 --- [    Test worker] trationDelegate$BeanPostProcessorChecker : Bean 'org.springframework.transaction.annotation.ProxyTransactionManagementConfiguration' of type [org.springframework.transaction.annotation.ProxyTransactionManagementConfiguration$$EnhancerBySpringCGLIB$$c243abf1] is not eligible for getting processed by all BeanPostProcessors (for example: not eligible for auto-proxying)
2018-08-24 11:04:47.237  INFO 12712 --- [    Test worker] trationDelegate$BeanPostProcessorChecker : Bean 'org.springframework.hateoas.config.HateoasConfiguration' of type [org.springframework.hateoas.config.HateoasConfiguration$$EnhancerBySpringCGLIB$$41c3f923] is not eligible for getting processed by all BeanPostProcessors (for example: not eligible for auto-proxying)
2018-08-24 11:04:47.319  INFO 12712 --- [    Test worker] com.zaxxer.hikari.HikariDataSource       : HikariPool-5 - Starting...
2018-08-24 11:04:47.321  INFO 12712 --- [    Test worker] com.zaxxer.hikari.HikariDataSource       : HikariPool-5 - Start completed.
2018-08-24 11:04:47.360  INFO 12712 --- [    Test worker] o.hibernate.jpa.internal.util.LogHelper  : HHH000204: Processing PersistenceUnitInfo [
	name: default
	...]
2018-08-24 11:04:47.380  INFO 12712 --- [    Test worker] org.hibernate.dialect.Dialect            : HHH000400: Using dialect: org.hibernate.dialect.H2Dialect
2018-08-24 11:04:47.442  INFO 12712 --- [    Test worker] o.h.t.schema.internal.SchemaCreatorImpl  : HHH000476: Executing import script 'ScriptSourceInputFromUrl(file:/C:/Users/julian.henao/workspace/adnjulianhenao/build/resources/main/import.sql)'
2018-08-24 11:04:47.453  INFO 12712 --- [    Test worker] j.LocalContainerEntityManagerFactoryBean : Initialized JPA EntityManagerFactory for persistence unit 'default'
2018-08-24 11:04:48.076  WARN 12712 --- [    Test worker] aWebConfiguration$JpaWebMvcConfiguration : spring.jpa.open-in-view is enabled by default. Therefore, database queries may be performed during view rendering. Explicitly configure spring.jpa.open-in-view to disable this warning
2018-08-24 11:04:48.420  INFO 12712 --- [    Test worker] c.c.c.e.j.h.t.TestReglaTipoVehiculo      : Started TestReglaTipoVehiculo in 1.713 seconds (JVM running for 33.806)
]]></system-out>
  <system-err><![CDATA[]]></system-err>
</testsuite>
