<?xml version="1.0" encoding="UTF-8"?>
<testsuite name="co.com.ceiba.estacionamiento.julian.henao.testIntegracionConsultaServicios.TestParqueaderoTarifa" tests="3" skipped="0" failures="0" errors="0" timestamp="2018-08-24T16:04:32" hostname="JULIAN-HENAO" time="0.167">
  <properties/>
  <testcase name="crearTarifaNulo" classname="co.com.ceiba.estacionamiento.julian.henao.testIntegracionConsultaServicios.TestParqueaderoTarifa" time="0.097"/>
  <testcase name="crearTarifaExitoso" classname="co.com.ceiba.estacionamiento.julian.henao.testIntegracionConsultaServicios.TestParqueaderoTarifa" time="0.024"/>
  <testcase name="obtenerTarifas" classname="co.com.ceiba.estacionamiento.julian.henao.testIntegracionConsultaServicios.TestParqueaderoTarifa" time="0.044"/>
  <system-out><![CDATA[2018-08-24 11:04:32.204  INFO 12712 --- [    Test worker] .b.t.c.SpringBootTestContextBootstrapper : Neither @ContextConfiguration nor @ContextHierarchy found for test class [co.com.ceiba.estacionamiento.julian.henao.testIntegracionConsultaServicios.TestParqueaderoTarifa], using SpringBootContextLoader
2018-08-24 11:04:32.206  INFO 12712 --- [    Test worker] o.s.t.c.support.AbstractContextLoader    : Could not detect default resource locations for test class [co.com.ceiba.estacionamiento.julian.henao.testIntegracionConsultaServicios.TestParqueaderoTarifa]: no resource found for suffixes {-context.xml, Context.groovy}.
2018-08-24 11:04:32.207  INFO 12712 --- [    Test worker] t.c.s.AnnotationConfigContextLoaderUtils : Could not detect default configuration classes for test class [co.com.ceiba.estacionamiento.julian.henao.testIntegracionConsultaServicios.TestParqueaderoTarifa]: TestParqueaderoTarifa does not declare any static, non-private, non-final, nested classes annotated with @Configuration.
2018-08-24 11:04:32.210  INFO 12712 --- [    Test worker] .b.t.c.SpringBootTestContextBootstrapper : Found @SpringBootConfiguration co.com.ceiba.estacionamiento.julian.henao.AdnJulianHenaoApplication for test class co.com.ceiba.estacionamiento.julian.henao.testIntegracionConsultaServicios.TestParqueaderoTarifa
2018-08-24 11:04:32.211  INFO 12712 --- [    Test worker] .b.t.c.SpringBootTestContextBootstrapper : Loaded default TestExecutionListener class names from location [META-INF/spring.factories]: [org.springframework.boot.test.autoconfigure.restdocs.RestDocsTestExecutionListener, org.springframework.boot.test.autoconfigure.web.client.MockRestServiceServerResetTestExecutionListener, org.springframework.boot.test.autoconfigure.web.servlet.MockMvcPrintOnlyOnFailureTestExecutionListener, org.springframework.boot.test.autoconfigure.web.servlet.WebDriverTestExecutionListener, org.springframework.boot.test.mock.mockito.MockitoTestExecutionListener, org.springframework.boot.test.mock.mockito.ResetMocksTestExecutionListener, org.springframework.test.context.web.ServletTestExecutionListener, org.springframework.test.context.support.DirtiesContextBeforeModesTestExecutionListener, org.springframework.test.context.support.DependencyInjectionTestExecutionListener, org.springframework.test.context.support.DirtiesContextTestExecutionListener, org.springframework.test.context.transaction.TransactionalTestExecutionListener, org.springframework.test.context.jdbc.SqlScriptsTestExecutionListener]
2018-08-24 11:04:32.212  INFO 12712 --- [    Test worker] .b.t.c.SpringBootTestContextBootstrapper : Using TestExecutionListeners: [org.springframework.test.context.web.ServletTestExecutionListener@b5ea66, org.springframework.test.context.support.DirtiesContextBeforeModesTestExecutionListener@6f1a681c, org.springframework.boot.test.mock.mockito.MockitoTestExecutionListener@2e5ef36f, org.springframework.boot.test.autoconfigure.SpringBootDependencyInjectionTestExecutionListener@486622d, org.springframework.test.context.support.DirtiesContextTestExecutionListener@2bcf4e01, org.springframework.test.context.transaction.TransactionalTestExecutionListener@17a999ec, org.springframework.test.context.jdbc.SqlScriptsTestExecutionListener@4eb5d5fd, org.springframework.boot.test.autoconfigure.restdocs.RestDocsTestExecutionListener@7995510c, org.springframework.boot.test.autoconfigure.web.client.MockRestServiceServerResetTestExecutionListener@287ba779, org.springframework.boot.test.autoconfigure.web.servlet.MockMvcPrintOnlyOnFailureTestExecutionListener@73463d63, org.springframework.boot.test.autoconfigure.web.servlet.WebDriverTestExecutionListener@133c14cb, org.springframework.boot.test.mock.mockito.ResetMocksTestExecutionListener@40f23a91]
]]></system-out>
  <system-err><![CDATA[]]></system-err>
</testsuite>
