<?xml version="1.0" encoding="UTF-8"?>
<testsuite name="co.com.ceiba.estacionamiento.julian.henao.testIntegracionConsultaServicios.TestTipoVehiculo" tests="3" skipped="0" failures="0" errors="0" timestamp="2018-08-23T22:58:24" hostname="JULIAN-HENAO" time="0.097">
  <properties/>
  <testcase name="crearTipoVehiculoExitoso" classname="co.com.ceiba.estacionamiento.julian.henao.testIntegracionConsultaServicios.TestTipoVehiculo" time="0.041"/>
  <testcase name="crearTipoVehiculoNulo" classname="co.com.ceiba.estacionamiento.julian.henao.testIntegracionConsultaServicios.TestTipoVehiculo" time="0.024"/>
  <testcase name="obtenerVehiculo" classname="co.com.ceiba.estacionamiento.julian.henao.testIntegracionConsultaServicios.TestTipoVehiculo" time="0.029"/>
  <system-out><![CDATA[2018-08-23 17:58:24.222  INFO 14144 --- [    Test worker] .b.t.c.SpringBootTestContextBootstrapper : Neither @ContextConfiguration nor @ContextHierarchy found for test class [co.com.ceiba.estacionamiento.julian.henao.testIntegracionConsultaServicios.TestTipoVehiculo], using SpringBootContextLoader
2018-08-23 17:58:24.223  INFO 14144 --- [    Test worker] o.s.t.c.support.AbstractContextLoader    : Could not detect default resource locations for test class [co.com.ceiba.estacionamiento.julian.henao.testIntegracionConsultaServicios.TestTipoVehiculo]: no resource found for suffixes {-context.xml, Context.groovy}.
2018-08-23 17:58:24.224  INFO 14144 --- [    Test worker] t.c.s.AnnotationConfigContextLoaderUtils : Could not detect default configuration classes for test class [co.com.ceiba.estacionamiento.julian.henao.testIntegracionConsultaServicios.TestTipoVehiculo]: TestTipoVehiculo does not declare any static, non-private, non-final, nested classes annotated with @Configuration.
2018-08-23 17:58:24.227  INFO 14144 --- [    Test worker] .b.t.c.SpringBootTestContextBootstrapper : Found @SpringBootConfiguration co.com.ceiba.estacionamiento.julian.henao.AdnJulianHenaoApplication for test class co.com.ceiba.estacionamiento.julian.henao.testIntegracionConsultaServicios.TestTipoVehiculo
2018-08-23 17:58:24.230  INFO 14144 --- [    Test worker] .b.t.c.SpringBootTestContextBootstrapper : Loaded default TestExecutionListener class names from location [META-INF/spring.factories]: [org.springframework.boot.test.autoconfigure.restdocs.RestDocsTestExecutionListener, org.springframework.boot.test.autoconfigure.web.client.MockRestServiceServerResetTestExecutionListener, org.springframework.boot.test.autoconfigure.web.servlet.MockMvcPrintOnlyOnFailureTestExecutionListener, org.springframework.boot.test.autoconfigure.web.servlet.WebDriverTestExecutionListener, org.springframework.boot.test.mock.mockito.MockitoTestExecutionListener, org.springframework.boot.test.mock.mockito.ResetMocksTestExecutionListener, org.springframework.test.context.web.ServletTestExecutionListener, org.springframework.test.context.support.DirtiesContextBeforeModesTestExecutionListener, org.springframework.test.context.support.DependencyInjectionTestExecutionListener, org.springframework.test.context.support.DirtiesContextTestExecutionListener, org.springframework.test.context.transaction.TransactionalTestExecutionListener, org.springframework.test.context.jdbc.SqlScriptsTestExecutionListener]
2018-08-23 17:58:24.231  INFO 14144 --- [    Test worker] .b.t.c.SpringBootTestContextBootstrapper : Using TestExecutionListeners: [org.springframework.test.context.web.ServletTestExecutionListener@70cbb6a7, org.springframework.test.context.support.DirtiesContextBeforeModesTestExecutionListener@240af88c, org.springframework.boot.test.mock.mockito.MockitoTestExecutionListener@21250cd3, org.springframework.boot.test.autoconfigure.SpringBootDependencyInjectionTestExecutionListener@5d4a0125, org.springframework.test.context.support.DirtiesContextTestExecutionListener@7099eaa5, org.springframework.test.context.transaction.TransactionalTestExecutionListener@3a4b2a2, org.springframework.test.context.jdbc.SqlScriptsTestExecutionListener@aee7591, org.springframework.boot.test.autoconfigure.restdocs.RestDocsTestExecutionListener@7200ec0, org.springframework.boot.test.autoconfigure.web.client.MockRestServiceServerResetTestExecutionListener@38530043, org.springframework.boot.test.autoconfigure.web.servlet.MockMvcPrintOnlyOnFailureTestExecutionListener@1ec48449, org.springframework.boot.test.autoconfigure.web.servlet.WebDriverTestExecutionListener@677f38fd, org.springframework.boot.test.mock.mockito.ResetMocksTestExecutionListener@602e7cdc]
]]></system-out>
  <system-err><![CDATA[]]></system-err>
</testsuite>
