<?xml version="1.0" encoding="UTF-8"?>
<testsuite name="co.com.ceiba.estacionamiento.julian.henao.testUnit.EntradaVehiculo.TestReglaIngresaPlaca" tests="2" skipped="0" failures="0" errors="0" timestamp="2018-10-04T18:47:08" hostname="JULIAN-HENAO" time="0.012">
  <properties/>
  <testcase name="ReglaEntradaPlacaObligatoriaAuto" classname="co.com.ceiba.estacionamiento.julian.henao.testUnit.EntradaVehiculo.TestReglaIngresaPlaca" time="0.005"/>
  <testcase name="ReglaEntradaPlacaObligatoriaMoto" classname="co.com.ceiba.estacionamiento.julian.henao.testUnit.EntradaVehiculo.TestReglaIngresaPlaca" time="0.006"/>
  <system-out><![CDATA[2018-10-04 13:47:08.289  INFO 9108 --- [    Test worker] .b.t.c.SpringBootTestContextBootstrapper : Neither @ContextConfiguration nor @ContextHierarchy found for test class [co.com.ceiba.estacionamiento.julian.henao.testUnit.EntradaVehiculo.TestReglaIngresaPlaca], using SpringBootContextLoader
2018-10-04 13:47:08.291  INFO 9108 --- [    Test worker] o.s.t.c.support.AbstractContextLoader    : Could not detect default resource locations for test class [co.com.ceiba.estacionamiento.julian.henao.testUnit.EntradaVehiculo.TestReglaIngresaPlaca]: no resource found for suffixes {-context.xml, Context.groovy}.
2018-10-04 13:47:08.291  INFO 9108 --- [    Test worker] t.c.s.AnnotationConfigContextLoaderUtils : Could not detect default configuration classes for test class [co.com.ceiba.estacionamiento.julian.henao.testUnit.EntradaVehiculo.TestReglaIngresaPlaca]: TestReglaIngresaPlaca does not declare any static, non-private, non-final, nested classes annotated with @Configuration.
2018-10-04 13:47:08.294  INFO 9108 --- [    Test worker] .b.t.c.SpringBootTestContextBootstrapper : Found @SpringBootConfiguration co.com.ceiba.estacionamiento.julian.henao.AdnJulianHenaoApplication for test class co.com.ceiba.estacionamiento.julian.henao.testUnit.EntradaVehiculo.TestReglaIngresaPlaca
2018-10-04 13:47:08.296  INFO 9108 --- [    Test worker] .b.t.c.SpringBootTestContextBootstrapper : Loaded default TestExecutionListener class names from location [META-INF/spring.factories]: [org.springframework.boot.test.autoconfigure.restdocs.RestDocsTestExecutionListener, org.springframework.boot.test.autoconfigure.web.client.MockRestServiceServerResetTestExecutionListener, org.springframework.boot.test.autoconfigure.web.servlet.MockMvcPrintOnlyOnFailureTestExecutionListener, org.springframework.boot.test.autoconfigure.web.servlet.WebDriverTestExecutionListener, org.springframework.boot.test.mock.mockito.MockitoTestExecutionListener, org.springframework.boot.test.mock.mockito.ResetMocksTestExecutionListener, org.springframework.test.context.web.ServletTestExecutionListener, org.springframework.test.context.support.DirtiesContextBeforeModesTestExecutionListener, org.springframework.test.context.support.DependencyInjectionTestExecutionListener, org.springframework.test.context.support.DirtiesContextTestExecutionListener, org.springframework.test.context.transaction.TransactionalTestExecutionListener, org.springframework.test.context.jdbc.SqlScriptsTestExecutionListener]
2018-10-04 13:47:08.300  INFO 9108 --- [    Test worker] .b.t.c.SpringBootTestContextBootstrapper : Using TestExecutionListeners: [org.springframework.test.context.web.ServletTestExecutionListener@70cb68fc, org.springframework.test.context.support.DirtiesContextBeforeModesTestExecutionListener@8c3ea5b, org.springframework.boot.test.mock.mockito.MockitoTestExecutionListener@703e5dc5, org.springframework.boot.test.autoconfigure.SpringBootDependencyInjectionTestExecutionListener@5d285144, org.springframework.test.context.support.DirtiesContextTestExecutionListener@760f5e95, org.springframework.test.context.transaction.TransactionalTestExecutionListener@6189e33d, org.springframework.test.context.jdbc.SqlScriptsTestExecutionListener@635b5abc, org.springframework.boot.test.autoconfigure.restdocs.RestDocsTestExecutionListener@7ce695e2, org.springframework.boot.test.autoconfigure.web.client.MockRestServiceServerResetTestExecutionListener@7091871d, org.springframework.boot.test.autoconfigure.web.servlet.MockMvcPrintOnlyOnFailureTestExecutionListener@5eaf1239, org.springframework.boot.test.autoconfigure.web.servlet.WebDriverTestExecutionListener@67183dea, org.springframework.boot.test.mock.mockito.ResetMocksTestExecutionListener@2f99ed6e]
]]></system-out>
  <system-err><![CDATA[]]></system-err>
</testsuite>
