<?xml version="1.0" encoding="UTF-8"?>
<testsuite name="co.com.ceiba.estacionamiento.julian.henao.testUnitarioEntradaVehiculo.TestReglaDiaHabil" tests="6" skipped="0" failures="0" errors="0" timestamp="2018-08-22T21:37:13" hostname="JULIAN-HENAO" time="0.051">
  <properties/>
  <testcase name="ReglaEntradaVehiculoPlacaANoPuedeEntrarDomingo" classname="co.com.ceiba.estacionamiento.julian.henao.testUnitarioEntradaVehiculo.TestReglaDiaHabil" time="0.007"/>
  <testcase name="ReglaEntradaVehiculoPlacaYDiaDiferente" classname="co.com.ceiba.estacionamiento.julian.henao.testUnitarioEntradaVehiculo.TestReglaDiaHabil" time="0.004"/>
  <testcase name="ReglaEntradaVehiculoPlacaDiferenteDeASiPuedeEntrarLunes" classname="co.com.ceiba.estacionamiento.julian.henao.testUnitarioEntradaVehiculo.TestReglaDiaHabil" time="0.007"/>
  <testcase name="ReglaEntradaVehiculoPlacaANoPuedeEntrarLunes" classname="co.com.ceiba.estacionamiento.julian.henao.testUnitarioEntradaVehiculo.TestReglaDiaHabil" time="0.008"/>
  <testcase name="ReglaEntradaVehiculoPlacaDiferenteDeASiPuedeEntrarDomingo" classname="co.com.ceiba.estacionamiento.julian.henao.testUnitarioEntradaVehiculo.TestReglaDiaHabil" time="0.005"/>
  <testcase name="ReglaEntradaVehiculoPlacaADiaDiferente" classname="co.com.ceiba.estacionamiento.julian.henao.testUnitarioEntradaVehiculo.TestReglaDiaHabil" time="0.006"/>
  <system-out><![CDATA[2018-08-22 16:37:11.790  INFO 10572 --- [    Test worker] .b.t.c.SpringBootTestContextBootstrapper : Neither @ContextConfiguration nor @ContextHierarchy found for test class [co.com.ceiba.estacionamiento.julian.henao.testUnitarioEntradaVehiculo.TestReglaDiaHabil], using SpringBootContextLoader
2018-08-22 16:37:11.792  INFO 10572 --- [    Test worker] o.s.t.c.support.AbstractContextLoader    : Could not detect default resource locations for test class [co.com.ceiba.estacionamiento.julian.henao.testUnitarioEntradaVehiculo.TestReglaDiaHabil]: no resource found for suffixes {-context.xml, Context.groovy}.
2018-08-22 16:37:11.794  INFO 10572 --- [    Test worker] t.c.s.AnnotationConfigContextLoaderUtils : Could not detect default configuration classes for test class [co.com.ceiba.estacionamiento.julian.henao.testUnitarioEntradaVehiculo.TestReglaDiaHabil]: TestReglaDiaHabil does not declare any static, non-private, non-final, nested classes annotated with @Configuration.
2018-08-22 16:37:11.798  INFO 10572 --- [    Test worker] .b.t.c.SpringBootTestContextBootstrapper : Found @SpringBootConfiguration co.com.ceiba.estacionamiento.julian.henao.AdnJulianHenaoApplication for test class co.com.ceiba.estacionamiento.julian.henao.testUnitarioEntradaVehiculo.TestReglaDiaHabil
2018-08-22 16:37:11.800  INFO 10572 --- [    Test worker] .b.t.c.SpringBootTestContextBootstrapper : Loaded default TestExecutionListener class names from location [META-INF/spring.factories]: [org.springframework.boot.test.autoconfigure.restdocs.RestDocsTestExecutionListener, org.springframework.boot.test.autoconfigure.web.client.MockRestServiceServerResetTestExecutionListener, org.springframework.boot.test.autoconfigure.web.servlet.MockMvcPrintOnlyOnFailureTestExecutionListener, org.springframework.boot.test.autoconfigure.web.servlet.WebDriverTestExecutionListener, org.springframework.boot.test.mock.mockito.MockitoTestExecutionListener, org.springframework.boot.test.mock.mockito.ResetMocksTestExecutionListener, org.springframework.test.context.web.ServletTestExecutionListener, org.springframework.test.context.support.DirtiesContextBeforeModesTestExecutionListener, org.springframework.test.context.support.DependencyInjectionTestExecutionListener, org.springframework.test.context.support.DirtiesContextTestExecutionListener, org.springframework.test.context.transaction.TransactionalTestExecutionListener, org.springframework.test.context.jdbc.SqlScriptsTestExecutionListener]
2018-08-22 16:37:11.801  INFO 10572 --- [    Test worker] .b.t.c.SpringBootTestContextBootstrapper : Using TestExecutionListeners: [org.springframework.test.context.web.ServletTestExecutionListener@62c5e095, org.springframework.test.context.support.DirtiesContextBeforeModesTestExecutionListener@3596855d, org.springframework.boot.test.mock.mockito.MockitoTestExecutionListener@536beff2, org.springframework.boot.test.autoconfigure.SpringBootDependencyInjectionTestExecutionListener@597d455c, org.springframework.test.context.support.DirtiesContextTestExecutionListener@14f1c7ae, org.springframework.test.context.transaction.TransactionalTestExecutionListener@15cc1400, org.springframework.test.context.jdbc.SqlScriptsTestExecutionListener@19546d34, org.springframework.boot.test.autoconfigure.restdocs.RestDocsTestExecutionListener@2ab09ce7, org.springframework.boot.test.autoconfigure.web.client.MockRestServiceServerResetTestExecutionListener@30e6f2a8, org.springframework.boot.test.autoconfigure.web.servlet.MockMvcPrintOnlyOnFailureTestExecutionListener@457f8ca0, org.springframework.boot.test.autoconfigure.web.servlet.WebDriverTestExecutionListener@7ff864f6, org.springframework.boot.test.mock.mockito.ResetMocksTestExecutionListener@5181984a]

  .   ____          _            __ _ _
 /\\ / ___'_ __ _ _(_)_ __  __ _ \ \ \ \
( ( )\___ | '_ | '_| | '_ \/ _` | \ \ \ \
 \\/  ___)| |_)| | | | | || (_| |  ) ) ) )
  '  |____| .__|_| |_|_| |_\__, | / / / /
 =========|_|==============|___/=/_/_/_/
 :: Spring Boot ::             (v2.1.0.M1)

2018-08-22 16:37:11.835  INFO 10572 --- [    Test worker] c.c.c.e.j.h.t.TestReglaDiaHabil          : Starting TestReglaDiaHabil on JULIAN-HENAO with PID 10572 (started by julian.henao in C:\Users\julian.henao\workspace\adnjulianhenao)
2018-08-22 16:37:11.835  INFO 10572 --- [    Test worker] c.c.c.e.j.h.t.TestReglaDiaHabil          : No active profile set, falling back to default profiles: default
2018-08-22 16:37:12.436  INFO 10572 --- [    Test worker] trationDelegate$BeanPostProcessorChecker : Bean 'org.springframework.transaction.annotation.ProxyTransactionManagementConfiguration' of type [org.springframework.transaction.annotation.ProxyTransactionManagementConfiguration$$EnhancerBySpringCGLIB$$e9eaf24b] is not eligible for getting processed by all BeanPostProcessors (for example: not eligible for auto-proxying)
2018-08-22 16:37:12.460  INFO 10572 --- [    Test worker] trationDelegate$BeanPostProcessorChecker : Bean 'org.springframework.hateoas.config.HateoasConfiguration' of type [org.springframework.hateoas.config.HateoasConfiguration$$EnhancerBySpringCGLIB$$696b3f7d] is not eligible for getting processed by all BeanPostProcessors (for example: not eligible for auto-proxying)
2018-08-22 16:37:12.563  INFO 10572 --- [    Test worker] com.zaxxer.hikari.HikariDataSource       : HikariPool-3 - Starting...
2018-08-22 16:37:12.565  INFO 10572 --- [    Test worker] com.zaxxer.hikari.HikariDataSource       : HikariPool-3 - Start completed.
2018-08-22 16:37:12.606  INFO 10572 --- [    Test worker] o.hibernate.jpa.internal.util.LogHelper  : HHH000204: Processing PersistenceUnitInfo [
	name: default
	...]
2018-08-22 16:37:12.630  INFO 10572 --- [    Test worker] org.hibernate.dialect.Dialect            : HHH000400: Using dialect: org.hibernate.dialect.H2Dialect
2018-08-22 16:37:12.715  INFO 10572 --- [    Test worker] o.h.t.schema.internal.SchemaCreatorImpl  : HHH000476: Executing import script 'org.hibernate.tool.schema.internal.exec.ScriptSourceInputNonExistentImpl@4bfcbc05'
2018-08-22 16:37:12.717  INFO 10572 --- [    Test worker] j.LocalContainerEntityManagerFactoryBean : Initialized JPA EntityManagerFactory for persistence unit 'default'
2018-08-22 16:37:13.531  WARN 10572 --- [    Test worker] aWebConfiguration$JpaWebMvcConfiguration : spring.jpa.open-in-view is enabled by default. Therefore, database queries may be performed during view rendering. Explicitly configure spring.jpa.open-in-view to disable this warning
2018-08-22 16:37:13.921  INFO 10572 --- [    Test worker] c.c.c.e.j.h.t.TestReglaDiaHabil          : Started TestReglaDiaHabil in 2.116 seconds (JVM running for 27.222)
]]></system-out>
  <system-err><![CDATA[]]></system-err>
</testsuite>
