<?xml version="1.0" encoding="UTF-8"?>
<testsuite name="co.com.ceiba.estacionamiento.julian.henao.unitTest.EntradaVehiculo.TestReglaDisponibilidadEspacio" tests="2" skipped="0" failures="0" errors="0" timestamp="2018-10-16T22:57:43" hostname="JULIAN-HENAO" time="0.019">
  <properties/>
  <testcase name="ReglaNOHayDisponibilidadEspacioParaVehiculo" classname="co.com.ceiba.estacionamiento.julian.henao.unitTest.EntradaVehiculo.TestReglaDisponibilidadEspacio" time="0.011"/>
  <testcase name="ReglaSIHayDisponibilidadEspacioParaVehiculo" classname="co.com.ceiba.estacionamiento.julian.henao.unitTest.EntradaVehiculo.TestReglaDisponibilidadEspacio" time="0.005"/>
  <system-out><![CDATA[2018-10-16 17:57:40.814  INFO 6468 --- [    Test worker] .b.t.c.SpringBootTestContextBootstrapper : Neither @ContextConfiguration nor @ContextHierarchy found for test class [co.com.ceiba.estacionamiento.julian.henao.unitTest.EntradaVehiculo.TestReglaDisponibilidadEspacio], using SpringBootContextLoader
2018-10-16 17:57:40.815  INFO 6468 --- [    Test worker] o.s.t.c.support.AbstractContextLoader    : Could not detect default resource locations for test class [co.com.ceiba.estacionamiento.julian.henao.unitTest.EntradaVehiculo.TestReglaDisponibilidadEspacio]: no resource found for suffixes {-context.xml, Context.groovy}.
2018-10-16 17:57:40.817  INFO 6468 --- [    Test worker] t.c.s.AnnotationConfigContextLoaderUtils : Could not detect default configuration classes for test class [co.com.ceiba.estacionamiento.julian.henao.unitTest.EntradaVehiculo.TestReglaDisponibilidadEspacio]: TestReglaDisponibilidadEspacio does not declare any static, non-private, non-final, nested classes annotated with @Configuration.
2018-10-16 17:57:40.821  INFO 6468 --- [    Test worker] .b.t.c.SpringBootTestContextBootstrapper : Found @SpringBootConfiguration co.com.ceiba.estacionamiento.julian.henao.AdnJulianHenaoApplication for test class co.com.ceiba.estacionamiento.julian.henao.unitTest.EntradaVehiculo.TestReglaDisponibilidadEspacio
2018-10-16 17:57:40.846  INFO 6468 --- [    Test worker] .b.t.c.SpringBootTestContextBootstrapper : Loaded default TestExecutionListener class names from location [META-INF/spring.factories]: [org.springframework.boot.test.autoconfigure.restdocs.RestDocsTestExecutionListener, org.springframework.boot.test.autoconfigure.web.client.MockRestServiceServerResetTestExecutionListener, org.springframework.boot.test.autoconfigure.web.servlet.MockMvcPrintOnlyOnFailureTestExecutionListener, org.springframework.boot.test.autoconfigure.web.servlet.WebDriverTestExecutionListener, org.springframework.boot.test.mock.mockito.MockitoTestExecutionListener, org.springframework.boot.test.mock.mockito.ResetMocksTestExecutionListener, org.springframework.test.context.web.ServletTestExecutionListener, org.springframework.test.context.support.DirtiesContextBeforeModesTestExecutionListener, org.springframework.test.context.support.DependencyInjectionTestExecutionListener, org.springframework.test.context.support.DirtiesContextTestExecutionListener, org.springframework.test.context.transaction.TransactionalTestExecutionListener, org.springframework.test.context.jdbc.SqlScriptsTestExecutionListener]
2018-10-16 17:57:40.848  INFO 6468 --- [    Test worker] .b.t.c.SpringBootTestContextBootstrapper : Using TestExecutionListeners: [org.springframework.test.context.web.ServletTestExecutionListener@20a3cdc6, org.springframework.test.context.support.DirtiesContextBeforeModesTestExecutionListener@454784e8, org.springframework.boot.test.mock.mockito.MockitoTestExecutionListener@428cd29f, org.springframework.boot.test.autoconfigure.SpringBootDependencyInjectionTestExecutionListener@68473a12, org.springframework.test.context.support.DirtiesContextTestExecutionListener@56b41721, org.springframework.test.context.transaction.TransactionalTestExecutionListener@2f2da9db, org.springframework.test.context.jdbc.SqlScriptsTestExecutionListener@b119e8b, org.springframework.boot.test.autoconfigure.restdocs.RestDocsTestExecutionListener@5a57a251, org.springframework.boot.test.autoconfigure.web.client.MockRestServiceServerResetTestExecutionListener@2c2cab25, org.springframework.boot.test.autoconfigure.web.servlet.MockMvcPrintOnlyOnFailureTestExecutionListener@6e0dac0a, org.springframework.boot.test.autoconfigure.web.servlet.WebDriverTestExecutionListener@696f9286, org.springframework.boot.test.mock.mockito.ResetMocksTestExecutionListener@e4df0d0]

  .   ____          _            __ _ _
 /\\ / ___'_ __ _ _(_)_ __  __ _ \ \ \ \
( ( )\___ | '_ | '_| | '_ \/ _` | \ \ \ \
 \\/  ___)| |_)| | | | | || (_| |  ) ) ) )
  '  |____| .__|_| |_|_| |_\__, | / / / /
 =========|_|==============|___/=/_/_/_/
 :: Spring Boot ::             (v2.1.0.M1)

2018-10-16 17:57:40.938  INFO 6468 --- [    Test worker] e.j.h.u.E.TestReglaDisponibilidadEspacio : Starting TestReglaDisponibilidadEspacio on JULIAN-HENAO with PID 6468 (started by julian.henao in C:\Users\julian.henao\workspace\adnjulianhenao)
2018-10-16 17:57:40.940  INFO 6468 --- [    Test worker] e.j.h.u.E.TestReglaDisponibilidadEspacio : No active profile set, falling back to default profiles: default
2018-10-16 17:57:41.722  INFO 6468 --- [    Test worker] trationDelegate$BeanPostProcessorChecker : Bean 'org.springframework.transaction.annotation.ProxyTransactionManagementConfiguration' of type [org.springframework.transaction.annotation.ProxyTransactionManagementConfiguration$$EnhancerBySpringCGLIB$$c5204f4d] is not eligible for getting processed by all BeanPostProcessors (for example: not eligible for auto-proxying)
2018-10-16 17:57:41.749  INFO 6468 --- [    Test worker] trationDelegate$BeanPostProcessorChecker : Bean 'org.springframework.hateoas.config.HateoasConfiguration' of type [org.springframework.hateoas.config.HateoasConfiguration$$EnhancerBySpringCGLIB$$44a09c7f] is not eligible for getting processed by all BeanPostProcessors (for example: not eligible for auto-proxying)
2018-10-16 17:57:41.877  INFO 6468 --- [    Test worker] com.zaxxer.hikari.HikariDataSource       : HikariPool-3 - Starting...
2018-10-16 17:57:41.879  INFO 6468 --- [    Test worker] com.zaxxer.hikari.HikariDataSource       : HikariPool-3 - Start completed.
2018-10-16 17:57:41.934  INFO 6468 --- [    Test worker] o.hibernate.jpa.internal.util.LogHelper  : HHH000204: Processing PersistenceUnitInfo [
	name: default
	...]
2018-10-16 17:57:41.966  INFO 6468 --- [    Test worker] org.hibernate.dialect.Dialect            : HHH000400: Using dialect: org.hibernate.dialect.H2Dialect
2018-10-16 17:57:42.083  INFO 6468 --- [    Test worker] o.h.t.schema.internal.SchemaCreatorImpl  : HHH000476: Executing import script 'ScriptSourceInputFromUrl(file:/C:/Users/julian.henao/workspace/adnjulianhenao/build/resources/main/import.sql)'
2018-10-16 17:57:42.091  INFO 6468 --- [    Test worker] j.LocalContainerEntityManagerFactoryBean : Initialized JPA EntityManagerFactory for persistence unit 'default'
2018-10-16 17:57:43.115  WARN 6468 --- [    Test worker] aWebConfiguration$JpaWebMvcConfiguration : spring.jpa.open-in-view is enabled by default. Therefore, database queries may be performed during view rendering. Explicitly configure spring.jpa.open-in-view to disable this warning
2018-10-16 17:57:43.252  INFO 6468 --- [    Test worker] o.s.b.a.w.s.WelcomePageHandlerMapping    : Adding welcome page: class path resource [static/index.html]
2018-10-16 17:57:43.643  INFO 6468 --- [    Test worker] e.j.h.u.E.TestReglaDisponibilidadEspacio : Started TestReglaDisponibilidadEspacio in 2.788 seconds (JVM running for 22.029)
]]></system-out>
  <system-err><![CDATA[]]></system-err>
</testsuite>
