<?xml version="1.0" encoding="UTF-8"?>
<testsuite name="co.com.ceiba.estacionamiento.julian.henao.testIntegracionConsultaServicios.TestParqueaderoRegistro" tests="3" skipped="0" failures="0" errors="0" timestamp="2018-08-24T16:04:32" hostname="JULIAN-HENAO" time="0.192">
  <properties/>
  <testcase name="RealizaConsultaRegistros" classname="co.com.ceiba.estacionamiento.julian.henao.testIntegracionConsultaServicios.TestParqueaderoRegistro" time="0.07"/>
  <testcase name="crearRegistroNulo" classname="co.com.ceiba.estacionamiento.julian.henao.testIntegracionConsultaServicios.TestParqueaderoRegistro" time="0.052"/>
  <testcase name="obtenerRegistro" classname="co.com.ceiba.estacionamiento.julian.henao.testIntegracionConsultaServicios.TestParqueaderoRegistro" time="0.068"/>
  <system-out><![CDATA[2018-08-24 11:04:31.997  INFO 12712 --- [    Test worker] .b.t.c.SpringBootTestContextBootstrapper : Neither @ContextConfiguration nor @ContextHierarchy found for test class [co.com.ceiba.estacionamiento.julian.henao.testIntegracionConsultaServicios.TestParqueaderoRegistro], using SpringBootContextLoader
2018-08-24 11:04:31.998  INFO 12712 --- [    Test worker] o.s.t.c.support.AbstractContextLoader    : Could not detect default resource locations for test class [co.com.ceiba.estacionamiento.julian.henao.testIntegracionConsultaServicios.TestParqueaderoRegistro]: no resource found for suffixes {-context.xml, Context.groovy}.
2018-08-24 11:04:31.998  INFO 12712 --- [    Test worker] t.c.s.AnnotationConfigContextLoaderUtils : Could not detect default configuration classes for test class [co.com.ceiba.estacionamiento.julian.henao.testIntegracionConsultaServicios.TestParqueaderoRegistro]: TestParqueaderoRegistro does not declare any static, non-private, non-final, nested classes annotated with @Configuration.
2018-08-24 11:04:32.001  INFO 12712 --- [    Test worker] .b.t.c.SpringBootTestContextBootstrapper : Found @SpringBootConfiguration co.com.ceiba.estacionamiento.julian.henao.AdnJulianHenaoApplication for test class co.com.ceiba.estacionamiento.julian.henao.testIntegracionConsultaServicios.TestParqueaderoRegistro
2018-08-24 11:04:32.003  INFO 12712 --- [    Test worker] .b.t.c.SpringBootTestContextBootstrapper : Loaded default TestExecutionListener class names from location [META-INF/spring.factories]: [org.springframework.boot.test.autoconfigure.restdocs.RestDocsTestExecutionListener, org.springframework.boot.test.autoconfigure.web.client.MockRestServiceServerResetTestExecutionListener, org.springframework.boot.test.autoconfigure.web.servlet.MockMvcPrintOnlyOnFailureTestExecutionListener, org.springframework.boot.test.autoconfigure.web.servlet.WebDriverTestExecutionListener, org.springframework.boot.test.mock.mockito.MockitoTestExecutionListener, org.springframework.boot.test.mock.mockito.ResetMocksTestExecutionListener, org.springframework.test.context.web.ServletTestExecutionListener, org.springframework.test.context.support.DirtiesContextBeforeModesTestExecutionListener, org.springframework.test.context.support.DependencyInjectionTestExecutionListener, org.springframework.test.context.support.DirtiesContextTestExecutionListener, org.springframework.test.context.transaction.TransactionalTestExecutionListener, org.springframework.test.context.jdbc.SqlScriptsTestExecutionListener]
2018-08-24 11:04:32.003  INFO 12712 --- [    Test worker] .b.t.c.SpringBootTestContextBootstrapper : Using TestExecutionListeners: [org.springframework.test.context.web.ServletTestExecutionListener@496af0fc, org.springframework.test.context.support.DirtiesContextBeforeModesTestExecutionListener@3675cc15, org.springframework.boot.test.mock.mockito.MockitoTestExecutionListener@46460ef0, org.springframework.boot.test.autoconfigure.SpringBootDependencyInjectionTestExecutionListener@4bc781d5, org.springframework.test.context.support.DirtiesContextTestExecutionListener@55346541, org.springframework.test.context.transaction.TransactionalTestExecutionListener@4d390e96, org.springframework.test.context.jdbc.SqlScriptsTestExecutionListener@3bfea84f, org.springframework.boot.test.autoconfigure.restdocs.RestDocsTestExecutionListener@4cc04fcc, org.springframework.boot.test.autoconfigure.web.client.MockRestServiceServerResetTestExecutionListener@3aa82578, org.springframework.boot.test.autoconfigure.web.servlet.MockMvcPrintOnlyOnFailureTestExecutionListener@3fe0c105, org.springframework.boot.test.autoconfigure.web.servlet.WebDriverTestExecutionListener@7192ba66, org.springframework.boot.test.mock.mockito.ResetMocksTestExecutionListener@3fe225b7]
]]></system-out>
  <system-err><![CDATA[]]></system-err>
</testsuite>
