<?xml version="1.0" encoding="UTF-8"?>
<testsuite name="co.com.ceiba.estacionamiento.julian.henao.testUnitarioSalidaVehiculo.TestCalcularHorasParqueadero" tests="2" skipped="0" failures="0" errors="0" timestamp="2018-08-28T20:52:41" hostname="JULIAN-HENAO" time="0.009">
  <properties/>
  <testcase name="HorasCalculadasV1" classname="co.com.ceiba.estacionamiento.julian.henao.testUnitarioSalidaVehiculo.TestCalcularHorasParqueadero" time="0.004"/>
  <testcase name="HorasCalculadasV2" classname="co.com.ceiba.estacionamiento.julian.henao.testUnitarioSalidaVehiculo.TestCalcularHorasParqueadero" time="0.004"/>
  <system-out><![CDATA[2018-08-28 15:52:41.819  INFO 15672 --- [    Test worker] .b.t.c.SpringBootTestContextBootstrapper : Neither @ContextConfiguration nor @ContextHierarchy found for test class [co.com.ceiba.estacionamiento.julian.henao.testUnitarioSalidaVehiculo.TestCalcularHorasParqueadero], using SpringBootContextLoader
2018-08-28 15:52:41.820  INFO 15672 --- [    Test worker] o.s.t.c.support.AbstractContextLoader    : Could not detect default resource locations for test class [co.com.ceiba.estacionamiento.julian.henao.testUnitarioSalidaVehiculo.TestCalcularHorasParqueadero]: no resource found for suffixes {-context.xml, Context.groovy}.
2018-08-28 15:52:41.821  INFO 15672 --- [    Test worker] t.c.s.AnnotationConfigContextLoaderUtils : Could not detect default configuration classes for test class [co.com.ceiba.estacionamiento.julian.henao.testUnitarioSalidaVehiculo.TestCalcularHorasParqueadero]: TestCalcularHorasParqueadero does not declare any static, non-private, non-final, nested classes annotated with @Configuration.
2018-08-28 15:52:41.832  INFO 15672 --- [    Test worker] .b.t.c.SpringBootTestContextBootstrapper : Found @SpringBootConfiguration co.com.ceiba.estacionamiento.julian.henao.AdnJulianHenaoApplication for test class co.com.ceiba.estacionamiento.julian.henao.testUnitarioSalidaVehiculo.TestCalcularHorasParqueadero
2018-08-28 15:52:41.836  INFO 15672 --- [    Test worker] .b.t.c.SpringBootTestContextBootstrapper : Loaded default TestExecutionListener class names from location [META-INF/spring.factories]: [org.springframework.boot.test.autoconfigure.restdocs.RestDocsTestExecutionListener, org.springframework.boot.test.autoconfigure.web.client.MockRestServiceServerResetTestExecutionListener, org.springframework.boot.test.autoconfigure.web.servlet.MockMvcPrintOnlyOnFailureTestExecutionListener, org.springframework.boot.test.autoconfigure.web.servlet.WebDriverTestExecutionListener, org.springframework.boot.test.mock.mockito.MockitoTestExecutionListener, org.springframework.boot.test.mock.mockito.ResetMocksTestExecutionListener, org.springframework.test.context.web.ServletTestExecutionListener, org.springframework.test.context.support.DirtiesContextBeforeModesTestExecutionListener, org.springframework.test.context.support.DependencyInjectionTestExecutionListener, org.springframework.test.context.support.DirtiesContextTestExecutionListener, org.springframework.test.context.transaction.TransactionalTestExecutionListener, org.springframework.test.context.jdbc.SqlScriptsTestExecutionListener]
2018-08-28 15:52:41.837  INFO 15672 --- [    Test worker] .b.t.c.SpringBootTestContextBootstrapper : Using TestExecutionListeners: [org.springframework.test.context.web.ServletTestExecutionListener@5fd8b2ed, org.springframework.test.context.support.DirtiesContextBeforeModesTestExecutionListener@4b3e9964, org.springframework.boot.test.mock.mockito.MockitoTestExecutionListener@69a2e7fd, org.springframework.boot.test.autoconfigure.SpringBootDependencyInjectionTestExecutionListener@2d601d84, org.springframework.test.context.support.DirtiesContextTestExecutionListener@37b58d1f, org.springframework.test.context.transaction.TransactionalTestExecutionListener@8ffd734, org.springframework.test.context.jdbc.SqlScriptsTestExecutionListener@769c44d9, org.springframework.boot.test.autoconfigure.restdocs.RestDocsTestExecutionListener@5b3debb3, org.springframework.boot.test.autoconfigure.web.client.MockRestServiceServerResetTestExecutionListener@40fb58be, org.springframework.boot.test.autoconfigure.web.servlet.MockMvcPrintOnlyOnFailureTestExecutionListener@364b71e2, org.springframework.boot.test.autoconfigure.web.servlet.WebDriverTestExecutionListener@22e5417e, org.springframework.boot.test.mock.mockito.ResetMocksTestExecutionListener@16b156e2]
]]></system-out>
  <system-err><![CDATA[]]></system-err>
</testsuite>
