<?xml version="1.0" encoding="UTF-8"?>
<testsuite name="co.com.ceiba.estacionamiento.julian.henao.testUnit.EntradaVehiculo.TestReglaVehiculoSinSalirVuelveAEntrar" tests="2" skipped="0" failures="0" errors="0" timestamp="2018-10-05T18:32:33" hostname="JULIAN-HENAO" time="0.029">
  <properties/>
  <testcase name="ReglaVehiculoSINRegistrarPuedeEntrar" classname="co.com.ceiba.estacionamiento.julian.henao.testUnit.EntradaVehiculo.TestReglaVehiculoSinSalirVuelveAEntrar" time="0.019"/>
  <testcase name="ReglaVehiculoRegistradoNoPuedeVolverAEntrar" classname="co.com.ceiba.estacionamiento.julian.henao.testUnit.EntradaVehiculo.TestReglaVehiculoSinSalirVuelveAEntrar" time="0.007"/>
  <system-out><![CDATA[2018-10-05 13:32:30.592  INFO 7496 --- [    Test worker] .b.t.c.SpringBootTestContextBootstrapper : Neither @ContextConfiguration nor @ContextHierarchy found for test class [co.com.ceiba.estacionamiento.julian.henao.testUnit.EntradaVehiculo.TestReglaVehiculoSinSalirVuelveAEntrar], using SpringBootContextLoader
2018-10-05 13:32:30.594  INFO 7496 --- [    Test worker] o.s.t.c.support.AbstractContextLoader    : Could not detect default resource locations for test class [co.com.ceiba.estacionamiento.julian.henao.testUnit.EntradaVehiculo.TestReglaVehiculoSinSalirVuelveAEntrar]: no resource found for suffixes {-context.xml, Context.groovy}.
2018-10-05 13:32:30.594  INFO 7496 --- [    Test worker] t.c.s.AnnotationConfigContextLoaderUtils : Could not detect default configuration classes for test class [co.com.ceiba.estacionamiento.julian.henao.testUnit.EntradaVehiculo.TestReglaVehiculoSinSalirVuelveAEntrar]: TestReglaVehiculoSinSalirVuelveAEntrar does not declare any static, non-private, non-final, nested classes annotated with @Configuration.
2018-10-05 13:32:30.600  INFO 7496 --- [    Test worker] .b.t.c.SpringBootTestContextBootstrapper : Found @SpringBootConfiguration co.com.ceiba.estacionamiento.julian.henao.AdnJulianHenaoApplication for test class co.com.ceiba.estacionamiento.julian.henao.testUnit.EntradaVehiculo.TestReglaVehiculoSinSalirVuelveAEntrar
2018-10-05 13:32:30.603  INFO 7496 --- [    Test worker] .b.t.c.SpringBootTestContextBootstrapper : Loaded default TestExecutionListener class names from location [META-INF/spring.factories]: [org.springframework.boot.test.autoconfigure.restdocs.RestDocsTestExecutionListener, org.springframework.boot.test.autoconfigure.web.client.MockRestServiceServerResetTestExecutionListener, org.springframework.boot.test.autoconfigure.web.servlet.MockMvcPrintOnlyOnFailureTestExecutionListener, org.springframework.boot.test.autoconfigure.web.servlet.WebDriverTestExecutionListener, org.springframework.boot.test.mock.mockito.MockitoTestExecutionListener, org.springframework.boot.test.mock.mockito.ResetMocksTestExecutionListener, org.springframework.test.context.web.ServletTestExecutionListener, org.springframework.test.context.support.DirtiesContextBeforeModesTestExecutionListener, org.springframework.test.context.support.DependencyInjectionTestExecutionListener, org.springframework.test.context.support.DirtiesContextTestExecutionListener, org.springframework.test.context.transaction.TransactionalTestExecutionListener, org.springframework.test.context.jdbc.SqlScriptsTestExecutionListener]
2018-10-05 13:32:30.603  INFO 7496 --- [    Test worker] .b.t.c.SpringBootTestContextBootstrapper : Using TestExecutionListeners: [org.springframework.test.context.web.ServletTestExecutionListener@735943fd, org.springframework.test.context.support.DirtiesContextBeforeModesTestExecutionListener@7e3ea568, org.springframework.boot.test.mock.mockito.MockitoTestExecutionListener@10d4c3a6, org.springframework.boot.test.autoconfigure.SpringBootDependencyInjectionTestExecutionListener@396e2adc, org.springframework.test.context.support.DirtiesContextTestExecutionListener@91d0a7, org.springframework.test.context.transaction.TransactionalTestExecutionListener@b0f2038, org.springframework.test.context.jdbc.SqlScriptsTestExecutionListener@3d700b0c, org.springframework.boot.test.autoconfigure.restdocs.RestDocsTestExecutionListener@7580feb4, org.springframework.boot.test.autoconfigure.web.client.MockRestServiceServerResetTestExecutionListener@7b1a1c4b, org.springframework.boot.test.autoconfigure.web.servlet.MockMvcPrintOnlyOnFailureTestExecutionListener@9e6fdf0, org.springframework.boot.test.autoconfigure.web.servlet.WebDriverTestExecutionListener@3473afab, org.springframework.boot.test.mock.mockito.ResetMocksTestExecutionListener@46f482cf]

  .   ____          _            __ _ _
 /\\ / ___'_ __ _ _(_)_ __  __ _ \ \ \ \
( ( )\___ | '_ | '_| | '_ \/ _` | \ \ \ \
 \\/  ___)| |_)| | | | | || (_| |  ) ) ) )
  '  |____| .__|_| |_|_| |_\__, | / / / /
 =========|_|==============|___/=/_/_/_/
 :: Spring Boot ::             (v2.1.0.M1)

2018-10-05 13:32:30.672  INFO 7496 --- [    Test worker] E.TestReglaVehiculoSinSalirVuelveAEntrar : Starting TestReglaVehiculoSinSalirVuelveAEntrar on JULIAN-HENAO with PID 7496 (started by julian.henao in C:\Users\julian.henao\workspace\adnjulianhenao)
2018-10-05 13:32:30.675  INFO 7496 --- [    Test worker] E.TestReglaVehiculoSinSalirVuelveAEntrar : No active profile set, falling back to default profiles: default
2018-10-05 13:32:31.687  INFO 7496 --- [    Test worker] trationDelegate$BeanPostProcessorChecker : Bean 'org.springframework.transaction.annotation.ProxyTransactionManagementConfiguration' of type [org.springframework.transaction.annotation.ProxyTransactionManagementConfiguration$$EnhancerBySpringCGLIB$$a7b88a11] is not eligible for getting processed by all BeanPostProcessors (for example: not eligible for auto-proxying)
2018-10-05 13:32:31.717  INFO 7496 --- [    Test worker] trationDelegate$BeanPostProcessorChecker : Bean 'org.springframework.hateoas.config.HateoasConfiguration' of type [org.springframework.hateoas.config.HateoasConfiguration$$EnhancerBySpringCGLIB$$2738d743] is not eligible for getting processed by all BeanPostProcessors (for example: not eligible for auto-proxying)
2018-10-05 13:32:31.867  INFO 7496 --- [    Test worker] com.zaxxer.hikari.HikariDataSource       : HikariPool-5 - Starting...
2018-10-05 13:32:31.869  INFO 7496 --- [    Test worker] com.zaxxer.hikari.HikariDataSource       : HikariPool-5 - Start completed.
2018-10-05 13:32:31.928  INFO 7496 --- [    Test worker] o.hibernate.jpa.internal.util.LogHelper  : HHH000204: Processing PersistenceUnitInfo [
	name: default
	...]
2018-10-05 13:32:31.962  INFO 7496 --- [    Test worker] org.hibernate.dialect.Dialect            : HHH000400: Using dialect: org.hibernate.dialect.H2Dialect
2018-10-05 13:32:32.074  INFO 7496 --- [    Test worker] o.h.t.schema.internal.SchemaCreatorImpl  : HHH000476: Executing import script 'ScriptSourceInputFromUrl(file:/C:/Users/julian.henao/workspace/adnjulianhenao/build/resources/main/import.sql)'
2018-10-05 13:32:32.082  INFO 7496 --- [    Test worker] j.LocalContainerEntityManagerFactoryBean : Initialized JPA EntityManagerFactory for persistence unit 'default'
2018-10-05 13:32:33.154  WARN 7496 --- [    Test worker] aWebConfiguration$JpaWebMvcConfiguration : spring.jpa.open-in-view is enabled by default. Therefore, database queries may be performed during view rendering. Explicitly configure spring.jpa.open-in-view to disable this warning
2018-10-05 13:32:33.311  INFO 7496 --- [    Test worker] o.s.b.a.w.s.WelcomePageHandlerMapping    : Adding welcome page: class path resource [static/index.html]
2018-10-05 13:32:33.759  INFO 7496 --- [    Test worker] E.TestReglaVehiculoSinSalirVuelveAEntrar : Started TestReglaVehiculoSinSalirVuelveAEntrar in 3.152 seconds (JVM running for 39.536)
]]></system-out>
  <system-err><![CDATA[]]></system-err>
</testsuite>
