<?xml version="1.0" encoding="UTF-8"?>
<testsuite name="co.com.ceiba.estacionamiento.julian.henao.testIntegracionEntradaVehiculo.TestRegistrarVehiculo" tests="3" skipped="0" failures="0" errors="0" timestamp="2018-08-22T21:37:06" hostname="JULIAN-HENAO" time="0.296">
  <properties/>
  <testcase name="InsertarPlacaExistenteYaSalio" classname="co.com.ceiba.estacionamiento.julian.henao.testIntegracionEntradaVehiculo.TestRegistrarVehiculo" time="0.201"/>
  <testcase name="InsertarPlacaInexistente" classname="co.com.ceiba.estacionamiento.julian.henao.testIntegracionEntradaVehiculo.TestRegistrarVehiculo" time="0.063"/>
  <testcase name="InsertarPlacaExistenteSinSalir" classname="co.com.ceiba.estacionamiento.julian.henao.testIntegracionEntradaVehiculo.TestRegistrarVehiculo" time="0.029"/>
  <system-out><![CDATA[2018-08-22 16:37:02.368  INFO 10572 --- [    Test worker] .b.t.c.SpringBootTestContextBootstrapper : Neither @ContextConfiguration nor @ContextHierarchy found for test class [co.com.ceiba.estacionamiento.julian.henao.testIntegracionEntradaVehiculo.TestRegistrarVehiculo], using SpringBootContextLoader
2018-08-22 16:37:02.369  INFO 10572 --- [    Test worker] o.s.t.c.support.AbstractContextLoader    : Could not detect default resource locations for test class [co.com.ceiba.estacionamiento.julian.henao.testIntegracionEntradaVehiculo.TestRegistrarVehiculo]: no resource found for suffixes {-context.xml, Context.groovy}.
2018-08-22 16:37:02.370  INFO 10572 --- [    Test worker] t.c.s.AnnotationConfigContextLoaderUtils : Could not detect default configuration classes for test class [co.com.ceiba.estacionamiento.julian.henao.testIntegracionEntradaVehiculo.TestRegistrarVehiculo]: TestRegistrarVehiculo does not declare any static, non-private, non-final, nested classes annotated with @Configuration.
2018-08-22 16:37:02.393  INFO 10572 --- [    Test worker] .b.t.c.SpringBootTestContextBootstrapper : Found @SpringBootConfiguration co.com.ceiba.estacionamiento.julian.henao.AdnJulianHenaoApplication for test class co.com.ceiba.estacionamiento.julian.henao.testIntegracionEntradaVehiculo.TestRegistrarVehiculo
2018-08-22 16:37:02.397  INFO 10572 --- [    Test worker] .b.t.c.SpringBootTestContextBootstrapper : Loaded default TestExecutionListener class names from location [META-INF/spring.factories]: [org.springframework.boot.test.autoconfigure.restdocs.RestDocsTestExecutionListener, org.springframework.boot.test.autoconfigure.web.client.MockRestServiceServerResetTestExecutionListener, org.springframework.boot.test.autoconfigure.web.servlet.MockMvcPrintOnlyOnFailureTestExecutionListener, org.springframework.boot.test.autoconfigure.web.servlet.WebDriverTestExecutionListener, org.springframework.boot.test.mock.mockito.MockitoTestExecutionListener, org.springframework.boot.test.mock.mockito.ResetMocksTestExecutionListener, org.springframework.test.context.web.ServletTestExecutionListener, org.springframework.test.context.support.DirtiesContextBeforeModesTestExecutionListener, org.springframework.test.context.support.DependencyInjectionTestExecutionListener, org.springframework.test.context.support.DirtiesContextTestExecutionListener, org.springframework.test.context.transaction.TransactionalTestExecutionListener, org.springframework.test.context.jdbc.SqlScriptsTestExecutionListener]
2018-08-22 16:37:02.399  INFO 10572 --- [    Test worker] .b.t.c.SpringBootTestContextBootstrapper : Using TestExecutionListeners: [org.springframework.test.context.web.ServletTestExecutionListener@5ba12a2b, org.springframework.test.context.support.DirtiesContextBeforeModesTestExecutionListener@3c46f8bb, org.springframework.boot.test.mock.mockito.MockitoTestExecutionListener@27ecab2, org.springframework.boot.test.autoconfigure.SpringBootDependencyInjectionTestExecutionListener@8087256, org.springframework.test.context.support.DirtiesContextTestExecutionListener@5a2af10e, org.springframework.test.context.transaction.TransactionalTestExecutionListener@51a249d0, org.springframework.test.context.jdbc.SqlScriptsTestExecutionListener@25fd220c, org.springframework.boot.test.autoconfigure.restdocs.RestDocsTestExecutionListener@6e2c6e27, org.springframework.boot.test.autoconfigure.web.client.MockRestServiceServerResetTestExecutionListener@6303506d, org.springframework.boot.test.autoconfigure.web.servlet.MockMvcPrintOnlyOnFailureTestExecutionListener@202c7914, org.springframework.boot.test.autoconfigure.web.servlet.WebDriverTestExecutionListener@6c8dc25f, org.springframework.boot.test.mock.mockito.ResetMocksTestExecutionListener@615dd4bf]

  .   ____          _            __ _ _
 /\\ / ___'_ __ _ _(_)_ __  __ _ \ \ \ \
( ( )\___ | '_ | '_| | '_ \/ _` | \ \ \ \
 \\/  ___)| |_)| | | | | || (_| |  ) ) ) )
  '  |____| .__|_| |_|_| |_\__, | / / / /
 =========|_|==============|___/=/_/_/_/
 :: Spring Boot ::             (v2.1.0.M1)

2018-08-22 16:37:02.463  INFO 10572 --- [    Test worker] c.c.c.e.j.h.t.TestRegistrarVehiculo      : Starting TestRegistrarVehiculo on JULIAN-HENAO with PID 10572 (started by julian.henao in C:\Users\julian.henao\workspace\adnjulianhenao)
2018-08-22 16:37:02.464  INFO 10572 --- [    Test worker] c.c.c.e.j.h.t.TestRegistrarVehiculo      : No active profile set, falling back to default profiles: default
2018-08-22 16:37:03.259  INFO 10572 --- [    Test worker] beddedDataSourceBeanFactoryPostProcessor : Replacing 'dataSource' DataSource bean with embedded version
2018-08-22 16:37:03.388  INFO 10572 --- [    Test worker] trationDelegate$BeanPostProcessorChecker : Bean 'org.springframework.transaction.annotation.ProxyTransactionManagementConfiguration' of type [org.springframework.transaction.annotation.ProxyTransactionManagementConfiguration$$EnhancerBySpringCGLIB$$e9eaf24b] is not eligible for getting processed by all BeanPostProcessors (for example: not eligible for auto-proxying)
2018-08-22 16:37:03.434  INFO 10572 --- [    Test worker] trationDelegate$BeanPostProcessorChecker : Bean 'org.springframework.hateoas.config.HateoasConfiguration' of type [org.springframework.hateoas.config.HateoasConfiguration$$EnhancerBySpringCGLIB$$696b3f7d] is not eligible for getting processed by all BeanPostProcessors (for example: not eligible for auto-proxying)
2018-08-22 16:37:04.113  INFO 10572 --- [    Test worker] o.s.b.w.embedded.tomcat.TomcatWebServer  : Tomcat initialized with port(s): 0 (http)
2018-08-22 16:37:04.115  INFO 10572 --- [    Test worker] o.apache.catalina.core.StandardService   : Starting service [Tomcat]
2018-08-22 16:37:04.119  INFO 10572 --- [    Test worker] org.apache.catalina.core.StandardEngine  : Starting Servlet Engine: Apache Tomcat/9.0.10
2018-08-22 16:37:04.152  INFO 10572 --- [    Test worker] o.a.c.c.C.[Tomcat-1].[localhost].[/]     : Initializing Spring embedded WebApplicationContext
2018-08-22 16:37:04.152  INFO 10572 --- [    Test worker] o.s.web.context.ContextLoader            : Root WebApplicationContext: initialization completed in 1684 ms
2018-08-22 16:37:04.285  INFO 10572 --- [    Test worker] o.s.b.w.servlet.ServletRegistrationBean  : Servlet dispatcherServlet mapped to [/]
2018-08-22 16:37:04.286  INFO 10572 --- [    Test worker] o.s.b.w.servlet.ServletRegistrationBean  : Servlet webServlet mapped to [/h2/*]
2018-08-22 16:37:04.286  INFO 10572 --- [    Test worker] o.s.b.w.servlet.FilterRegistrationBean   : Mapping filter: 'characterEncodingFilter' to: [/*]
2018-08-22 16:37:04.286  INFO 10572 --- [    Test worker] o.s.b.w.servlet.FilterRegistrationBean   : Mapping filter: 'hiddenHttpMethodFilter' to: [/*]
2018-08-22 16:37:04.287  INFO 10572 --- [    Test worker] o.s.b.w.servlet.FilterRegistrationBean   : Mapping filter: 'httpPutFormContentFilter' to: [/*]
2018-08-22 16:37:04.287  INFO 10572 --- [    Test worker] o.s.b.w.servlet.FilterRegistrationBean   : Mapping filter: 'requestContextFilter' to: [/*]
2018-08-22 16:37:04.321  INFO 10572 --- [    Test worker] o.s.j.d.e.EmbeddedDatabaseFactory        : Starting embedded database: url='jdbc:h2:mem:b5434f42-4e9d-4600-acd9-0058f60c6011;DB_CLOSE_DELAY=-1;DB_CLOSE_ON_EXIT=false', username='sa'
2018-08-22 16:37:04.510  INFO 10572 --- [    Test worker] o.hibernate.jpa.internal.util.LogHelper  : HHH000204: Processing PersistenceUnitInfo [
	name: default
	...]
2018-08-22 16:37:04.534  INFO 10572 --- [    Test worker] org.hibernate.dialect.Dialect            : HHH000400: Using dialect: org.hibernate.dialect.H2Dialect
2018-08-22 16:37:04.632  INFO 10572 --- [    Test worker] o.h.t.schema.internal.SchemaCreatorImpl  : HHH000476: Executing import script 'org.hibernate.tool.schema.internal.exec.ScriptSourceInputNonExistentImpl@4bfcbc05'
2018-08-22 16:37:04.633  INFO 10572 --- [    Test worker] j.LocalContainerEntityManagerFactoryBean : Initialized JPA EntityManagerFactory for persistence unit 'default'
2018-08-22 16:37:05.564  WARN 10572 --- [    Test worker] aWebConfiguration$JpaWebMvcConfiguration : spring.jpa.open-in-view is enabled by default. Therefore, database queries may be performed during view rendering. Explicitly configure spring.jpa.open-in-view to disable this warning
2018-08-22 16:37:06.129  INFO 10572 --- [    Test worker] o.s.b.w.embedded.tomcat.TomcatWebServer  : Tomcat started on port(s): 53657 (http) with context path ''
2018-08-22 16:37:06.130  INFO 10572 --- [    Test worker] c.c.c.e.j.h.t.TestRegistrarVehiculo      : Started TestRegistrarVehiculo in 3.727 seconds (JVM running for 19.431)
2018-08-22 16:37:06.165  INFO 10572 --- [    Test worker] o.h.h.i.QueryTranslatorFactoryInitiator  : HHH000397: Using ASTQueryTranslatorFactory
]]></system-out>
  <system-err><![CDATA[]]></system-err>
</testsuite>
