<?xml version="1.0" encoding="UTF-8"?>
<testsuite name="co.com.ceiba.estacionamiento.julian.henao.functionalTest.Runner.TestIngresarVehiculo" tests="0" skipped="0" failures="0" errors="0" timestamp="1970-01-01T00:00:00" hostname="JULIAN-HENAO" time="0.0">
  <properties/>
  <system-out><![CDATA[Usuario ingresando placa y escogiendo automovil
Placa: GDG844 Tipo de Vehiculo: Automovil

?[31mFailed scenarios:?[0m
?[31menterVehicule.feature:8 ?[0m# Scenario: the user should be able to enter vehicule automovil

1 Scenarios (?[31m1 failed?[0m)
3 Steps (?[31m1 failed?[0m, ?[36m1 skipped?[0m, ?[32m1 passed?[0m)
0m19.928s

org.openqa.selenium.NoSuchElementException: Cannot locate element with text: Automovil
For documentation on this error, please visit: http://seleniumhq.org/exceptions/no_such_element.html
Build info: version: '3.13.0', revision: '2f0d292', time: '2018-06-25T15:24:21.231Z'
System info: host: 'JULIAN-HENAO', ip: '192.168.2.23', os.name: 'Windows 10', os.arch: 'amd64', os.version: '10.0', java.version: '1.8.0_181'
Driver info: driver.version: unknown
	at org.openqa.selenium.support.ui.Select.selectByVisibleText(Select.java:151)
	at co.com.ceiba.estacionamiento.julian.henao.pageObjects.IngresarVehiculo.seleccionarTipoVehiculo(IngresarVehiculo.java:47)
	at co.com.ceiba.estacionamiento.julian.henao.functionalTest.StepDefinition.PasoCrearVehiculo.user_enters_car_plate_and_choose_automovil(PasoCrearVehiculo.java:58)
	at ?.When the user enters car plate and choose automovil(enterVehicule.feature:9)

]]></system-out>
  <system-err><![CDATA[]]></system-err>
</testsuite>
