<?xml version="1.0" encoding="UTF-8"?>
<testsuite name="co.com.ceiba.estacionamiento.julian.henao.testIntegration.ConsultaServicios.TestVehiculo" tests="3" skipped="0" failures="0" errors="0" timestamp="2018-09-20T17:29:19" hostname="JULIAN-HENAO" time="0.16">
  <properties/>
  <testcase name="crearVehiculoExitoso" classname="co.com.ceiba.estacionamiento.julian.henao.testIntegration.ConsultaServicios.TestVehiculo" time="0.106"/>
  <testcase name="crearVehiculoNulo" classname="co.com.ceiba.estacionamiento.julian.henao.testIntegration.ConsultaServicios.TestVehiculo" time="0.017"/>
  <testcase name="obtenerVehiculos" classname="co.com.ceiba.estacionamiento.julian.henao.testIntegration.ConsultaServicios.TestVehiculo" time="0.035"/>
  <system-out><![CDATA[2018-09-20 12:29:19.813  INFO 6032 --- [    Test worker] .b.t.c.SpringBootTestContextBootstrapper : Neither @ContextConfiguration nor @ContextHierarchy found for test class [co.com.ceiba.estacionamiento.julian.henao.testIntegration.ConsultaServicios.TestVehiculo], using SpringBootContextLoader
2018-09-20 12:29:19.818  INFO 6032 --- [    Test worker] o.s.t.c.support.AbstractContextLoader    : Could not detect default resource locations for test class [co.com.ceiba.estacionamiento.julian.henao.testIntegration.ConsultaServicios.TestVehiculo]: no resource found for suffixes {-context.xml, Context.groovy}.
2018-09-20 12:29:19.820  INFO 6032 --- [    Test worker] t.c.s.AnnotationConfigContextLoaderUtils : Could not detect default configuration classes for test class [co.com.ceiba.estacionamiento.julian.henao.testIntegration.ConsultaServicios.TestVehiculo]: TestVehiculo does not declare any static, non-private, non-final, nested classes annotated with @Configuration.
2018-09-20 12:29:19.826  INFO 6032 --- [    Test worker] .b.t.c.SpringBootTestContextBootstrapper : Found @SpringBootConfiguration co.com.ceiba.estacionamiento.julian.henao.AdnJulianHenaoApplication for test class co.com.ceiba.estacionamiento.julian.henao.testIntegration.ConsultaServicios.TestVehiculo
2018-09-20 12:29:19.829  INFO 6032 --- [    Test worker] .b.t.c.SpringBootTestContextBootstrapper : Loaded default TestExecutionListener class names from location [META-INF/spring.factories]: [org.springframework.boot.test.autoconfigure.restdocs.RestDocsTestExecutionListener, org.springframework.boot.test.autoconfigure.web.client.MockRestServiceServerResetTestExecutionListener, org.springframework.boot.test.autoconfigure.web.servlet.MockMvcPrintOnlyOnFailureTestExecutionListener, org.springframework.boot.test.autoconfigure.web.servlet.WebDriverTestExecutionListener, org.springframework.boot.test.mock.mockito.MockitoTestExecutionListener, org.springframework.boot.test.mock.mockito.ResetMocksTestExecutionListener, org.springframework.test.context.web.ServletTestExecutionListener, org.springframework.test.context.support.DirtiesContextBeforeModesTestExecutionListener, org.springframework.test.context.support.DependencyInjectionTestExecutionListener, org.springframework.test.context.support.DirtiesContextTestExecutionListener, org.springframework.test.context.transaction.TransactionalTestExecutionListener, org.springframework.test.context.jdbc.SqlScriptsTestExecutionListener]
2018-09-20 12:29:19.831  INFO 6032 --- [    Test worker] .b.t.c.SpringBootTestContextBootstrapper : Using TestExecutionListeners: [org.springframework.test.context.web.ServletTestExecutionListener@60f739e0, org.springframework.test.context.support.DirtiesContextBeforeModesTestExecutionListener@1fd3346f, org.springframework.boot.test.mock.mockito.MockitoTestExecutionListener@76bc37e5, org.springframework.boot.test.autoconfigure.SpringBootDependencyInjectionTestExecutionListener@5fe30a52, org.springframework.test.context.support.DirtiesContextTestExecutionListener@6020077, org.springframework.test.context.transaction.TransactionalTestExecutionListener@f42c94, org.springframework.test.context.jdbc.SqlScriptsTestExecutionListener@17e03070, org.springframework.boot.test.autoconfigure.restdocs.RestDocsTestExecutionListener@50161944, org.springframework.boot.test.autoconfigure.web.client.MockRestServiceServerResetTestExecutionListener@4681aa89, org.springframework.boot.test.autoconfigure.web.servlet.MockMvcPrintOnlyOnFailureTestExecutionListener@67b0ae41, org.springframework.boot.test.autoconfigure.web.servlet.WebDriverTestExecutionListener@71c57177, org.springframework.boot.test.mock.mockito.ResetMocksTestExecutionListener@11f99a32]
]]></system-out>
  <system-err><![CDATA[]]></system-err>
</testsuite>
