<?xml version="1.0" encoding="UTF-8"?>
<testsuite name="co.com.ceiba.estacionamiento.julian.henao.testIntegration.SalidaVehiculo.TestSalidaVehiculo" tests="4" skipped="0" failures="0" errors="0" timestamp="2018-09-20T17:29:28" hostname="JULIAN-HENAO" time="0.314">
  <properties/>
  <testcase name="ReglaConCilindrajeMayor500Moto" classname="co.com.ceiba.estacionamiento.julian.henao.testIntegration.SalidaVehiculo.TestSalidaVehiculo" time="0.147"/>
  <testcase name="ReglaConCilindrajeMENOR500Automovil" classname="co.com.ceiba.estacionamiento.julian.henao.testIntegration.SalidaVehiculo.TestSalidaVehiculo" time="0.057"/>
  <testcase name="ReglaConCilindrajeMENOR500Moto" classname="co.com.ceiba.estacionamiento.julian.henao.testIntegration.SalidaVehiculo.TestSalidaVehiculo" time="0.056"/>
  <testcase name="ReglaConCilindrajeMAYOR500Automovil" classname="co.com.ceiba.estacionamiento.julian.henao.testIntegration.SalidaVehiculo.TestSalidaVehiculo" time="0.049"/>
  <system-out><![CDATA[2018-09-20 12:29:25.276  INFO 6032 --- [    Test worker] .b.t.c.SpringBootTestContextBootstrapper : Neither @ContextConfiguration nor @ContextHierarchy found for test class [co.com.ceiba.estacionamiento.julian.henao.testIntegration.SalidaVehiculo.TestSalidaVehiculo], using SpringBootContextLoader
2018-09-20 12:29:25.278  INFO 6032 --- [    Test worker] o.s.t.c.support.AbstractContextLoader    : Could not detect default resource locations for test class [co.com.ceiba.estacionamiento.julian.henao.testIntegration.SalidaVehiculo.TestSalidaVehiculo]: no resource found for suffixes {-context.xml, Context.groovy}.
2018-09-20 12:29:25.278  INFO 6032 --- [    Test worker] t.c.s.AnnotationConfigContextLoaderUtils : Could not detect default configuration classes for test class [co.com.ceiba.estacionamiento.julian.henao.testIntegration.SalidaVehiculo.TestSalidaVehiculo]: TestSalidaVehiculo does not declare any static, non-private, non-final, nested classes annotated with @Configuration.
2018-09-20 12:29:25.290  INFO 6032 --- [    Test worker] .b.t.c.SpringBootTestContextBootstrapper : Found @SpringBootConfiguration co.com.ceiba.estacionamiento.julian.henao.AdnJulianHenaoApplication for test class co.com.ceiba.estacionamiento.julian.henao.testIntegration.SalidaVehiculo.TestSalidaVehiculo
2018-09-20 12:29:25.292  INFO 6032 --- [    Test worker] .b.t.c.SpringBootTestContextBootstrapper : Loaded default TestExecutionListener class names from location [META-INF/spring.factories]: [org.springframework.boot.test.autoconfigure.restdocs.RestDocsTestExecutionListener, org.springframework.boot.test.autoconfigure.web.client.MockRestServiceServerResetTestExecutionListener, org.springframework.boot.test.autoconfigure.web.servlet.MockMvcPrintOnlyOnFailureTestExecutionListener, org.springframework.boot.test.autoconfigure.web.servlet.WebDriverTestExecutionListener, org.springframework.boot.test.mock.mockito.MockitoTestExecutionListener, org.springframework.boot.test.mock.mockito.ResetMocksTestExecutionListener, org.springframework.test.context.web.ServletTestExecutionListener, org.springframework.test.context.support.DirtiesContextBeforeModesTestExecutionListener, org.springframework.test.context.support.DependencyInjectionTestExecutionListener, org.springframework.test.context.support.DirtiesContextTestExecutionListener, org.springframework.test.context.transaction.TransactionalTestExecutionListener, org.springframework.test.context.jdbc.SqlScriptsTestExecutionListener]
2018-09-20 12:29:25.293  INFO 6032 --- [    Test worker] .b.t.c.SpringBootTestContextBootstrapper : Using TestExecutionListeners: [org.springframework.test.context.web.ServletTestExecutionListener@39b5c57e, org.springframework.test.context.support.DirtiesContextBeforeModesTestExecutionListener@887ce90, org.springframework.boot.test.mock.mockito.MockitoTestExecutionListener@5649c3c8, org.springframework.boot.test.autoconfigure.SpringBootDependencyInjectionTestExecutionListener@33e32533, org.springframework.test.context.support.DirtiesContextTestExecutionListener@246a9804, org.springframework.test.context.transaction.TransactionalTestExecutionListener@122f3157, org.springframework.test.context.jdbc.SqlScriptsTestExecutionListener@a60e759, org.springframework.boot.test.autoconfigure.restdocs.RestDocsTestExecutionListener@2000919b, org.springframework.boot.test.autoconfigure.web.client.MockRestServiceServerResetTestExecutionListener@505a9727, org.springframework.boot.test.autoconfigure.web.servlet.MockMvcPrintOnlyOnFailureTestExecutionListener@3b94b1f2, org.springframework.boot.test.autoconfigure.web.servlet.WebDriverTestExecutionListener@36c3c3f6, org.springframework.boot.test.mock.mockito.ResetMocksTestExecutionListener@12eb00fc]

  .   ____          _            __ _ _
 /\\ / ___'_ __ _ _(_)_ __  __ _ \ \ \ \
( ( )\___ | '_ | '_| | '_ \/ _` | \ \ \ \
 \\/  ___)| |_)| | | | | || (_| |  ) ) ) )
  '  |____| .__|_| |_|_| |_\__, | / / / /
 =========|_|==============|___/=/_/_/_/
 :: Spring Boot ::             (v2.1.0.M1)

2018-09-20 12:29:25.354  INFO 6032 --- [    Test worker] c.c.c.e.j.h.t.S.TestSalidaVehiculo       : Starting TestSalidaVehiculo on JULIAN-HENAO with PID 6032 (started by julian.henao in C:\Users\julian.henao\workspace\adnjulianhenao)
2018-09-20 12:29:25.355  INFO 6032 --- [    Test worker] c.c.c.e.j.h.t.S.TestSalidaVehiculo       : No active profile set, falling back to default profiles: default
2018-09-20 12:29:25.883  INFO 6032 --- [    Test worker] beddedDataSourceBeanFactoryPostProcessor : Replacing 'dataSource' DataSource bean with embedded version
2018-09-20 12:29:26.119  INFO 6032 --- [    Test worker] trationDelegate$BeanPostProcessorChecker : Bean 'org.springframework.transaction.annotation.ProxyTransactionManagementConfiguration' of type [org.springframework.transaction.annotation.ProxyTransactionManagementConfiguration$$EnhancerBySpringCGLIB$$938ad028] is not eligible for getting processed by all BeanPostProcessors (for example: not eligible for auto-proxying)
2018-09-20 12:29:26.141  INFO 6032 --- [    Test worker] trationDelegate$BeanPostProcessorChecker : Bean 'org.springframework.hateoas.config.HateoasConfiguration' of type [org.springframework.hateoas.config.HateoasConfiguration$$EnhancerBySpringCGLIB$$130b1d5a] is not eligible for getting processed by all BeanPostProcessors (for example: not eligible for auto-proxying)
2018-09-20 12:29:26.328  INFO 6032 --- [    Test worker] o.s.b.w.embedded.tomcat.TomcatWebServer  : Tomcat initialized with port(s): 0 (http)
2018-09-20 12:29:26.329  INFO 6032 --- [    Test worker] o.apache.catalina.core.StandardService   : Starting service [Tomcat]
2018-09-20 12:29:26.330  INFO 6032 --- [    Test worker] org.apache.catalina.core.StandardEngine  : Starting Servlet Engine: Apache Tomcat/9.0.10
2018-09-20 12:29:26.359  INFO 6032 --- [    Test worker] o.a.c.c.C.[Tomcat-2].[localhost].[/]     : Initializing Spring embedded WebApplicationContext
2018-09-20 12:29:26.360  INFO 6032 --- [    Test worker] o.s.web.context.ContextLoader            : Root WebApplicationContext: initialization completed in 1003 ms
2018-09-20 12:29:26.476  INFO 6032 --- [    Test worker] o.s.b.w.servlet.ServletRegistrationBean  : Servlet dispatcherServlet mapped to [/]
2018-09-20 12:29:26.477  INFO 6032 --- [    Test worker] o.s.b.w.servlet.ServletRegistrationBean  : Servlet webServlet mapped to [/h2/*]
2018-09-20 12:29:26.477  INFO 6032 --- [    Test worker] o.s.b.w.servlet.FilterRegistrationBean   : Mapping filter: 'characterEncodingFilter' to: [/*]
2018-09-20 12:29:26.478  INFO 6032 --- [    Test worker] o.s.b.w.servlet.FilterRegistrationBean   : Mapping filter: 'hiddenHttpMethodFilter' to: [/*]
2018-09-20 12:29:26.478  INFO 6032 --- [    Test worker] o.s.b.w.servlet.FilterRegistrationBean   : Mapping filter: 'httpPutFormContentFilter' to: [/*]
2018-09-20 12:29:26.479  INFO 6032 --- [    Test worker] o.s.b.w.servlet.FilterRegistrationBean   : Mapping filter: 'requestContextFilter' to: [/*]
2018-09-20 12:29:26.494  INFO 6032 --- [    Test worker] o.s.j.d.e.EmbeddedDatabaseFactory        : Starting embedded database: url='jdbc:h2:mem:ec979ea0-ca82-43c1-9885-1d3711185373;DB_CLOSE_DELAY=-1;DB_CLOSE_ON_EXIT=false', username='sa'
2018-09-20 12:29:26.626  INFO 6032 --- [    Test worker] o.hibernate.jpa.internal.util.LogHelper  : HHH000204: Processing PersistenceUnitInfo [
	name: default
	...]
2018-09-20 12:29:26.656  INFO 6032 --- [    Test worker] org.hibernate.dialect.Dialect            : HHH000400: Using dialect: org.hibernate.dialect.H2Dialect
2018-09-20 12:29:26.747  INFO 6032 --- [    Test worker] o.h.t.schema.internal.SchemaCreatorImpl  : HHH000476: Executing import script 'ScriptSourceInputFromUrl(file:/C:/Users/julian.henao/workspace/adnjulianhenao/build/resources/main/import.sql)'
2018-09-20 12:29:26.752  INFO 6032 --- [    Test worker] j.LocalContainerEntityManagerFactoryBean : Initialized JPA EntityManagerFactory for persistence unit 'default'
2018-09-20 12:29:27.610  WARN 6032 --- [    Test worker] aWebConfiguration$JpaWebMvcConfiguration : spring.jpa.open-in-view is enabled by default. Therefore, database queries may be performed during view rendering. Explicitly configure spring.jpa.open-in-view to disable this warning
2018-09-20 12:29:28.084  INFO 6032 --- [    Test worker] o.s.b.w.embedded.tomcat.TomcatWebServer  : Tomcat started on port(s): 56239 (http) with context path ''
2018-09-20 12:29:28.085  INFO 6032 --- [    Test worker] c.c.c.e.j.h.t.S.TestSalidaVehiculo       : Started TestSalidaVehiculo in 2.784 seconds (JVM running for 25.591)
2018-09-20 12:29:28.137  INFO 6032 --- [    Test worker] o.h.h.i.QueryTranslatorFactoryInitiator  : HHH000397: Using ASTQueryTranslatorFactory
]]></system-out>
  <system-err><![CDATA[]]></system-err>
</testsuite>
