<?xml version="1.0" encoding="UTF-8"?>
<testsuite name="co.com.ceiba.estacionamiento.julian.henao.testIntegration.ConsultaServicios.TestTipoVehiculo" tests="3" skipped="0" failures="0" errors="0" timestamp="2018-09-20T17:29:19" hostname="JULIAN-HENAO" time="0.072">
  <properties/>
  <testcase name="crearTipoVehiculoExitoso" classname="co.com.ceiba.estacionamiento.julian.henao.testIntegration.ConsultaServicios.TestTipoVehiculo" time="0.017"/>
  <testcase name="crearTipoVehiculoNulo" classname="co.com.ceiba.estacionamiento.julian.henao.testIntegration.ConsultaServicios.TestTipoVehiculo" time="0.018"/>
  <testcase name="obtenerVehiculo" classname="co.com.ceiba.estacionamiento.julian.henao.testIntegration.ConsultaServicios.TestTipoVehiculo" time="0.034"/>
  <system-out><![CDATA[2018-09-20 12:29:19.728  INFO 6032 --- [    Test worker] .b.t.c.SpringBootTestContextBootstrapper : Neither @ContextConfiguration nor @ContextHierarchy found for test class [co.com.ceiba.estacionamiento.julian.henao.testIntegration.ConsultaServicios.TestTipoVehiculo], using SpringBootContextLoader
2018-09-20 12:29:19.729  INFO 6032 --- [    Test worker] o.s.t.c.support.AbstractContextLoader    : Could not detect default resource locations for test class [co.com.ceiba.estacionamiento.julian.henao.testIntegration.ConsultaServicios.TestTipoVehiculo]: no resource found for suffixes {-context.xml, Context.groovy}.
2018-09-20 12:29:19.729  INFO 6032 --- [    Test worker] t.c.s.AnnotationConfigContextLoaderUtils : Could not detect default configuration classes for test class [co.com.ceiba.estacionamiento.julian.henao.testIntegration.ConsultaServicios.TestTipoVehiculo]: TestTipoVehiculo does not declare any static, non-private, non-final, nested classes annotated with @Configuration.
2018-09-20 12:29:19.732  INFO 6032 --- [    Test worker] .b.t.c.SpringBootTestContextBootstrapper : Found @SpringBootConfiguration co.com.ceiba.estacionamiento.julian.henao.AdnJulianHenaoApplication for test class co.com.ceiba.estacionamiento.julian.henao.testIntegration.ConsultaServicios.TestTipoVehiculo
2018-09-20 12:29:19.734  INFO 6032 --- [    Test worker] .b.t.c.SpringBootTestContextBootstrapper : Loaded default TestExecutionListener class names from location [META-INF/spring.factories]: [org.springframework.boot.test.autoconfigure.restdocs.RestDocsTestExecutionListener, org.springframework.boot.test.autoconfigure.web.client.MockRestServiceServerResetTestExecutionListener, org.springframework.boot.test.autoconfigure.web.servlet.MockMvcPrintOnlyOnFailureTestExecutionListener, org.springframework.boot.test.autoconfigure.web.servlet.WebDriverTestExecutionListener, org.springframework.boot.test.mock.mockito.MockitoTestExecutionListener, org.springframework.boot.test.mock.mockito.ResetMocksTestExecutionListener, org.springframework.test.context.web.ServletTestExecutionListener, org.springframework.test.context.support.DirtiesContextBeforeModesTestExecutionListener, org.springframework.test.context.support.DependencyInjectionTestExecutionListener, org.springframework.test.context.support.DirtiesContextTestExecutionListener, org.springframework.test.context.transaction.TransactionalTestExecutionListener, org.springframework.test.context.jdbc.SqlScriptsTestExecutionListener]
2018-09-20 12:29:19.734  INFO 6032 --- [    Test worker] .b.t.c.SpringBootTestContextBootstrapper : Using TestExecutionListeners: [org.springframework.test.context.web.ServletTestExecutionListener@230bc028, org.springframework.test.context.support.DirtiesContextBeforeModesTestExecutionListener@76e59e, org.springframework.boot.test.mock.mockito.MockitoTestExecutionListener@1bf77b4c, org.springframework.boot.test.autoconfigure.SpringBootDependencyInjectionTestExecutionListener@833b66, org.springframework.test.context.support.DirtiesContextTestExecutionListener@7df4a1de, org.springframework.test.context.transaction.TransactionalTestExecutionListener@4a99f1eb, org.springframework.test.context.jdbc.SqlScriptsTestExecutionListener@6a14deef, org.springframework.boot.test.autoconfigure.restdocs.RestDocsTestExecutionListener@73d580c0, org.springframework.boot.test.autoconfigure.web.client.MockRestServiceServerResetTestExecutionListener@2b773535, org.springframework.boot.test.autoconfigure.web.servlet.MockMvcPrintOnlyOnFailureTestExecutionListener@2e649f19, org.springframework.boot.test.autoconfigure.web.servlet.WebDriverTestExecutionListener@624bcf9c, org.springframework.boot.test.mock.mockito.ResetMocksTestExecutionListener@3dc79095]
]]></system-out>
  <system-err><![CDATA[]]></system-err>
</testsuite>
