<?xml version="1.0" encoding="UTF-8"?>
<testsuite name="co.com.ceiba.estacionamiento.julian.henao.testIntegration.SalidaVehiculo.TestReglaPlacayRegistroCoinciden" tests="2" skipped="0" failures="0" errors="0" timestamp="2018-09-20T17:29:25" hostname="JULIAN-HENAO" time="0.042">
  <properties/>
  <testcase name="ReglaRegistroNOExiste" classname="co.com.ceiba.estacionamiento.julian.henao.testIntegration.SalidaVehiculo.TestReglaPlacayRegistroCoinciden" time="0.021"/>
  <testcase name="ReglaRegistroExiste" classname="co.com.ceiba.estacionamiento.julian.henao.testIntegration.SalidaVehiculo.TestReglaPlacayRegistroCoinciden" time="0.02"/>
  <system-out><![CDATA[2018-09-20 12:29:25.198  INFO 6032 --- [    Test worker] .b.t.c.SpringBootTestContextBootstrapper : Neither @ContextConfiguration nor @ContextHierarchy found for test class [co.com.ceiba.estacionamiento.julian.henao.testIntegration.SalidaVehiculo.TestReglaPlacayRegistroCoinciden], using SpringBootContextLoader
2018-09-20 12:29:25.199  INFO 6032 --- [    Test worker] o.s.t.c.support.AbstractContextLoader    : Could not detect default resource locations for test class [co.com.ceiba.estacionamiento.julian.henao.testIntegration.SalidaVehiculo.TestReglaPlacayRegistroCoinciden]: no resource found for suffixes {-context.xml, Context.groovy}.
2018-09-20 12:29:25.199  INFO 6032 --- [    Test worker] t.c.s.AnnotationConfigContextLoaderUtils : Could not detect default configuration classes for test class [co.com.ceiba.estacionamiento.julian.henao.testIntegration.SalidaVehiculo.TestReglaPlacayRegistroCoinciden]: TestReglaPlacayRegistroCoinciden does not declare any static, non-private, non-final, nested classes annotated with @Configuration.
2018-09-20 12:29:25.216  INFO 6032 --- [    Test worker] .b.t.c.SpringBootTestContextBootstrapper : Found @SpringBootConfiguration co.com.ceiba.estacionamiento.julian.henao.AdnJulianHenaoApplication for test class co.com.ceiba.estacionamiento.julian.henao.testIntegration.SalidaVehiculo.TestReglaPlacayRegistroCoinciden
2018-09-20 12:29:25.219  INFO 6032 --- [    Test worker] .b.t.c.SpringBootTestContextBootstrapper : Loaded default TestExecutionListener class names from location [META-INF/spring.factories]: [org.springframework.boot.test.autoconfigure.restdocs.RestDocsTestExecutionListener, org.springframework.boot.test.autoconfigure.web.client.MockRestServiceServerResetTestExecutionListener, org.springframework.boot.test.autoconfigure.web.servlet.MockMvcPrintOnlyOnFailureTestExecutionListener, org.springframework.boot.test.autoconfigure.web.servlet.WebDriverTestExecutionListener, org.springframework.boot.test.mock.mockito.MockitoTestExecutionListener, org.springframework.boot.test.mock.mockito.ResetMocksTestExecutionListener, org.springframework.test.context.web.ServletTestExecutionListener, org.springframework.test.context.support.DirtiesContextBeforeModesTestExecutionListener, org.springframework.test.context.support.DependencyInjectionTestExecutionListener, org.springframework.test.context.support.DirtiesContextTestExecutionListener, org.springframework.test.context.transaction.TransactionalTestExecutionListener, org.springframework.test.context.jdbc.SqlScriptsTestExecutionListener]
2018-09-20 12:29:25.220  INFO 6032 --- [    Test worker] .b.t.c.SpringBootTestContextBootstrapper : Using TestExecutionListeners: [org.springframework.test.context.web.ServletTestExecutionListener@3dad84c9, org.springframework.test.context.support.DirtiesContextBeforeModesTestExecutionListener@1f5d5820, org.springframework.boot.test.mock.mockito.MockitoTestExecutionListener@4d1242b, org.springframework.boot.test.autoconfigure.SpringBootDependencyInjectionTestExecutionListener@6d59a72e, org.springframework.test.context.support.DirtiesContextTestExecutionListener@3c03ed80, org.springframework.test.context.transaction.TransactionalTestExecutionListener@496a3e78, org.springframework.test.context.jdbc.SqlScriptsTestExecutionListener@4497bb02, org.springframework.boot.test.autoconfigure.restdocs.RestDocsTestExecutionListener@64570469, org.springframework.boot.test.autoconfigure.web.client.MockRestServiceServerResetTestExecutionListener@479b9a8e, org.springframework.boot.test.autoconfigure.web.servlet.MockMvcPrintOnlyOnFailureTestExecutionListener@5f1af5fb, org.springframework.boot.test.autoconfigure.web.servlet.WebDriverTestExecutionListener@26ac1ab1, org.springframework.boot.test.mock.mockito.ResetMocksTestExecutionListener@7a843641]
]]></system-out>
  <system-err><![CDATA[]]></system-err>
</testsuite>
