<?xml version="1.0" encoding="UTF-8"?>
<testsuite name="co.com.ceiba.estacionamiento.julian.henao.testIntegration.EntradaVehiculo.TestRegistrarVehiculo" tests="3" skipped="0" failures="0" errors="0" timestamp="2018-09-20T17:29:25" hostname="JULIAN-HENAO" time="0.184">
  <properties/>
  <testcase name="InsertarPlacaExistenteYaSalio" classname="co.com.ceiba.estacionamiento.julian.henao.testIntegration.EntradaVehiculo.TestRegistrarVehiculo" time="0.089"/>
  <testcase name="InsertarPlacaInexistente" classname="co.com.ceiba.estacionamiento.julian.henao.testIntegration.EntradaVehiculo.TestRegistrarVehiculo" time="0.063"/>
  <testcase name="InsertarPlacaExistenteSinSalir" classname="co.com.ceiba.estacionamiento.julian.henao.testIntegration.EntradaVehiculo.TestRegistrarVehiculo" time="0.029"/>
  <system-out><![CDATA[2018-09-20 12:29:20.007  INFO 6032 --- [    Test worker] .b.t.c.SpringBootTestContextBootstrapper : Neither @ContextConfiguration nor @ContextHierarchy found for test class [co.com.ceiba.estacionamiento.julian.henao.testIntegration.EntradaVehiculo.TestRegistrarVehiculo], using SpringBootContextLoader
2018-09-20 12:29:20.009  INFO 6032 --- [    Test worker] o.s.t.c.support.AbstractContextLoader    : Could not detect default resource locations for test class [co.com.ceiba.estacionamiento.julian.henao.testIntegration.EntradaVehiculo.TestRegistrarVehiculo]: no resource found for suffixes {-context.xml, Context.groovy}.
2018-09-20 12:29:20.009  INFO 6032 --- [    Test worker] t.c.s.AnnotationConfigContextLoaderUtils : Could not detect default configuration classes for test class [co.com.ceiba.estacionamiento.julian.henao.testIntegration.EntradaVehiculo.TestRegistrarVehiculo]: TestRegistrarVehiculo does not declare any static, non-private, non-final, nested classes annotated with @Configuration.
2018-09-20 12:29:20.042  INFO 6032 --- [    Test worker] .b.t.c.SpringBootTestContextBootstrapper : Found @SpringBootConfiguration co.com.ceiba.estacionamiento.julian.henao.AdnJulianHenaoApplication for test class co.com.ceiba.estacionamiento.julian.henao.testIntegration.EntradaVehiculo.TestRegistrarVehiculo
2018-09-20 12:29:20.044  INFO 6032 --- [    Test worker] .b.t.c.SpringBootTestContextBootstrapper : Loaded default TestExecutionListener class names from location [META-INF/spring.factories]: [org.springframework.boot.test.autoconfigure.restdocs.RestDocsTestExecutionListener, org.springframework.boot.test.autoconfigure.web.client.MockRestServiceServerResetTestExecutionListener, org.springframework.boot.test.autoconfigure.web.servlet.MockMvcPrintOnlyOnFailureTestExecutionListener, org.springframework.boot.test.autoconfigure.web.servlet.WebDriverTestExecutionListener, org.springframework.boot.test.mock.mockito.MockitoTestExecutionListener, org.springframework.boot.test.mock.mockito.ResetMocksTestExecutionListener, org.springframework.test.context.web.ServletTestExecutionListener, org.springframework.test.context.support.DirtiesContextBeforeModesTestExecutionListener, org.springframework.test.context.support.DependencyInjectionTestExecutionListener, org.springframework.test.context.support.DirtiesContextTestExecutionListener, org.springframework.test.context.transaction.TransactionalTestExecutionListener, org.springframework.test.context.jdbc.SqlScriptsTestExecutionListener]
2018-09-20 12:29:20.045  INFO 6032 --- [    Test worker] .b.t.c.SpringBootTestContextBootstrapper : Using TestExecutionListeners: [org.springframework.test.context.web.ServletTestExecutionListener@29d4d2d1, org.springframework.test.context.support.DirtiesContextBeforeModesTestExecutionListener@6af8d574, org.springframework.boot.test.mock.mockito.MockitoTestExecutionListener@7c42eb65, org.springframework.boot.test.autoconfigure.SpringBootDependencyInjectionTestExecutionListener@1c30435d, org.springframework.test.context.support.DirtiesContextTestExecutionListener@13fd5850, org.springframework.test.context.transaction.TransactionalTestExecutionListener@3f826c2e, org.springframework.test.context.jdbc.SqlScriptsTestExecutionListener@5470a178, org.springframework.boot.test.autoconfigure.restdocs.RestDocsTestExecutionListener@4ac42a00, org.springframework.boot.test.autoconfigure.web.client.MockRestServiceServerResetTestExecutionListener@3382d4d0, org.springframework.boot.test.autoconfigure.web.servlet.MockMvcPrintOnlyOnFailureTestExecutionListener@1fcd3d92, org.springframework.boot.test.autoconfigure.web.servlet.WebDriverTestExecutionListener@4e672472, org.springframework.boot.test.mock.mockito.ResetMocksTestExecutionListener@25188394]

  .   ____          _            __ _ _
 /\\ / ___'_ __ _ _(_)_ __  __ _ \ \ \ \
( ( )\___ | '_ | '_| | '_ \/ _` | \ \ \ \
 \\/  ___)| |_)| | | | | || (_| |  ) ) ) )
  '  |____| .__|_| |_|_| |_\__, | / / / /
 =========|_|==============|___/=/_/_/_/
 :: Spring Boot ::             (v2.1.0.M1)

2018-09-20 12:29:20.119  INFO 6032 --- [    Test worker] c.c.c.e.j.h.t.E.TestRegistrarVehiculo    : Starting TestRegistrarVehiculo on JULIAN-HENAO with PID 6032 (started by julian.henao in C:\Users\julian.henao\workspace\adnjulianhenao)
2018-09-20 12:29:20.119  INFO 6032 --- [    Test worker] c.c.c.e.j.h.t.E.TestRegistrarVehiculo    : No active profile set, falling back to default profiles: default
2018-09-20 12:29:20.838  INFO 6032 --- [    Test worker] beddedDataSourceBeanFactoryPostProcessor : Replacing 'dataSource' DataSource bean with embedded version
2018-09-20 12:29:21.021  INFO 6032 --- [    Test worker] trationDelegate$BeanPostProcessorChecker : Bean 'org.springframework.transaction.annotation.ProxyTransactionManagementConfiguration' of type [org.springframework.transaction.annotation.ProxyTransactionManagementConfiguration$$EnhancerBySpringCGLIB$$938ad028] is not eligible for getting processed by all BeanPostProcessors (for example: not eligible for auto-proxying)
2018-09-20 12:29:21.148  INFO 6032 --- [    Test worker] trationDelegate$BeanPostProcessorChecker : Bean 'org.springframework.hateoas.config.HateoasConfiguration' of type [org.springframework.hateoas.config.HateoasConfiguration$$EnhancerBySpringCGLIB$$130b1d5a] is not eligible for getting processed by all BeanPostProcessors (for example: not eligible for auto-proxying)
2018-09-20 12:29:21.360  INFO 6032 --- [    Test worker] o.s.b.w.embedded.tomcat.TomcatWebServer  : Tomcat initialized with port(s): 0 (http)
2018-09-20 12:29:21.362  INFO 6032 --- [    Test worker] o.apache.catalina.core.StandardService   : Starting service [Tomcat]
2018-09-20 12:29:21.364  INFO 6032 --- [    Test worker] org.apache.catalina.core.StandardEngine  : Starting Servlet Engine: Apache Tomcat/9.0.10
2018-09-20 12:29:21.398  INFO 6032 --- [    Test worker] o.a.c.c.C.[Tomcat-1].[localhost].[/]     : Initializing Spring embedded WebApplicationContext
2018-09-20 12:29:21.398  INFO 6032 --- [    Test worker] o.s.web.context.ContextLoader            : Root WebApplicationContext: initialization completed in 1274 ms
2018-09-20 12:29:21.535  INFO 6032 --- [    Test worker] o.s.b.w.servlet.ServletRegistrationBean  : Servlet dispatcherServlet mapped to [/]
2018-09-20 12:29:21.536  INFO 6032 --- [    Test worker] o.s.b.w.servlet.ServletRegistrationBean  : Servlet webServlet mapped to [/h2/*]
2018-09-20 12:29:21.537  INFO 6032 --- [    Test worker] o.s.b.w.servlet.FilterRegistrationBean   : Mapping filter: 'characterEncodingFilter' to: [/*]
2018-09-20 12:29:21.537  INFO 6032 --- [    Test worker] o.s.b.w.servlet.FilterRegistrationBean   : Mapping filter: 'hiddenHttpMethodFilter' to: [/*]
2018-09-20 12:29:21.538  INFO 6032 --- [    Test worker] o.s.b.w.servlet.FilterRegistrationBean   : Mapping filter: 'httpPutFormContentFilter' to: [/*]
2018-09-20 12:29:21.538  INFO 6032 --- [    Test worker] o.s.b.w.servlet.FilterRegistrationBean   : Mapping filter: 'requestContextFilter' to: [/*]
2018-09-20 12:29:21.571  INFO 6032 --- [    Test worker] o.s.j.d.e.EmbeddedDatabaseFactory        : Starting embedded database: url='jdbc:h2:mem:551a9bf5-2b10-4cb7-bc49-89457899e126;DB_CLOSE_DELAY=-1;DB_CLOSE_ON_EXIT=false', username='sa'
2018-09-20 12:29:21.709  INFO 6032 --- [    Test worker] o.hibernate.jpa.internal.util.LogHelper  : HHH000204: Processing PersistenceUnitInfo [
	name: default
	...]
2018-09-20 12:29:21.744  INFO 6032 --- [    Test worker] org.hibernate.dialect.Dialect            : HHH000400: Using dialect: org.hibernate.dialect.H2Dialect
2018-09-20 12:29:21.860  INFO 6032 --- [    Test worker] o.h.t.schema.internal.SchemaCreatorImpl  : HHH000476: Executing import script 'ScriptSourceInputFromUrl(file:/C:/Users/julian.henao/workspace/adnjulianhenao/build/resources/main/import.sql)'
2018-09-20 12:29:21.865  INFO 6032 --- [    Test worker] j.LocalContainerEntityManagerFactoryBean : Initialized JPA EntityManagerFactory for persistence unit 'default'
2018-09-20 12:29:24.465  WARN 6032 --- [    Test worker] aWebConfiguration$JpaWebMvcConfiguration : spring.jpa.open-in-view is enabled by default. Therefore, database queries may be performed during view rendering. Explicitly configure spring.jpa.open-in-view to disable this warning
2018-09-20 12:29:25.003  INFO 6032 --- [    Test worker] o.s.b.w.embedded.tomcat.TomcatWebServer  : Tomcat started on port(s): 56232 (http) with context path ''
2018-09-20 12:29:25.004  INFO 6032 --- [    Test worker] c.c.c.e.j.h.t.E.TestRegistrarVehiculo    : Started TestRegistrarVehiculo in 4.956 seconds (JVM running for 22.509)
2018-09-20 12:29:25.025  INFO 6032 --- [    Test worker] o.h.h.i.QueryTranslatorFactoryInitiator  : HHH000397: Using ASTQueryTranslatorFactory
]]></system-out>
  <system-err><![CDATA[]]></system-err>
</testsuite>
