<?xml version="1.0" encoding="UTF-8"?>
<testsuite name="co.com.ceiba.estacionamiento.julian.henao.testIntegration.ConsultaServicios.TestParqueaderoTarifa" tests="3" skipped="0" failures="0" errors="0" timestamp="2018-09-20T17:29:19" hostname="JULIAN-HENAO" time="0.122">
  <properties/>
  <testcase name="crearTarifaNulo" classname="co.com.ceiba.estacionamiento.julian.henao.testIntegration.ConsultaServicios.TestParqueaderoTarifa" time="0.031"/>
  <testcase name="crearTarifaExitoso" classname="co.com.ceiba.estacionamiento.julian.henao.testIntegration.ConsultaServicios.TestParqueaderoTarifa" time="0.033"/>
  <testcase name="obtenerTarifas" classname="co.com.ceiba.estacionamiento.julian.henao.testIntegration.ConsultaServicios.TestParqueaderoTarifa" time="0.056"/>
  <system-out><![CDATA[2018-09-20 12:29:19.588  INFO 6032 --- [    Test worker] .b.t.c.SpringBootTestContextBootstrapper : Neither @ContextConfiguration nor @ContextHierarchy found for test class [co.com.ceiba.estacionamiento.julian.henao.testIntegration.ConsultaServicios.TestParqueaderoTarifa], using SpringBootContextLoader
2018-09-20 12:29:19.589  INFO 6032 --- [    Test worker] o.s.t.c.support.AbstractContextLoader    : Could not detect default resource locations for test class [co.com.ceiba.estacionamiento.julian.henao.testIntegration.ConsultaServicios.TestParqueaderoTarifa]: no resource found for suffixes {-context.xml, Context.groovy}.
2018-09-20 12:29:19.590  INFO 6032 --- [    Test worker] t.c.s.AnnotationConfigContextLoaderUtils : Could not detect default configuration classes for test class [co.com.ceiba.estacionamiento.julian.henao.testIntegration.ConsultaServicios.TestParqueaderoTarifa]: TestParqueaderoTarifa does not declare any static, non-private, non-final, nested classes annotated with @Configuration.
2018-09-20 12:29:19.592  INFO 6032 --- [    Test worker] .b.t.c.SpringBootTestContextBootstrapper : Found @SpringBootConfiguration co.com.ceiba.estacionamiento.julian.henao.AdnJulianHenaoApplication for test class co.com.ceiba.estacionamiento.julian.henao.testIntegration.ConsultaServicios.TestParqueaderoTarifa
2018-09-20 12:29:19.594  INFO 6032 --- [    Test worker] .b.t.c.SpringBootTestContextBootstrapper : Loaded default TestExecutionListener class names from location [META-INF/spring.factories]: [org.springframework.boot.test.autoconfigure.restdocs.RestDocsTestExecutionListener, org.springframework.boot.test.autoconfigure.web.client.MockRestServiceServerResetTestExecutionListener, org.springframework.boot.test.autoconfigure.web.servlet.MockMvcPrintOnlyOnFailureTestExecutionListener, org.springframework.boot.test.autoconfigure.web.servlet.WebDriverTestExecutionListener, org.springframework.boot.test.mock.mockito.MockitoTestExecutionListener, org.springframework.boot.test.mock.mockito.ResetMocksTestExecutionListener, org.springframework.test.context.web.ServletTestExecutionListener, org.springframework.test.context.support.DirtiesContextBeforeModesTestExecutionListener, org.springframework.test.context.support.DependencyInjectionTestExecutionListener, org.springframework.test.context.support.DirtiesContextTestExecutionListener, org.springframework.test.context.transaction.TransactionalTestExecutionListener, org.springframework.test.context.jdbc.SqlScriptsTestExecutionListener]
2018-09-20 12:29:19.599  INFO 6032 --- [    Test worker] .b.t.c.SpringBootTestContextBootstrapper : Using TestExecutionListeners: [org.springframework.test.context.web.ServletTestExecutionListener@4c0d82b7, org.springframework.test.context.support.DirtiesContextBeforeModesTestExecutionListener@27e2b654, org.springframework.boot.test.mock.mockito.MockitoTestExecutionListener@77bf1ef0, org.springframework.boot.test.autoconfigure.SpringBootDependencyInjectionTestExecutionListener@770fb296, org.springframework.test.context.support.DirtiesContextTestExecutionListener@57b79efa, org.springframework.test.context.transaction.TransactionalTestExecutionListener@65d5c24e, org.springframework.test.context.jdbc.SqlScriptsTestExecutionListener@6a92089a, org.springframework.boot.test.autoconfigure.restdocs.RestDocsTestExecutionListener@60038c5c, org.springframework.boot.test.autoconfigure.web.client.MockRestServiceServerResetTestExecutionListener@b289ee8, org.springframework.boot.test.autoconfigure.web.servlet.MockMvcPrintOnlyOnFailureTestExecutionListener@40a4fa71, org.springframework.boot.test.autoconfigure.web.servlet.WebDriverTestExecutionListener@3a08ec27, org.springframework.boot.test.mock.mockito.ResetMocksTestExecutionListener@4695f656]
]]></system-out>
  <system-err><![CDATA[]]></system-err>
</testsuite>
