<?xml version="1.0" encoding="UTF-8"?>
<testsuite name="co.com.ceiba.estacionamiento.julian.henao.testIntegration.ConsultaServicios.TestParqueaderoRegistro" tests="3" skipped="0" failures="0" errors="0" timestamp="2018-09-20T17:29:19" hostname="JULIAN-HENAO" time="0.222">
  <properties/>
  <testcase name="RealizaConsultaRegistros" classname="co.com.ceiba.estacionamiento.julian.henao.testIntegration.ConsultaServicios.TestParqueaderoRegistro" time="0.067"/>
  <testcase name="crearRegistroNulo" classname="co.com.ceiba.estacionamiento.julian.henao.testIntegration.ConsultaServicios.TestParqueaderoRegistro" time="0.074"/>
  <testcase name="obtenerRegistro" classname="co.com.ceiba.estacionamiento.julian.henao.testIntegration.ConsultaServicios.TestParqueaderoRegistro" time="0.079"/>
  <system-out><![CDATA[2018-09-20 12:29:19.347  INFO 6032 --- [    Test worker] .b.t.c.SpringBootTestContextBootstrapper : Neither @ContextConfiguration nor @ContextHierarchy found for test class [co.com.ceiba.estacionamiento.julian.henao.testIntegration.ConsultaServicios.TestParqueaderoRegistro], using SpringBootContextLoader
2018-09-20 12:29:19.349  INFO 6032 --- [    Test worker] o.s.t.c.support.AbstractContextLoader    : Could not detect default resource locations for test class [co.com.ceiba.estacionamiento.julian.henao.testIntegration.ConsultaServicios.TestParqueaderoRegistro]: no resource found for suffixes {-context.xml, Context.groovy}.
2018-09-20 12:29:19.349  INFO 6032 --- [    Test worker] t.c.s.AnnotationConfigContextLoaderUtils : Could not detect default configuration classes for test class [co.com.ceiba.estacionamiento.julian.henao.testIntegration.ConsultaServicios.TestParqueaderoRegistro]: TestParqueaderoRegistro does not declare any static, non-private, non-final, nested classes annotated with @Configuration.
2018-09-20 12:29:19.352  INFO 6032 --- [    Test worker] .b.t.c.SpringBootTestContextBootstrapper : Found @SpringBootConfiguration co.com.ceiba.estacionamiento.julian.henao.AdnJulianHenaoApplication for test class co.com.ceiba.estacionamiento.julian.henao.testIntegration.ConsultaServicios.TestParqueaderoRegistro
2018-09-20 12:29:19.356  INFO 6032 --- [    Test worker] .b.t.c.SpringBootTestContextBootstrapper : Loaded default TestExecutionListener class names from location [META-INF/spring.factories]: [org.springframework.boot.test.autoconfigure.restdocs.RestDocsTestExecutionListener, org.springframework.boot.test.autoconfigure.web.client.MockRestServiceServerResetTestExecutionListener, org.springframework.boot.test.autoconfigure.web.servlet.MockMvcPrintOnlyOnFailureTestExecutionListener, org.springframework.boot.test.autoconfigure.web.servlet.WebDriverTestExecutionListener, org.springframework.boot.test.mock.mockito.MockitoTestExecutionListener, org.springframework.boot.test.mock.mockito.ResetMocksTestExecutionListener, org.springframework.test.context.web.ServletTestExecutionListener, org.springframework.test.context.support.DirtiesContextBeforeModesTestExecutionListener, org.springframework.test.context.support.DependencyInjectionTestExecutionListener, org.springframework.test.context.support.DirtiesContextTestExecutionListener, org.springframework.test.context.transaction.TransactionalTestExecutionListener, org.springframework.test.context.jdbc.SqlScriptsTestExecutionListener]
2018-09-20 12:29:19.357  INFO 6032 --- [    Test worker] .b.t.c.SpringBootTestContextBootstrapper : Using TestExecutionListeners: [org.springframework.test.context.web.ServletTestExecutionListener@7d82577a, org.springframework.test.context.support.DirtiesContextBeforeModesTestExecutionListener@654e5422, org.springframework.boot.test.mock.mockito.MockitoTestExecutionListener@29aead42, org.springframework.boot.test.autoconfigure.SpringBootDependencyInjectionTestExecutionListener@14829c26, org.springframework.test.context.support.DirtiesContextTestExecutionListener@7bd4304b, org.springframework.test.context.transaction.TransactionalTestExecutionListener@6cac8457, org.springframework.test.context.jdbc.SqlScriptsTestExecutionListener@3034f03d, org.springframework.boot.test.autoconfigure.restdocs.RestDocsTestExecutionListener@30d739b1, org.springframework.boot.test.autoconfigure.web.client.MockRestServiceServerResetTestExecutionListener@6adb1188, org.springframework.boot.test.autoconfigure.web.servlet.MockMvcPrintOnlyOnFailureTestExecutionListener@625dbeb8, org.springframework.boot.test.autoconfigure.web.servlet.WebDriverTestExecutionListener@757f0fd6, org.springframework.boot.test.mock.mockito.ResetMocksTestExecutionListener@7c6caa79]
]]></system-out>
  <system-err><![CDATA[]]></system-err>
</testsuite>
